mode: set
github.com/calvarado2004/bakery-go/frontend/cmd/web/admin_handlers.go:37.89,45.2 2 1
github.com/calvarado2004/bakery-go/frontend/cmd/web/admin_handlers.go:47.68,53.16 3 1
github.com/calvarado2004/bakery-go/frontend/cmd/web/admin_handlers.go:53.16,57.3 3 1
github.com/calvarado2004/bakery-go/frontend/cmd/web/admin_handlers.go:58.2,61.16 3 1
github.com/calvarado2004/bakery-go/frontend/cmd/web/admin_handlers.go:61.16,64.3 2 1
github.com/calvarado2004/bakery-go/frontend/cmd/web/admin_handlers.go:66.2,67.16 2 1
github.com/calvarado2004/bakery-go/frontend/cmd/web/admin_handlers.go:67.16,69.3 1 1
github.com/calvarado2004/bakery-go/frontend/cmd/web/admin_handlers.go:71.2,72.16 2 1
github.com/calvarado2004/bakery-go/frontend/cmd/web/admin_handlers.go:72.16,74.3 1 1
github.com/calvarado2004/bakery-go/frontend/cmd/web/admin_handlers.go:76.2,78.19 3 1
github.com/calvarado2004/bakery-go/frontend/cmd/web/admin_handlers.go:78.19,80.3 1 1
github.com/calvarado2004/bakery-go/frontend/cmd/web/admin_handlers.go:81.2,81.48 1 1
github.com/calvarado2004/bakery-go/frontend/cmd/web/admin_handlers.go:81.48,83.3 1 0
github.com/calvarado2004/bakery-go/frontend/cmd/web/admin_handlers.go:83.8,83.26 1 1
github.com/calvarado2004/bakery-go/frontend/cmd/web/admin_handlers.go:83.26,85.3 1 1
github.com/calvarado2004/bakery-go/frontend/cmd/web/admin_handlers.go:88.2,89.9 2 1
github.com/calvarado2004/bakery-go/frontend/cmd/web/admin_handlers.go:89.9,92.3 2 0
github.com/calvarado2004/bakery-go/frontend/cmd/web/admin_handlers.go:93.2,94.16 2 1
github.com/calvarado2004/bakery-go/frontend/cmd/web/admin_handlers.go:94.16,96.3 1 0
github.com/calvarado2004/bakery-go/frontend/cmd/web/admin_handlers.go:99.68,103.16 3 1
github.com/calvarado2004/bakery-go/frontend/cmd/web/admin_handlers.go:103.16,107.3 3 1
github.com/calvarado2004/bakery-go/frontend/cmd/web/admin_handlers.go:108.2,111.16 3 1
github.com/calvarado2004/bakery-go/frontend/cmd/web/admin_handlers.go:111.16,115.3 3 1
github.com/calvarado2004/bakery-go/frontend/cmd/web/admin_handlers.go:117.2,123.9 6 1
github.com/calvarado2004/bakery-go/frontend/cmd/web/admin_handlers.go:123.9,126.3 2 0
github.com/calvarado2004/bakery-go/frontend/cmd/web/admin_handlers.go:127.2,128.16 2 1
github.com/calvarado2004/bakery-go/frontend/cmd/web/admin_handlers.go:128.16,130.3 1 0
github.com/calvarado2004/bakery-go/frontend/cmd/web/admin_handlers.go:133.67,138.9 4 1
github.com/calvarado2004/bakery-go/frontend/cmd/web/admin_handlers.go:138.9,141.3 2 0
github.com/calvarado2004/bakery-go/frontend/cmd/web/admin_handlers.go:142.2,143.16 2 1
github.com/calvarado2004/bakery-go/frontend/cmd/web/admin_handlers.go:143.16,145.3 1 0
github.com/calvarado2004/bakery-go/frontend/cmd/web/admin_handlers.go:148.70,150.16 2 1
github.com/calvarado2004/bakery-go/frontend/cmd/web/admin_handlers.go:150.16,153.3 2 0
github.com/calvarado2004/bakery-go/frontend/cmd/web/admin_handlers.go:155.2,160.16 5 1
github.com/calvarado2004/bakery-go/frontend/cmd/web/admin_handlers.go:160.16,164.3 3 1
github.com/calvarado2004/bakery-go/frontend/cmd/web/admin_handlers.go:165.2,175.16 3 1
github.com/calvarado2004/bakery-go/frontend/cmd/web/admin_handlers.go:175.16,179.3 3 1
github.com/calvarado2004/bakery-go/frontend/cmd/web/admin_handlers.go:181.2,181.93 1 1
github.com/calvarado2004/bakery-go/frontend/cmd/web/admin_handlers.go:184.68,190.16 5 1
github.com/calvarado2004/bakery-go/frontend/cmd/web/admin_handlers.go:190.16,194.3 3 1
github.com/calvarado2004/bakery-go/frontend/cmd/web/admin_handlers.go:195.2,198.16 3 1
github.com/calvarado2004/bakery-go/frontend/cmd/web/admin_handlers.go:198.16,202.3 3 1
github.com/calvarado2004/bakery-go/frontend/cmd/web/admin_handlers.go:204.2,209.9 5 1
github.com/calvarado2004/bakery-go/frontend/cmd/web/admin_handlers.go:209.9,212.3 2 0
github.com/calvarado2004/bakery-go/frontend/cmd/web/admin_handlers.go:213.2,214.16 2 1
github.com/calvarado2004/bakery-go/frontend/cmd/web/admin_handlers.go:214.16,216.3 1 0
github.com/calvarado2004/bakery-go/frontend/cmd/web/admin_handlers.go:219.70,224.16 4 1
github.com/calvarado2004/bakery-go/frontend/cmd/web/admin_handlers.go:224.16,227.3 2 0
github.com/calvarado2004/bakery-go/frontend/cmd/web/admin_handlers.go:229.2,234.16 5 1
github.com/calvarado2004/bakery-go/frontend/cmd/web/admin_handlers.go:234.16,238.3 3 1
github.com/calvarado2004/bakery-go/frontend/cmd/web/admin_handlers.go:239.2,250.16 3 1
github.com/calvarado2004/bakery-go/frontend/cmd/web/admin_handlers.go:250.16,254.3 3 1
github.com/calvarado2004/bakery-go/frontend/cmd/web/admin_handlers.go:256.2,256.93 1 1
github.com/calvarado2004/bakery-go/frontend/cmd/web/admin_handlers.go:259.70,265.16 5 1
github.com/calvarado2004/bakery-go/frontend/cmd/web/admin_handlers.go:265.16,269.3 3 1
github.com/calvarado2004/bakery-go/frontend/cmd/web/admin_handlers.go:270.2,273.16 3 1
github.com/calvarado2004/bakery-go/frontend/cmd/web/admin_handlers.go:273.16,277.3 3 1
github.com/calvarado2004/bakery-go/frontend/cmd/web/admin_handlers.go:279.2,279.93 1 1
github.com/calvarado2004/bakery-go/frontend/cmd/web/admin_handlers.go:282.65,285.16 3 1
github.com/calvarado2004/bakery-go/frontend/cmd/web/admin_handlers.go:285.16,289.3 3 1
github.com/calvarado2004/bakery-go/frontend/cmd/web/admin_handlers.go:290.2,293.16 3 1
github.com/calvarado2004/bakery-go/frontend/cmd/web/admin_handlers.go:293.16,297.3 3 1
github.com/calvarado2004/bakery-go/frontend/cmd/web/admin_handlers.go:300.2,300.37 1 1
github.com/calvarado2004/bakery-go/frontend/cmd/web/admin_handlers.go:300.37,302.3 1 0
github.com/calvarado2004/bakery-go/frontend/cmd/web/admin_handlers.go:304.2,310.9 6 1
github.com/calvarado2004/bakery-go/frontend/cmd/web/admin_handlers.go:310.9,313.3 2 0
github.com/calvarado2004/bakery-go/frontend/cmd/web/admin_handlers.go:314.2,315.16 2 1
github.com/calvarado2004/bakery-go/frontend/cmd/web/admin_handlers.go:315.16,317.3 1 0
github.com/calvarado2004/bakery-go/frontend/cmd/web/admin_handlers.go:320.70,325.16 4 1
github.com/calvarado2004/bakery-go/frontend/cmd/web/admin_handlers.go:325.16,328.3 2 0
github.com/calvarado2004/bakery-go/frontend/cmd/web/admin_handlers.go:330.2,335.16 5 1
github.com/calvarado2004/bakery-go/frontend/cmd/web/admin_handlers.go:335.16,339.3 3 1
github.com/calvarado2004/bakery-go/frontend/cmd/web/admin_handlers.go:340.2,346.16 3 1
github.com/calvarado2004/bakery-go/frontend/cmd/web/admin_handlers.go:346.16,350.3 3 1
github.com/calvarado2004/bakery-go/frontend/cmd/web/admin_handlers.go:352.2,353.88 2 0
github.com/calvarado2004/bakery-go/frontend/cmd/web/admin_handlers.go:356.68,359.16 3 1
github.com/calvarado2004/bakery-go/frontend/cmd/web/admin_handlers.go:359.16,363.3 3 1
github.com/calvarado2004/bakery-go/frontend/cmd/web/admin_handlers.go:364.2,367.16 3 1
github.com/calvarado2004/bakery-go/frontend/cmd/web/admin_handlers.go:367.16,371.3 3 1
github.com/calvarado2004/bakery-go/frontend/cmd/web/admin_handlers.go:373.2,377.9 4 1
github.com/calvarado2004/bakery-go/frontend/cmd/web/admin_handlers.go:377.9,380.3 2 0
github.com/calvarado2004/bakery-go/frontend/cmd/web/admin_handlers.go:381.2,382.16 2 1
github.com/calvarado2004/bakery-go/frontend/cmd/web/admin_handlers.go:382.16,384.3 1 0
github.com/calvarado2004/bakery-go/frontend/cmd/web/admin_handlers.go:387.73,393.16 5 1
github.com/calvarado2004/bakery-go/frontend/cmd/web/admin_handlers.go:393.16,397.3 3 1
github.com/calvarado2004/bakery-go/frontend/cmd/web/admin_handlers.go:398.2,401.16 3 1
github.com/calvarado2004/bakery-go/frontend/cmd/web/admin_handlers.go:401.16,405.3 3 0
github.com/calvarado2004/bakery-go/frontend/cmd/web/admin_handlers.go:407.2,412.9 5 1
github.com/calvarado2004/bakery-go/frontend/cmd/web/admin_handlers.go:412.9,415.3 2 0
github.com/calvarado2004/bakery-go/frontend/cmd/web/admin_handlers.go:416.2,417.16 2 1
github.com/calvarado2004/bakery-go/frontend/cmd/web/admin_handlers.go:417.16,419.3 1 0
github.com/calvarado2004/bakery-go/frontend/cmd/web/admin_handlers.go:422.65,425.16 3 1
github.com/calvarado2004/bakery-go/frontend/cmd/web/admin_handlers.go:425.16,429.3 3 1
github.com/calvarado2004/bakery-go/frontend/cmd/web/admin_handlers.go:430.2,433.16 3 1
github.com/calvarado2004/bakery-go/frontend/cmd/web/admin_handlers.go:433.16,437.3 3 1
github.com/calvarado2004/bakery-go/frontend/cmd/web/admin_handlers.go:439.2,443.9 4 1
github.com/calvarado2004/bakery-go/frontend/cmd/web/admin_handlers.go:443.9,446.3 2 0
github.com/calvarado2004/bakery-go/frontend/cmd/web/admin_handlers.go:447.2,448.16 2 1
github.com/calvarado2004/bakery-go/frontend/cmd/web/admin_handlers.go:448.16,450.3 1 0
github.com/calvarado2004/bakery-go/frontend/cmd/web/admin_handlers.go:453.70,459.16 5 1
github.com/calvarado2004/bakery-go/frontend/cmd/web/admin_handlers.go:459.16,463.3 3 1
github.com/calvarado2004/bakery-go/frontend/cmd/web/admin_handlers.go:464.2,467.16 3 1
github.com/calvarado2004/bakery-go/frontend/cmd/web/admin_handlers.go:467.16,471.3 3 1
github.com/calvarado2004/bakery-go/frontend/cmd/web/admin_handlers.go:473.2,478.9 5 1
github.com/calvarado2004/bakery-go/frontend/cmd/web/admin_handlers.go:478.9,481.3 2 0
github.com/calvarado2004/bakery-go/frontend/cmd/web/admin_handlers.go:482.2,483.16 2 1
github.com/calvarado2004/bakery-go/frontend/cmd/web/admin_handlers.go:483.16,485.3 1 0
github.com/calvarado2004/bakery-go/frontend/cmd/web/admin_handlers.go:488.65,491.16 3 1
github.com/calvarado2004/bakery-go/frontend/cmd/web/admin_handlers.go:491.16,495.3 3 1
github.com/calvarado2004/bakery-go/frontend/cmd/web/admin_handlers.go:496.2,499.16 3 1
github.com/calvarado2004/bakery-go/frontend/cmd/web/admin_handlers.go:499.16,503.3 3 1
github.com/calvarado2004/bakery-go/frontend/cmd/web/admin_handlers.go:505.2,511.9 6 0
github.com/calvarado2004/bakery-go/frontend/cmd/web/admin_handlers.go:511.9,514.3 2 0
github.com/calvarado2004/bakery-go/frontend/cmd/web/admin_handlers.go:515.2,516.16 2 0
github.com/calvarado2004/bakery-go/frontend/cmd/web/admin_handlers.go:516.16,518.3 1 0
github.com/calvarado2004/bakery-go/frontend/cmd/web/admin_handlers.go:521.74,529.9 6 1
github.com/calvarado2004/bakery-go/frontend/cmd/web/admin_handlers.go:529.9,532.3 2 0
github.com/calvarado2004/bakery-go/frontend/cmd/web/admin_handlers.go:534.2,534.6 1 1
github.com/calvarado2004/bakery-go/frontend/cmd/web/admin_handlers.go:534.6,535.10 1 1
github.com/calvarado2004/bakery-go/frontend/cmd/web/admin_handlers.go:536.29,537.10 1 1
github.com/calvarado2004/bakery-go/frontend/cmd/web/admin_handlers.go:538.11,540.18 2 1
github.com/calvarado2004/bakery-go/frontend/cmd/web/admin_handlers.go:540.18,543.5 2 1
github.com/calvarado2004/bakery-go/frontend/cmd/web/admin_handlers.go:544.4,546.18 3 1
github.com/calvarado2004/bakery-go/frontend/cmd/web/admin_handlers.go:546.18,548.13 2 0
github.com/calvarado2004/bakery-go/frontend/cmd/web/admin_handlers.go:551.4,552.18 2 1
github.com/calvarado2004/bakery-go/frontend/cmd/web/admin_handlers.go:552.18,554.13 2 0
github.com/calvarado2004/bakery-go/frontend/cmd/web/admin_handlers.go:557.4,560.32 3 1
github.com/calvarado2004/bakery-go/frontend/cmd/web/admin_handlers.go:565.71,573.9 6 1
github.com/calvarado2004/bakery-go/frontend/cmd/web/admin_handlers.go:573.9,576.3 2 0
github.com/calvarado2004/bakery-go/frontend/cmd/web/admin_handlers.go:578.2,578.6 1 1
github.com/calvarado2004/bakery-go/frontend/cmd/web/admin_handlers.go:578.6,579.10 1 1
github.com/calvarado2004/bakery-go/frontend/cmd/web/admin_handlers.go:580.29,581.10 1 1
github.com/calvarado2004/bakery-go/frontend/cmd/web/admin_handlers.go:582.11,584.18 2 1
github.com/calvarado2004/bakery-go/frontend/cmd/web/admin_handlers.go:584.18,587.5 2 1
github.com/calvarado2004/bakery-go/frontend/cmd/web/admin_handlers.go:588.4,590.18 3 1
github.com/calvarado2004/bakery-go/frontend/cmd/web/admin_handlers.go:590.18,592.13 2 0
github.com/calvarado2004/bakery-go/frontend/cmd/web/admin_handlers.go:595.4,596.18 2 1
github.com/calvarado2004/bakery-go/frontend/cmd/web/admin_handlers.go:596.18,598.13 2 0
github.com/calvarado2004/bakery-go/frontend/cmd/web/admin_handlers.go:601.4,604.32 3 1
github.com/calvarado2004/bakery-go/frontend/cmd/web/admin_handlers.go:609.73,614.16 4 1
github.com/calvarado2004/bakery-go/frontend/cmd/web/admin_handlers.go:614.16,617.3 2 0
github.com/calvarado2004/bakery-go/frontend/cmd/web/admin_handlers.go:619.2,623.16 4 1
github.com/calvarado2004/bakery-go/frontend/cmd/web/admin_handlers.go:623.16,627.3 3 1
github.com/calvarado2004/bakery-go/frontend/cmd/web/admin_handlers.go:628.2,632.16 3 1
github.com/calvarado2004/bakery-go/frontend/cmd/web/admin_handlers.go:632.16,636.3 3 1
github.com/calvarado2004/bakery-go/frontend/cmd/web/admin_handlers.go:639.2,648.16 2 1
github.com/calvarado2004/bakery-go/frontend/cmd/web/admin_handlers.go:648.16,652.3 3 0
github.com/calvarado2004/bakery-go/frontend/cmd/web/admin_handlers.go:654.2,654.97 1 1
github.com/calvarado2004/bakery-go/frontend/cmd/web/auth_handlers.go:22.28,23.21 1 1
github.com/calvarado2004/bakery-go/frontend/cmd/web/auth_handlers.go:23.21,25.19 2 1
github.com/calvarado2004/bakery-go/frontend/cmd/web/auth_handlers.go:25.19,27.4 1 0
github.com/calvarado2004/bakery-go/frontend/cmd/web/auth_handlers.go:28.3,28.30 1 1
github.com/calvarado2004/bakery-go/frontend/cmd/web/auth_handlers.go:30.2,30.19 1 1
github.com/calvarado2004/bakery-go/frontend/cmd/web/auth_handlers.go:51.65,53.16 2 1
github.com/calvarado2004/bakery-go/frontend/cmd/web/auth_handlers.go:53.16,55.3 1 1
github.com/calvarado2004/bakery-go/frontend/cmd/web/auth_handlers.go:56.2,56.24 1 1
github.com/calvarado2004/bakery-go/frontend/cmd/web/auth_handlers.go:56.24,58.3 1 1
github.com/calvarado2004/bakery-go/frontend/cmd/web/auth_handlers.go:59.2,60.58 2 1
github.com/calvarado2004/bakery-go/frontend/cmd/web/auth_handlers.go:65.119,67.16 2 1
github.com/calvarado2004/bakery-go/frontend/cmd/web/auth_handlers.go:67.16,69.3 1 1
github.com/calvarado2004/bakery-go/frontend/cmd/web/auth_handlers.go:70.2,71.25 2 1
github.com/calvarado2004/bakery-go/frontend/cmd/web/auth_handlers.go:76.68,78.38 2 1
github.com/calvarado2004/bakery-go/frontend/cmd/web/auth_handlers.go:78.38,79.43 1 1
github.com/calvarado2004/bakery-go/frontend/cmd/web/auth_handlers.go:79.43,82.4 2 1
github.com/calvarado2004/bakery-go/frontend/cmd/web/auth_handlers.go:85.2,92.9 3 1
github.com/calvarado2004/bakery-go/frontend/cmd/web/auth_handlers.go:92.9,95.3 2 0
github.com/calvarado2004/bakery-go/frontend/cmd/web/auth_handlers.go:96.2,97.16 2 1
github.com/calvarado2004/bakery-go/frontend/cmd/web/auth_handlers.go:97.16,99.3 1 0
github.com/calvarado2004/bakery-go/frontend/cmd/web/auth_handlers.go:102.64,104.16 2 1
github.com/calvarado2004/bakery-go/frontend/cmd/web/auth_handlers.go:104.16,107.3 2 0
github.com/calvarado2004/bakery-go/frontend/cmd/web/auth_handlers.go:109.2,120.16 7 1
github.com/calvarado2004/bakery-go/frontend/cmd/web/auth_handlers.go:120.16,124.3 3 0
github.com/calvarado2004/bakery-go/frontend/cmd/web/auth_handlers.go:126.2,126.23 1 1
github.com/calvarado2004/bakery-go/frontend/cmd/web/auth_handlers.go:126.23,129.3 2 1
github.com/calvarado2004/bakery-go/frontend/cmd/web/auth_handlers.go:131.2,140.52 2 1
github.com/calvarado2004/bakery-go/frontend/cmd/web/auth_handlers.go:143.65,152.2 2 1
github.com/calvarado2004/bakery-go/frontend/cmd/web/auth_handlers.go:156.71,158.38 2 1
github.com/calvarado2004/bakery-go/frontend/cmd/web/auth_handlers.go:158.38,159.46 1 1
github.com/calvarado2004/bakery-go/frontend/cmd/web/auth_handlers.go:159.46,162.4 2 1
github.com/calvarado2004/bakery-go/frontend/cmd/web/auth_handlers.go:165.2,172.9 3 1
github.com/calvarado2004/bakery-go/frontend/cmd/web/auth_handlers.go:172.9,175.3 2 0
github.com/calvarado2004/bakery-go/frontend/cmd/web/auth_handlers.go:176.2,177.16 2 1
github.com/calvarado2004/bakery-go/frontend/cmd/web/auth_handlers.go:177.16,179.3 1 0
github.com/calvarado2004/bakery-go/frontend/cmd/web/auth_handlers.go:182.67,184.16 2 1
github.com/calvarado2004/bakery-go/frontend/cmd/web/auth_handlers.go:184.16,187.3 2 0
github.com/calvarado2004/bakery-go/frontend/cmd/web/auth_handlers.go:189.2,200.16 7 1
github.com/calvarado2004/bakery-go/frontend/cmd/web/auth_handlers.go:200.16,204.3 3 0
github.com/calvarado2004/bakery-go/frontend/cmd/web/auth_handlers.go:206.2,206.23 1 1
github.com/calvarado2004/bakery-go/frontend/cmd/web/auth_handlers.go:206.23,209.3 2 0
github.com/calvarado2004/bakery-go/frontend/cmd/web/auth_handlers.go:211.2,220.53 2 1
github.com/calvarado2004/bakery-go/frontend/cmd/web/auth_handlers.go:223.68,232.2 2 1
github.com/calvarado2004/bakery-go/frontend/cmd/web/auth_handlers.go:236.63,237.54 1 1
github.com/calvarado2004/bakery-go/frontend/cmd/web/auth_handlers.go:237.54,239.39 2 1
github.com/calvarado2004/bakery-go/frontend/cmd/web/auth_handlers.go:239.39,243.4 3 1
github.com/calvarado2004/bakery-go/frontend/cmd/web/auth_handlers.go:245.3,245.44 1 1
github.com/calvarado2004/bakery-go/frontend/cmd/web/auth_handlers.go:245.44,249.4 3 1
github.com/calvarado2004/bakery-go/frontend/cmd/web/auth_handlers.go:251.3,251.23 1 1
github.com/calvarado2004/bakery-go/frontend/cmd/web/auth_handlers.go:255.66,256.54 1 1
github.com/calvarado2004/bakery-go/frontend/cmd/web/auth_handlers.go:256.54,258.39 2 1
github.com/calvarado2004/bakery-go/frontend/cmd/web/auth_handlers.go:258.39,262.4 3 1
github.com/calvarado2004/bakery-go/frontend/cmd/web/auth_handlers.go:264.3,264.47 1 1
github.com/calvarado2004/bakery-go/frontend/cmd/web/auth_handlers.go:264.47,268.4 3 1
github.com/calvarado2004/bakery-go/frontend/cmd/web/auth_handlers.go:270.3,270.23 1 1
github.com/calvarado2004/bakery-go/frontend/cmd/web/auth_handlers.go:274.66,277.101 2 1
github.com/calvarado2004/bakery-go/frontend/cmd/web/auth_handlers.go:277.101,279.3 1 1
github.com/calvarado2004/bakery-go/frontend/cmd/web/auth_handlers.go:281.2,281.32 1 1
github.com/calvarado2004/bakery-go/frontend/cmd/web/auth_handlers.go:281.32,283.3 1 1
github.com/calvarado2004/bakery-go/frontend/cmd/web/auth_handlers.go:285.2,285.59 1 1
github.com/calvarado2004/bakery-go/frontend/cmd/web/auth_handlers.go:285.59,287.3 1 1
github.com/calvarado2004/bakery-go/frontend/cmd/web/auth_handlers.go:289.2,289.13 1 1
github.com/calvarado2004/bakery-go/frontend/cmd/web/auth_handlers.go:292.50,294.16 2 1
github.com/calvarado2004/bakery-go/frontend/cmd/web/auth_handlers.go:294.16,296.3 1 1
github.com/calvarado2004/bakery-go/frontend/cmd/web/auth_handlers.go:298.2,299.102 2 1
github.com/calvarado2004/bakery-go/frontend/cmd/web/auth_handlers.go:299.102,301.3 1 1
github.com/calvarado2004/bakery-go/frontend/cmd/web/auth_handlers.go:303.2,303.32 1 1
github.com/calvarado2004/bakery-go/frontend/cmd/web/auth_handlers.go:303.32,305.3 1 1
github.com/calvarado2004/bakery-go/frontend/cmd/web/auth_handlers.go:307.2,307.22 1 1
github.com/calvarado2004/bakery-go/frontend/cmd/web/auth_handlers.go:310.67,312.16 2 1
github.com/calvarado2004/bakery-go/frontend/cmd/web/auth_handlers.go:312.16,314.3 1 1
github.com/calvarado2004/bakery-go/frontend/cmd/web/auth_handlers.go:316.2,317.102 2 1
github.com/calvarado2004/bakery-go/frontend/cmd/web/auth_handlers.go:317.102,319.3 1 1
github.com/calvarado2004/bakery-go/frontend/cmd/web/auth_handlers.go:321.2,321.32 1 1
github.com/calvarado2004/bakery-go/frontend/cmd/web/auth_handlers.go:321.32,323.3 1 1
github.com/calvarado2004/bakery-go/frontend/cmd/web/auth_handlers.go:325.2,325.52 1 1
github.com/calvarado2004/bakery-go/frontend/cmd/web/auth_handlers.go:332.59,337.35 4 1
github.com/calvarado2004/bakery-go/frontend/cmd/web/auth_handlers.go:337.35,339.3 1 1
github.com/calvarado2004/bakery-go/frontend/cmd/web/auth_handlers.go:341.2,342.15 2 1
github.com/calvarado2004/bakery-go/frontend/cmd/web/auth_handlers.go:342.15,344.3 1 1
github.com/calvarado2004/bakery-go/frontend/cmd/web/auth_handlers.go:345.2,345.20 1 1
github.com/calvarado2004/bakery-go/frontend/cmd/web/auth_handlers.go:345.20,346.16 1 1
github.com/calvarado2004/bakery-go/frontend/cmd/web/auth_handlers.go:346.16,348.4 1 0
github.com/calvarado2004/bakery-go/frontend/cmd/web/auth_handlers.go:348.9,350.4 1 1
github.com/calvarado2004/bakery-go/frontend/cmd/web/auth_handlers.go:352.2,352.53 1 1
github.com/calvarado2004/bakery-go/frontend/cmd/web/auth_handlers.go:357.122,361.2 3 1
github.com/calvarado2004/bakery-go/frontend/cmd/web/auth_handlers.go:386.77,388.21 2 1
github.com/calvarado2004/bakery-go/frontend/cmd/web/auth_handlers.go:388.21,391.3 2 1
github.com/calvarado2004/bakery-go/frontend/cmd/web/auth_handlers.go:393.2,399.16 6 1
github.com/calvarado2004/bakery-go/frontend/cmd/web/auth_handlers.go:399.16,401.3 1 0
github.com/calvarado2004/bakery-go/frontend/cmd/web/auth_handlers.go:403.2,404.16 2 1
github.com/calvarado2004/bakery-go/frontend/cmd/web/auth_handlers.go:404.16,406.3 1 0
github.com/calvarado2004/bakery-go/frontend/cmd/web/auth_handlers.go:408.2,413.23 2 1
github.com/calvarado2004/bakery-go/frontend/cmd/web/auth_handlers.go:413.23,417.33 4 1
github.com/calvarado2004/bakery-go/frontend/cmd/web/auth_handlers.go:417.33,420.4 2 1
github.com/calvarado2004/bakery-go/frontend/cmd/web/auth_handlers.go:421.3,422.43 2 1
github.com/calvarado2004/bakery-go/frontend/cmd/web/auth_handlers.go:422.43,424.4 1 0
github.com/calvarado2004/bakery-go/frontend/cmd/web/auth_handlers.go:425.3,426.33 2 1
github.com/calvarado2004/bakery-go/frontend/cmd/web/auth_handlers.go:426.33,428.4 1 0
github.com/calvarado2004/bakery-go/frontend/cmd/web/auth_handlers.go:428.9,430.4 1 1
github.com/calvarado2004/bakery-go/frontend/cmd/web/auth_handlers.go:433.2,433.25 1 1
github.com/calvarado2004/bakery-go/frontend/cmd/web/auth_handlers.go:433.25,436.37 3 1
github.com/calvarado2004/bakery-go/frontend/cmd/web/auth_handlers.go:436.37,438.4 1 0
github.com/calvarado2004/bakery-go/frontend/cmd/web/auth_handlers.go:438.9,440.4 1 1
github.com/calvarado2004/bakery-go/frontend/cmd/web/auth_handlers.go:443.2,444.9 2 1
github.com/calvarado2004/bakery-go/frontend/cmd/web/auth_handlers.go:444.9,447.3 2 0
github.com/calvarado2004/bakery-go/frontend/cmd/web/auth_handlers.go:448.2,449.16 2 1
github.com/calvarado2004/bakery-go/frontend/cmd/web/auth_handlers.go:449.16,451.3 1 0
github.com/calvarado2004/bakery-go/frontend/cmd/web/auth_handlers.go:454.68,456.21 2 1
github.com/calvarado2004/bakery-go/frontend/cmd/web/auth_handlers.go:456.21,459.3 2 1
github.com/calvarado2004/bakery-go/frontend/cmd/web/auth_handlers.go:461.2,467.16 6 1
github.com/calvarado2004/bakery-go/frontend/cmd/web/auth_handlers.go:467.16,471.3 3 0
github.com/calvarado2004/bakery-go/frontend/cmd/web/auth_handlers.go:473.2,479.32 2 1
github.com/calvarado2004/bakery-go/frontend/cmd/web/auth_handlers.go:479.32,481.3 1 1
github.com/calvarado2004/bakery-go/frontend/cmd/web/auth_handlers.go:483.2,484.9 2 1
github.com/calvarado2004/bakery-go/frontend/cmd/web/auth_handlers.go:484.9,487.3 2 0
github.com/calvarado2004/bakery-go/frontend/cmd/web/auth_handlers.go:488.2,489.16 2 1
github.com/calvarado2004/bakery-go/frontend/cmd/web/auth_handlers.go:489.16,491.3 1 0
github.com/calvarado2004/bakery-go/frontend/cmd/web/auth_handlers.go:494.73,496.21 2 1
github.com/calvarado2004/bakery-go/frontend/cmd/web/auth_handlers.go:496.21,499.3 2 1
github.com/calvarado2004/bakery-go/frontend/cmd/web/auth_handlers.go:501.2,503.16 3 1
github.com/calvarado2004/bakery-go/frontend/cmd/web/auth_handlers.go:503.16,506.3 2 1
github.com/calvarado2004/bakery-go/frontend/cmd/web/auth_handlers.go:508.2,514.16 6 1
github.com/calvarado2004/bakery-go/frontend/cmd/web/auth_handlers.go:514.16,518.3 3 1
github.com/calvarado2004/bakery-go/frontend/cmd/web/auth_handlers.go:520.2,520.53 1 0
github.com/calvarado2004/bakery-go/frontend/cmd/web/auth_handlers.go:520.53,523.3 2 0
github.com/calvarado2004/bakery-go/frontend/cmd/web/auth_handlers.go:525.2,527.53 3 0
github.com/calvarado2004/bakery-go/frontend/cmd/web/auth_handlers.go:527.53,529.3 1 0
github.com/calvarado2004/bakery-go/frontend/cmd/web/auth_handlers.go:531.2,541.9 3 0
github.com/calvarado2004/bakery-go/frontend/cmd/web/auth_handlers.go:541.9,544.3 2 0
github.com/calvarado2004/bakery-go/frontend/cmd/web/auth_handlers.go:545.2,546.16 2 0
github.com/calvarado2004/bakery-go/frontend/cmd/web/auth_handlers.go:546.16,548.3 1 0
github.com/calvarado2004/bakery-go/frontend/cmd/web/auth_handlers.go:551.70,553.21 2 1
github.com/calvarado2004/bakery-go/frontend/cmd/web/auth_handlers.go:553.21,556.3 2 1
github.com/calvarado2004/bakery-go/frontend/cmd/web/auth_handlers.go:558.2,564.16 6 1
github.com/calvarado2004/bakery-go/frontend/cmd/web/auth_handlers.go:564.16,568.3 3 0
github.com/calvarado2004/bakery-go/frontend/cmd/web/auth_handlers.go:570.2,572.53 3 1
github.com/calvarado2004/bakery-go/frontend/cmd/web/auth_handlers.go:572.53,574.3 1 1
github.com/calvarado2004/bakery-go/frontend/cmd/web/auth_handlers.go:576.2,584.9 3 1
github.com/calvarado2004/bakery-go/frontend/cmd/web/auth_handlers.go:584.9,587.3 2 0
github.com/calvarado2004/bakery-go/frontend/cmd/web/auth_handlers.go:588.2,589.16 2 1
github.com/calvarado2004/bakery-go/frontend/cmd/web/auth_handlers.go:589.16,591.3 1 0
github.com/calvarado2004/bakery-go/frontend/cmd/web/auth_handlers.go:594.75,596.21 2 1
github.com/calvarado2004/bakery-go/frontend/cmd/web/auth_handlers.go:596.21,599.3 2 1
github.com/calvarado2004/bakery-go/frontend/cmd/web/auth_handlers.go:601.2,603.16 3 1
github.com/calvarado2004/bakery-go/frontend/cmd/web/auth_handlers.go:603.16,606.3 2 1
github.com/calvarado2004/bakery-go/frontend/cmd/web/auth_handlers.go:608.2,614.16 6 1
github.com/calvarado2004/bakery-go/frontend/cmd/web/auth_handlers.go:614.16,618.3 3 1
github.com/calvarado2004/bakery-go/frontend/cmd/web/auth_handlers.go:620.2,620.45 1 0
github.com/calvarado2004/bakery-go/frontend/cmd/web/auth_handlers.go:620.45,623.3 2 0
github.com/calvarado2004/bakery-go/frontend/cmd/web/auth_handlers.go:625.2,630.53 6 0
github.com/calvarado2004/bakery-go/frontend/cmd/web/auth_handlers.go:630.53,632.3 1 0
github.com/calvarado2004/bakery-go/frontend/cmd/web/auth_handlers.go:634.2,642.9 3 0
github.com/calvarado2004/bakery-go/frontend/cmd/web/auth_handlers.go:642.9,645.3 2 0
github.com/calvarado2004/bakery-go/frontend/cmd/web/auth_handlers.go:646.2,647.16 2 0
github.com/calvarado2004/bakery-go/frontend/cmd/web/auth_handlers.go:647.16,649.3 1 0
github.com/calvarado2004/bakery-go/frontend/cmd/web/main.go:39.50,41.2 1 1
github.com/calvarado2004/bakery-go/frontend/cmd/web/main.go:44.47,46.2 1 1
github.com/calvarado2004/bakery-go/frontend/cmd/web/main.go:82.33,83.58 1 1
github.com/calvarado2004/bakery-go/frontend/cmd/web/main.go:83.58,85.3 1 0
github.com/calvarado2004/bakery-go/frontend/cmd/web/main.go:86.2,86.26 1 1
github.com/calvarado2004/bakery-go/frontend/cmd/web/main.go:91.50,93.49 1 1
github.com/calvarado2004/bakery-go/frontend/cmd/web/main.go:93.49,95.3 1 0
github.com/calvarado2004/bakery-go/frontend/cmd/web/main.go:98.2,99.50 2 1
github.com/calvarado2004/bakery-go/frontend/cmd/web/main.go:99.50,101.3 1 1
github.com/calvarado2004/bakery-go/frontend/cmd/web/main.go:102.2,102.48 1 1
github.com/calvarado2004/bakery-go/frontend/cmd/web/main.go:102.48,104.3 1 1
github.com/calvarado2004/bakery-go/frontend/cmd/web/main.go:106.2,107.49 2 0
github.com/calvarado2004/bakery-go/frontend/cmd/web/main.go:110.13,125.19 7 0
github.com/calvarado2004/bakery-go/frontend/cmd/web/main.go:125.19,127.3 1 0
github.com/calvarado2004/bakery-go/frontend/cmd/web/main.go:128.2,191.49 45 0
github.com/calvarado2004/bakery-go/frontend/cmd/web/main.go:194.58,201.53 3 1
github.com/calvarado2004/bakery-go/frontend/cmd/web/main.go:201.53,203.3 1 1
github.com/calvarado2004/bakery-go/frontend/cmd/web/main.go:205.2,206.16 2 1
github.com/calvarado2004/bakery-go/frontend/cmd/web/main.go:206.16,210.3 3 1
github.com/calvarado2004/bakery-go/frontend/cmd/web/main.go:212.2,215.52 3 1
github.com/calvarado2004/bakery-go/frontend/cmd/web/main.go:215.52,217.3 1 1
github.com/calvarado2004/bakery-go/frontend/cmd/web/main.go:219.2,220.35 2 1
github.com/calvarado2004/bakery-go/frontend/cmd/web/main.go:220.35,224.3 1 1
github.com/calvarado2004/bakery-go/frontend/cmd/web/main.go:227.2,228.9 2 1
github.com/calvarado2004/bakery-go/frontend/cmd/web/main.go:228.9,231.3 2 0
github.com/calvarado2004/bakery-go/frontend/cmd/web/main.go:232.2,233.16 2 1
github.com/calvarado2004/bakery-go/frontend/cmd/web/main.go:233.16,235.3 1 0
github.com/calvarado2004/bakery-go/frontend/cmd/web/main.go:240.62,241.54 1 1
github.com/calvarado2004/bakery-go/frontend/cmd/web/main.go:241.54,243.10 2 1
github.com/calvarado2004/bakery-go/frontend/cmd/web/main.go:243.10,246.4 2 1
github.com/calvarado2004/bakery-go/frontend/cmd/web/main.go:247.3,248.17 2 1
github.com/calvarado2004/bakery-go/frontend/cmd/web/main.go:248.17,250.4 1 0
github.com/calvarado2004/bakery-go/frontend/cmd/web/main.go:256.66,262.16 3 1
github.com/calvarado2004/bakery-go/frontend/cmd/web/main.go:262.16,266.3 3 1
github.com/calvarado2004/bakery-go/frontend/cmd/web/main.go:267.2,270.16 3 1
github.com/calvarado2004/bakery-go/frontend/cmd/web/main.go:270.16,274.3 3 1
github.com/calvarado2004/bakery-go/frontend/cmd/web/main.go:276.2,283.9 3 0
github.com/calvarado2004/bakery-go/frontend/cmd/web/main.go:283.9,286.3 2 0
github.com/calvarado2004/bakery-go/frontend/cmd/web/main.go:288.2,289.16 2 0
github.com/calvarado2004/bakery-go/frontend/cmd/web/main.go:289.16,291.3 1 0
github.com/calvarado2004/bakery-go/frontend/cmd/web/main.go:294.60,304.53 6 1
github.com/calvarado2004/bakery-go/frontend/cmd/web/main.go:304.53,306.3 1 0
github.com/calvarado2004/bakery-go/frontend/cmd/web/main.go:309.2,310.16 2 1
github.com/calvarado2004/bakery-go/frontend/cmd/web/main.go:310.16,314.3 3 1
github.com/calvarado2004/bakery-go/frontend/cmd/web/main.go:316.2,316.6 1 1
github.com/calvarado2004/bakery-go/frontend/cmd/web/main.go:316.6,318.20 2 1
github.com/calvarado2004/bakery-go/frontend/cmd/web/main.go:318.20,319.9 1 0
github.com/calvarado2004/bakery-go/frontend/cmd/web/main.go:321.3,321.17 1 1
github.com/calvarado2004/bakery-go/frontend/cmd/web/main.go:321.17,322.88 1 1
github.com/calvarado2004/bakery-go/frontend/cmd/web/main.go:322.88,324.10 2 0
github.com/calvarado2004/bakery-go/frontend/cmd/web/main.go:326.4,327.9 2 1
github.com/calvarado2004/bakery-go/frontend/cmd/web/main.go:330.3,331.54 2 1
github.com/calvarado2004/bakery-go/frontend/cmd/web/main.go:331.54,343.18 4 1
github.com/calvarado2004/bakery-go/frontend/cmd/web/main.go:343.18,345.13 2 0
github.com/calvarado2004/bakery-go/frontend/cmd/web/main.go:347.4,348.18 2 1
github.com/calvarado2004/bakery-go/frontend/cmd/web/main.go:348.18,349.114 1 0
github.com/calvarado2004/bakery-go/frontend/cmd/web/main.go:349.114,352.6 2 0
github.com/calvarado2004/bakery-go/frontend/cmd/web/main.go:353.5,354.11 2 0
github.com/calvarado2004/bakery-go/frontend/cmd/web/main.go:357.4,357.37 1 1
github.com/calvarado2004/bakery-go/frontend/cmd/web/main.go:357.37,359.5 1 1
github.com/calvarado2004/bakery-go/frontend/cmd/web/main.go:359.10,361.5 1 0
github.com/calvarado2004/bakery-go/frontend/cmd/web/main.go:366.65,376.63 6 1
github.com/calvarado2004/bakery-go/frontend/cmd/web/main.go:376.63,378.3 1 0
github.com/calvarado2004/bakery-go/frontend/cmd/web/main.go:381.2,382.16 2 1
github.com/calvarado2004/bakery-go/frontend/cmd/web/main.go:382.16,385.3 2 1
github.com/calvarado2004/bakery-go/frontend/cmd/web/main.go:388.2,388.6 1 1
github.com/calvarado2004/bakery-go/frontend/cmd/web/main.go:388.6,390.20 2 1
github.com/calvarado2004/bakery-go/frontend/cmd/web/main.go:390.20,392.9 1 1
github.com/calvarado2004/bakery-go/frontend/cmd/web/main.go:394.3,394.17 1 0
github.com/calvarado2004/bakery-go/frontend/cmd/web/main.go:394.17,395.88 1 0
github.com/calvarado2004/bakery-go/frontend/cmd/web/main.go:395.88,398.5 2 0
github.com/calvarado2004/bakery-go/frontend/cmd/web/main.go:399.4,401.10 3 0
github.com/calvarado2004/bakery-go/frontend/cmd/web/main.go:405.3,406.17 2 0
github.com/calvarado2004/bakery-go/frontend/cmd/web/main.go:406.17,409.4 2 0
github.com/calvarado2004/bakery-go/frontend/cmd/web/main.go:412.3,413.17 2 0
github.com/calvarado2004/bakery-go/frontend/cmd/web/main.go:413.17,414.113 1 0
github.com/calvarado2004/bakery-go/frontend/cmd/web/main.go:414.113,417.5 2 0
github.com/calvarado2004/bakery-go/frontend/cmd/web/main.go:418.4,418.10 1 0
github.com/calvarado2004/bakery-go/frontend/cmd/web/main.go:422.3,423.10 2 0
github.com/calvarado2004/bakery-go/frontend/cmd/web/main.go:423.10,426.4 2 0
github.com/calvarado2004/bakery-go/frontend/cmd/web/main.go:427.3,427.18 1 0
github.com/calvarado2004/bakery-go/frontend/cmd/web/main.go:436.22,454.42 4 1
github.com/calvarado2004/bakery-go/frontend/cmd/web/main.go:454.42,457.17 3 1
github.com/calvarado2004/bakery-go/frontend/cmd/web/main.go:457.17,459.4 1 0
github.com/calvarado2004/bakery-go/frontend/cmd/web/main.go:460.3,460.31 1 1
github.com/calvarado2004/bakery-go/frontend/cmd/web/main.go:464.2,466.16 3 1
github.com/calvarado2004/bakery-go/frontend/cmd/web/main.go:466.16,468.3 1 0
github.com/calvarado2004/bakery-go/frontend/cmd/web/main.go:469.2,476.16 5 1
github.com/calvarado2004/bakery-go/frontend/cmd/web/main.go:476.16,478.3 1 0
github.com/calvarado2004/bakery-go/frontend/cmd/web/main.go:479.2,490.43 4 1
github.com/calvarado2004/bakery-go/frontend/cmd/web/main.go:490.43,493.17 3 1
github.com/calvarado2004/bakery-go/frontend/cmd/web/main.go:493.17,495.4 1 0
github.com/calvarado2004/bakery-go/frontend/cmd/web/main.go:496.3,496.32 1 1
github.com/calvarado2004/bakery-go/frontend/cmd/web/main.go:500.2,502.16 3 1
github.com/calvarado2004/bakery-go/frontend/cmd/web/main.go:502.16,504.3 1 0
github.com/calvarado2004/bakery-go/frontend/cmd/web/main.go:505.2,511.16 5 1
github.com/calvarado2004/bakery-go/frontend/cmd/web/main.go:511.16,513.3 1 0
github.com/calvarado2004/bakery-go/frontend/cmd/web/main.go:514.2,527.41 3 1
github.com/calvarado2004/bakery-go/frontend/cmd/web/main.go:527.41,529.17 2 1
github.com/calvarado2004/bakery-go/frontend/cmd/web/main.go:529.17,531.4 1 0
github.com/calvarado2004/bakery-go/frontend/cmd/web/main.go:532.3,532.24 1 1
github.com/calvarado2004/bakery-go/frontend/cmd/web/main.go:535.2,535.66 1 1
github.com/calvarado2004/bakery-go/frontend/cmd/web/main.go:541.33,542.27 1 0
github.com/calvarado2004/bakery-go/frontend/cmd/web/main.go:542.27,544.51 2 0
github.com/calvarado2004/bakery-go/frontend/cmd/web/main.go:544.51,545.51 1 0
github.com/calvarado2004/bakery-go/frontend/cmd/web/main.go:545.51,547.5 1 0
github.com/calvarado2004/bakery-go/frontend/cmd/web/main.go:550.3,563.17 6 0
github.com/calvarado2004/bakery-go/frontend/cmd/web/main.go:563.17,565.4 1 0
github.com/calvarado2004/bakery-go/frontend/cmd/web/main.go:566.3,566.70 1 0
