mode: set
github.com/calvarado2004/bakery-go/data/models.go:26.62,31.2 2 1
github.com/calvarado2004/bakery-go/data/models.go:35.49,37.2 1 0
github.com/calvarado2004/bakery-go/data/models.go:41.51,43.2 1 0
github.com/calvarado2004/bakery-go/data/models.go:143.90,150.16 5 0
github.com/calvarado2004/bakery-go/data/models.go:150.16,152.3 1 0
github.com/calvarado2004/bakery-go/data/models.go:154.2,154.12 1 0
github.com/calvarado2004/bakery-go/data/models.go:158.78,166.16 6 0
github.com/calvarado2004/bakery-go/data/models.go:166.16,167.36 1 0
github.com/calvarado2004/bakery-go/data/models.go:167.36,169.4 1 0
github.com/calvarado2004/bakery-go/data/models.go:170.3,171.16 2 0
github.com/calvarado2004/bakery-go/data/models.go:174.2,174.18 1 0
github.com/calvarado2004/bakery-go/data/models.go:174.18,176.3 1 0
github.com/calvarado2004/bakery-go/data/models.go:178.2,178.27 1 0
github.com/calvarado2004/bakery-go/data/models.go:181.77,187.16 4 1
github.com/calvarado2004/bakery-go/data/models.go:187.16,189.3 1 0
github.com/calvarado2004/bakery-go/data/models.go:191.2,202.16 4 1
github.com/calvarado2004/bakery-go/data/models.go:202.16,205.3 2 0
github.com/calvarado2004/bakery-go/data/models.go:207.2,207.19 1 1
github.com/calvarado2004/bakery-go/data/models.go:210.68,230.16 6 1
github.com/calvarado2004/bakery-go/data/models.go:230.16,233.3 2 0
github.com/calvarado2004/bakery-go/data/models.go:235.2,235.19 1 1
github.com/calvarado2004/bakery-go/data/models.go:238.78,253.16 6 1
github.com/calvarado2004/bakery-go/data/models.go:253.16,256.3 2 0
github.com/calvarado2004/bakery-go/data/models.go:258.2,258.19 1 1
github.com/calvarado2004/bakery-go/data/models.go:264.90,269.16 4 0
github.com/calvarado2004/bakery-go/data/models.go:269.16,272.3 2 0
github.com/calvarado2004/bakery-go/data/models.go:273.2,281.16 5 0
github.com/calvarado2004/bakery-go/data/models.go:281.16,284.3 2 0
github.com/calvarado2004/bakery-go/data/models.go:286.2,286.31 1 0
github.com/calvarado2004/bakery-go/data/models.go:286.31,290.17 3 0
github.com/calvarado2004/bakery-go/data/models.go:290.17,293.4 2 0
github.com/calvarado2004/bakery-go/data/models.go:296.2,296.35 1 0
github.com/calvarado2004/bakery-go/data/models.go:296.35,299.3 2 0
github.com/calvarado2004/bakery-go/data/models.go:301.2,301.19 1 0
github.com/calvarado2004/bakery-go/data/models.go:306.92,311.16 4 0
github.com/calvarado2004/bakery-go/data/models.go:311.16,314.3 2 0
github.com/calvarado2004/bakery-go/data/models.go:315.2,324.16 5 0
github.com/calvarado2004/bakery-go/data/models.go:324.16,327.3 2 0
github.com/calvarado2004/bakery-go/data/models.go:329.2,329.31 1 0
github.com/calvarado2004/bakery-go/data/models.go:329.31,333.17 3 0
github.com/calvarado2004/bakery-go/data/models.go:333.17,336.4 2 0
github.com/calvarado2004/bakery-go/data/models.go:338.3,339.17 2 0
github.com/calvarado2004/bakery-go/data/models.go:339.17,342.4 2 0
github.com/calvarado2004/bakery-go/data/models.go:345.2,345.35 1 0
github.com/calvarado2004/bakery-go/data/models.go:345.35,348.3 2 0
github.com/calvarado2004/bakery-go/data/models.go:350.2,350.19 1 0
github.com/calvarado2004/bakery-go/data/models.go:354.97,368.16 9 1
github.com/calvarado2004/bakery-go/data/models.go:368.16,372.3 3 0
github.com/calvarado2004/bakery-go/data/models.go:375.2,379.21 3 1
github.com/calvarado2004/bakery-go/data/models.go:379.21,382.3 1 1
github.com/calvarado2004/bakery-go/data/models.go:384.2,384.23 1 1
github.com/calvarado2004/bakery-go/data/models.go:384.23,388.3 3 0
github.com/calvarado2004/bakery-go/data/models.go:391.2,393.16 3 1
github.com/calvarado2004/bakery-go/data/models.go:393.16,395.54 2 0
github.com/calvarado2004/bakery-go/data/models.go:395.54,398.4 1 0
github.com/calvarado2004/bakery-go/data/models.go:399.3,401.25 3 0
github.com/calvarado2004/bakery-go/data/models.go:404.2,404.24 1 1
github.com/calvarado2004/bakery-go/data/models.go:407.84,414.16 5 1
github.com/calvarado2004/bakery-go/data/models.go:414.16,417.3 2 0
github.com/calvarado2004/bakery-go/data/models.go:419.2,419.12 1 1
github.com/calvarado2004/bakery-go/data/models.go:439.67,444.16 4 0
github.com/calvarado2004/bakery-go/data/models.go:444.16,446.3 1 0
github.com/calvarado2004/bakery-go/data/models.go:447.2,453.41 4 0
github.com/calvarado2004/bakery-go/data/models.go:453.41,453.79 1 0
github.com/calvarado2004/bakery-go/data/models.go:455.2,459.31 4 0
github.com/calvarado2004/bakery-go/data/models.go:459.31,468.17 4 0
github.com/calvarado2004/bakery-go/data/models.go:468.17,470.4 1 0
github.com/calvarado2004/bakery-go/data/models.go:472.3,472.22 1 0
github.com/calvarado2004/bakery-go/data/models.go:472.22,474.56 1 0
github.com/calvarado2004/bakery-go/data/models.go:474.56,480.19 2 0
github.com/calvarado2004/bakery-go/data/models.go:480.19,482.6 1 0
github.com/calvarado2004/bakery-go/data/models.go:483.5,484.43 1 0
github.com/calvarado2004/bakery-go/data/models.go:485.10,492.19 3 0
github.com/calvarado2004/bakery-go/data/models.go:492.19,494.6 1 0
github.com/calvarado2004/bakery-go/data/models.go:495.5,495.75 1 0
github.com/calvarado2004/bakery-go/data/models.go:497.4,497.12 1 0
github.com/calvarado2004/bakery-go/data/models.go:501.3,502.30 2 0
github.com/calvarado2004/bakery-go/data/models.go:502.30,504.4 1 0
github.com/calvarado2004/bakery-go/data/models.go:507.3,511.17 2 0
github.com/calvarado2004/bakery-go/data/models.go:511.17,513.4 1 0
github.com/calvarado2004/bakery-go/data/models.go:516.3,517.34 2 0
github.com/calvarado2004/bakery-go/data/models.go:517.34,519.4 1 0
github.com/calvarado2004/bakery-go/data/models.go:520.3,525.17 2 0
github.com/calvarado2004/bakery-go/data/models.go:525.17,527.4 1 0
github.com/calvarado2004/bakery-go/data/models.go:529.3,530.97 2 0
github.com/calvarado2004/bakery-go/data/models.go:534.2,535.40 2 0
github.com/calvarado2004/bakery-go/data/models.go:535.40,537.3 1 0
github.com/calvarado2004/bakery-go/data/models.go:537.8,537.67 1 0
github.com/calvarado2004/bakery-go/data/models.go:537.67,539.3 1 0
github.com/calvarado2004/bakery-go/data/models.go:539.8,539.31 1 0
github.com/calvarado2004/bakery-go/data/models.go:539.31,541.3 1 0
github.com/calvarado2004/bakery-go/data/models.go:541.8,543.3 1 0
github.com/calvarado2004/bakery-go/data/models.go:545.2,549.16 2 0
github.com/calvarado2004/bakery-go/data/models.go:549.16,551.3 1 0
github.com/calvarado2004/bakery-go/data/models.go:553.2,553.20 1 0
github.com/calvarado2004/bakery-go/data/models.go:560.91,565.16 4 0
github.com/calvarado2004/bakery-go/data/models.go:565.16,567.3 1 0
github.com/calvarado2004/bakery-go/data/models.go:568.2,576.16 4 0
github.com/calvarado2004/bakery-go/data/models.go:576.16,578.3 1 0
github.com/calvarado2004/bakery-go/data/models.go:581.2,582.28 2 0
github.com/calvarado2004/bakery-go/data/models.go:582.28,584.3 1 0
github.com/calvarado2004/bakery-go/data/models.go:586.2,586.20 1 0
github.com/calvarado2004/bakery-go/data/models.go:586.20,588.3 1 0
github.com/calvarado2004/bakery-go/data/models.go:591.2,595.16 2 0
github.com/calvarado2004/bakery-go/data/models.go:595.16,597.3 1 0
github.com/calvarado2004/bakery-go/data/models.go:599.2,599.35 1 0
github.com/calvarado2004/bakery-go/data/models.go:599.35,601.3 1 0
github.com/calvarado2004/bakery-go/data/models.go:603.2,604.23 2 0
github.com/calvarado2004/bakery-go/data/models.go:607.97,609.16 2 1
github.com/calvarado2004/bakery-go/data/models.go:609.16,610.10 1 1
github.com/calvarado2004/bakery-go/data/models.go:611.60,613.21 1 1
github.com/calvarado2004/bakery-go/data/models.go:614.11,616.21 2 0
github.com/calvarado2004/bakery-go/data/models.go:620.2,620.18 1 1
github.com/calvarado2004/bakery-go/data/models.go:624.67,632.16 5 1
github.com/calvarado2004/bakery-go/data/models.go:632.16,635.3 2 0
github.com/calvarado2004/bakery-go/data/models.go:637.2,637.29 1 1
github.com/calvarado2004/bakery-go/data/models.go:637.29,639.17 2 1
github.com/calvarado2004/bakery-go/data/models.go:639.17,642.4 2 0
github.com/calvarado2004/bakery-go/data/models.go:645.2,647.18 2 1
github.com/calvarado2004/bakery-go/data/models.go:647.18,662.17 4 1
github.com/calvarado2004/bakery-go/data/models.go:662.17,665.4 2 0
github.com/calvarado2004/bakery-go/data/models.go:666.3,666.18 1 1
github.com/calvarado2004/bakery-go/data/models.go:666.18,668.4 1 1
github.com/calvarado2004/bakery-go/data/models.go:668.9,670.4 1 0
github.com/calvarado2004/bakery-go/data/models.go:672.3,672.33 1 1
github.com/calvarado2004/bakery-go/data/models.go:675.2,675.20 1 1
github.com/calvarado2004/bakery-go/data/models.go:678.81,698.16 6 1
github.com/calvarado2004/bakery-go/data/models.go:698.16,701.3 2 1
github.com/calvarado2004/bakery-go/data/models.go:702.2,702.17 1 1
github.com/calvarado2004/bakery-go/data/models.go:702.17,704.3 1 1
github.com/calvarado2004/bakery-go/data/models.go:704.8,706.3 1 0
github.com/calvarado2004/bakery-go/data/models.go:708.2,708.19 1 1
github.com/calvarado2004/bakery-go/data/models.go:711.89,724.16 5 0
github.com/calvarado2004/bakery-go/data/models.go:724.16,727.3 2 0
github.com/calvarado2004/bakery-go/data/models.go:729.2,732.16 3 0
github.com/calvarado2004/bakery-go/data/models.go:732.16,735.3 2 0
github.com/calvarado2004/bakery-go/data/models.go:737.2,737.29 1 0
github.com/calvarado2004/bakery-go/data/models.go:737.29,739.17 2 0
github.com/calvarado2004/bakery-go/data/models.go:739.17,741.4 1 0
github.com/calvarado2004/bakery-go/data/models.go:744.2,746.18 2 0
github.com/calvarado2004/bakery-go/data/models.go:746.18,749.17 3 0
github.com/calvarado2004/bakery-go/data/models.go:749.17,752.4 2 0
github.com/calvarado2004/bakery-go/data/models.go:754.3,755.17 2 0
github.com/calvarado2004/bakery-go/data/models.go:755.17,758.4 2 0
github.com/calvarado2004/bakery-go/data/models.go:760.3,761.33 2 0
github.com/calvarado2004/bakery-go/data/models.go:764.2,766.19 2 0
github.com/calvarado2004/bakery-go/data/models.go:769.87,783.16 5 0
github.com/calvarado2004/bakery-go/data/models.go:783.16,786.3 2 0
github.com/calvarado2004/bakery-go/data/models.go:788.2,791.16 3 0
github.com/calvarado2004/bakery-go/data/models.go:791.16,794.3 2 0
github.com/calvarado2004/bakery-go/data/models.go:796.2,796.29 1 0
github.com/calvarado2004/bakery-go/data/models.go:796.29,798.17 2 0
github.com/calvarado2004/bakery-go/data/models.go:798.17,800.4 1 0
github.com/calvarado2004/bakery-go/data/models.go:803.2,805.18 2 0
github.com/calvarado2004/bakery-go/data/models.go:805.18,809.17 4 0
github.com/calvarado2004/bakery-go/data/models.go:809.17,812.4 2 0
github.com/calvarado2004/bakery-go/data/models.go:814.3,818.5 1 0
github.com/calvarado2004/bakery-go/data/models.go:821.2,823.19 2 0
github.com/calvarado2004/bakery-go/data/models.go:826.94,840.16 5 0
github.com/calvarado2004/bakery-go/data/models.go:840.16,841.36 1 0
github.com/calvarado2004/bakery-go/data/models.go:841.36,843.4 1 0
github.com/calvarado2004/bakery-go/data/models.go:844.3,845.20 2 0
github.com/calvarado2004/bakery-go/data/models.go:847.2,852.16 4 0
github.com/calvarado2004/bakery-go/data/models.go:852.16,855.3 2 0
github.com/calvarado2004/bakery-go/data/models.go:857.2,857.29 1 0
github.com/calvarado2004/bakery-go/data/models.go:857.29,859.17 2 0
github.com/calvarado2004/bakery-go/data/models.go:859.17,861.4 1 0
github.com/calvarado2004/bakery-go/data/models.go:864.2,866.18 2 0
github.com/calvarado2004/bakery-go/data/models.go:866.18,870.17 4 0
github.com/calvarado2004/bakery-go/data/models.go:870.17,873.4 2 0
github.com/calvarado2004/bakery-go/data/models.go:875.3,879.5 1 0
github.com/calvarado2004/bakery-go/data/models.go:882.2,884.19 2 0
github.com/calvarado2004/bakery-go/data/models.go:889.79,897.16 5 1
github.com/calvarado2004/bakery-go/data/models.go:897.16,900.3 2 0
github.com/calvarado2004/bakery-go/data/models.go:902.2,902.29 1 1
github.com/calvarado2004/bakery-go/data/models.go:902.29,904.17 2 1
github.com/calvarado2004/bakery-go/data/models.go:904.17,906.4 1 0
github.com/calvarado2004/bakery-go/data/models.go:909.2,909.18 1 1
github.com/calvarado2004/bakery-go/data/models.go:909.18,912.17 3 0
github.com/calvarado2004/bakery-go/data/models.go:912.17,915.4 2 0
github.com/calvarado2004/bakery-go/data/models.go:916.3,921.17 4 0
github.com/calvarado2004/bakery-go/data/models.go:921.17,924.4 2 0
github.com/calvarado2004/bakery-go/data/models.go:926.3,928.25 2 0
github.com/calvarado2004/bakery-go/data/models.go:928.25,932.18 4 0
github.com/calvarado2004/bakery-go/data/models.go:932.18,936.5 3 0
github.com/calvarado2004/bakery-go/data/models.go:938.4,942.6 1 0
github.com/calvarado2004/bakery-go/data/models.go:944.3,947.33 3 0
github.com/calvarado2004/bakery-go/data/models.go:950.2,950.20 1 1
github.com/calvarado2004/bakery-go/data/models.go:957.79,963.16 5 1
github.com/calvarado2004/bakery-go/data/models.go:963.16,966.3 2 0
github.com/calvarado2004/bakery-go/data/models.go:968.2,968.12 1 1
github.com/calvarado2004/bakery-go/data/models.go:974.86,982.16 5 1
github.com/calvarado2004/bakery-go/data/models.go:982.16,985.3 2 0
github.com/calvarado2004/bakery-go/data/models.go:986.2,986.29 1 1
github.com/calvarado2004/bakery-go/data/models.go:986.29,988.17 2 1
github.com/calvarado2004/bakery-go/data/models.go:988.17,990.4 1 0
github.com/calvarado2004/bakery-go/data/models.go:993.2,994.18 2 1
github.com/calvarado2004/bakery-go/data/models.go:994.18,996.85 2 1
github.com/calvarado2004/bakery-go/data/models.go:996.85,999.4 2 0
github.com/calvarado2004/bakery-go/data/models.go:1000.3,1000.35 1 1
github.com/calvarado2004/bakery-go/data/models.go:1002.2,1002.35 1 1
github.com/calvarado2004/bakery-go/data/models.go:1002.35,1005.3 2 0
github.com/calvarado2004/bakery-go/data/models.go:1007.2,1007.22 1 1
github.com/calvarado2004/bakery-go/data/models.go:1019.75,1038.16 6 0
github.com/calvarado2004/bakery-go/data/models.go:1038.16,1039.27 1 0
github.com/calvarado2004/bakery-go/data/models.go:1039.27,1041.4 1 0
github.com/calvarado2004/bakery-go/data/models.go:1042.3,1043.18 2 0
github.com/calvarado2004/bakery-go/data/models.go:1046.2,1046.18 1 0
github.com/calvarado2004/bakery-go/data/models.go:1050.64,1058.16 5 1
github.com/calvarado2004/bakery-go/data/models.go:1058.16,1060.3 1 0
github.com/calvarado2004/bakery-go/data/models.go:1062.2,1062.12 1 1
github.com/calvarado2004/bakery-go/data/models.go:1066.68,1073.16 5 1
github.com/calvarado2004/bakery-go/data/models.go:1073.16,1076.3 2 0
github.com/calvarado2004/bakery-go/data/models.go:1077.2,1077.29 1 1
github.com/calvarado2004/bakery-go/data/models.go:1077.29,1079.17 2 1
github.com/calvarado2004/bakery-go/data/models.go:1079.17,1081.4 1 0
github.com/calvarado2004/bakery-go/data/models.go:1084.2,1085.18 2 1
github.com/calvarado2004/bakery-go/data/models.go:1085.18,1088.17 3 0
github.com/calvarado2004/bakery-go/data/models.go:1088.17,1091.4 2 0
github.com/calvarado2004/bakery-go/data/models.go:1092.3,1092.42 1 0
github.com/calvarado2004/bakery-go/data/models.go:1095.2,1095.23 1 1
github.com/calvarado2004/bakery-go/data/models.go:1099.72,1106.16 5 1
github.com/calvarado2004/bakery-go/data/models.go:1106.16,1109.3 2 0
github.com/calvarado2004/bakery-go/data/models.go:1110.2,1110.29 1 1
github.com/calvarado2004/bakery-go/data/models.go:1110.29,1112.17 2 1
github.com/calvarado2004/bakery-go/data/models.go:1112.17,1114.4 1 0
github.com/calvarado2004/bakery-go/data/models.go:1117.2,1118.18 2 1
github.com/calvarado2004/bakery-go/data/models.go:1118.18,1121.17 3 1
github.com/calvarado2004/bakery-go/data/models.go:1121.17,1124.4 2 0
github.com/calvarado2004/bakery-go/data/models.go:1125.3,1125.33 1 1
github.com/calvarado2004/bakery-go/data/models.go:1128.2,1128.20 1 1
github.com/calvarado2004/bakery-go/data/models.go:1132.75,1140.16 5 1
github.com/calvarado2004/bakery-go/data/models.go:1140.16,1142.3 1 0
github.com/calvarado2004/bakery-go/data/models.go:1145.2,1146.16 2 1
github.com/calvarado2004/bakery-go/data/models.go:1146.16,1148.3 1 0
github.com/calvarado2004/bakery-go/data/models.go:1151.2,1152.16 2 1
github.com/calvarado2004/bakery-go/data/models.go:1152.16,1154.3 1 0
github.com/calvarado2004/bakery-go/data/models.go:1157.2,1158.16 2 1
github.com/calvarado2004/bakery-go/data/models.go:1158.16,1160.3 1 0
github.com/calvarado2004/bakery-go/data/models.go:1163.2,1164.16 2 1
github.com/calvarado2004/bakery-go/data/models.go:1164.16,1166.3 1 0
github.com/calvarado2004/bakery-go/data/models.go:1169.2,1170.16 2 1
github.com/calvarado2004/bakery-go/data/models.go:1170.16,1172.3 1 0
github.com/calvarado2004/bakery-go/data/models.go:1174.2,1174.19 1 1
github.com/calvarado2004/bakery-go/data/models.go:1178.61,1185.16 5 1
github.com/calvarado2004/bakery-go/data/models.go:1185.16,1188.3 2 0
github.com/calvarado2004/bakery-go/data/models.go:1190.2,1190.12 1 1
github.com/calvarado2004/bakery-go/data/models.go:1194.61,1201.16 5 1
github.com/calvarado2004/bakery-go/data/models.go:1201.16,1204.3 2 0
github.com/calvarado2004/bakery-go/data/models.go:1206.2,1206.12 1 1
github.com/calvarado2004/bakery-go/data/models.go:1210.79,1217.16 5 1
github.com/calvarado2004/bakery-go/data/models.go:1217.16,1220.3 2 0
github.com/calvarado2004/bakery-go/data/models.go:1221.2,1221.29 1 1
github.com/calvarado2004/bakery-go/data/models.go:1221.29,1223.17 2 1
github.com/calvarado2004/bakery-go/data/models.go:1223.17,1225.4 1 0
github.com/calvarado2004/bakery-go/data/models.go:1228.2,1229.18 2 1
github.com/calvarado2004/bakery-go/data/models.go:1229.18,1243.17 3 0
github.com/calvarado2004/bakery-go/data/models.go:1243.17,1246.4 2 0
github.com/calvarado2004/bakery-go/data/models.go:1247.3,1247.33 1 0
github.com/calvarado2004/bakery-go/data/models.go:1250.2,1250.20 1 1
github.com/calvarado2004/bakery-go/data/models.go:1254.84,1261.16 5 0
github.com/calvarado2004/bakery-go/data/models.go:1261.16,1264.3 2 0
github.com/calvarado2004/bakery-go/data/models.go:1265.2,1265.29 1 0
github.com/calvarado2004/bakery-go/data/models.go:1265.29,1267.17 2 0
github.com/calvarado2004/bakery-go/data/models.go:1267.17,1269.4 1 0
github.com/calvarado2004/bakery-go/data/models.go:1272.2,1273.18 2 0
github.com/calvarado2004/bakery-go/data/models.go:1273.18,1276.17 3 0
github.com/calvarado2004/bakery-go/data/models.go:1276.17,1279.4 2 0
github.com/calvarado2004/bakery-go/data/models.go:1282.3,1284.17 3 0
github.com/calvarado2004/bakery-go/data/models.go:1284.17,1286.12 2 0
github.com/calvarado2004/bakery-go/data/models.go:1289.3,1289.25 1 0
github.com/calvarado2004/bakery-go/data/models.go:1289.25,1293.18 4 0
github.com/calvarado2004/bakery-go/data/models.go:1293.18,1295.13 2 0
github.com/calvarado2004/bakery-go/data/models.go:1298.4,1302.6 1 0
github.com/calvarado2004/bakery-go/data/models.go:1304.3,1306.33 2 0
github.com/calvarado2004/bakery-go/data/models.go:1309.2,1309.20 1 0
github.com/calvarado2004/bakery-go/data/models.go:1313.79,1320.16 5 0
github.com/calvarado2004/bakery-go/data/models.go:1320.16,1323.3 2 0
github.com/calvarado2004/bakery-go/data/models.go:1324.2,1324.29 1 0
github.com/calvarado2004/bakery-go/data/models.go:1324.29,1326.17 2 0
github.com/calvarado2004/bakery-go/data/models.go:1326.17,1328.4 1 0
github.com/calvarado2004/bakery-go/data/models.go:1331.2,1332.18 2 0
github.com/calvarado2004/bakery-go/data/models.go:1332.18,1335.17 3 0
github.com/calvarado2004/bakery-go/data/models.go:1335.17,1338.4 2 0
github.com/calvarado2004/bakery-go/data/models.go:1341.3,1343.17 3 0
github.com/calvarado2004/bakery-go/data/models.go:1343.17,1345.12 2 0
github.com/calvarado2004/bakery-go/data/models.go:1348.3,1348.25 1 0
github.com/calvarado2004/bakery-go/data/models.go:1348.25,1351.18 3 0
github.com/calvarado2004/bakery-go/data/models.go:1351.18,1353.13 2 0
github.com/calvarado2004/bakery-go/data/models.go:1356.4,1357.18 2 0
github.com/calvarado2004/bakery-go/data/models.go:1357.18,1358.13 1 0
github.com/calvarado2004/bakery-go/data/models.go:1360.4,1361.46 2 0
github.com/calvarado2004/bakery-go/data/models.go:1363.3,1365.33 2 0
github.com/calvarado2004/bakery-go/data/models.go:1368.2,1368.20 1 0
github.com/calvarado2004/bakery-go/data/models.go:1372.80,1386.16 6 1
github.com/calvarado2004/bakery-go/data/models.go:1386.16,1389.3 2 0
github.com/calvarado2004/bakery-go/data/models.go:1391.2,1391.22 1 1
github.com/calvarado2004/bakery-go/data/models.go:1395.81,1409.16 6 1
github.com/calvarado2004/bakery-go/data/models.go:1409.16,1412.3 2 0
github.com/calvarado2004/bakery-go/data/models.go:1414.2,1414.19 1 1
github.com/calvarado2004/bakery-go/data/models.go:1418.70,1425.16 5 1
github.com/calvarado2004/bakery-go/data/models.go:1425.16,1428.3 2 0
github.com/calvarado2004/bakery-go/data/models.go:1429.2,1429.29 1 1
github.com/calvarado2004/bakery-go/data/models.go:1429.29,1431.17 2 1
github.com/calvarado2004/bakery-go/data/models.go:1431.17,1433.4 1 0
github.com/calvarado2004/bakery-go/data/models.go:1436.2,1437.18 2 1
github.com/calvarado2004/bakery-go/data/models.go:1437.18,1440.17 3 0
github.com/calvarado2004/bakery-go/data/models.go:1440.17,1443.4 2 0
github.com/calvarado2004/bakery-go/data/models.go:1446.3,1448.17 3 0
github.com/calvarado2004/bakery-go/data/models.go:1448.17,1450.12 2 0
github.com/calvarado2004/bakery-go/data/models.go:1453.3,1453.25 1 0
github.com/calvarado2004/bakery-go/data/models.go:1453.25,1456.18 3 0
github.com/calvarado2004/bakery-go/data/models.go:1456.18,1458.13 2 0
github.com/calvarado2004/bakery-go/data/models.go:1461.4,1462.18 2 0
github.com/calvarado2004/bakery-go/data/models.go:1462.18,1463.13 1 0
github.com/calvarado2004/bakery-go/data/models.go:1465.4,1466.46 2 0
github.com/calvarado2004/bakery-go/data/models.go:1468.3,1470.33 2 0
github.com/calvarado2004/bakery-go/data/models.go:1473.2,1473.20 1 1
github.com/calvarado2004/bakery-go/data/models.go:1477.89,1493.16 6 1
github.com/calvarado2004/bakery-go/data/models.go:1493.16,1496.3 2 0
github.com/calvarado2004/bakery-go/data/models.go:1498.2,1498.18 1 1
github.com/calvarado2004/bakery-go/data/models.go:1502.74,1518.16 6 1
github.com/calvarado2004/bakery-go/data/models.go:1518.16,1521.3 2 0
github.com/calvarado2004/bakery-go/data/models.go:1523.2,1523.18 1 1
github.com/calvarado2004/bakery-go/data/models.go:1527.75,1532.16 4 1
github.com/calvarado2004/bakery-go/data/models.go:1532.16,1534.3 1 0
github.com/calvarado2004/bakery-go/data/models.go:1536.2,1548.16 4 1
github.com/calvarado2004/bakery-go/data/models.go:1548.16,1551.3 2 0
github.com/calvarado2004/bakery-go/data/models.go:1553.2,1553.19 1 1
github.com/calvarado2004/bakery-go/data/models.go:1557.81,1572.16 6 1
github.com/calvarado2004/bakery-go/data/models.go:1572.16,1575.3 2 0
github.com/calvarado2004/bakery-go/data/models.go:1577.2,1577.22 1 1
github.com/calvarado2004/bakery-go/data/models.go:1581.74,1586.16 4 0
github.com/calvarado2004/bakery-go/data/models.go:1586.16,1589.3 2 0
github.com/calvarado2004/bakery-go/data/models.go:1590.2,1607.16 5 0
github.com/calvarado2004/bakery-go/data/models.go:1607.16,1610.3 2 0
github.com/calvarado2004/bakery-go/data/models.go:1612.2,1612.37 1 0
github.com/calvarado2004/bakery-go/data/models.go:1612.37,1615.17 3 0
github.com/calvarado2004/bakery-go/data/models.go:1615.17,1618.4 2 0
github.com/calvarado2004/bakery-go/data/models.go:1621.2,1621.35 1 0
github.com/calvarado2004/bakery-go/data/models.go:1621.35,1624.3 2 0
github.com/calvarado2004/bakery-go/data/models.go:1626.2,1626.19 1 0
github.com/calvarado2004/bakery-go/data/models.go:1630.70,1651.16 7 0
github.com/calvarado2004/bakery-go/data/models.go:1651.16,1654.3 2 0
github.com/calvarado2004/bakery-go/data/models.go:1656.2,1656.18 1 0
github.com/calvarado2004/bakery-go/data/models.go:1656.18,1658.3 1 0
github.com/calvarado2004/bakery-go/data/models.go:1661.2,1663.16 3 0
github.com/calvarado2004/bakery-go/data/models.go:1663.16,1666.3 2 0
github.com/calvarado2004/bakery-go/data/models.go:1667.2,1669.18 2 0
github.com/calvarado2004/bakery-go/data/models.go:1669.18,1672.17 3 0
github.com/calvarado2004/bakery-go/data/models.go:1672.17,1674.12 2 0
github.com/calvarado2004/bakery-go/data/models.go:1676.3,1676.46 1 0
github.com/calvarado2004/bakery-go/data/models.go:1679.2,1679.21 1 0
github.com/calvarado2004/bakery-go/data/models.go:1683.89,1690.16 5 0
github.com/calvarado2004/bakery-go/data/models.go:1690.16,1693.3 2 0
github.com/calvarado2004/bakery-go/data/models.go:1694.2,1697.18 3 0
github.com/calvarado2004/bakery-go/data/models.go:1697.18,1713.17 4 0
github.com/calvarado2004/bakery-go/data/models.go:1713.17,1715.12 2 0
github.com/calvarado2004/bakery-go/data/models.go:1717.3,1717.19 1 0
github.com/calvarado2004/bakery-go/data/models.go:1717.19,1719.4 1 0
github.com/calvarado2004/bakery-go/data/models.go:1720.3,1720.39 1 0
github.com/calvarado2004/bakery-go/data/models.go:1723.2,1723.22 1 0
github.com/calvarado2004/bakery-go/data/models.go:1727.66,1734.16 5 1
github.com/calvarado2004/bakery-go/data/models.go:1734.16,1737.3 2 0
github.com/calvarado2004/bakery-go/data/models.go:1738.2,1741.18 3 1
github.com/calvarado2004/bakery-go/data/models.go:1741.18,1757.17 4 0
github.com/calvarado2004/bakery-go/data/models.go:1757.17,1759.12 2 0
github.com/calvarado2004/bakery-go/data/models.go:1761.3,1761.19 1 0
github.com/calvarado2004/bakery-go/data/models.go:1761.19,1763.4 1 0
github.com/calvarado2004/bakery-go/data/models.go:1764.3,1764.39 1 0
github.com/calvarado2004/bakery-go/data/models.go:1767.2,1767.22 1 1
github.com/calvarado2004/bakery-go/data/models.go:1771.80,1792.16 7 0
github.com/calvarado2004/bakery-go/data/models.go:1792.16,1795.3 2 0
github.com/calvarado2004/bakery-go/data/models.go:1797.2,1797.18 1 0
github.com/calvarado2004/bakery-go/data/models.go:1797.18,1799.3 1 0
github.com/calvarado2004/bakery-go/data/models.go:1801.2,1801.21 1 0
github.com/calvarado2004/bakery-go/data/models.go:1812.95,1813.17 1 0
github.com/calvarado2004/bakery-go/data/models.go:1813.17,1815.3 1 0
github.com/calvarado2004/bakery-go/data/models.go:1818.2,1819.16 2 0
github.com/calvarado2004/bakery-go/data/models.go:1819.16,1821.3 1 0
github.com/calvarado2004/bakery-go/data/models.go:1821.8,1822.70 1 0
github.com/calvarado2004/bakery-go/data/models.go:1822.70,1825.4 2 0
github.com/calvarado2004/bakery-go/data/models.go:1825.9,1827.4 1 0
github.com/calvarado2004/bakery-go/data/models.go:1830.2,1833.20 3 0
github.com/calvarado2004/bakery-go/data/models.go:1833.20,1834.13 1 0
github.com/calvarado2004/bakery-go/data/models.go:1834.13,1835.8 1 0
github.com/calvarado2004/bakery-go/data/models.go:1835.8,1837.19 2 0
github.com/calvarado2004/bakery-go/data/models.go:1837.19,1840.6 2 0
github.com/calvarado2004/bakery-go/data/models.go:1841.5,1841.26 1 0
github.com/calvarado2004/bakery-go/data/models.go:1841.26,1844.6 2 0
github.com/calvarado2004/bakery-go/data/models.go:1850.2,1853.6 3 0
github.com/calvarado2004/bakery-go/data/models.go:1853.6,1854.10 1 0
github.com/calvarado2004/bakery-go/data/models.go:1855.21,1856.20 1 0
github.com/calvarado2004/bakery-go/data/models.go:1857.21,1859.14 2 0
github.com/calvarado2004/bakery-go/data/models.go:1860.31,1863.23 2 0
github.com/calvarado2004/bakery-go/data/models.go:1864.19,1866.79 2 0
github.com/calvarado2004/bakery-go/data/models.go:1866.79,1869.5 2 0
github.com/calvarado2004/bakery-go/data/models.go:1876.90,1885.16 6 0
github.com/calvarado2004/bakery-go/data/models.go:1885.16,1888.3 2 0
github.com/calvarado2004/bakery-go/data/models.go:1890.2,1891.19 2 0
github.com/calvarado2004/bakery-go/data/models.go:1896.92,1907.16 5 0
github.com/calvarado2004/bakery-go/data/models.go:1907.16,1910.3 2 0
github.com/calvarado2004/bakery-go/data/models.go:1911.2,1911.29 1 0
github.com/calvarado2004/bakery-go/data/models.go:1911.29,1913.17 2 0
github.com/calvarado2004/bakery-go/data/models.go:1913.17,1915.4 1 0
github.com/calvarado2004/bakery-go/data/models.go:1918.2,1919.18 2 0
github.com/calvarado2004/bakery-go/data/models.go:1919.18,1922.17 3 0
github.com/calvarado2004/bakery-go/data/models.go:1922.17,1925.4 2 0
github.com/calvarado2004/bakery-go/data/models.go:1926.3,1926.29 1 0
github.com/calvarado2004/bakery-go/data/models.go:1929.2,1929.20 1 0
github.com/calvarado2004/bakery-go/data/models.go:1933.88,1939.16 5 0
github.com/calvarado2004/bakery-go/data/models.go:1939.16,1942.3 2 0
github.com/calvarado2004/bakery-go/data/models.go:1944.2,1944.12 1 0
github.com/calvarado2004/bakery-go/data/test_models.go:9.68,13.2 1 1
github.com/calvarado2004/bakery-go/data/test_models.go:15.94,17.2 1 1
github.com/calvarado2004/bakery-go/data/test_models.go:19.82,22.2 1 1
github.com/calvarado2004/bakery-go/data/test_models.go:24.81,26.2 1 1
github.com/calvarado2004/bakery-go/data/test_models.go:28.72,30.2 1 1
github.com/calvarado2004/bakery-go/data/test_models.go:32.94,34.2 1 1
github.com/calvarado2004/bakery-go/data/test_models.go:36.82,38.2 1 1
github.com/calvarado2004/bakery-go/data/test_models.go:40.96,42.2 1 1
github.com/calvarado2004/bakery-go/data/test_models.go:44.101,47.2 1 1
github.com/calvarado2004/bakery-go/data/test_models.go:49.101,64.2 5 1
github.com/calvarado2004/bakery-go/data/test_models.go:66.88,81.2 5 1
github.com/calvarado2004/bakery-go/data/test_models.go:83.71,94.2 3 1
github.com/calvarado2004/bakery-go/data/test_models.go:96.85,108.2 3 1
github.com/calvarado2004/bakery-go/data/test_models.go:110.93,120.2 3 1
github.com/calvarado2004/bakery-go/data/test_models.go:122.91,149.2 6 1
github.com/calvarado2004/bakery-go/data/test_models.go:151.98,179.2 6 1
github.com/calvarado2004/bakery-go/data/test_models.go:181.83,212.2 7 1
github.com/calvarado2004/bakery-go/data/test_models.go:214.68,216.2 1 1
github.com/calvarado2004/bakery-go/data/test_models.go:218.79,220.2 1 0
github.com/calvarado2004/bakery-go/data/test_models.go:222.90,224.2 1 0
github.com/calvarado2004/bakery-go/data/test_models.go:226.79,237.2 3 0
github.com/calvarado2004/bakery-go/data/test_models.go:240.71,242.2 1 0
github.com/calvarado2004/bakery-go/data/test_models.go:245.86,247.2 1 0
github.com/calvarado2004/bakery-go/data/test_models.go:249.90,251.2 1 0
github.com/calvarado2004/bakery-go/data/test_models.go:253.55,255.2 1 0
