mode: atomic
github.com/calvarado2004/bakery-go/broker/helpers.go:13.72,14.39 1 7
github.com/calvarado2004/bakery-go/broker/helpers.go:14.39,16.35 2 8
github.com/calvarado2004/bakery-go/broker/helpers.go:16.35,17.34 1 9
github.com/calvarado2004/bakery-go/broker/helpers.go:17.34,19.42 2 6
github.com/calvarado2004/bakery-go/broker/helpers.go:19.42,21.6 1 2
github.com/calvarado2004/bakery-go/broker/helpers.go:22.5,22.10 1 4
github.com/calvarado2004/bakery-go/broker/helpers.go:25.3,25.13 1 6
github.com/calvarado2004/bakery-go/broker/helpers.go:25.13,27.4 1 2
github.com/calvarado2004/bakery-go/broker/helpers.go:29.2,29.13 1 3
github.com/calvarado2004/bakery-go/broker/main.go:29.64,31.2 1 0
github.com/calvarado2004/bakery-go/broker/main.go:43.59,50.2 1 2
github.com/calvarado2004/bakery-go/broker/main.go:60.86,69.85 3 0
github.com/calvarado2004/bakery-go/broker/main.go:69.85,71.17 2 0
github.com/calvarado2004/bakery-go/broker/main.go:71.17,73.4 1 0
github.com/calvarado2004/bakery-go/broker/main.go:74.3,75.13 2 0
github.com/calvarado2004/bakery-go/broker/main.go:77.2,77.20 1 0
github.com/calvarado2004/bakery-go/broker/main.go:80.110,89.85 3 0
github.com/calvarado2004/bakery-go/broker/main.go:89.85,91.17 2 0
github.com/calvarado2004/bakery-go/broker/main.go:91.17,93.4 1 0
github.com/calvarado2004/bakery-go/broker/main.go:94.3,95.13 2 0
github.com/calvarado2004/bakery-go/broker/main.go:97.2,97.20 1 0
github.com/calvarado2004/bakery-go/broker/main.go:100.100,109.85 3 0
github.com/calvarado2004/bakery-go/broker/main.go:109.85,111.17 2 0
github.com/calvarado2004/bakery-go/broker/main.go:111.17,113.4 1 0
github.com/calvarado2004/bakery-go/broker/main.go:114.3,115.13 2 0
github.com/calvarado2004/bakery-go/broker/main.go:117.2,117.20 1 0
github.com/calvarado2004/bakery-go/broker/main.go:121.73,127.2 1 0
github.com/calvarado2004/bakery-go/broker/main.go:153.129,154.19 1 2
github.com/calvarado2004/bakery-go/broker/main.go:154.19,156.3 1 2
github.com/calvarado2004/bakery-go/broker/main.go:157.2,166.3 2 2
github.com/calvarado2004/bakery-go/broker/main.go:171.72,173.42 1 0
github.com/calvarado2004/bakery-go/broker/main.go:173.42,175.3 1 0
github.com/calvarado2004/bakery-go/broker/main.go:178.2,183.79 3 0
github.com/calvarado2004/bakery-go/broker/main.go:187.32,188.26 1 0
github.com/calvarado2004/bakery-go/broker/main.go:188.26,190.3 1 0
github.com/calvarado2004/bakery-go/broker/main.go:191.2,191.17 1 0
github.com/calvarado2004/bakery-go/broker/main.go:195.63,199.6 3 0
github.com/calvarado2004/bakery-go/broker/main.go:199.6,200.10 1 0
github.com/calvarado2004/bakery-go/broker/main.go:201.21,202.10 1 0
github.com/calvarado2004/bakery-go/broker/main.go:203.19,204.10 1 0
github.com/calvarado2004/bakery-go/broker/main.go:205.19,206.58 1 0
github.com/calvarado2004/bakery-go/broker/main.go:206.58,207.61 1 0
github.com/calvarado2004/bakery-go/broker/main.go:207.61,211.6 1 0
github.com/calvarado2004/bakery-go/broker/main.go:218.47,220.16 2 0
github.com/calvarado2004/bakery-go/broker/main.go:220.16,222.3 1 0
github.com/calvarado2004/bakery-go/broker/main.go:223.2,226.16 3 0
github.com/calvarado2004/bakery-go/broker/main.go:226.16,228.3 1 0
github.com/calvarado2004/bakery-go/broker/main.go:229.2,234.16 2 0
github.com/calvarado2004/bakery-go/broker/main.go:234.16,236.3 1 0
github.com/calvarado2004/bakery-go/broker/main.go:239.2,241.16 1 0
github.com/calvarado2004/bakery-go/broker/main.go:241.16,243.3 1 0
github.com/calvarado2004/bakery-go/broker/main.go:245.2,246.12 2 0
github.com/calvarado2004/bakery-go/broker/main.go:250.66,253.16 2 0
github.com/calvarado2004/bakery-go/broker/main.go:253.16,256.3 2 0
github.com/calvarado2004/bakery-go/broker/main.go:258.2,259.16 2 0
github.com/calvarado2004/bakery-go/broker/main.go:259.16,263.3 3 0
github.com/calvarado2004/bakery-go/broker/main.go:266.2,269.28 2 0
github.com/calvarado2004/bakery-go/broker/main.go:273.105,277.6 3 0
github.com/calvarado2004/bakery-go/broker/main.go:277.6,278.10 1 0
github.com/calvarado2004/bakery-go/broker/main.go:279.21,281.10 2 0
github.com/calvarado2004/bakery-go/broker/main.go:282.19,284.10 2 0
github.com/calvarado2004/bakery-go/broker/main.go:285.19,287.22 2 0
github.com/calvarado2004/bakery-go/broker/main.go:287.22,290.5 2 0
github.com/calvarado2004/bakery-go/broker/main.go:291.11,292.40 1 0
github.com/calvarado2004/bakery-go/broker/main.go:292.40,296.5 3 0
github.com/calvarado2004/bakery-go/broker/main.go:297.4,297.37 1 0
github.com/calvarado2004/bakery-go/broker/main.go:303.66,304.6 1 0
github.com/calvarado2004/bakery-go/broker/main.go:304.6,305.10 1 0
github.com/calvarado2004/bakery-go/broker/main.go:306.21,307.10 1 0
github.com/calvarado2004/bakery-go/broker/main.go:308.19,309.10 1 0
github.com/calvarado2004/bakery-go/broker/main.go:310.11,310.11 0 0
github.com/calvarado2004/bakery-go/broker/main.go:313.3,313.45 1 0
github.com/calvarado2004/bakery-go/broker/main.go:313.45,315.11 2 0
github.com/calvarado2004/bakery-go/broker/main.go:316.22,317.11 1 0
github.com/calvarado2004/bakery-go/broker/main.go:318.20,319.11 1 0
github.com/calvarado2004/bakery-go/broker/main.go:320.40,321.13 1 0
github.com/calvarado2004/bakery-go/broker/main.go:325.3,326.10 2 0
github.com/calvarado2004/bakery-go/broker/main.go:327.21,328.10 1 0
github.com/calvarado2004/bakery-go/broker/main.go:329.19,330.10 1 0
github.com/calvarado2004/bakery-go/broker/main.go:331.39,331.39 0 0
github.com/calvarado2004/bakery-go/broker/main.go:339.49,341.16 2 0
github.com/calvarado2004/bakery-go/broker/main.go:341.16,344.3 2 0
github.com/calvarado2004/bakery-go/broker/main.go:345.2,348.16 3 0
github.com/calvarado2004/bakery-go/broker/main.go:348.16,351.3 2 0
github.com/calvarado2004/bakery-go/broker/main.go:352.2,355.49 2 0
github.com/calvarado2004/bakery-go/broker/main.go:355.49,357.3 1 0
github.com/calvarado2004/bakery-go/broker/main.go:359.2,368.16 2 0
github.com/calvarado2004/bakery-go/broker/main.go:368.16,370.3 1 0
github.com/calvarado2004/bakery-go/broker/main.go:372.2,374.41 2 0
github.com/calvarado2004/bakery-go/broker/main.go:374.41,376.3 1 0
github.com/calvarado2004/bakery-go/broker/main.go:378.2,378.12 1 0
github.com/calvarado2004/bakery-go/broker/main.go:385.88,387.62 2 3
github.com/calvarado2004/bakery-go/broker/main.go:387.62,391.3 3 1
github.com/calvarado2004/bakery-go/broker/main.go:393.2,399.16 4 2
github.com/calvarado2004/bakery-go/broker/main.go:399.16,403.3 3 0
github.com/calvarado2004/bakery-go/broker/main.go:405.2,405.22 1 2
github.com/calvarado2004/bakery-go/broker/main.go:405.22,410.3 3 1
github.com/calvarado2004/bakery-go/broker/main.go:412.2,412.26 1 1
github.com/calvarado2004/bakery-go/broker/main.go:412.26,414.3 1 1
github.com/calvarado2004/bakery-go/broker/main.go:417.2,420.94 3 1
github.com/calvarado2004/bakery-go/broker/main.go:424.63,426.2 1 0
github.com/calvarado2004/bakery-go/broker/main.go:431.60,433.37 2 2
github.com/calvarado2004/bakery-go/broker/main.go:433.37,440.3 1 1
github.com/calvarado2004/bakery-go/broker/main.go:442.2,452.3 1 2
github.com/calvarado2004/bakery-go/broker/main.go:456.13,467.16 6 0
github.com/calvarado2004/bakery-go/broker/main.go:467.16,469.3 1 0
github.com/calvarado2004/bakery-go/broker/main.go:470.2,481.9 7 0
github.com/calvarado2004/bakery-go/broker/matching.go:29.44,33.2 3 2
github.com/calvarado2004/bakery-go/broker/matching.go:35.47,38.24 3 2
github.com/calvarado2004/bakery-go/broker/matching.go:38.24,40.3 1 1
github.com/calvarado2004/bakery-go/broker/matching.go:41.2,43.12 3 1
github.com/calvarado2004/bakery-go/broker/matching.go:46.33,50.2 3 5
github.com/calvarado2004/bakery-go/broker/matching.go:54.43,55.20 1 0
github.com/calvarado2004/bakery-go/broker/matching.go:55.20,57.3 1 0
github.com/calvarado2004/bakery-go/broker/matching.go:58.2,58.38 1 0
github.com/calvarado2004/bakery-go/broker/matching.go:58.38,59.33 1 0
github.com/calvarado2004/bakery-go/broker/matching.go:59.33,61.4 1 0
github.com/calvarado2004/bakery-go/broker/matching.go:63.2,63.19 1 0
github.com/calvarado2004/bakery-go/broker/matching.go:75.106,76.22 1 1
github.com/calvarado2004/bakery-go/broker/matching.go:76.22,78.3 1 0
github.com/calvarado2004/bakery-go/broker/matching.go:81.2,81.41 1 1
github.com/calvarado2004/bakery-go/broker/matching.go:81.41,84.19 3 0
github.com/calvarado2004/bakery-go/broker/matching.go:84.19,86.4 1 0
github.com/calvarado2004/bakery-go/broker/matching.go:87.3,87.61 1 0
github.com/calvarado2004/bakery-go/broker/matching.go:90.2,95.26 3 1
github.com/calvarado2004/bakery-go/broker/matching.go:95.26,98.20 3 1
github.com/calvarado2004/bakery-go/broker/matching.go:98.20,100.4 1 1
github.com/calvarado2004/bakery-go/broker/matching.go:105.2,105.27 1 1
github.com/calvarado2004/bakery-go/broker/matching.go:105.27,111.17 3 1
github.com/calvarado2004/bakery-go/broker/matching.go:111.17,113.4 1 0
github.com/calvarado2004/bakery-go/broker/matching.go:113.9,115.4 1 1
github.com/calvarado2004/bakery-go/broker/matching.go:122.120,133.37 8 1
github.com/calvarado2004/bakery-go/broker/matching.go:133.37,134.26 1 1
github.com/calvarado2004/bakery-go/broker/matching.go:134.26,140.12 2 0
github.com/calvarado2004/bakery-go/broker/matching.go:144.3,149.40 2 1
github.com/calvarado2004/bakery-go/broker/matching.go:149.40,152.56 3 0
github.com/calvarado2004/bakery-go/broker/matching.go:152.56,154.5 1 0
github.com/calvarado2004/bakery-go/broker/matching.go:154.10,156.5 1 0
github.com/calvarado2004/bakery-go/broker/matching.go:157.4,162.12 2 0
github.com/calvarado2004/bakery-go/broker/matching.go:165.3,173.48 4 1
github.com/calvarado2004/bakery-go/broker/matching.go:177.2,178.37 2 1
github.com/calvarado2004/bakery-go/broker/matching.go:178.37,180.3 1 1
github.com/calvarado2004/bakery-go/broker/matching.go:183.2,184.40 2 1
github.com/calvarado2004/bakery-go/broker/matching.go:184.40,186.3 1 0
github.com/calvarado2004/bakery-go/broker/matching.go:186.8,186.91 1 1
github.com/calvarado2004/bakery-go/broker/matching.go:186.91,188.3 1 1
github.com/calvarado2004/bakery-go/broker/matching.go:188.8,188.39 1 0
github.com/calvarado2004/bakery-go/broker/matching.go:188.39,190.3 1 0
github.com/calvarado2004/bakery-go/broker/matching.go:190.8,192.3 1 0
github.com/calvarado2004/bakery-go/broker/matching.go:194.2,210.16 5 1
github.com/calvarado2004/bakery-go/broker/matching.go:210.16,212.3 1 0
github.com/calvarado2004/bakery-go/broker/matching.go:212.8,217.18 1 1
github.com/calvarado2004/bakery-go/broker/matching.go:217.18,219.4 1 0
github.com/calvarado2004/bakery-go/broker/matching.go:222.2,224.15 2 1
github.com/calvarado2004/bakery-go/broker/matching.go:228.85,230.29 2 1
github.com/calvarado2004/bakery-go/broker/matching.go:230.29,237.3 1 1
github.com/calvarado2004/bakery-go/broker/matching.go:238.2,238.15 1 1
github.com/calvarado2004/bakery-go/buyers/main.go:31.13,39.16 3 0
github.com/calvarado2004/bakery-go/buyers/main.go:39.16,41.3 1 0
github.com/calvarado2004/bakery-go/buyers/main.go:43.2,48.40 2 0
github.com/calvarado2004/bakery-go/buyers/main.go:48.40,51.17 3 0
github.com/calvarado2004/bakery-go/buyers/main.go:51.17,53.4 1 0
github.com/calvarado2004/bakery-go/buyers/main.go:56.2,56.6 1 0
github.com/calvarado2004/bakery-go/buyers/main.go:56.6,78.13 15 0
github.com/calvarado2004/bakery-go/buyers/main.go:78.13,82.4 3 0
github.com/calvarado2004/bakery-go/buyers/main.go:84.3,84.10 1 0
github.com/calvarado2004/bakery-go/buyers/main.go:85.21,91.74 5 0
github.com/calvarado2004/bakery-go/buyers/main.go:92.25,95.12 3 0
github.com/calvarado2004/bakery-go/buyers/main.go:102.176,105.6 1 7
github.com/calvarado2004/bakery-go/buyers/main.go:105.6,106.10 1 8
github.com/calvarado2004/bakery-go/buyers/main.go:107.23,206.44 12 6
github.com/calvarado2004/bakery-go/buyers/main.go:206.44,208.5 1 42
github.com/calvarado2004/bakery-go/buyers/main.go:210.4,211.18 2 6
github.com/calvarado2004/bakery-go/buyers/main.go:211.18,215.5 3 5
github.com/calvarado2004/bakery-go/buyers/main.go:217.4,223.19 3 1
github.com/calvarado2004/bakery-go/buyers/main.go:230.155,237.16 3 9
github.com/calvarado2004/bakery-go/buyers/main.go:237.16,241.3 3 4
github.com/calvarado2004/bakery-go/buyers/main.go:244.2,244.6 1 5
github.com/calvarado2004/bakery-go/buyers/main.go:244.6,246.10 2 5
github.com/calvarado2004/bakery-go/buyers/main.go:247.26,249.8 1 4
github.com/calvarado2004/bakery-go/buyers/main.go:249.8,252.22 3 8
github.com/calvarado2004/bakery-go/buyers/main.go:252.22,257.6 3 3
github.com/calvarado2004/bakery-go/buyers/main.go:258.5,258.19 1 5
github.com/calvarado2004/bakery-go/buyers/main.go:258.19,262.6 3 1
github.com/calvarado2004/bakery-go/buyers/main.go:265.5,265.120 1 4
github.com/calvarado2004/bakery-go/buyers/main.go:268.21,271.10 2 1
github.com/calvarado2004/bakery-go/data/models.go:26.62,31.2 2 41
github.com/calvarado2004/bakery-go/data/models.go:35.49,37.2 1 2
github.com/calvarado2004/bakery-go/data/models.go:41.51,43.2 1 0
github.com/calvarado2004/bakery-go/data/models.go:143.90,150.16 5 0
github.com/calvarado2004/bakery-go/data/models.go:150.16,152.3 1 0
github.com/calvarado2004/bakery-go/data/models.go:154.2,154.12 1 0
github.com/calvarado2004/bakery-go/data/models.go:158.78,166.16 6 2
github.com/calvarado2004/bakery-go/data/models.go:166.16,167.36 1 0
github.com/calvarado2004/bakery-go/data/models.go:167.36,169.4 1 0
github.com/calvarado2004/bakery-go/data/models.go:170.3,171.16 2 0
github.com/calvarado2004/bakery-go/data/models.go:174.2,174.18 1 2
github.com/calvarado2004/bakery-go/data/models.go:174.18,176.3 1 0
github.com/calvarado2004/bakery-go/data/models.go:178.2,178.27 1 2
github.com/calvarado2004/bakery-go/data/models.go:181.77,187.16 4 20
github.com/calvarado2004/bakery-go/data/models.go:187.16,189.3 1 0
github.com/calvarado2004/bakery-go/data/models.go:191.2,202.16 4 20
github.com/calvarado2004/bakery-go/data/models.go:202.16,205.3 2 0
github.com/calvarado2004/bakery-go/data/models.go:207.2,207.19 1 20
github.com/calvarado2004/bakery-go/data/models.go:210.68,230.16 6 22
github.com/calvarado2004/bakery-go/data/models.go:230.16,233.3 2 0
github.com/calvarado2004/bakery-go/data/models.go:235.2,235.19 1 22
github.com/calvarado2004/bakery-go/data/models.go:238.78,253.16 6 7
github.com/calvarado2004/bakery-go/data/models.go:253.16,256.3 2 0
github.com/calvarado2004/bakery-go/data/models.go:258.2,258.19 1 7
github.com/calvarado2004/bakery-go/data/models.go:264.90,269.16 4 23
github.com/calvarado2004/bakery-go/data/models.go:269.16,272.3 2 0
github.com/calvarado2004/bakery-go/data/models.go:273.2,281.16 5 23
github.com/calvarado2004/bakery-go/data/models.go:281.16,284.3 2 0
github.com/calvarado2004/bakery-go/data/models.go:286.2,286.31 1 23
github.com/calvarado2004/bakery-go/data/models.go:286.31,290.17 3 36
github.com/calvarado2004/bakery-go/data/models.go:290.17,293.4 2 0
github.com/calvarado2004/bakery-go/data/models.go:296.2,296.35 1 23
github.com/calvarado2004/bakery-go/data/models.go:296.35,299.3 2 0
github.com/calvarado2004/bakery-go/data/models.go:301.2,301.19 1 23
github.com/calvarado2004/bakery-go/data/models.go:306.92,311.16 4 3
github.com/calvarado2004/bakery-go/data/models.go:311.16,314.3 2 0
github.com/calvarado2004/bakery-go/data/models.go:315.2,324.16 5 3
github.com/calvarado2004/bakery-go/data/models.go:324.16,327.3 2 0
github.com/calvarado2004/bakery-go/data/models.go:329.2,329.31 1 3
github.com/calvarado2004/bakery-go/data/models.go:329.31,333.17 3 4
github.com/calvarado2004/bakery-go/data/models.go:333.17,336.4 2 0
github.com/calvarado2004/bakery-go/data/models.go:338.3,339.17 2 4
github.com/calvarado2004/bakery-go/data/models.go:339.17,342.4 2 0
github.com/calvarado2004/bakery-go/data/models.go:345.2,345.35 1 3
github.com/calvarado2004/bakery-go/data/models.go:345.35,348.3 2 0
github.com/calvarado2004/bakery-go/data/models.go:350.2,350.19 1 3
github.com/calvarado2004/bakery-go/data/models.go:354.97,368.16 9 8
github.com/calvarado2004/bakery-go/data/models.go:368.16,372.3 3 0
github.com/calvarado2004/bakery-go/data/models.go:375.2,379.21 3 8
github.com/calvarado2004/bakery-go/data/models.go:379.21,382.3 1 2
github.com/calvarado2004/bakery-go/data/models.go:384.2,384.23 1 6
github.com/calvarado2004/bakery-go/data/models.go:384.23,388.3 3 0
github.com/calvarado2004/bakery-go/data/models.go:391.2,393.16 3 6
github.com/calvarado2004/bakery-go/data/models.go:393.16,395.54 2 0
github.com/calvarado2004/bakery-go/data/models.go:395.54,398.4 1 0
github.com/calvarado2004/bakery-go/data/models.go:399.3,401.25 3 0
github.com/calvarado2004/bakery-go/data/models.go:404.2,404.24 1 6
github.com/calvarado2004/bakery-go/data/models.go:407.84,414.16 5 2
github.com/calvarado2004/bakery-go/data/models.go:414.16,417.3 2 0
github.com/calvarado2004/bakery-go/data/models.go:419.2,419.12 1 2
github.com/calvarado2004/bakery-go/data/models.go:439.67,444.16 4 10
github.com/calvarado2004/bakery-go/data/models.go:444.16,446.3 1 0
github.com/calvarado2004/bakery-go/data/models.go:447.2,453.41 4 10
github.com/calvarado2004/bakery-go/data/models.go:453.41,453.79 1 11
github.com/calvarado2004/bakery-go/data/models.go:455.2,459.31 4 10
github.com/calvarado2004/bakery-go/data/models.go:459.31,468.17 4 21
github.com/calvarado2004/bakery-go/data/models.go:468.17,470.4 1 0
github.com/calvarado2004/bakery-go/data/models.go:472.3,472.22 1 21
github.com/calvarado2004/bakery-go/data/models.go:472.22,474.56 1 4
github.com/calvarado2004/bakery-go/data/models.go:474.56,480.19 2 2
github.com/calvarado2004/bakery-go/data/models.go:480.19,482.6 1 0
github.com/calvarado2004/bakery-go/data/models.go:483.5,484.43 1 2
github.com/calvarado2004/bakery-go/data/models.go:485.10,492.19 3 2
github.com/calvarado2004/bakery-go/data/models.go:492.19,494.6 1 0
github.com/calvarado2004/bakery-go/data/models.go:495.5,495.75 1 2
github.com/calvarado2004/bakery-go/data/models.go:497.4,497.12 1 4
github.com/calvarado2004/bakery-go/data/models.go:501.3,502.30 2 17
github.com/calvarado2004/bakery-go/data/models.go:502.30,504.4 1 2
github.com/calvarado2004/bakery-go/data/models.go:507.3,511.17 2 17
github.com/calvarado2004/bakery-go/data/models.go:511.17,513.4 1 0
github.com/calvarado2004/bakery-go/data/models.go:516.3,517.34 2 17
github.com/calvarado2004/bakery-go/data/models.go:517.34,519.4 1 2
github.com/calvarado2004/bakery-go/data/models.go:520.3,525.17 2 17
github.com/calvarado2004/bakery-go/data/models.go:525.17,527.4 1 0
github.com/calvarado2004/bakery-go/data/models.go:529.3,530.97 2 17
github.com/calvarado2004/bakery-go/data/models.go:534.2,535.40 2 10
github.com/calvarado2004/bakery-go/data/models.go:535.40,537.3 1 1
github.com/calvarado2004/bakery-go/data/models.go:537.8,537.67 1 9
github.com/calvarado2004/bakery-go/data/models.go:537.67,539.3 1 6
github.com/calvarado2004/bakery-go/data/models.go:539.8,539.31 1 3
github.com/calvarado2004/bakery-go/data/models.go:539.31,541.3 1 3
github.com/calvarado2004/bakery-go/data/models.go:541.8,543.3 1 0
github.com/calvarado2004/bakery-go/data/models.go:545.2,549.16 2 10
github.com/calvarado2004/bakery-go/data/models.go:549.16,551.3 1 0
github.com/calvarado2004/bakery-go/data/models.go:553.2,553.20 1 10
github.com/calvarado2004/bakery-go/data/models.go:560.91,565.16 4 3
github.com/calvarado2004/bakery-go/data/models.go:565.16,567.3 1 0
github.com/calvarado2004/bakery-go/data/models.go:568.2,576.16 4 3
github.com/calvarado2004/bakery-go/data/models.go:576.16,578.3 1 0
github.com/calvarado2004/bakery-go/data/models.go:581.2,582.28 2 3
github.com/calvarado2004/bakery-go/data/models.go:582.28,584.3 1 2
github.com/calvarado2004/bakery-go/data/models.go:586.2,586.20 1 3
github.com/calvarado2004/bakery-go/data/models.go:586.20,588.3 1 1
github.com/calvarado2004/bakery-go/data/models.go:591.2,595.16 2 2
github.com/calvarado2004/bakery-go/data/models.go:595.16,597.3 1 0
github.com/calvarado2004/bakery-go/data/models.go:599.2,599.35 1 2
github.com/calvarado2004/bakery-go/data/models.go:599.35,601.3 1 0
github.com/calvarado2004/bakery-go/data/models.go:603.2,604.23 2 2
github.com/calvarado2004/bakery-go/data/models.go:607.97,609.16 2 3
github.com/calvarado2004/bakery-go/data/models.go:609.16,610.10 1 1
github.com/calvarado2004/bakery-go/data/models.go:611.60,613.21 1 1
github.com/calvarado2004/bakery-go/data/models.go:614.11,616.21 2 0
github.com/calvarado2004/bakery-go/data/models.go:620.2,620.18 1 2
github.com/calvarado2004/bakery-go/data/models.go:624.67,632.16 5 13
github.com/calvarado2004/bakery-go/data/models.go:632.16,635.3 2 0
github.com/calvarado2004/bakery-go/data/models.go:637.2,637.29 1 13
github.com/calvarado2004/bakery-go/data/models.go:637.29,639.17 2 13
github.com/calvarado2004/bakery-go/data/models.go:639.17,642.4 2 0
github.com/calvarado2004/bakery-go/data/models.go:645.2,647.18 2 13
github.com/calvarado2004/bakery-go/data/models.go:647.18,662.17 4 93
github.com/calvarado2004/bakery-go/data/models.go:662.17,665.4 2 0
github.com/calvarado2004/bakery-go/data/models.go:666.3,666.18 1 93
github.com/calvarado2004/bakery-go/data/models.go:666.18,668.4 1 93
github.com/calvarado2004/bakery-go/data/models.go:668.9,670.4 1 0
github.com/calvarado2004/bakery-go/data/models.go:672.3,672.33 1 93
github.com/calvarado2004/bakery-go/data/models.go:675.2,675.20 1 13
github.com/calvarado2004/bakery-go/data/models.go:678.81,698.16 6 18
github.com/calvarado2004/bakery-go/data/models.go:698.16,701.3 2 1
github.com/calvarado2004/bakery-go/data/models.go:702.2,702.17 1 17
github.com/calvarado2004/bakery-go/data/models.go:702.17,704.3 1 17
github.com/calvarado2004/bakery-go/data/models.go:704.8,706.3 1 0
github.com/calvarado2004/bakery-go/data/models.go:708.2,708.19 1 17
github.com/calvarado2004/bakery-go/data/models.go:711.89,724.16 5 0
github.com/calvarado2004/bakery-go/data/models.go:724.16,727.3 2 0
github.com/calvarado2004/bakery-go/data/models.go:729.2,732.16 3 0
github.com/calvarado2004/bakery-go/data/models.go:732.16,735.3 2 0
github.com/calvarado2004/bakery-go/data/models.go:737.2,737.29 1 0
github.com/calvarado2004/bakery-go/data/models.go:737.29,739.17 2 0
github.com/calvarado2004/bakery-go/data/models.go:739.17,741.4 1 0
github.com/calvarado2004/bakery-go/data/models.go:744.2,746.18 2 0
github.com/calvarado2004/bakery-go/data/models.go:746.18,749.17 3 0
github.com/calvarado2004/bakery-go/data/models.go:749.17,752.4 2 0
github.com/calvarado2004/bakery-go/data/models.go:754.3,755.17 2 0
github.com/calvarado2004/bakery-go/data/models.go:755.17,758.4 2 0
github.com/calvarado2004/bakery-go/data/models.go:760.3,761.33 2 0
github.com/calvarado2004/bakery-go/data/models.go:764.2,766.19 2 0
github.com/calvarado2004/bakery-go/data/models.go:769.87,783.16 5 4
github.com/calvarado2004/bakery-go/data/models.go:783.16,786.3 2 0
github.com/calvarado2004/bakery-go/data/models.go:788.2,791.16 3 4
github.com/calvarado2004/bakery-go/data/models.go:791.16,794.3 2 0
github.com/calvarado2004/bakery-go/data/models.go:796.2,796.29 1 4
github.com/calvarado2004/bakery-go/data/models.go:796.29,798.17 2 4
github.com/calvarado2004/bakery-go/data/models.go:798.17,800.4 1 0
github.com/calvarado2004/bakery-go/data/models.go:803.2,805.18 2 4
github.com/calvarado2004/bakery-go/data/models.go:805.18,809.17 4 8
github.com/calvarado2004/bakery-go/data/models.go:809.17,812.4 2 0
github.com/calvarado2004/bakery-go/data/models.go:814.3,818.5 1 8
github.com/calvarado2004/bakery-go/data/models.go:821.2,823.19 2 4
github.com/calvarado2004/bakery-go/data/models.go:826.94,840.16 5 5
github.com/calvarado2004/bakery-go/data/models.go:840.16,841.36 1 4
github.com/calvarado2004/bakery-go/data/models.go:841.36,843.4 1 4
github.com/calvarado2004/bakery-go/data/models.go:844.3,845.20 2 0
github.com/calvarado2004/bakery-go/data/models.go:847.2,852.16 4 1
github.com/calvarado2004/bakery-go/data/models.go:852.16,855.3 2 0
github.com/calvarado2004/bakery-go/data/models.go:857.2,857.29 1 1
github.com/calvarado2004/bakery-go/data/models.go:857.29,859.17 2 1
github.com/calvarado2004/bakery-go/data/models.go:859.17,861.4 1 0
github.com/calvarado2004/bakery-go/data/models.go:864.2,866.18 2 1
github.com/calvarado2004/bakery-go/data/models.go:866.18,870.17 4 1
github.com/calvarado2004/bakery-go/data/models.go:870.17,873.4 2 0
github.com/calvarado2004/bakery-go/data/models.go:875.3,879.5 1 1
github.com/calvarado2004/bakery-go/data/models.go:882.2,884.19 2 1
github.com/calvarado2004/bakery-go/data/models.go:889.79,897.16 5 2
github.com/calvarado2004/bakery-go/data/models.go:897.16,900.3 2 0
github.com/calvarado2004/bakery-go/data/models.go:902.2,902.29 1 2
github.com/calvarado2004/bakery-go/data/models.go:902.29,904.17 2 2
github.com/calvarado2004/bakery-go/data/models.go:904.17,906.4 1 0
github.com/calvarado2004/bakery-go/data/models.go:909.2,909.18 1 2
github.com/calvarado2004/bakery-go/data/models.go:909.18,912.17 3 2
github.com/calvarado2004/bakery-go/data/models.go:912.17,915.4 2 0
github.com/calvarado2004/bakery-go/data/models.go:916.3,921.17 4 2
github.com/calvarado2004/bakery-go/data/models.go:921.17,924.4 2 0
github.com/calvarado2004/bakery-go/data/models.go:926.3,928.25 2 2
github.com/calvarado2004/bakery-go/data/models.go:928.25,932.18 4 3
github.com/calvarado2004/bakery-go/data/models.go:932.18,936.5 3 0
github.com/calvarado2004/bakery-go/data/models.go:938.4,942.6 1 3
github.com/calvarado2004/bakery-go/data/models.go:944.3,947.33 3 2
github.com/calvarado2004/bakery-go/data/models.go:950.2,950.20 1 2
github.com/calvarado2004/bakery-go/data/models.go:957.79,963.16 5 2
github.com/calvarado2004/bakery-go/data/models.go:963.16,966.3 2 0
github.com/calvarado2004/bakery-go/data/models.go:968.2,968.12 1 2
github.com/calvarado2004/bakery-go/data/models.go:974.86,982.16 5 3
github.com/calvarado2004/bakery-go/data/models.go:982.16,985.3 2 0
github.com/calvarado2004/bakery-go/data/models.go:986.2,986.29 1 3
github.com/calvarado2004/bakery-go/data/models.go:986.29,988.17 2 3
github.com/calvarado2004/bakery-go/data/models.go:988.17,990.4 1 0
github.com/calvarado2004/bakery-go/data/models.go:993.2,994.18 2 3
github.com/calvarado2004/bakery-go/data/models.go:994.18,996.85 2 2
github.com/calvarado2004/bakery-go/data/models.go:996.85,999.4 2 0
github.com/calvarado2004/bakery-go/data/models.go:1000.3,1000.35 1 2
github.com/calvarado2004/bakery-go/data/models.go:1002.2,1002.35 1 3
github.com/calvarado2004/bakery-go/data/models.go:1002.35,1005.3 2 0
github.com/calvarado2004/bakery-go/data/models.go:1007.2,1007.22 1 3
github.com/calvarado2004/bakery-go/data/models.go:1019.75,1038.16 6 29
github.com/calvarado2004/bakery-go/data/models.go:1038.16,1039.27 1 6
github.com/calvarado2004/bakery-go/data/models.go:1039.27,1041.4 1 6
github.com/calvarado2004/bakery-go/data/models.go:1042.3,1043.18 2 0
github.com/calvarado2004/bakery-go/data/models.go:1046.2,1046.18 1 23
github.com/calvarado2004/bakery-go/data/models.go:1050.64,1058.16 5 1
github.com/calvarado2004/bakery-go/data/models.go:1058.16,1060.3 1 0
github.com/calvarado2004/bakery-go/data/models.go:1062.2,1062.12 1 1
github.com/calvarado2004/bakery-go/data/models.go:1066.68,1073.16 5 8
github.com/calvarado2004/bakery-go/data/models.go:1073.16,1076.3 2 0
github.com/calvarado2004/bakery-go/data/models.go:1077.2,1077.29 1 8
github.com/calvarado2004/bakery-go/data/models.go:1077.29,1079.17 2 8
github.com/calvarado2004/bakery-go/data/models.go:1079.17,1081.4 1 0
github.com/calvarado2004/bakery-go/data/models.go:1084.2,1085.18 2 8
github.com/calvarado2004/bakery-go/data/models.go:1085.18,1088.17 3 2
github.com/calvarado2004/bakery-go/data/models.go:1088.17,1091.4 2 0
github.com/calvarado2004/bakery-go/data/models.go:1092.3,1092.42 1 2
github.com/calvarado2004/bakery-go/data/models.go:1095.2,1095.23 1 8
github.com/calvarado2004/bakery-go/data/models.go:1099.72,1106.16 5 5
github.com/calvarado2004/bakery-go/data/models.go:1106.16,1109.3 2 0
github.com/calvarado2004/bakery-go/data/models.go:1110.2,1110.29 1 5
github.com/calvarado2004/bakery-go/data/models.go:1110.29,1112.17 2 5
github.com/calvarado2004/bakery-go/data/models.go:1112.17,1114.4 1 0
github.com/calvarado2004/bakery-go/data/models.go:1117.2,1118.18 2 5
github.com/calvarado2004/bakery-go/data/models.go:1118.18,1121.17 3 4
github.com/calvarado2004/bakery-go/data/models.go:1121.17,1124.4 2 0
github.com/calvarado2004/bakery-go/data/models.go:1125.3,1125.33 1 4
github.com/calvarado2004/bakery-go/data/models.go:1128.2,1128.20 1 5
github.com/calvarado2004/bakery-go/data/models.go:1132.75,1140.16 5 2
github.com/calvarado2004/bakery-go/data/models.go:1140.16,1142.3 1 0
github.com/calvarado2004/bakery-go/data/models.go:1145.2,1146.16 2 2
github.com/calvarado2004/bakery-go/data/models.go:1146.16,1148.3 1 0
github.com/calvarado2004/bakery-go/data/models.go:1151.2,1152.16 2 2
github.com/calvarado2004/bakery-go/data/models.go:1152.16,1154.3 1 0
github.com/calvarado2004/bakery-go/data/models.go:1157.2,1158.16 2 2
github.com/calvarado2004/bakery-go/data/models.go:1158.16,1160.3 1 0
github.com/calvarado2004/bakery-go/data/models.go:1163.2,1164.16 2 2
github.com/calvarado2004/bakery-go/data/models.go:1164.16,1166.3 1 0
github.com/calvarado2004/bakery-go/data/models.go:1169.2,1170.16 2 2
github.com/calvarado2004/bakery-go/data/models.go:1170.16,1172.3 1 0
github.com/calvarado2004/bakery-go/data/models.go:1174.2,1174.19 1 2
github.com/calvarado2004/bakery-go/data/models.go:1178.61,1185.16 5 1
github.com/calvarado2004/bakery-go/data/models.go:1185.16,1188.3 2 0
github.com/calvarado2004/bakery-go/data/models.go:1190.2,1190.12 1 1
github.com/calvarado2004/bakery-go/data/models.go:1194.61,1201.16 5 1
github.com/calvarado2004/bakery-go/data/models.go:1201.16,1204.3 2 0
github.com/calvarado2004/bakery-go/data/models.go:1206.2,1206.12 1 1
github.com/calvarado2004/bakery-go/data/models.go:1210.79,1217.16 5 1
github.com/calvarado2004/bakery-go/data/models.go:1217.16,1220.3 2 0
github.com/calvarado2004/bakery-go/data/models.go:1221.2,1221.29 1 1
github.com/calvarado2004/bakery-go/data/models.go:1221.29,1223.17 2 1
github.com/calvarado2004/bakery-go/data/models.go:1223.17,1225.4 1 0
github.com/calvarado2004/bakery-go/data/models.go:1228.2,1229.18 2 1
github.com/calvarado2004/bakery-go/data/models.go:1229.18,1243.17 3 0
github.com/calvarado2004/bakery-go/data/models.go:1243.17,1246.4 2 0
github.com/calvarado2004/bakery-go/data/models.go:1247.3,1247.33 1 0
github.com/calvarado2004/bakery-go/data/models.go:1250.2,1250.20 1 1
github.com/calvarado2004/bakery-go/data/models.go:1254.84,1261.16 5 1
github.com/calvarado2004/bakery-go/data/models.go:1261.16,1264.3 2 0
github.com/calvarado2004/bakery-go/data/models.go:1265.2,1265.29 1 1
github.com/calvarado2004/bakery-go/data/models.go:1265.29,1267.17 2 1
github.com/calvarado2004/bakery-go/data/models.go:1267.17,1269.4 1 0
github.com/calvarado2004/bakery-go/data/models.go:1272.2,1273.18 2 1
github.com/calvarado2004/bakery-go/data/models.go:1273.18,1276.17 3 2
github.com/calvarado2004/bakery-go/data/models.go:1276.17,1279.4 2 0
github.com/calvarado2004/bakery-go/data/models.go:1282.3,1284.17 3 2
github.com/calvarado2004/bakery-go/data/models.go:1284.17,1286.12 2 0
github.com/calvarado2004/bakery-go/data/models.go:1289.3,1289.25 1 2
github.com/calvarado2004/bakery-go/data/models.go:1289.25,1293.18 4 3
github.com/calvarado2004/bakery-go/data/models.go:1293.18,1295.13 2 0
github.com/calvarado2004/bakery-go/data/models.go:1298.4,1302.6 1 3
github.com/calvarado2004/bakery-go/data/models.go:1304.3,1306.33 2 2
github.com/calvarado2004/bakery-go/data/models.go:1309.2,1309.20 1 1
github.com/calvarado2004/bakery-go/data/models.go:1313.79,1320.16 5 1
github.com/calvarado2004/bakery-go/data/models.go:1320.16,1323.3 2 0
github.com/calvarado2004/bakery-go/data/models.go:1324.2,1324.29 1 1
github.com/calvarado2004/bakery-go/data/models.go:1324.29,1326.17 2 1
github.com/calvarado2004/bakery-go/data/models.go:1326.17,1328.4 1 0
github.com/calvarado2004/bakery-go/data/models.go:1331.2,1332.18 2 1
github.com/calvarado2004/bakery-go/data/models.go:1332.18,1335.17 3 2
github.com/calvarado2004/bakery-go/data/models.go:1335.17,1338.4 2 0
github.com/calvarado2004/bakery-go/data/models.go:1341.3,1343.17 3 2
github.com/calvarado2004/bakery-go/data/models.go:1343.17,1345.12 2 0
github.com/calvarado2004/bakery-go/data/models.go:1348.3,1348.25 1 2
github.com/calvarado2004/bakery-go/data/models.go:1348.25,1351.18 3 2
github.com/calvarado2004/bakery-go/data/models.go:1351.18,1353.13 2 0
github.com/calvarado2004/bakery-go/data/models.go:1356.4,1357.18 2 2
github.com/calvarado2004/bakery-go/data/models.go:1357.18,1358.13 1 0
github.com/calvarado2004/bakery-go/data/models.go:1360.4,1361.46 2 2
github.com/calvarado2004/bakery-go/data/models.go:1363.3,1365.33 2 2
github.com/calvarado2004/bakery-go/data/models.go:1368.2,1368.20 1 1
github.com/calvarado2004/bakery-go/data/models.go:1372.80,1386.16 6 1
github.com/calvarado2004/bakery-go/data/models.go:1386.16,1389.3 2 0
github.com/calvarado2004/bakery-go/data/models.go:1391.2,1391.22 1 1
github.com/calvarado2004/bakery-go/data/models.go:1395.81,1409.16 6 1
github.com/calvarado2004/bakery-go/data/models.go:1409.16,1412.3 2 0
github.com/calvarado2004/bakery-go/data/models.go:1414.2,1414.19 1 1
github.com/calvarado2004/bakery-go/data/models.go:1418.70,1425.16 5 2
github.com/calvarado2004/bakery-go/data/models.go:1425.16,1428.3 2 0
github.com/calvarado2004/bakery-go/data/models.go:1429.2,1429.29 1 2
github.com/calvarado2004/bakery-go/data/models.go:1429.29,1431.17 2 2
github.com/calvarado2004/bakery-go/data/models.go:1431.17,1433.4 1 0
github.com/calvarado2004/bakery-go/data/models.go:1436.2,1437.18 2 2
github.com/calvarado2004/bakery-go/data/models.go:1437.18,1440.17 3 1
github.com/calvarado2004/bakery-go/data/models.go:1440.17,1443.4 2 0
github.com/calvarado2004/bakery-go/data/models.go:1446.3,1448.17 3 1
github.com/calvarado2004/bakery-go/data/models.go:1448.17,1450.12 2 0
github.com/calvarado2004/bakery-go/data/models.go:1453.3,1453.25 1 1
github.com/calvarado2004/bakery-go/data/models.go:1453.25,1456.18 3 2
github.com/calvarado2004/bakery-go/data/models.go:1456.18,1458.13 2 0
github.com/calvarado2004/bakery-go/data/models.go:1461.4,1462.18 2 2
github.com/calvarado2004/bakery-go/data/models.go:1462.18,1463.13 1 0
github.com/calvarado2004/bakery-go/data/models.go:1465.4,1466.46 2 2
github.com/calvarado2004/bakery-go/data/models.go:1468.3,1470.33 2 1
github.com/calvarado2004/bakery-go/data/models.go:1473.2,1473.20 1 2
github.com/calvarado2004/bakery-go/data/models.go:1477.89,1493.16 6 1
github.com/calvarado2004/bakery-go/data/models.go:1493.16,1496.3 2 0
github.com/calvarado2004/bakery-go/data/models.go:1498.2,1498.18 1 1
github.com/calvarado2004/bakery-go/data/models.go:1502.74,1518.16 6 1
github.com/calvarado2004/bakery-go/data/models.go:1518.16,1521.3 2 0
github.com/calvarado2004/bakery-go/data/models.go:1523.2,1523.18 1 1
github.com/calvarado2004/bakery-go/data/models.go:1527.75,1532.16 4 2
github.com/calvarado2004/bakery-go/data/models.go:1532.16,1534.3 1 0
github.com/calvarado2004/bakery-go/data/models.go:1536.2,1548.16 4 2
github.com/calvarado2004/bakery-go/data/models.go:1548.16,1551.3 2 0
github.com/calvarado2004/bakery-go/data/models.go:1553.2,1553.19 1 2
github.com/calvarado2004/bakery-go/data/models.go:1557.81,1572.16 6 3
github.com/calvarado2004/bakery-go/data/models.go:1572.16,1575.3 2 0
github.com/calvarado2004/bakery-go/data/models.go:1577.2,1577.22 1 3
github.com/calvarado2004/bakery-go/data/models.go:1581.74,1586.16 4 3
github.com/calvarado2004/bakery-go/data/models.go:1586.16,1589.3 2 0
github.com/calvarado2004/bakery-go/data/models.go:1590.2,1607.16 5 3
github.com/calvarado2004/bakery-go/data/models.go:1607.16,1610.3 2 0
github.com/calvarado2004/bakery-go/data/models.go:1612.2,1612.37 1 3
github.com/calvarado2004/bakery-go/data/models.go:1612.37,1615.17 3 0
github.com/calvarado2004/bakery-go/data/models.go:1615.17,1618.4 2 0
github.com/calvarado2004/bakery-go/data/models.go:1621.2,1621.35 1 3
github.com/calvarado2004/bakery-go/data/models.go:1621.35,1624.3 2 0
github.com/calvarado2004/bakery-go/data/models.go:1626.2,1626.19 1 3
github.com/calvarado2004/bakery-go/data/models.go:1630.70,1651.16 7 0
github.com/calvarado2004/bakery-go/data/models.go:1651.16,1654.3 2 0
github.com/calvarado2004/bakery-go/data/models.go:1656.2,1656.18 1 0
github.com/calvarado2004/bakery-go/data/models.go:1656.18,1658.3 1 0
github.com/calvarado2004/bakery-go/data/models.go:1661.2,1663.16 3 0
github.com/calvarado2004/bakery-go/data/models.go:1663.16,1666.3 2 0
github.com/calvarado2004/bakery-go/data/models.go:1667.2,1669.18 2 0
github.com/calvarado2004/bakery-go/data/models.go:1669.18,1672.17 3 0
github.com/calvarado2004/bakery-go/data/models.go:1672.17,1674.12 2 0
github.com/calvarado2004/bakery-go/data/models.go:1676.3,1676.46 1 0
github.com/calvarado2004/bakery-go/data/models.go:1679.2,1679.21 1 0
github.com/calvarado2004/bakery-go/data/models.go:1683.89,1690.16 5 0
github.com/calvarado2004/bakery-go/data/models.go:1690.16,1693.3 2 0
github.com/calvarado2004/bakery-go/data/models.go:1694.2,1697.18 3 0
github.com/calvarado2004/bakery-go/data/models.go:1697.18,1713.17 4 0
github.com/calvarado2004/bakery-go/data/models.go:1713.17,1715.12 2 0
github.com/calvarado2004/bakery-go/data/models.go:1717.3,1717.19 1 0
github.com/calvarado2004/bakery-go/data/models.go:1717.19,1719.4 1 0
github.com/calvarado2004/bakery-go/data/models.go:1720.3,1720.39 1 0
github.com/calvarado2004/bakery-go/data/models.go:1723.2,1723.22 1 0
github.com/calvarado2004/bakery-go/data/models.go:1727.66,1734.16 5 2
github.com/calvarado2004/bakery-go/data/models.go:1734.16,1737.3 2 0
github.com/calvarado2004/bakery-go/data/models.go:1738.2,1741.18 3 2
github.com/calvarado2004/bakery-go/data/models.go:1741.18,1757.17 4 2
github.com/calvarado2004/bakery-go/data/models.go:1757.17,1759.12 2 0
github.com/calvarado2004/bakery-go/data/models.go:1761.3,1761.19 1 2
github.com/calvarado2004/bakery-go/data/models.go:1761.19,1763.4 1 0
github.com/calvarado2004/bakery-go/data/models.go:1764.3,1764.39 1 2
github.com/calvarado2004/bakery-go/data/models.go:1767.2,1767.22 1 2
github.com/calvarado2004/bakery-go/data/models.go:1771.80,1792.16 7 2
github.com/calvarado2004/bakery-go/data/models.go:1792.16,1795.3 2 1
github.com/calvarado2004/bakery-go/data/models.go:1797.2,1797.18 1 1
github.com/calvarado2004/bakery-go/data/models.go:1797.18,1799.3 1 0
github.com/calvarado2004/bakery-go/data/models.go:1801.2,1801.21 1 1
github.com/calvarado2004/bakery-go/data/models.go:1812.95,1813.17 1 3
github.com/calvarado2004/bakery-go/data/models.go:1813.17,1815.3 1 1
github.com/calvarado2004/bakery-go/data/models.go:1818.2,1819.16 2 2
github.com/calvarado2004/bakery-go/data/models.go:1819.16,1821.3 1 0
github.com/calvarado2004/bakery-go/data/models.go:1821.8,1822.70 1 2
github.com/calvarado2004/bakery-go/data/models.go:1822.70,1825.4 2 0
github.com/calvarado2004/bakery-go/data/models.go:1825.9,1827.4 1 2
github.com/calvarado2004/bakery-go/data/models.go:1830.2,1833.20 3 2
github.com/calvarado2004/bakery-go/data/models.go:1833.20,1834.13 1 2
github.com/calvarado2004/bakery-go/data/models.go:1834.13,1835.8 1 2
github.com/calvarado2004/bakery-go/data/models.go:1835.8,1837.19 2 2
github.com/calvarado2004/bakery-go/data/models.go:1837.19,1840.6 2 1
github.com/calvarado2004/bakery-go/data/models.go:1841.5,1841.26 1 1
github.com/calvarado2004/bakery-go/data/models.go:1841.26,1844.6 2 1
github.com/calvarado2004/bakery-go/data/models.go:1850.2,1853.6 3 2
github.com/calvarado2004/bakery-go/data/models.go:1853.6,1854.10 1 6
github.com/calvarado2004/bakery-go/data/models.go:1855.21,1856.20 1 1
github.com/calvarado2004/bakery-go/data/models.go:1857.21,1859.14 2 1
github.com/calvarado2004/bakery-go/data/models.go:1860.31,1863.23 2 0
github.com/calvarado2004/bakery-go/data/models.go:1864.19,1866.79 2 4
github.com/calvarado2004/bakery-go/data/models.go:1866.79,1869.5 2 0
github.com/calvarado2004/bakery-go/data/models.go:1876.90,1885.16 6 4
github.com/calvarado2004/bakery-go/data/models.go:1885.16,1888.3 2 0
github.com/calvarado2004/bakery-go/data/models.go:1890.2,1891.19 2 4
github.com/calvarado2004/bakery-go/data/models.go:1896.92,1907.16 5 2
github.com/calvarado2004/bakery-go/data/models.go:1907.16,1910.3 2 0
github.com/calvarado2004/bakery-go/data/models.go:1911.2,1911.29 1 2
github.com/calvarado2004/bakery-go/data/models.go:1911.29,1913.17 2 2
github.com/calvarado2004/bakery-go/data/models.go:1913.17,1915.4 1 0
github.com/calvarado2004/bakery-go/data/models.go:1918.2,1919.18 2 2
github.com/calvarado2004/bakery-go/data/models.go:1919.18,1922.17 3 3
github.com/calvarado2004/bakery-go/data/models.go:1922.17,1925.4 2 0
github.com/calvarado2004/bakery-go/data/models.go:1926.3,1926.29 1 3
github.com/calvarado2004/bakery-go/data/models.go:1929.2,1929.20 1 2
github.com/calvarado2004/bakery-go/data/models.go:1933.88,1939.16 5 1
github.com/calvarado2004/bakery-go/data/models.go:1939.16,1942.3 2 0
github.com/calvarado2004/bakery-go/data/models.go:1944.2,1944.12 1 1
github.com/calvarado2004/bakery-go/data/test_models.go:9.68,13.2 1 19
github.com/calvarado2004/bakery-go/data/test_models.go:15.94,17.2 1 1
github.com/calvarado2004/bakery-go/data/test_models.go:19.82,22.2 1 1
github.com/calvarado2004/bakery-go/data/test_models.go:24.81,26.2 1 1
github.com/calvarado2004/bakery-go/data/test_models.go:28.72,30.2 1 1
github.com/calvarado2004/bakery-go/data/test_models.go:32.94,34.2 1 1
github.com/calvarado2004/bakery-go/data/test_models.go:36.82,38.2 1 1
github.com/calvarado2004/bakery-go/data/test_models.go:40.96,42.2 1 1
github.com/calvarado2004/bakery-go/data/test_models.go:44.101,47.2 1 1
github.com/calvarado2004/bakery-go/data/test_models.go:49.101,64.2 5 1
github.com/calvarado2004/bakery-go/data/test_models.go:66.88,81.2 5 1
github.com/calvarado2004/bakery-go/data/test_models.go:83.71,94.2 3 1
github.com/calvarado2004/bakery-go/data/test_models.go:96.85,108.2 3 1
github.com/calvarado2004/bakery-go/data/test_models.go:110.93,120.2 3 1
github.com/calvarado2004/bakery-go/data/test_models.go:122.91,149.2 6 1
github.com/calvarado2004/bakery-go/data/test_models.go:151.98,179.2 6 1
github.com/calvarado2004/bakery-go/data/test_models.go:181.83,212.2 7 1
github.com/calvarado2004/bakery-go/data/test_models.go:214.68,216.2 1 1
github.com/calvarado2004/bakery-go/data/test_models.go:218.79,220.2 1 0
github.com/calvarado2004/bakery-go/data/test_models.go:222.90,224.2 1 0
github.com/calvarado2004/bakery-go/data/test_models.go:226.79,237.2 3 0
github.com/calvarado2004/bakery-go/data/test_models.go:240.71,242.2 1 0
github.com/calvarado2004/bakery-go/data/test_models.go:245.86,247.2 1 0
github.com/calvarado2004/bakery-go/data/test_models.go:249.90,251.2 1 0
github.com/calvarado2004/bakery-go/data/test_models.go:253.55,255.2 1 0
github.com/calvarado2004/bakery-go/frontend/cmd/web/admin_handlers.go:37.89,45.2 2 4
github.com/calvarado2004/bakery-go/frontend/cmd/web/admin_handlers.go:47.68,53.16 3 1
github.com/calvarado2004/bakery-go/frontend/cmd/web/admin_handlers.go:53.16,57.3 3 1
github.com/calvarado2004/bakery-go/frontend/cmd/web/admin_handlers.go:58.2,61.16 3 0
github.com/calvarado2004/bakery-go/frontend/cmd/web/admin_handlers.go:61.16,64.3 2 0
github.com/calvarado2004/bakery-go/frontend/cmd/web/admin_handlers.go:66.2,67.16 2 0
github.com/calvarado2004/bakery-go/frontend/cmd/web/admin_handlers.go:67.16,69.3 1 0
github.com/calvarado2004/bakery-go/frontend/cmd/web/admin_handlers.go:71.2,72.16 2 0
github.com/calvarado2004/bakery-go/frontend/cmd/web/admin_handlers.go:72.16,74.3 1 0
github.com/calvarado2004/bakery-go/frontend/cmd/web/admin_handlers.go:76.2,78.19 3 0
github.com/calvarado2004/bakery-go/frontend/cmd/web/admin_handlers.go:78.19,80.3 1 0
github.com/calvarado2004/bakery-go/frontend/cmd/web/admin_handlers.go:81.2,81.48 1 0
github.com/calvarado2004/bakery-go/frontend/cmd/web/admin_handlers.go:81.48,83.3 1 0
github.com/calvarado2004/bakery-go/frontend/cmd/web/admin_handlers.go:83.8,83.26 1 0
github.com/calvarado2004/bakery-go/frontend/cmd/web/admin_handlers.go:83.26,85.3 1 0
github.com/calvarado2004/bakery-go/frontend/cmd/web/admin_handlers.go:88.2,89.9 2 0
github.com/calvarado2004/bakery-go/frontend/cmd/web/admin_handlers.go:89.9,92.3 2 0
github.com/calvarado2004/bakery-go/frontend/cmd/web/admin_handlers.go:93.2,94.16 2 0
github.com/calvarado2004/bakery-go/frontend/cmd/web/admin_handlers.go:94.16,96.3 1 0
github.com/calvarado2004/bakery-go/frontend/cmd/web/admin_handlers.go:99.68,103.16 3 1
github.com/calvarado2004/bakery-go/frontend/cmd/web/admin_handlers.go:103.16,107.3 3 1
github.com/calvarado2004/bakery-go/frontend/cmd/web/admin_handlers.go:108.2,111.16 3 0
github.com/calvarado2004/bakery-go/frontend/cmd/web/admin_handlers.go:111.16,115.3 3 0
github.com/calvarado2004/bakery-go/frontend/cmd/web/admin_handlers.go:117.2,123.9 6 0
github.com/calvarado2004/bakery-go/frontend/cmd/web/admin_handlers.go:123.9,126.3 2 0
github.com/calvarado2004/bakery-go/frontend/cmd/web/admin_handlers.go:127.2,128.16 2 0
github.com/calvarado2004/bakery-go/frontend/cmd/web/admin_handlers.go:128.16,130.3 1 0
github.com/calvarado2004/bakery-go/frontend/cmd/web/admin_handlers.go:133.67,138.9 4 2
github.com/calvarado2004/bakery-go/frontend/cmd/web/admin_handlers.go:138.9,141.3 2 0
github.com/calvarado2004/bakery-go/frontend/cmd/web/admin_handlers.go:142.2,143.16 2 2
github.com/calvarado2004/bakery-go/frontend/cmd/web/admin_handlers.go:143.16,145.3 1 0
github.com/calvarado2004/bakery-go/frontend/cmd/web/admin_handlers.go:148.70,150.16 2 1
github.com/calvarado2004/bakery-go/frontend/cmd/web/admin_handlers.go:150.16,153.3 2 0
github.com/calvarado2004/bakery-go/frontend/cmd/web/admin_handlers.go:155.2,160.16 5 1
github.com/calvarado2004/bakery-go/frontend/cmd/web/admin_handlers.go:160.16,164.3 3 1
github.com/calvarado2004/bakery-go/frontend/cmd/web/admin_handlers.go:165.2,175.16 3 0
github.com/calvarado2004/bakery-go/frontend/cmd/web/admin_handlers.go:175.16,179.3 3 0
github.com/calvarado2004/bakery-go/frontend/cmd/web/admin_handlers.go:181.2,181.93 1 0
github.com/calvarado2004/bakery-go/frontend/cmd/web/admin_handlers.go:184.68,190.16 5 1
github.com/calvarado2004/bakery-go/frontend/cmd/web/admin_handlers.go:190.16,194.3 3 1
github.com/calvarado2004/bakery-go/frontend/cmd/web/admin_handlers.go:195.2,198.16 3 0
github.com/calvarado2004/bakery-go/frontend/cmd/web/admin_handlers.go:198.16,202.3 3 0
github.com/calvarado2004/bakery-go/frontend/cmd/web/admin_handlers.go:204.2,209.9 5 0
github.com/calvarado2004/bakery-go/frontend/cmd/web/admin_handlers.go:209.9,212.3 2 0
github.com/calvarado2004/bakery-go/frontend/cmd/web/admin_handlers.go:213.2,214.16 2 0
github.com/calvarado2004/bakery-go/frontend/cmd/web/admin_handlers.go:214.16,216.3 1 0
github.com/calvarado2004/bakery-go/frontend/cmd/web/admin_handlers.go:219.70,224.16 4 1
github.com/calvarado2004/bakery-go/frontend/cmd/web/admin_handlers.go:224.16,227.3 2 0
github.com/calvarado2004/bakery-go/frontend/cmd/web/admin_handlers.go:229.2,234.16 5 1
github.com/calvarado2004/bakery-go/frontend/cmd/web/admin_handlers.go:234.16,238.3 3 1
github.com/calvarado2004/bakery-go/frontend/cmd/web/admin_handlers.go:239.2,250.16 3 0
github.com/calvarado2004/bakery-go/frontend/cmd/web/admin_handlers.go:250.16,254.3 3 0
github.com/calvarado2004/bakery-go/frontend/cmd/web/admin_handlers.go:256.2,256.93 1 0
github.com/calvarado2004/bakery-go/frontend/cmd/web/admin_handlers.go:259.70,265.16 5 1
github.com/calvarado2004/bakery-go/frontend/cmd/web/admin_handlers.go:265.16,269.3 3 1
github.com/calvarado2004/bakery-go/frontend/cmd/web/admin_handlers.go:270.2,273.16 3 0
github.com/calvarado2004/bakery-go/frontend/cmd/web/admin_handlers.go:273.16,277.3 3 0
github.com/calvarado2004/bakery-go/frontend/cmd/web/admin_handlers.go:279.2,279.93 1 0
github.com/calvarado2004/bakery-go/frontend/cmd/web/admin_handlers.go:282.65,285.16 3 1
github.com/calvarado2004/bakery-go/frontend/cmd/web/admin_handlers.go:285.16,289.3 3 1
github.com/calvarado2004/bakery-go/frontend/cmd/web/admin_handlers.go:290.2,293.16 3 0
github.com/calvarado2004/bakery-go/frontend/cmd/web/admin_handlers.go:293.16,297.3 3 0
github.com/calvarado2004/bakery-go/frontend/cmd/web/admin_handlers.go:300.2,300.37 1 0
github.com/calvarado2004/bakery-go/frontend/cmd/web/admin_handlers.go:300.37,302.3 1 0
github.com/calvarado2004/bakery-go/frontend/cmd/web/admin_handlers.go:304.2,310.9 6 0
github.com/calvarado2004/bakery-go/frontend/cmd/web/admin_handlers.go:310.9,313.3 2 0
github.com/calvarado2004/bakery-go/frontend/cmd/web/admin_handlers.go:314.2,315.16 2 0
github.com/calvarado2004/bakery-go/frontend/cmd/web/admin_handlers.go:315.16,317.3 1 0
github.com/calvarado2004/bakery-go/frontend/cmd/web/admin_handlers.go:320.70,325.16 4 1
github.com/calvarado2004/bakery-go/frontend/cmd/web/admin_handlers.go:325.16,328.3 2 0
github.com/calvarado2004/bakery-go/frontend/cmd/web/admin_handlers.go:330.2,335.16 5 1
github.com/calvarado2004/bakery-go/frontend/cmd/web/admin_handlers.go:335.16,339.3 3 1
github.com/calvarado2004/bakery-go/frontend/cmd/web/admin_handlers.go:340.2,346.16 3 0
github.com/calvarado2004/bakery-go/frontend/cmd/web/admin_handlers.go:346.16,350.3 3 0
github.com/calvarado2004/bakery-go/frontend/cmd/web/admin_handlers.go:352.2,353.88 2 0
github.com/calvarado2004/bakery-go/frontend/cmd/web/admin_handlers.go:356.68,359.16 3 1
github.com/calvarado2004/bakery-go/frontend/cmd/web/admin_handlers.go:359.16,363.3 3 1
github.com/calvarado2004/bakery-go/frontend/cmd/web/admin_handlers.go:364.2,367.16 3 0
github.com/calvarado2004/bakery-go/frontend/cmd/web/admin_handlers.go:367.16,371.3 3 0
github.com/calvarado2004/bakery-go/frontend/cmd/web/admin_handlers.go:373.2,377.9 4 0
github.com/calvarado2004/bakery-go/frontend/cmd/web/admin_handlers.go:377.9,380.3 2 0
github.com/calvarado2004/bakery-go/frontend/cmd/web/admin_handlers.go:381.2,382.16 2 0
github.com/calvarado2004/bakery-go/frontend/cmd/web/admin_handlers.go:382.16,384.3 1 0
github.com/calvarado2004/bakery-go/frontend/cmd/web/admin_handlers.go:387.73,393.16 5 1
github.com/calvarado2004/bakery-go/frontend/cmd/web/admin_handlers.go:393.16,397.3 3 1
github.com/calvarado2004/bakery-go/frontend/cmd/web/admin_handlers.go:398.2,401.16 3 0
github.com/calvarado2004/bakery-go/frontend/cmd/web/admin_handlers.go:401.16,405.3 3 0
github.com/calvarado2004/bakery-go/frontend/cmd/web/admin_handlers.go:407.2,412.9 5 0
github.com/calvarado2004/bakery-go/frontend/cmd/web/admin_handlers.go:412.9,415.3 2 0
github.com/calvarado2004/bakery-go/frontend/cmd/web/admin_handlers.go:416.2,417.16 2 0
github.com/calvarado2004/bakery-go/frontend/cmd/web/admin_handlers.go:417.16,419.3 1 0
github.com/calvarado2004/bakery-go/frontend/cmd/web/admin_handlers.go:422.65,425.16 3 1
github.com/calvarado2004/bakery-go/frontend/cmd/web/admin_handlers.go:425.16,429.3 3 1
github.com/calvarado2004/bakery-go/frontend/cmd/web/admin_handlers.go:430.2,433.16 3 0
github.com/calvarado2004/bakery-go/frontend/cmd/web/admin_handlers.go:433.16,437.3 3 0
github.com/calvarado2004/bakery-go/frontend/cmd/web/admin_handlers.go:439.2,443.9 4 0
github.com/calvarado2004/bakery-go/frontend/cmd/web/admin_handlers.go:443.9,446.3 2 0
github.com/calvarado2004/bakery-go/frontend/cmd/web/admin_handlers.go:447.2,448.16 2 0
github.com/calvarado2004/bakery-go/frontend/cmd/web/admin_handlers.go:448.16,450.3 1 0
github.com/calvarado2004/bakery-go/frontend/cmd/web/admin_handlers.go:453.70,459.16 5 1
github.com/calvarado2004/bakery-go/frontend/cmd/web/admin_handlers.go:459.16,463.3 3 1
github.com/calvarado2004/bakery-go/frontend/cmd/web/admin_handlers.go:464.2,467.16 3 0
github.com/calvarado2004/bakery-go/frontend/cmd/web/admin_handlers.go:467.16,471.3 3 0
github.com/calvarado2004/bakery-go/frontend/cmd/web/admin_handlers.go:473.2,478.9 5 0
github.com/calvarado2004/bakery-go/frontend/cmd/web/admin_handlers.go:478.9,481.3 2 0
github.com/calvarado2004/bakery-go/frontend/cmd/web/admin_handlers.go:482.2,483.16 2 0
github.com/calvarado2004/bakery-go/frontend/cmd/web/admin_handlers.go:483.16,485.3 1 0
github.com/calvarado2004/bakery-go/frontend/cmd/web/admin_handlers.go:488.65,491.16 3 1
github.com/calvarado2004/bakery-go/frontend/cmd/web/admin_handlers.go:491.16,495.3 3 1
github.com/calvarado2004/bakery-go/frontend/cmd/web/admin_handlers.go:496.2,499.16 3 0
github.com/calvarado2004/bakery-go/frontend/cmd/web/admin_handlers.go:499.16,503.3 3 0
github.com/calvarado2004/bakery-go/frontend/cmd/web/admin_handlers.go:505.2,511.9 6 0
github.com/calvarado2004/bakery-go/frontend/cmd/web/admin_handlers.go:511.9,514.3 2 0
github.com/calvarado2004/bakery-go/frontend/cmd/web/admin_handlers.go:515.2,516.16 2 0
github.com/calvarado2004/bakery-go/frontend/cmd/web/admin_handlers.go:516.16,518.3 1 0
github.com/calvarado2004/bakery-go/frontend/cmd/web/admin_handlers.go:521.74,529.9 6 1
github.com/calvarado2004/bakery-go/frontend/cmd/web/admin_handlers.go:529.9,532.3 2 0
github.com/calvarado2004/bakery-go/frontend/cmd/web/admin_handlers.go:534.2,534.6 1 1
github.com/calvarado2004/bakery-go/frontend/cmd/web/admin_handlers.go:534.6,535.10 1 1
github.com/calvarado2004/bakery-go/frontend/cmd/web/admin_handlers.go:536.29,537.10 1 0
github.com/calvarado2004/bakery-go/frontend/cmd/web/admin_handlers.go:538.11,540.18 2 1
github.com/calvarado2004/bakery-go/frontend/cmd/web/admin_handlers.go:540.18,543.5 2 1
github.com/calvarado2004/bakery-go/frontend/cmd/web/admin_handlers.go:544.4,546.18 3 0
github.com/calvarado2004/bakery-go/frontend/cmd/web/admin_handlers.go:546.18,548.13 2 0
github.com/calvarado2004/bakery-go/frontend/cmd/web/admin_handlers.go:551.4,552.18 2 0
github.com/calvarado2004/bakery-go/frontend/cmd/web/admin_handlers.go:552.18,554.13 2 0
github.com/calvarado2004/bakery-go/frontend/cmd/web/admin_handlers.go:557.4,560.32 3 0
github.com/calvarado2004/bakery-go/frontend/cmd/web/admin_handlers.go:565.71,573.9 6 1
github.com/calvarado2004/bakery-go/frontend/cmd/web/admin_handlers.go:573.9,576.3 2 0
github.com/calvarado2004/bakery-go/frontend/cmd/web/admin_handlers.go:578.2,578.6 1 1
github.com/calvarado2004/bakery-go/frontend/cmd/web/admin_handlers.go:578.6,579.10 1 1
github.com/calvarado2004/bakery-go/frontend/cmd/web/admin_handlers.go:580.29,581.10 1 0
github.com/calvarado2004/bakery-go/frontend/cmd/web/admin_handlers.go:582.11,584.18 2 1
github.com/calvarado2004/bakery-go/frontend/cmd/web/admin_handlers.go:584.18,587.5 2 1
github.com/calvarado2004/bakery-go/frontend/cmd/web/admin_handlers.go:588.4,590.18 3 0
github.com/calvarado2004/bakery-go/frontend/cmd/web/admin_handlers.go:590.18,592.13 2 0
github.com/calvarado2004/bakery-go/frontend/cmd/web/admin_handlers.go:595.4,596.18 2 0
github.com/calvarado2004/bakery-go/frontend/cmd/web/admin_handlers.go:596.18,598.13 2 0
github.com/calvarado2004/bakery-go/frontend/cmd/web/admin_handlers.go:601.4,604.32 3 0
github.com/calvarado2004/bakery-go/frontend/cmd/web/admin_handlers.go:609.73,614.16 4 1
github.com/calvarado2004/bakery-go/frontend/cmd/web/admin_handlers.go:614.16,617.3 2 0
github.com/calvarado2004/bakery-go/frontend/cmd/web/admin_handlers.go:619.2,623.16 4 1
github.com/calvarado2004/bakery-go/frontend/cmd/web/admin_handlers.go:623.16,627.3 3 1
github.com/calvarado2004/bakery-go/frontend/cmd/web/admin_handlers.go:628.2,632.16 3 0
github.com/calvarado2004/bakery-go/frontend/cmd/web/admin_handlers.go:632.16,636.3 3 0
github.com/calvarado2004/bakery-go/frontend/cmd/web/admin_handlers.go:639.2,648.16 2 0
github.com/calvarado2004/bakery-go/frontend/cmd/web/admin_handlers.go:648.16,652.3 3 0
github.com/calvarado2004/bakery-go/frontend/cmd/web/admin_handlers.go:654.2,654.97 1 0
github.com/calvarado2004/bakery-go/frontend/cmd/web/auth_handlers.go:23.28,24.21 1 32
github.com/calvarado2004/bakery-go/frontend/cmd/web/auth_handlers.go:24.21,26.19 2 1
github.com/calvarado2004/bakery-go/frontend/cmd/web/auth_handlers.go:26.19,28.4 1 0
github.com/calvarado2004/bakery-go/frontend/cmd/web/auth_handlers.go:29.3,29.30 1 1
github.com/calvarado2004/bakery-go/frontend/cmd/web/auth_handlers.go:31.2,31.19 1 32
github.com/calvarado2004/bakery-go/frontend/cmd/web/auth_handlers.go:52.65,54.16 2 23
github.com/calvarado2004/bakery-go/frontend/cmd/web/auth_handlers.go:54.16,56.3 1 19
github.com/calvarado2004/bakery-go/frontend/cmd/web/auth_handlers.go:57.2,57.24 1 4
github.com/calvarado2004/bakery-go/frontend/cmd/web/auth_handlers.go:57.24,59.3 1 1
github.com/calvarado2004/bakery-go/frontend/cmd/web/auth_handlers.go:60.2,61.58 2 3
github.com/calvarado2004/bakery-go/frontend/cmd/web/auth_handlers.go:66.119,68.16 2 19
github.com/calvarado2004/bakery-go/frontend/cmd/web/auth_handlers.go:68.16,70.3 1 18
github.com/calvarado2004/bakery-go/frontend/cmd/web/auth_handlers.go:71.2,72.25 2 1
github.com/calvarado2004/bakery-go/frontend/cmd/web/auth_handlers.go:77.68,79.38 2 5
github.com/calvarado2004/bakery-go/frontend/cmd/web/auth_handlers.go:79.38,80.43 1 2
github.com/calvarado2004/bakery-go/frontend/cmd/web/auth_handlers.go:80.43,83.4 2 1
github.com/calvarado2004/bakery-go/frontend/cmd/web/auth_handlers.go:86.2,93.9 3 4
github.com/calvarado2004/bakery-go/frontend/cmd/web/auth_handlers.go:93.9,96.3 2 0
github.com/calvarado2004/bakery-go/frontend/cmd/web/auth_handlers.go:97.2,98.16 2 4
github.com/calvarado2004/bakery-go/frontend/cmd/web/auth_handlers.go:98.16,100.3 1 0
github.com/calvarado2004/bakery-go/frontend/cmd/web/auth_handlers.go:103.64,105.16 2 0
github.com/calvarado2004/bakery-go/frontend/cmd/web/auth_handlers.go:105.16,108.3 2 0
github.com/calvarado2004/bakery-go/frontend/cmd/web/auth_handlers.go:110.2,121.16 7 0
github.com/calvarado2004/bakery-go/frontend/cmd/web/auth_handlers.go:121.16,125.3 3 0
github.com/calvarado2004/bakery-go/frontend/cmd/web/auth_handlers.go:127.2,127.23 1 0
github.com/calvarado2004/bakery-go/frontend/cmd/web/auth_handlers.go:127.23,130.3 2 0
github.com/calvarado2004/bakery-go/frontend/cmd/web/auth_handlers.go:132.2,141.52 2 0
github.com/calvarado2004/bakery-go/frontend/cmd/web/auth_handlers.go:144.65,153.2 2 2
github.com/calvarado2004/bakery-go/frontend/cmd/web/auth_handlers.go:157.71,159.38 2 4
github.com/calvarado2004/bakery-go/frontend/cmd/web/auth_handlers.go:159.38,160.46 1 1
github.com/calvarado2004/bakery-go/frontend/cmd/web/auth_handlers.go:160.46,163.4 2 1
github.com/calvarado2004/bakery-go/frontend/cmd/web/auth_handlers.go:166.2,173.9 3 3
github.com/calvarado2004/bakery-go/frontend/cmd/web/auth_handlers.go:173.9,176.3 2 0
github.com/calvarado2004/bakery-go/frontend/cmd/web/auth_handlers.go:177.2,178.16 2 3
github.com/calvarado2004/bakery-go/frontend/cmd/web/auth_handlers.go:178.16,180.3 1 0
github.com/calvarado2004/bakery-go/frontend/cmd/web/auth_handlers.go:183.67,185.16 2 0
github.com/calvarado2004/bakery-go/frontend/cmd/web/auth_handlers.go:185.16,188.3 2 0
github.com/calvarado2004/bakery-go/frontend/cmd/web/auth_handlers.go:190.2,201.16 7 0
github.com/calvarado2004/bakery-go/frontend/cmd/web/auth_handlers.go:201.16,205.3 3 0
github.com/calvarado2004/bakery-go/frontend/cmd/web/auth_handlers.go:207.2,207.23 1 0
github.com/calvarado2004/bakery-go/frontend/cmd/web/auth_handlers.go:207.23,210.3 2 0
github.com/calvarado2004/bakery-go/frontend/cmd/web/auth_handlers.go:212.2,221.53 2 0
github.com/calvarado2004/bakery-go/frontend/cmd/web/auth_handlers.go:224.68,233.2 2 1
github.com/calvarado2004/bakery-go/frontend/cmd/web/auth_handlers.go:237.63,238.54 1 111
github.com/calvarado2004/bakery-go/frontend/cmd/web/auth_handlers.go:238.54,240.39 2 5
github.com/calvarado2004/bakery-go/frontend/cmd/web/auth_handlers.go:240.39,244.4 3 2
github.com/calvarado2004/bakery-go/frontend/cmd/web/auth_handlers.go:246.3,246.44 1 3
github.com/calvarado2004/bakery-go/frontend/cmd/web/auth_handlers.go:246.44,250.4 3 2
github.com/calvarado2004/bakery-go/frontend/cmd/web/auth_handlers.go:252.3,252.23 1 1
github.com/calvarado2004/bakery-go/frontend/cmd/web/auth_handlers.go:256.66,257.54 1 39
github.com/calvarado2004/bakery-go/frontend/cmd/web/auth_handlers.go:257.54,259.39 2 4
github.com/calvarado2004/bakery-go/frontend/cmd/web/auth_handlers.go:259.39,263.4 3 2
github.com/calvarado2004/bakery-go/frontend/cmd/web/auth_handlers.go:265.3,265.47 1 2
github.com/calvarado2004/bakery-go/frontend/cmd/web/auth_handlers.go:265.47,269.4 3 1
github.com/calvarado2004/bakery-go/frontend/cmd/web/auth_handlers.go:271.3,271.23 1 1
github.com/calvarado2004/bakery-go/frontend/cmd/web/auth_handlers.go:275.66,278.101 2 14
github.com/calvarado2004/bakery-go/frontend/cmd/web/auth_handlers.go:278.101,280.3 1 9
github.com/calvarado2004/bakery-go/frontend/cmd/web/auth_handlers.go:282.2,282.32 1 14
github.com/calvarado2004/bakery-go/frontend/cmd/web/auth_handlers.go:282.32,284.3 1 6
github.com/calvarado2004/bakery-go/frontend/cmd/web/auth_handlers.go:286.2,286.59 1 8
github.com/calvarado2004/bakery-go/frontend/cmd/web/auth_handlers.go:286.59,288.3 1 1
github.com/calvarado2004/bakery-go/frontend/cmd/web/auth_handlers.go:290.2,290.13 1 7
github.com/calvarado2004/bakery-go/frontend/cmd/web/auth_handlers.go:293.50,295.16 2 15
github.com/calvarado2004/bakery-go/frontend/cmd/web/auth_handlers.go:295.16,297.3 1 8
github.com/calvarado2004/bakery-go/frontend/cmd/web/auth_handlers.go:299.2,300.102 2 7
github.com/calvarado2004/bakery-go/frontend/cmd/web/auth_handlers.go:300.102,302.3 1 4
github.com/calvarado2004/bakery-go/frontend/cmd/web/auth_handlers.go:304.2,304.32 1 7
github.com/calvarado2004/bakery-go/frontend/cmd/web/auth_handlers.go:304.32,306.3 1 3
github.com/calvarado2004/bakery-go/frontend/cmd/web/auth_handlers.go:308.2,308.22 1 4
github.com/calvarado2004/bakery-go/frontend/cmd/web/auth_handlers.go:311.67,313.16 2 7
github.com/calvarado2004/bakery-go/frontend/cmd/web/auth_handlers.go:313.16,315.3 1 3
github.com/calvarado2004/bakery-go/frontend/cmd/web/auth_handlers.go:317.2,318.102 2 4
github.com/calvarado2004/bakery-go/frontend/cmd/web/auth_handlers.go:318.102,320.3 1 3
github.com/calvarado2004/bakery-go/frontend/cmd/web/auth_handlers.go:322.2,322.32 1 4
github.com/calvarado2004/bakery-go/frontend/cmd/web/auth_handlers.go:322.32,324.3 1 1
github.com/calvarado2004/bakery-go/frontend/cmd/web/auth_handlers.go:326.2,326.52 1 3
github.com/calvarado2004/bakery-go/frontend/cmd/web/auth_handlers.go:333.59,338.35 4 5
github.com/calvarado2004/bakery-go/frontend/cmd/web/auth_handlers.go:338.35,340.3 1 2
github.com/calvarado2004/bakery-go/frontend/cmd/web/auth_handlers.go:342.2,343.15 2 3
github.com/calvarado2004/bakery-go/frontend/cmd/web/auth_handlers.go:343.15,345.3 1 3
github.com/calvarado2004/bakery-go/frontend/cmd/web/auth_handlers.go:346.2,346.20 1 3
github.com/calvarado2004/bakery-go/frontend/cmd/web/auth_handlers.go:346.20,347.16 1 1
github.com/calvarado2004/bakery-go/frontend/cmd/web/auth_handlers.go:347.16,349.4 1 0
github.com/calvarado2004/bakery-go/frontend/cmd/web/auth_handlers.go:349.9,351.4 1 1
github.com/calvarado2004/bakery-go/frontend/cmd/web/auth_handlers.go:353.2,353.53 1 3
github.com/calvarado2004/bakery-go/frontend/cmd/web/auth_handlers.go:358.122,362.2 3 1
github.com/calvarado2004/bakery-go/frontend/cmd/web/auth_handlers.go:387.77,389.21 2 1
github.com/calvarado2004/bakery-go/frontend/cmd/web/auth_handlers.go:389.21,392.3 2 1
github.com/calvarado2004/bakery-go/frontend/cmd/web/auth_handlers.go:394.2,400.16 6 0
github.com/calvarado2004/bakery-go/frontend/cmd/web/auth_handlers.go:400.16,402.3 1 0
github.com/calvarado2004/bakery-go/frontend/cmd/web/auth_handlers.go:404.2,405.16 2 0
github.com/calvarado2004/bakery-go/frontend/cmd/web/auth_handlers.go:405.16,407.3 1 0
github.com/calvarado2004/bakery-go/frontend/cmd/web/auth_handlers.go:409.2,414.23 2 0
github.com/calvarado2004/bakery-go/frontend/cmd/web/auth_handlers.go:414.23,418.33 4 0
github.com/calvarado2004/bakery-go/frontend/cmd/web/auth_handlers.go:418.33,421.4 2 0
github.com/calvarado2004/bakery-go/frontend/cmd/web/auth_handlers.go:422.3,423.43 2 0
github.com/calvarado2004/bakery-go/frontend/cmd/web/auth_handlers.go:423.43,425.4 1 0
github.com/calvarado2004/bakery-go/frontend/cmd/web/auth_handlers.go:426.3,427.33 2 0
github.com/calvarado2004/bakery-go/frontend/cmd/web/auth_handlers.go:427.33,429.4 1 0
github.com/calvarado2004/bakery-go/frontend/cmd/web/auth_handlers.go:429.9,431.4 1 0
github.com/calvarado2004/bakery-go/frontend/cmd/web/auth_handlers.go:434.2,434.25 1 0
github.com/calvarado2004/bakery-go/frontend/cmd/web/auth_handlers.go:434.25,437.37 3 0
github.com/calvarado2004/bakery-go/frontend/cmd/web/auth_handlers.go:437.37,439.4 1 0
github.com/calvarado2004/bakery-go/frontend/cmd/web/auth_handlers.go:439.9,441.4 1 0
github.com/calvarado2004/bakery-go/frontend/cmd/web/auth_handlers.go:444.2,445.9 2 0
github.com/calvarado2004/bakery-go/frontend/cmd/web/auth_handlers.go:445.9,448.3 2 0
github.com/calvarado2004/bakery-go/frontend/cmd/web/auth_handlers.go:449.2,450.16 2 0
github.com/calvarado2004/bakery-go/frontend/cmd/web/auth_handlers.go:450.16,452.3 1 0
github.com/calvarado2004/bakery-go/frontend/cmd/web/auth_handlers.go:455.68,457.21 2 1
github.com/calvarado2004/bakery-go/frontend/cmd/web/auth_handlers.go:457.21,460.3 2 1
github.com/calvarado2004/bakery-go/frontend/cmd/web/auth_handlers.go:462.2,468.16 6 0
github.com/calvarado2004/bakery-go/frontend/cmd/web/auth_handlers.go:468.16,472.3 3 0
github.com/calvarado2004/bakery-go/frontend/cmd/web/auth_handlers.go:474.2,480.32 2 0
github.com/calvarado2004/bakery-go/frontend/cmd/web/auth_handlers.go:480.32,482.3 1 0
github.com/calvarado2004/bakery-go/frontend/cmd/web/auth_handlers.go:484.2,485.9 2 0
github.com/calvarado2004/bakery-go/frontend/cmd/web/auth_handlers.go:485.9,488.3 2 0
github.com/calvarado2004/bakery-go/frontend/cmd/web/auth_handlers.go:489.2,490.16 2 0
github.com/calvarado2004/bakery-go/frontend/cmd/web/auth_handlers.go:490.16,492.3 1 0
github.com/calvarado2004/bakery-go/frontend/cmd/web/auth_handlers.go:495.73,497.21 2 2
github.com/calvarado2004/bakery-go/frontend/cmd/web/auth_handlers.go:497.21,500.3 2 1
github.com/calvarado2004/bakery-go/frontend/cmd/web/auth_handlers.go:502.2,504.16 3 1
github.com/calvarado2004/bakery-go/frontend/cmd/web/auth_handlers.go:504.16,507.3 2 1
github.com/calvarado2004/bakery-go/frontend/cmd/web/auth_handlers.go:509.2,515.16 6 0
github.com/calvarado2004/bakery-go/frontend/cmd/web/auth_handlers.go:515.16,519.3 3 0
github.com/calvarado2004/bakery-go/frontend/cmd/web/auth_handlers.go:521.2,521.53 1 0
github.com/calvarado2004/bakery-go/frontend/cmd/web/auth_handlers.go:521.53,524.3 2 0
github.com/calvarado2004/bakery-go/frontend/cmd/web/auth_handlers.go:526.2,528.53 3 0
github.com/calvarado2004/bakery-go/frontend/cmd/web/auth_handlers.go:528.53,530.3 1 0
github.com/calvarado2004/bakery-go/frontend/cmd/web/auth_handlers.go:532.2,542.9 3 0
github.com/calvarado2004/bakery-go/frontend/cmd/web/auth_handlers.go:542.9,545.3 2 0
github.com/calvarado2004/bakery-go/frontend/cmd/web/auth_handlers.go:546.2,547.16 2 0
github.com/calvarado2004/bakery-go/frontend/cmd/web/auth_handlers.go:547.16,549.3 1 0
github.com/calvarado2004/bakery-go/frontend/cmd/web/auth_handlers.go:552.70,554.21 2 1
github.com/calvarado2004/bakery-go/frontend/cmd/web/auth_handlers.go:554.21,557.3 2 1
github.com/calvarado2004/bakery-go/frontend/cmd/web/auth_handlers.go:559.2,565.16 6 0
github.com/calvarado2004/bakery-go/frontend/cmd/web/auth_handlers.go:565.16,569.3 3 0
github.com/calvarado2004/bakery-go/frontend/cmd/web/auth_handlers.go:571.2,573.53 3 0
github.com/calvarado2004/bakery-go/frontend/cmd/web/auth_handlers.go:573.53,575.3 1 0
github.com/calvarado2004/bakery-go/frontend/cmd/web/auth_handlers.go:577.2,585.9 3 0
github.com/calvarado2004/bakery-go/frontend/cmd/web/auth_handlers.go:585.9,588.3 2 0
github.com/calvarado2004/bakery-go/frontend/cmd/web/auth_handlers.go:589.2,590.16 2 0
github.com/calvarado2004/bakery-go/frontend/cmd/web/auth_handlers.go:590.16,592.3 1 0
github.com/calvarado2004/bakery-go/frontend/cmd/web/auth_handlers.go:595.75,597.21 2 2
github.com/calvarado2004/bakery-go/frontend/cmd/web/auth_handlers.go:597.21,600.3 2 1
github.com/calvarado2004/bakery-go/frontend/cmd/web/auth_handlers.go:602.2,604.16 3 1
github.com/calvarado2004/bakery-go/frontend/cmd/web/auth_handlers.go:604.16,607.3 2 1
github.com/calvarado2004/bakery-go/frontend/cmd/web/auth_handlers.go:609.2,615.16 6 0
github.com/calvarado2004/bakery-go/frontend/cmd/web/auth_handlers.go:615.16,619.3 3 0
github.com/calvarado2004/bakery-go/frontend/cmd/web/auth_handlers.go:621.2,621.45 1 0
github.com/calvarado2004/bakery-go/frontend/cmd/web/auth_handlers.go:621.45,624.3 2 0
github.com/calvarado2004/bakery-go/frontend/cmd/web/auth_handlers.go:626.2,631.53 6 0
github.com/calvarado2004/bakery-go/frontend/cmd/web/auth_handlers.go:631.53,633.3 1 0
github.com/calvarado2004/bakery-go/frontend/cmd/web/auth_handlers.go:635.2,643.9 3 0
github.com/calvarado2004/bakery-go/frontend/cmd/web/auth_handlers.go:643.9,646.3 2 0
github.com/calvarado2004/bakery-go/frontend/cmd/web/auth_handlers.go:647.2,648.16 2 0
github.com/calvarado2004/bakery-go/frontend/cmd/web/auth_handlers.go:648.16,650.3 1 0
github.com/calvarado2004/bakery-go/frontend/cmd/web/main.go:39.50,41.2 1 17
github.com/calvarado2004/bakery-go/frontend/cmd/web/main.go:44.47,46.2 1 4
github.com/calvarado2004/bakery-go/frontend/cmd/web/main.go:82.33,83.58 1 1
github.com/calvarado2004/bakery-go/frontend/cmd/web/main.go:83.58,85.3 1 0
github.com/calvarado2004/bakery-go/frontend/cmd/web/main.go:86.2,86.26 1 1
github.com/calvarado2004/bakery-go/frontend/cmd/web/main.go:91.50,93.49 1 26
github.com/calvarado2004/bakery-go/frontend/cmd/web/main.go:93.49,95.3 1 0
github.com/calvarado2004/bakery-go/frontend/cmd/web/main.go:98.2,99.50 2 26
github.com/calvarado2004/bakery-go/frontend/cmd/web/main.go:99.50,101.3 1 26
github.com/calvarado2004/bakery-go/frontend/cmd/web/main.go:102.2,102.48 1 26
github.com/calvarado2004/bakery-go/frontend/cmd/web/main.go:102.48,104.3 1 26
github.com/calvarado2004/bakery-go/frontend/cmd/web/main.go:106.2,107.49 2 0
github.com/calvarado2004/bakery-go/frontend/cmd/web/main.go:110.13,125.19 7 0
github.com/calvarado2004/bakery-go/frontend/cmd/web/main.go:125.19,127.3 1 0
github.com/calvarado2004/bakery-go/frontend/cmd/web/main.go:128.2,192.49 45 0
github.com/calvarado2004/bakery-go/frontend/cmd/web/main.go:195.58,196.27 1 1
github.com/calvarado2004/bakery-go/frontend/cmd/web/main.go:196.27,199.10 2 1
github.com/calvarado2004/bakery-go/frontend/cmd/web/main.go:199.10,202.4 2 0
github.com/calvarado2004/bakery-go/frontend/cmd/web/main.go:203.3,203.55 1 1
github.com/calvarado2004/bakery-go/frontend/cmd/web/main.go:203.55,205.4 1 0
github.com/calvarado2004/bakery-go/frontend/cmd/web/main.go:206.3,206.9 1 1
github.com/calvarado2004/bakery-go/frontend/cmd/web/main.go:210.2,215.53 3 0
github.com/calvarado2004/bakery-go/frontend/cmd/web/main.go:215.53,217.3 1 0
github.com/calvarado2004/bakery-go/frontend/cmd/web/main.go:219.2,220.16 2 0
github.com/calvarado2004/bakery-go/frontend/cmd/web/main.go:220.16,224.3 3 0
github.com/calvarado2004/bakery-go/frontend/cmd/web/main.go:226.2,229.52 3 0
github.com/calvarado2004/bakery-go/frontend/cmd/web/main.go:229.52,231.3 1 0
github.com/calvarado2004/bakery-go/frontend/cmd/web/main.go:233.2,234.35 2 0
github.com/calvarado2004/bakery-go/frontend/cmd/web/main.go:234.35,238.3 1 0
github.com/calvarado2004/bakery-go/frontend/cmd/web/main.go:241.2,242.9 2 0
github.com/calvarado2004/bakery-go/frontend/cmd/web/main.go:242.9,245.3 2 0
github.com/calvarado2004/bakery-go/frontend/cmd/web/main.go:246.2,247.16 2 0
github.com/calvarado2004/bakery-go/frontend/cmd/web/main.go:247.16,249.3 1 0
github.com/calvarado2004/bakery-go/frontend/cmd/web/main.go:254.62,255.54 1 76
github.com/calvarado2004/bakery-go/frontend/cmd/web/main.go:255.54,257.10 2 46
github.com/calvarado2004/bakery-go/frontend/cmd/web/main.go:257.10,260.4 2 2
github.com/calvarado2004/bakery-go/frontend/cmd/web/main.go:261.3,262.17 2 44
github.com/calvarado2004/bakery-go/frontend/cmd/web/main.go:262.17,264.4 1 0
github.com/calvarado2004/bakery-go/frontend/cmd/web/main.go:270.66,276.16 3 1
github.com/calvarado2004/bakery-go/frontend/cmd/web/main.go:276.16,280.3 3 1
github.com/calvarado2004/bakery-go/frontend/cmd/web/main.go:281.2,284.16 3 0
github.com/calvarado2004/bakery-go/frontend/cmd/web/main.go:284.16,288.3 3 0
github.com/calvarado2004/bakery-go/frontend/cmd/web/main.go:290.2,297.9 3 0
github.com/calvarado2004/bakery-go/frontend/cmd/web/main.go:297.9,300.3 2 0
github.com/calvarado2004/bakery-go/frontend/cmd/web/main.go:302.2,303.16 2 0
github.com/calvarado2004/bakery-go/frontend/cmd/web/main.go:303.16,305.3 1 0
github.com/calvarado2004/bakery-go/frontend/cmd/web/main.go:308.60,313.27 4 2
github.com/calvarado2004/bakery-go/frontend/cmd/web/main.go:313.27,316.3 2 2
github.com/calvarado2004/bakery-go/frontend/cmd/web/main.go:319.2,323.53 3 0
github.com/calvarado2004/bakery-go/frontend/cmd/web/main.go:323.53,325.3 1 0
github.com/calvarado2004/bakery-go/frontend/cmd/web/main.go:328.2,329.16 2 0
github.com/calvarado2004/bakery-go/frontend/cmd/web/main.go:329.16,333.3 3 0
github.com/calvarado2004/bakery-go/frontend/cmd/web/main.go:335.2,335.6 1 0
github.com/calvarado2004/bakery-go/frontend/cmd/web/main.go:335.6,337.20 2 0
github.com/calvarado2004/bakery-go/frontend/cmd/web/main.go:337.20,338.9 1 0
github.com/calvarado2004/bakery-go/frontend/cmd/web/main.go:340.3,340.17 1 0
github.com/calvarado2004/bakery-go/frontend/cmd/web/main.go:340.17,341.88 1 0
github.com/calvarado2004/bakery-go/frontend/cmd/web/main.go:341.88,343.10 2 0
github.com/calvarado2004/bakery-go/frontend/cmd/web/main.go:345.4,346.9 2 0
github.com/calvarado2004/bakery-go/frontend/cmd/web/main.go:349.3,350.54 2 0
github.com/calvarado2004/bakery-go/frontend/cmd/web/main.go:350.54,362.18 4 0
github.com/calvarado2004/bakery-go/frontend/cmd/web/main.go:362.18,364.13 2 0
github.com/calvarado2004/bakery-go/frontend/cmd/web/main.go:366.4,367.18 2 0
github.com/calvarado2004/bakery-go/frontend/cmd/web/main.go:367.18,368.114 1 0
github.com/calvarado2004/bakery-go/frontend/cmd/web/main.go:368.114,371.6 2 0
github.com/calvarado2004/bakery-go/frontend/cmd/web/main.go:372.5,373.11 2 0
github.com/calvarado2004/bakery-go/frontend/cmd/web/main.go:376.4,376.37 1 0
github.com/calvarado2004/bakery-go/frontend/cmd/web/main.go:376.37,378.5 1 0
github.com/calvarado2004/bakery-go/frontend/cmd/web/main.go:378.10,380.5 1 0
github.com/calvarado2004/bakery-go/frontend/cmd/web/main.go:385.65,390.27 4 2
github.com/calvarado2004/bakery-go/frontend/cmd/web/main.go:390.27,393.3 2 2
github.com/calvarado2004/bakery-go/frontend/cmd/web/main.go:396.2,400.63 3 0
github.com/calvarado2004/bakery-go/frontend/cmd/web/main.go:400.63,402.3 1 0
github.com/calvarado2004/bakery-go/frontend/cmd/web/main.go:405.2,406.16 2 0
github.com/calvarado2004/bakery-go/frontend/cmd/web/main.go:406.16,409.3 2 0
github.com/calvarado2004/bakery-go/frontend/cmd/web/main.go:412.2,412.6 1 0
github.com/calvarado2004/bakery-go/frontend/cmd/web/main.go:412.6,414.20 2 0
github.com/calvarado2004/bakery-go/frontend/cmd/web/main.go:414.20,416.9 1 0
github.com/calvarado2004/bakery-go/frontend/cmd/web/main.go:418.3,418.17 1 0
github.com/calvarado2004/bakery-go/frontend/cmd/web/main.go:418.17,419.88 1 0
github.com/calvarado2004/bakery-go/frontend/cmd/web/main.go:419.88,422.5 2 0
github.com/calvarado2004/bakery-go/frontend/cmd/web/main.go:423.4,425.10 3 0
github.com/calvarado2004/bakery-go/frontend/cmd/web/main.go:429.3,430.17 2 0
github.com/calvarado2004/bakery-go/frontend/cmd/web/main.go:430.17,433.4 2 0
github.com/calvarado2004/bakery-go/frontend/cmd/web/main.go:436.3,437.17 2 0
github.com/calvarado2004/bakery-go/frontend/cmd/web/main.go:437.17,438.113 1 0
github.com/calvarado2004/bakery-go/frontend/cmd/web/main.go:438.113,441.5 2 0
github.com/calvarado2004/bakery-go/frontend/cmd/web/main.go:442.4,442.10 1 0
github.com/calvarado2004/bakery-go/frontend/cmd/web/main.go:446.3,447.10 2 0
github.com/calvarado2004/bakery-go/frontend/cmd/web/main.go:447.10,450.4 2 0
github.com/calvarado2004/bakery-go/frontend/cmd/web/main.go:451.3,451.18 1 0
github.com/calvarado2004/bakery-go/frontend/cmd/web/main.go:460.22,478.42 4 1
github.com/calvarado2004/bakery-go/frontend/cmd/web/main.go:478.42,481.17 3 8
github.com/calvarado2004/bakery-go/frontend/cmd/web/main.go:481.17,483.4 1 0
github.com/calvarado2004/bakery-go/frontend/cmd/web/main.go:484.3,484.31 1 8
github.com/calvarado2004/bakery-go/frontend/cmd/web/main.go:488.2,490.16 3 1
github.com/calvarado2004/bakery-go/frontend/cmd/web/main.go:490.16,492.3 1 0
github.com/calvarado2004/bakery-go/frontend/cmd/web/main.go:493.2,500.16 5 1
github.com/calvarado2004/bakery-go/frontend/cmd/web/main.go:500.16,502.3 1 0
github.com/calvarado2004/bakery-go/frontend/cmd/web/main.go:503.2,514.43 4 1
github.com/calvarado2004/bakery-go/frontend/cmd/web/main.go:514.43,517.17 3 4
github.com/calvarado2004/bakery-go/frontend/cmd/web/main.go:517.17,519.4 1 0
github.com/calvarado2004/bakery-go/frontend/cmd/web/main.go:520.3,520.32 1 4
github.com/calvarado2004/bakery-go/frontend/cmd/web/main.go:524.2,526.16 3 1
github.com/calvarado2004/bakery-go/frontend/cmd/web/main.go:526.16,528.3 1 0
github.com/calvarado2004/bakery-go/frontend/cmd/web/main.go:529.2,535.16 5 1
github.com/calvarado2004/bakery-go/frontend/cmd/web/main.go:535.16,537.3 1 0
github.com/calvarado2004/bakery-go/frontend/cmd/web/main.go:538.2,551.41 3 1
github.com/calvarado2004/bakery-go/frontend/cmd/web/main.go:551.41,553.17 2 8
github.com/calvarado2004/bakery-go/frontend/cmd/web/main.go:553.17,555.4 1 0
github.com/calvarado2004/bakery-go/frontend/cmd/web/main.go:556.3,556.24 1 8
github.com/calvarado2004/bakery-go/frontend/cmd/web/main.go:559.2,559.66 1 1
github.com/calvarado2004/bakery-go/frontend/cmd/web/main.go:565.33,566.27 1 0
github.com/calvarado2004/bakery-go/frontend/cmd/web/main.go:566.27,568.51 2 0
github.com/calvarado2004/bakery-go/frontend/cmd/web/main.go:568.51,569.51 1 0
github.com/calvarado2004/bakery-go/frontend/cmd/web/main.go:569.51,571.5 1 0
github.com/calvarado2004/bakery-go/frontend/cmd/web/main.go:574.3,587.17 6 0
github.com/calvarado2004/bakery-go/frontend/cmd/web/main.go:587.17,589.4 1 0
github.com/calvarado2004/bakery-go/frontend/cmd/web/main.go:590.3,590.70 1 0
github.com/calvarado2004/bakery-go/makers/main.go:45.64,47.2 1 0
github.com/calvarado2004/bakery-go/makers/main.go:61.61,62.19 1 19
github.com/calvarado2004/bakery-go/makers/main.go:62.19,64.3 1 12
github.com/calvarado2004/bakery-go/makers/main.go:65.2,69.3 1 19
github.com/calvarado2004/bakery-go/makers/main.go:74.72,76.12 2 7
github.com/calvarado2004/bakery-go/makers/main.go:76.12,79.3 2 7
github.com/calvarado2004/bakery-go/makers/main.go:83.32,84.26 1 8
github.com/calvarado2004/bakery-go/makers/main.go:84.26,86.3 1 1
github.com/calvarado2004/bakery-go/makers/main.go:87.2,87.17 1 7
github.com/calvarado2004/bakery-go/makers/main.go:90.62,93.32 2 7
github.com/calvarado2004/bakery-go/makers/main.go:93.32,95.48 2 7
github.com/calvarado2004/bakery-go/makers/main.go:95.48,97.11 2 2
github.com/calvarado2004/bakery-go/makers/main.go:98.22,99.11 1 0
github.com/calvarado2004/bakery-go/makers/main.go:100.20,101.11 1 2
github.com/calvarado2004/bakery-go/makers/main.go:102.38,103.13 1 0
github.com/calvarado2004/bakery-go/makers/main.go:108.3,109.10 2 5
github.com/calvarado2004/bakery-go/makers/main.go:110.21,111.10 1 0
github.com/calvarado2004/bakery-go/makers/main.go:112.19,113.10 1 5
github.com/calvarado2004/bakery-go/makers/main.go:114.37,114.37 0 0
github.com/calvarado2004/bakery-go/makers/main.go:119.68,123.16 3 7
github.com/calvarado2004/bakery-go/makers/main.go:123.16,125.3 1 2
github.com/calvarado2004/bakery-go/makers/main.go:126.2,129.16 3 5
github.com/calvarado2004/bakery-go/makers/main.go:129.16,131.3 1 0
github.com/calvarado2004/bakery-go/makers/main.go:132.2,137.44 4 5
github.com/calvarado2004/bakery-go/makers/main.go:137.44,139.3 1 0
github.com/calvarado2004/bakery-go/makers/main.go:141.2,144.16 2 5
github.com/calvarado2004/bakery-go/makers/main.go:144.16,146.3 1 0
github.com/calvarado2004/bakery-go/makers/main.go:148.2,155.16 3 5
[...]
github.com/calvarado2004/bakery-go/proto/bread_grpc.pb.go:1878.2,1878.44 1 0
github.com/calvarado2004/bakery-go/proto/bread_grpc.pb.go:1881.170,1883.32 2 0
github.com/calvarado2004/bakery-go/proto/bread_grpc.pb.go:1883.32,1885.3 1 0
github.com/calvarado2004/bakery-go/proto/bread_grpc.pb.go:1886.2,1886.24 1 0
github.com/calvarado2004/bakery-go/proto/bread_grpc.pb.go:1886.24,1888.3 1 0
github.com/calvarado2004/bakery-go/proto/bread_grpc.pb.go:1889.2,1893.77 2 0
github.com/calvarado2004/bakery-go/proto/bread_grpc.pb.go:1893.77,1895.3 1 0
github.com/calvarado2004/bakery-go/proto/bread_grpc.pb.go:1896.2,1896.44 1 0
github.com/calvarado2004/bakery-go/proto/bread_grpc.pb.go:1899.179,1901.32 2 0
github.com/calvarado2004/bakery-go/proto/bread_grpc.pb.go:1901.32,1903.3 1 0
github.com/calvarado2004/bakery-go/proto/bread_grpc.pb.go:1904.2,1904.24 1 0
github.com/calvarado2004/bakery-go/proto/bread_grpc.pb.go:1904.24,1906.3 1 0
github.com/calvarado2004/bakery-go/proto/bread_grpc.pb.go:1907.2,1911.77 2 0
github.com/calvarado2004/bakery-go/proto/bread_grpc.pb.go:1911.77,1913.3 1 0
github.com/calvarado2004/bakery-go/proto/bread_grpc.pb.go:1914.2,1914.44 1 0
github.com/calvarado2004/bakery-go/proto/bread_grpc.pb.go:1917.174,1919.32 2 0
github.com/calvarado2004/bakery-go/proto/bread_grpc.pb.go:1919.32,1921.3 1 0
github.com/calvarado2004/bakery-go/proto/bread_grpc.pb.go:1922.2,1922.24 1 0
github.com/calvarado2004/bakery-go/proto/bread_grpc.pb.go:1922.24,1924.3 1 0
github.com/calvarado2004/bakery-go/proto/bread_grpc.pb.go:1925.2,1929.77 2 0
github.com/calvarado2004/bakery-go/proto/bread_grpc.pb.go:1929.77,1931.3 1 0
github.com/calvarado2004/bakery-go/proto/bread_grpc.pb.go:1932.2,1932.44 1 0
github.com/calvarado2004/bakery-go/proto/bread_grpc.pb.go:1984.94,1986.2 1 0
github.com/calvarado2004/bakery-go/proto/bread_grpc.pb.go:1988.153,1992.16 4 0
github.com/calvarado2004/bakery-go/proto/bread_grpc.pb.go:1992.16,1994.3 1 0
github.com/calvarado2004/bakery-go/proto/bread_grpc.pb.go:1995.2,1995.17 1 0
github.com/calvarado2004/bakery-go/proto/bread_grpc.pb.go:1998.144,2002.16 4 0
github.com/calvarado2004/bakery-go/proto/bread_grpc.pb.go:2002.16,2004.3 1 0
github.com/calvarado2004/bakery-go/proto/bread_grpc.pb.go:2005.2,2005.17 1 0
github.com/calvarado2004/bakery-go/proto/bread_grpc.pb.go:2008.158,2012.16 4 0
github.com/calvarado2004/bakery-go/proto/bread_grpc.pb.go:2012.16,2014.3 1 0
github.com/calvarado2004/bakery-go/proto/bread_grpc.pb.go:2015.2,2015.17 1 0
github.com/calvarado2004/bakery-go/proto/bread_grpc.pb.go:2037.131,2039.2 1 0
github.com/calvarado2004/bakery-go/proto/bread_grpc.pb.go:2040.122,2042.2 1 0
github.com/calvarado2004/bakery-go/proto/bread_grpc.pb.go:2043.136,2045.2 1 0
github.com/calvarado2004/bakery-go/proto/bread_grpc.pb.go:2046.102,2046.103 0 0
github.com/calvarado2004/bakery-go/proto/bread_grpc.pb.go:2047.102,2047.103 0 0
github.com/calvarado2004/bakery-go/proto/bread_grpc.pb.go:2056.100,2061.59 1 0
github.com/calvarado2004/bakery-go/proto/bread_grpc.pb.go:2061.59,2063.3 1 0
github.com/calvarado2004/bakery-go/proto/bread_grpc.pb.go:2064.2,2064.60 1 0
github.com/calvarado2004/bakery-go/proto/bread_grpc.pb.go:2067.178,2069.32 2 0
github.com/calvarado2004/bakery-go/proto/bread_grpc.pb.go:2069.32,2071.3 1 0
github.com/calvarado2004/bakery-go/proto/bread_grpc.pb.go:2072.2,2072.24 1 0
github.com/calvarado2004/bakery-go/proto/bread_grpc.pb.go:2072.24,2074.3 1 0
github.com/calvarado2004/bakery-go/proto/bread_grpc.pb.go:2075.2,2079.77 2 0
github.com/calvarado2004/bakery-go/proto/bread_grpc.pb.go:2079.77,2081.3 1 0
github.com/calvarado2004/bakery-go/proto/bread_grpc.pb.go:2082.2,2082.44 1 0
github.com/calvarado2004/bakery-go/proto/bread_grpc.pb.go:2085.180,2087.32 2 0
github.com/calvarado2004/bakery-go/proto/bread_grpc.pb.go:2087.32,2089.3 1 0
github.com/calvarado2004/bakery-go/proto/bread_grpc.pb.go:2090.2,2090.24 1 0
github.com/calvarado2004/bakery-go/proto/bread_grpc.pb.go:2090.24,2092.3 1 0
github.com/calvarado2004/bakery-go/proto/bread_grpc.pb.go:2093.2,2097.77 2 0
github.com/calvarado2004/bakery-go/proto/bread_grpc.pb.go:2097.77,2099.3 1 0
github.com/calvarado2004/bakery-go/proto/bread_grpc.pb.go:2100.2,2100.44 1 0
github.com/calvarado2004/bakery-go/proto/bread_grpc.pb.go:2103.182,2105.32 2 0
github.com/calvarado2004/bakery-go/proto/bread_grpc.pb.go:2105.32,2107.3 1 0
github.com/calvarado2004/bakery-go/proto/bread_grpc.pb.go:2108.2,2108.24 1 0
github.com/calvarado2004/bakery-go/proto/bread_grpc.pb.go:2108.24,2110.3 1 0
github.com/calvarado2004/bakery-go/proto/bread_grpc.pb.go:2111.2,2115.77 2 0
github.com/calvarado2004/bakery-go/proto/bread_grpc.pb.go:2115.77,2117.3 1 0
github.com/calvarado2004/bakery-go/proto/bread_grpc.pb.go:2118.2,2118.44 1 0
github.com/calvarado2004/bakery-go/proto/bread_grpc.pb.go:2187.78,2189.2 1 0
github.com/calvarado2004/bakery-go/proto/bread_grpc.pb.go:2191.131,2195.16 4 0
github.com/calvarado2004/bakery-go/proto/bread_grpc.pb.go:2195.16,2197.3 1 0
github.com/calvarado2004/bakery-go/proto/bread_grpc.pb.go:2198.2,2198.17 1 0
github.com/calvarado2004/bakery-go/proto/bread_grpc.pb.go:2201.156,2205.16 4 0
github.com/calvarado2004/bakery-go/proto/bread_grpc.pb.go:2205.16,2207.3 1 0
github.com/calvarado2004/bakery-go/proto/bread_grpc.pb.go:2208.2,2208.17 1 0
github.com/calvarado2004/bakery-go/proto/bread_grpc.pb.go:2211.146,2215.16 4 0
github.com/calvarado2004/bakery-go/proto/bread_grpc.pb.go:2215.16,2217.3 1 0
github.com/calvarado2004/bakery-go/proto/bread_grpc.pb.go:2218.2,2218.17 1 0
github.com/calvarado2004/bakery-go/proto/bread_grpc.pb.go:2261.109,2263.2 1 0
github.com/calvarado2004/bakery-go/proto/bread_grpc.pb.go:2264.134,2266.2 1 0
github.com/calvarado2004/bakery-go/proto/bread_grpc.pb.go:2267.124,2269.2 1 0
github.com/calvarado2004/bakery-go/proto/bread_grpc.pb.go:2270.86,2270.87 0 0
github.com/calvarado2004/bakery-go/proto/bread_grpc.pb.go:2271.86,2271.87 0 0
github.com/calvarado2004/bakery-go/proto/bread_grpc.pb.go:2280.84,2285.59 1 0
github.com/calvarado2004/bakery-go/proto/bread_grpc.pb.go:2285.59,2287.3 1 0
github.com/calvarado2004/bakery-go/proto/bread_grpc.pb.go:2288.2,2288.52 1 0
github.com/calvarado2004/bakery-go/proto/bread_grpc.pb.go:2291.170,2293.32 2 0
github.com/calvarado2004/bakery-go/proto/bread_grpc.pb.go:2293.32,2295.3 1 0
github.com/calvarado2004/bakery-go/proto/bread_grpc.pb.go:2296.2,2296.24 1 0
github.com/calvarado2004/bakery-go/proto/bread_grpc.pb.go:2296.24,2298.3 1 0
github.com/calvarado2004/bakery-go/proto/bread_grpc.pb.go:2299.2,2303.77 2 0
github.com/calvarado2004/bakery-go/proto/bread_grpc.pb.go:2303.77,2305.3 1 0
github.com/calvarado2004/bakery-go/proto/bread_grpc.pb.go:2306.2,2306.44 1 0
github.com/calvarado2004/bakery-go/proto/bread_grpc.pb.go:2309.175,2311.32 2 0
github.com/calvarado2004/bakery-go/proto/bread_grpc.pb.go:2311.32,2313.3 1 0
github.com/calvarado2004/bakery-go/proto/bread_grpc.pb.go:2314.2,2314.24 1 0
github.com/calvarado2004/bakery-go/proto/bread_grpc.pb.go:2314.24,2316.3 1 0
github.com/calvarado2004/bakery-go/proto/bread_grpc.pb.go:2317.2,2321.77 2 0
github.com/calvarado2004/bakery-go/proto/bread_grpc.pb.go:2321.77,2323.3 1 0
github.com/calvarado2004/bakery-go/proto/bread_grpc.pb.go:2324.2,2324.44 1 0
github.com/calvarado2004/bakery-go/proto/bread_grpc.pb.go:2327.180,2329.32 2 0
github.com/calvarado2004/bakery-go/proto/bread_grpc.pb.go:2329.32,2331.3 1 0
github.com/calvarado2004/bakery-go/proto/bread_grpc.pb.go:2332.2,2332.24 1 0
github.com/calvarado2004/bakery-go/proto/bread_grpc.pb.go:2332.24,2334.3 1 0
github.com/calvarado2004/bakery-go/proto/bread_grpc.pb.go:2335.2,2339.77 2 0
github.com/calvarado2004/bakery-go/proto/bread_grpc.pb.go:2339.77,2341.3 1 0
github.com/calvarado2004/bakery-go/proto/bread_grpc.pb.go:2342.2,2342.44 1 0
github.com/calvarado2004/bakery-go/testutils/db_helper.go:16.40,18.2 1 0
github.com/calvarado2004/bakery-go/testutils/db_helper.go:21.43,43.31 4 0
github.com/calvarado2004/bakery-go/testutils/db_helper.go:43.31,44.88 1 0
github.com/calvarado2004/bakery-go/testutils/db_helper.go:44.88,46.4 1 0
github.com/calvarado2004/bakery-go/testutils/db_helper.go:50.2,63.32 2 0
github.com/calvarado2004/bakery-go/testutils/db_helper.go:63.32,64.104 1 0
github.com/calvarado2004/bakery-go/testutils/db_helper.go:64.104,66.4 1 0
github.com/calvarado2004/bakery-go/testutils/db_helper.go:69.2,69.12 1 0
github.com/calvarado2004/bakery-go/testutils/db_helper.go:73.43,90.32 4 0
github.com/calvarado2004/bakery-go/testutils/db_helper.go:90.32,91.104 1 0
github.com/calvarado2004/bakery-go/testutils/db_helper.go:91.104,93.4 1 0
github.com/calvarado2004/bakery-go/testutils/db_helper.go:96.2,96.12 1 0
github.com/calvarado2004/bakery-go/testutils/db_helper.go:100.65,105.114 4 0
github.com/calvarado2004/bakery-go/testutils/db_helper.go:105.114,107.3 1 0
github.com/calvarado2004/bakery-go/testutils/db_helper.go:108.2,108.19 1 0
github.com/calvarado2004/bakery-go/testutils/db_helper.go:114.42,139.27 5 0
github.com/calvarado2004/bakery-go/testutils/db_helper.go:139.27,140.127 1 0
github.com/calvarado2004/bakery-go/testutils/db_helper.go:140.127,142.4 1 0
github.com/calvarado2004/bakery-go/testutils/db_helper.go:145.2,145.12 1 0
github.com/calvarado2004/bakery-go/testutils/fixtures.go:31.62,33.16 2 0
github.com/calvarado2004/bakery-go/testutils/fixtures.go:33.16,35.3 1 0
github.com/calvarado2004/bakery-go/testutils/fixtures.go:38.2,39.25 2 0
github.com/calvarado2004/bakery-go/testutils/fixtures.go:39.25,40.85 1 0
github.com/calvarado2004/bakery-go/testutils/fixtures.go:40.85,41.9 1 0
github.com/calvarado2004/bakery-go/testutils/fixtures.go:43.3,43.40 1 0
github.com/calvarado2004/bakery-go/testutils/fixtures.go:46.2,54.86 3 0
github.com/calvarado2004/bakery-go/testutils/fixtures.go:54.86,56.57 2 0
github.com/calvarado2004/bakery-go/testutils/fixtures.go:56.57,58.4 1 0
github.com/calvarado2004/bakery-go/testutils/fixtures.go:62.2,66.16 4 0
github.com/calvarado2004/bakery-go/testutils/fixtures.go:66.16,68.3 1 0
github.com/calvarado2004/bakery-go/testutils/fixtures.go:69.2,72.70 2 0
github.com/calvarado2004/bakery-go/testutils/fixtures.go:72.70,74.3 1 0
github.com/calvarado2004/bakery-go/testutils/fixtures.go:76.2,76.27 1 0
github.com/calvarado2004/bakery-go/testutils/fixtures.go:76.27,77.36 1 0
github.com/calvarado2004/bakery-go/testutils/fixtures.go:77.36,79.4 1 0
github.com/calvarado2004/bakery-go/testutils/fixtures.go:83.3,83.16 1 0
github.com/calvarado2004/bakery-go/testutils/fixtures.go:86.2,86.16 1 0
github.com/calvarado2004/bakery-go/testutils/fixtures.go:90.43,92.16 2 0
github.com/calvarado2004/bakery-go/testutils/fixtures.go:92.16,94.3 1 0
github.com/calvarado2004/bakery-go/testutils/fixtures.go:95.2,95.48 1 0
github.com/calvarado2004/bakery-go/testutils/fixtures.go:99.51,107.44 4 0
github.com/calvarado2004/bakery-go/testutils/fixtures.go:107.44,123.79 3 0
github.com/calvarado2004/bakery-go/testutils/fixtures.go:123.79,125.4 1 0
github.com/calvarado2004/bakery-go/testutils/fixtures.go:126.3,126.38 1 0
github.com/calvarado2004/bakery-go/testutils/fixtures.go:130.2,130.44 1 0
github.com/calvarado2004/bakery-go/testutils/fixtures.go:130.44,143.79 3 0
github.com/calvarado2004/bakery-go/testutils/fixtures.go:143.79,145.4 1 0
github.com/calvarado2004/bakery-go/testutils/fixtures.go:146.3,146.38 1 0
github.com/calvarado2004/bakery-go/testutils/fixtures.go:149.2,149.12 1 0
github.com/calvarado2004/bakery-go/testutils/fixtures.go:153.27,154.70 1 0
github.com/calvarado2004/bakery-go/testutils/fixtures.go:154.70,156.3 1 0
github.com/calvarado2004/bakery-go/testutils/fixtures.go:161.68,164.34 3 0
github.com/calvarado2004/bakery-go/testutils/fixtures.go:164.34,166.17 2 0
github.com/calvarado2004/bakery-go/testutils/fixtures.go:166.17,170.18 4 0
github.com/calvarado2004/bakery-go/testutils/fixtures.go:170.18,172.5 1 0
github.com/calvarado2004/bakery-go/testutils/fixtures.go:173.4,174.17 2 0
github.com/calvarado2004/bakery-go/testutils/fixtures.go:175.9,177.4 1 0
github.com/calvarado2004/bakery-go/testutils/fixtures.go:178.3,178.30 1 0
github.com/calvarado2004/bakery-go/testutils/fixtures.go:180.2,180.65 1 0
github.com/calvarado2004/bakery-go/testutils/fixtures.go:184.60,187.34 3 0
github.com/calvarado2004/bakery-go/testutils/fixtures.go:187.34,190.17 2 0
github.com/calvarado2004/bakery-go/testutils/fixtures.go:190.17,193.4 2 0
github.com/calvarado2004/bakery-go/testutils/fixtures.go:194.3,195.30 2 0
github.com/calvarado2004/bakery-go/testutils/fixtures.go:197.2,197.66 1 0
github.com/calvarado2004/bakery-go/testutils/fixtures.go:201.41,203.2 1 0
github.com/calvarado2004/bakery-go/testutils/fixtures.go:206.30,208.2 1 0
github.com/calvarado2004/bakery-go/testutils/fixtures.go:211.34,213.2 1 0
github.com/calvarado2004/bakery-go/testutils/harness.go:60.48,71.86 3 0
github.com/calvarado2004/bakery-go/testutils/harness.go:71.86,73.58 2 0
github.com/calvarado2004/bakery-go/testutils/harness.go:73.58,75.4 1 0
github.com/calvarado2004/bakery-go/testutils/harness.go:79.2,81.16 3 0
github.com/calvarado2004/bakery-go/testutils/harness.go:81.16,83.3 1 0
github.com/calvarado2004/bakery-go/testutils/harness.go:86.2,86.66 1 0
github.com/calvarado2004/bakery-go/testutils/harness.go:86.66,88.3 1 0
github.com/calvarado2004/bakery-go/testutils/harness.go:91.2,92.16 2 0
github.com/calvarado2004/bakery-go/testutils/harness.go:92.16,94.3 1 0
github.com/calvarado2004/bakery-go/testutils/harness.go:95.2,98.16 3 0
github.com/calvarado2004/bakery-go/testutils/harness.go:98.16,100.3 1 0
github.com/calvarado2004/bakery-go/testutils/harness.go:101.2,103.10 2 0
github.com/calvarado2004/bakery-go/testutils/harness.go:107.66,109.34 2 0
github.com/calvarado2004/bakery-go/testutils/harness.go:109.34,111.17 2 0
github.com/calvarado2004/bakery-go/testutils/harness.go:111.17,114.4 2 0
github.com/calvarado2004/bakery-go/testutils/harness.go:115.3,115.37 1 0
github.com/calvarado2004/bakery-go/testutils/harness.go:117.2,117.80 1 0
github.com/calvarado2004/bakery-go/testutils/harness.go:121.51,123.16 2 0
github.com/calvarado2004/bakery-go/testutils/harness.go:123.16,125.3 1 0
github.com/calvarado2004/bakery-go/testutils/harness.go:126.2,126.13 1 0
github.com/calvarado2004/bakery-go/testutils/harness.go:130.68,133.2 2 0
github.com/calvarado2004/bakery-go/testutils/harness.go:136.58,139.2 2 0
github.com/calvarado2004/bakery-go/testutils/harness.go:142.66,145.2 2 0
github.com/calvarado2004/bakery-go/testutils/harness.go:148.59,150.2 1 0
github.com/calvarado2004/bakery-go/testutils/harness.go:153.59,155.2 1 0
github.com/calvarado2004/bakery-go/testutils/harness.go:158.36,160.2 1 0
github.com/calvarado2004/bakery-go/testutils/harness.go:163.47,165.2 1 0
github.com/calvarado2004/bakery-go/testutils/harness.go:168.41,170.2 1 0
github.com/calvarado2004/bakery-go/testutils/harness.go:175.34,178.2 0 0
github.com/calvarado2004/bakery-go/testutils/harness.go:181.43,183.27 2 0
github.com/calvarado2004/bakery-go/testutils/harness.go:183.27,184.57 1 0
github.com/calvarado2004/bakery-go/testutils/harness.go:184.57,187.4 1 0
github.com/calvarado2004/bakery-go/testutils/harness.go:189.2,189.12 1 0
github.com/calvarado2004/bakery-go/testutils/harness.go:193.45,195.27 2 0
github.com/calvarado2004/bakery-go/testutils/harness.go:195.27,196.84 1 0
github.com/calvarado2004/bakery-go/testutils/harness.go:196.84,198.4 1 0
github.com/calvarado2004/bakery-go/testutils/harness.go:200.2,200.12 1 0
github.com/calvarado2004/bakery-go/testutils/harness.go:204.39,213.31 4 0
github.com/calvarado2004/bakery-go/testutils/harness.go:213.31,215.3 1 0
github.com/calvarado2004/bakery-go/testutils/harness.go:217.2,222.32 2 0
github.com/calvarado2004/bakery-go/testutils/harness.go:222.32,224.3 1 0
github.com/calvarado2004/bakery-go/testutils/harness.go:225.2,225.12 1 0
github.com/calvarado2004/bakery-go/testutils/harness.go:229.75,237.2 1 0
github.com/calvarado2004/bakery-go/testutils/harness.go:240.97,244.16 2 0
github.com/calvarado2004/bakery-go/testutils/harness.go:244.16,246.3 1 0
github.com/calvarado2004/bakery-go/testutils/harness.go:248.2,248.9 1 0
github.com/calvarado2004/bakery-go/testutils/harness.go:249.23,251.21 2 0
github.com/calvarado2004/bakery-go/testutils/harness.go:252.29,253.73 1 0
github.com/calvarado2004/bakery-go/testutils/harness.go:258.63,260.2 1 0
github.com/calvarado2004/bakery-go/testutils/harness.go:263.67,265.2 1 0
github.com/calvarado2004/bakery-go/testutils/harness.go:268.86,270.16 2 0
github.com/calvarado2004/bakery-go/testutils/harness.go:270.16,272.3 1 0
github.com/calvarado2004/bakery-go/testutils/harness.go:273.2,274.53 2 0
github.com/calvarado2004/bakery-go/testutils/harness.go:274.53,276.3 1 0
github.com/calvarado2004/bakery-go/testutils/harness.go:277.2,277.20 1 0
github.com/calvarado2004/bakery-go/testutils/harness.go:281.89,283.16 2 0
github.com/calvarado2004/bakery-go/testutils/harness.go:283.16,285.3 1 0
github.com/calvarado2004/bakery-go/testutils/harness.go:286.2,287.53 2 0
github.com/calvarado2004/bakery-go/testutils/harness.go:287.53,292.53 2 0
github.com/calvarado2004/bakery-go/testutils/harness.go:292.53,294.4 1 0
github.com/calvarado2004/bakery-go/testutils/harness.go:295.3,295.24 1 0
github.com/calvarado2004/bakery-go/testutils/harness.go:297.2,297.20 1 0
github.com/calvarado2004/bakery-go/testutils/harness.go:307.95,309.16 2 0
github.com/calvarado2004/bakery-go/testutils/harness.go:309.16,311.3 1 0
github.com/calvarado2004/bakery-go/testutils/harness.go:312.2,313.60 2 0
github.com/calvarado2004/bakery-go/testutils/harness.go:313.60,315.3 1 0
github.com/calvarado2004/bakery-go/testutils/harness.go:316.2,316.27 1 0
github.com/calvarado2004/bakery-go/testutils/harness.go:320.42,322.16 2 0
github.com/calvarado2004/bakery-go/testutils/harness.go:322.16,324.3 1 0
github.com/calvarado2004/bakery-go/testutils/harness.go:325.2,325.26 1 0
github.com/calvarado2004/bakery-go/testutils/harness.go:325.26,326.64 1 0
github.com/calvarado2004/bakery-go/testutils/harness.go:326.64,328.4 1 0
github.com/calvarado2004/bakery-go/testutils/harness.go:329.3,330.46 2 0
github.com/calvarado2004/bakery-go/testutils/harness.go:330.46,332.4 1 0
github.com/calvarado2004/bakery-go/testutils/harness.go:333.3,333.11 1 0
github.com/calvarado2004/bakery-go/testutils/harness.go:335.2,336.11 2 0
github.com/calvarado2004/bakery-go/testutils/harness.go:340.52,361.78 6 0
github.com/calvarado2004/bakery-go/testutils/harness.go:361.78,363.3 1 0
github.com/calvarado2004/bakery-go/testutils/harness.go:366.2,377.78 3 0
github.com/calvarado2004/bakery-go/testutils/harness.go:377.78,379.3 1 0
github.com/calvarado2004/bakery-go/testutils/harness.go:381.2,381.12 1 0
github.com/calvarado2004/bakery-go/testutils/harness.go:385.66,387.34 2 0
github.com/calvarado2004/bakery-go/testutils/harness.go:387.34,389.17 2 0
github.com/calvarado2004/bakery-go/testutils/harness.go:389.17,392.4 2 0
github.com/calvarado2004/bakery-go/testutils/harness.go:393.3,393.30 1 0
github.com/calvarado2004/bakery-go/testutils/harness.go:395.2,395.59 1 0
github.com/calvarado2004/bakery-go/testutils/harness.go:399.39,408.16 6 0
github.com/calvarado2004/bakery-go/testutils/harness.go:408.16,410.3 1 0
github.com/calvarado2004/bakery-go/testutils/harness.go:411.2,411.63 1 0
github.com/calvarado2004/bakery-go/testutils/harness.go:411.63,413.3 1 0
github.com/calvarado2004/bakery-go/testutils/harness.go:416.2,418.16 3 0
github.com/calvarado2004/bakery-go/testutils/harness.go:418.16,420.3 1 0
github.com/calvarado2004/bakery-go/testutils/harness.go:421.2,421.63 1 0
github.com/calvarado2004/bakery-go/testutils/harness.go:421.63,423.3 1 0
github.com/calvarado2004/bakery-go/testutils/harness.go:425.2,425.12 1 0
github.com/calvarado2004/bakery-go/testutils/harness.go:429.69,438.2 5 0
github.com/calvarado2004/bakery-go/testutils/harness.go:441.68,449.2 5 0
github.com/calvarado2004/bakery-go/testutils/harness.go:452.72,460.2 5 0
github.com/calvarado2004/bakery-go/testutils/harness.go:463.63,471.2 5 0
github.com/calvarado2004/bakery-go/testutils/harness.go:474.71,483.2 5 0
