mode: atomic
github.com/calvarado2004/bakery-go/pkg/resilience/circuit_breaker.go:28.32,29.11 1 4
github.com/calvarado2004/bakery-go/pkg/resilience/circuit_breaker.go:30.19,31.18 1 1
github.com/calvarado2004/bakery-go/pkg/resilience/circuit_breaker.go:32.17,33.16 1 1
github.com/calvarado2004/bakery-go/pkg/resilience/circuit_breaker.go:34.21,35.21 1 1
github.com/calvarado2004/bakery-go/pkg/resilience/circuit_breaker.go:36.10,37.19 1 1
github.com/calvarado2004/bakery-go/pkg/resilience/circuit_breaker.go:77.54,78.32 1 13
github.com/calvarado2004/bakery-go/pkg/resilience/circuit_breaker.go:78.32,80.3 1 2
github.com/calvarado2004/bakery-go/pkg/resilience/circuit_breaker.go:81.2,81.28 1 13
github.com/calvarado2004/bakery-go/pkg/resilience/circuit_breaker.go:81.28,83.3 1 3
github.com/calvarado2004/bakery-go/pkg/resilience/circuit_breaker.go:84.2,88.3 1 13
github.com/calvarado2004/bakery-go/pkg/resilience/circuit_breaker.go:94.76,98.18 3 32
github.com/calvarado2004/bakery-go/pkg/resilience/circuit_breaker.go:99.19,100.17 1 14
github.com/calvarado2004/bakery-go/pkg/resilience/circuit_breaker.go:102.17,104.31 2 17
github.com/calvarado2004/bakery-go/pkg/resilience/circuit_breaker.go:104.31,107.4 2 4
github.com/calvarado2004/bakery-go/pkg/resilience/circuit_breaker.go:108.3,108.40 1 13
github.com/calvarado2004/bakery-go/pkg/resilience/circuit_breaker.go:110.21,112.26 1 1
github.com/calvarado2004/bakery-go/pkg/resilience/circuit_breaker.go:112.26,114.4 1 0
github.com/calvarado2004/bakery-go/pkg/resilience/circuit_breaker.go:115.3,115.17 1 1
github.com/calvarado2004/bakery-go/pkg/resilience/circuit_breaker.go:117.10,118.18 1 0
github.com/calvarado2004/bakery-go/pkg/resilience/circuit_breaker.go:124.43,128.31 3 21
github.com/calvarado2004/bakery-go/pkg/resilience/circuit_breaker.go:128.31,133.3 4 1
github.com/calvarado2004/bakery-go/pkg/resilience/circuit_breaker.go:138.43,144.18 4 41
github.com/calvarado2004/bakery-go/pkg/resilience/circuit_breaker.go:145.21,149.22 4 1
github.com/calvarado2004/bakery-go/pkg/resilience/circuit_breaker.go:151.19,153.45 2 30
github.com/calvarado2004/bakery-go/pkg/resilience/circuit_breaker.go:153.45,158.4 3 9
github.com/calvarado2004/bakery-go/pkg/resilience/circuit_breaker.go:160.17,161.20 1 10
github.com/calvarado2004/bakery-go/pkg/resilience/circuit_breaker.go:166.41,170.2 3 7
github.com/calvarado2004/bakery-go/pkg/resilience/circuit_breaker.go:199.68,203.57 3 6
github.com/calvarado2004/bakery-go/pkg/resilience/circuit_breaker.go:203.57,205.32 1 13
github.com/calvarado2004/bakery-go/pkg/resilience/circuit_breaker.go:205.32,207.16 2 5
github.com/calvarado2004/bakery-go/pkg/resilience/circuit_breaker.go:207.16,211.5 2 2
github.com/calvarado2004/bakery-go/pkg/resilience/circuit_breaker.go:214.3,215.21 2 11
github.com/calvarado2004/bakery-go/pkg/resilience/circuit_breaker.go:215.21,216.33 1 2
github.com/calvarado2004/bakery-go/pkg/resilience/circuit_breaker.go:216.33,218.5 1 0
github.com/calvarado2004/bakery-go/pkg/resilience/circuit_breaker.go:219.4,219.14 1 2
github.com/calvarado2004/bakery-go/pkg/resilience/circuit_breaker.go:223.3,223.32 1 9
github.com/calvarado2004/bakery-go/pkg/resilience/circuit_breaker.go:223.32,225.4 1 3
github.com/calvarado2004/bakery-go/pkg/resilience/circuit_breaker.go:227.3,227.31 1 9
github.com/calvarado2004/bakery-go/pkg/resilience/circuit_breaker.go:227.31,233.11 2 8
github.com/calvarado2004/bakery-go/pkg/resilience/circuit_breaker.go:234.22,235.21 1 1
github.com/calvarado2004/bakery-go/pkg/resilience/circuit_breaker.go:236.29,236.29 0 7
github.com/calvarado2004/bakery-go/pkg/resilience/circuit_breaker.go:239.4,240.28 2 7
github.com/calvarado2004/bakery-go/pkg/resilience/circuit_breaker.go:240.28,242.5 1 0
github.com/calvarado2004/bakery-go/pkg/resilience/circuit_breaker.go:246.2,246.78 1 1
github.com/calvarado2004/bakery-go/pkg/resilience/circuit_breaker.go:264.63,271.2 1 11
github.com/calvarado2004/bakery-go/pkg/resilience/circuit_breaker.go:274.37,281.30 6 136
github.com/calvarado2004/bakery-go/pkg/resilience/circuit_breaker.go:281.30,283.3 1 12
github.com/calvarado2004/bakery-go/pkg/resilience/circuit_breaker.go:284.2,286.20 2 136
github.com/calvarado2004/bakery-go/pkg/resilience/circuit_breaker.go:286.20,289.3 2 80
github.com/calvarado2004/bakery-go/pkg/resilience/circuit_breaker.go:290.2,290.14 1 56
github.com/calvarado2004/bakery-go/pkg/resilience/circuit_breaker.go:304.77,310.2 1 5
github.com/calvarado2004/bakery-go/pkg/resilience/circuit_breaker.go:313.46,316.13 3 109
github.com/calvarado2004/bakery-go/pkg/resilience/circuit_breaker.go:316.13,319.3 2 6
github.com/calvarado2004/bakery-go/pkg/resilience/circuit_breaker.go:320.2,321.19 2 109
github.com/calvarado2004/bakery-go/buyers/main.go:31.13,39.16 3 0
github.com/calvarado2004/bakery-go/buyers/main.go:39.16,41.3 1 0
github.com/calvarado2004/bakery-go/buyers/main.go:43.2,48.40 2 0
github.com/calvarado2004/bakery-go/buyers/main.go:48.40,51.17 3 0
github.com/calvarado2004/bakery-go/buyers/main.go:51.17,53.4 1 0
github.com/calvarado2004/bakery-go/buyers/main.go:56.2,56.6 1 0
github.com/calvarado2004/bakery-go/buyers/main.go:56.6,78.13 15 0
github.com/calvarado2004/bakery-go/buyers/main.go:78.13,82.4 3 0
github.com/calvarado2004/bakery-go/buyers/main.go:84.3,84.10 1 0
github.com/calvarado2004/bakery-go/buyers/main.go:85.21,91.74 5 0
github.com/calvarado2004/bakery-go/buyers/main.go:92.25,95.12 3 0
github.com/calvarado2004/bakery-go/buyers/main.go:102.176,105.6 1 7
github.com/calvarado2004/bakery-go/buyers/main.go:105.6,106.10 1 12
github.com/calvarado2004/bakery-go/buyers/main.go:107.23,206.44 12 6
github.com/calvarado2004/bakery-go/buyers/main.go:206.44,208.5 1 42
github.com/calvarado2004/bakery-go/buyers/main.go:210.4,211.18 2 6
github.com/calvarado2004/bakery-go/buyers/main.go:211.18,215.5 3 1
github.com/calvarado2004/bakery-go/buyers/main.go:217.4,223.19 3 5
github.com/calvarado2004/bakery-go/buyers/main.go:230.155,237.16 3 8
github.com/calvarado2004/bakery-go/buyers/main.go:237.16,241.3 3 1
github.com/calvarado2004/bakery-go/buyers/main.go:244.2,244.6 1 7
github.com/calvarado2004/bakery-go/buyers/main.go:244.6,246.10 2 7
github.com/calvarado2004/bakery-go/buyers/main.go:247.26,249.8 1 7
github.com/calvarado2004/bakery-go/buyers/main.go:249.8,252.22 3 11
github.com/calvarado2004/bakery-go/buyers/main.go:252.22,257.6 3 3
github.com/calvarado2004/bakery-go/buyers/main.go:258.5,258.19 1 8
github.com/calvarado2004/bakery-go/buyers/main.go:258.19,262.6 3 4
github.com/calvarado2004/bakery-go/buyers/main.go:265.5,265.120 1 4
github.com/calvarado2004/bakery-go/buyers/main.go:268.21,271.10 2 0
github.com/calvarado2004/bakery-go/makers/main.go:45.64,47.2 1 0
github.com/calvarado2004/bakery-go/makers/main.go:61.61,62.19 1 17
github.com/calvarado2004/bakery-go/makers/main.go:62.19,64.3 1 14
github.com/calvarado2004/bakery-go/makers/main.go:65.2,69.3 1 17
github.com/calvarado2004/bakery-go/makers/main.go:74.72,76.12 2 2
github.com/calvarado2004/bakery-go/makers/main.go:76.12,79.3 2 2
github.com/calvarado2004/bakery-go/makers/main.go:83.32,84.26 1 3
github.com/calvarado2004/bakery-go/makers/main.go:84.26,86.3 1 1
github.com/calvarado2004/bakery-go/makers/main.go:87.2,87.17 1 2
github.com/calvarado2004/bakery-go/makers/main.go:90.62,93.32 2 2
github.com/calvarado2004/bakery-go/makers/main.go:93.32,95.48 2 2
github.com/calvarado2004/bakery-go/makers/main.go:95.48,97.11 2 2
github.com/calvarado2004/bakery-go/makers/main.go:98.22,99.11 1 0
github.com/calvarado2004/bakery-go/makers/main.go:100.20,101.11 1 2
github.com/calvarado2004/bakery-go/makers/main.go:102.38,103.13 1 0
github.com/calvarado2004/bakery-go/makers/main.go:108.3,109.10 2 0
github.com/calvarado2004/bakery-go/makers/main.go:110.21,111.10 1 0
github.com/calvarado2004/bakery-go/makers/main.go:112.19,113.10 1 0
github.com/calvarado2004/bakery-go/makers/main.go:114.37,114.37 0 0
github.com/calvarado2004/bakery-go/makers/main.go:119.68,123.16 3 2
github.com/calvarado2004/bakery-go/makers/main.go:123.16,125.3 1 2
github.com/calvarado2004/bakery-go/makers/main.go:126.2,129.16 3 0
github.com/calvarado2004/bakery-go/makers/main.go:129.16,131.3 1 0
github.com/calvarado2004/bakery-go/makers/main.go:132.2,137.44 4 0
github.com/calvarado2004/bakery-go/makers/main.go:137.44,139.3 1 0
github.com/calvarado2004/bakery-go/makers/main.go:141.2,144.16 2 0
github.com/calvarado2004/bakery-go/makers/main.go:144.16,146.3 1 0
github.com/calvarado2004/bakery-go/makers/main.go:148.2,155.16 3 0
github.com/calvarado2004/bakery-go/makers/main.go:155.16,157.3 1 0
github.com/calvarado2004/bakery-go/makers/main.go:159.2,161.30 2 0
github.com/calvarado2004/bakery-go/makers/main.go:161.30,163.39 2 0
github.com/calvarado2004/bakery-go/makers/main.go:163.39,165.71 2 0
github.com/calvarado2004/bakery-go/makers/main.go:165.71,167.62 2 0
github.com/calvarado2004/bakery-go/makers/main.go:167.62,169.6 1 0
github.com/calvarado2004/bakery-go/makers/main.go:170.10,171.53 1 0
github.com/calvarado2004/bakery-go/makers/main.go:171.53,173.6 1 0
github.com/calvarado2004/bakery-go/makers/main.go:177.3,177.10 1 0
github.com/calvarado2004/bakery-go/makers/main.go:178.21,179.9 1 0
github.com/calvarado2004/bakery-go/makers/main.go:180.11,180.11 0 0
github.com/calvarado2004/bakery-go/makers/main.go:184.2,185.12 2 0
github.com/calvarado2004/bakery-go/makers/main.go:190.90,192.50 2 0
github.com/calvarado2004/bakery-go/makers/main.go:192.50,194.3 1 0
github.com/calvarado2004/bakery-go/makers/main.go:196.2,203.16 4 0
github.com/calvarado2004/bakery-go/makers/main.go:203.16,205.3 1 0
github.com/calvarado2004/bakery-go/makers/main.go:207.2,216.18 1 0
github.com/calvarado2004/bakery-go/makers/main.go:216.18,218.3 1 0
github.com/calvarado2004/bakery-go/makers/main.go:220.2,221.12 2 0
github.com/calvarado2004/bakery-go/makers/main.go:226.89,228.50 2 18
github.com/calvarado2004/bakery-go/makers/main.go:228.50,230.3 1 6
github.com/calvarado2004/bakery-go/makers/main.go:232.2,237.8 2 12
github.com/calvarado2004/bakery-go/makers/main.go:241.13,269.2 17 0
github.com/calvarado2004/bakery-go/data/models.go:26.62,31.2 2 14
github.com/calvarado2004/bakery-go/data/models.go:35.49,37.2 1 0
github.com/calvarado2004/bakery-go/data/models.go:41.51,43.2 1 0
github.com/calvarado2004/bakery-go/data/models.go:143.90,150.16 5 0
github.com/calvarado2004/bakery-go/data/models.go:150.16,152.3 1 0
github.com/calvarado2004/bakery-go/data/models.go:154.2,154.12 1 0
github.com/calvarado2004/bakery-go/data/models.go:158.78,166.16 6 0
github.com/calvarado2004/bakery-go/data/models.go:166.16,167.36 1 0
github.com/calvarado2004/bakery-go/data/models.go:167.36,169.4 1 0
github.com/calvarado2004/bakery-go/data/models.go:170.3,171.16 2 0
github.com/calvarado2004/bakery-go/data/models.go:174.2,174.18 1 0
github.com/calvarado2004/bakery-go/data/models.go:174.18,176.3 1 0
github.com/calvarado2004/bakery-go/data/models.go:178.2,178.27 1 0
github.com/calvarado2004/bakery-go/data/models.go:181.77,187.16 4 4
github.com/calvarado2004/bakery-go/data/models.go:187.16,189.3 1 0
github.com/calvarado2004/bakery-go/data/models.go:191.2,202.16 4 4
github.com/calvarado2004/bakery-go/data/models.go:202.16,205.3 2 0
github.com/calvarado2004/bakery-go/data/models.go:207.2,207.19 1 4
github.com/calvarado2004/bakery-go/data/models.go:210.68,230.16 6 3
github.com/calvarado2004/bakery-go/data/models.go:230.16,233.3 2 0
github.com/calvarado2004/bakery-go/data/models.go:235.2,235.19 1 3
github.com/calvarado2004/bakery-go/data/models.go:238.78,253.16 6 2
github.com/calvarado2004/bakery-go/data/models.go:253.16,256.3 2 0
github.com/calvarado2004/bakery-go/data/models.go:258.2,258.19 1 2
github.com/calvarado2004/bakery-go/data/models.go:264.90,269.16 4 0
github.com/calvarado2004/bakery-go/data/models.go:269.16,272.3 2 0
github.com/calvarado2004/bakery-go/data/models.go:273.2,281.16 5 0
github.com/calvarado2004/bakery-go/data/models.go:281.16,284.3 2 0
github.com/calvarado2004/bakery-go/data/models.go:286.2,286.31 1 0
github.com/calvarado2004/bakery-go/data/models.go:286.31,290.17 3 0
github.com/calvarado2004/bakery-go/data/models.go:290.17,293.4 2 0
github.com/calvarado2004/bakery-go/data/models.go:296.2,296.35 1 0
github.com/calvarado2004/bakery-go/data/models.go:296.35,299.3 2 0
github.com/calvarado2004/bakery-go/data/models.go:301.2,301.19 1 0
github.com/calvarado2004/bakery-go/data/models.go:306.92,311.16 4 0
github.com/calvarado2004/bakery-go/data/models.go:311.16,314.3 2 0
github.com/calvarado2004/bakery-go/data/models.go:315.2,324.16 5 0
github.com/calvarado2004/bakery-go/data/models.go:324.16,327.3 2 0
github.com/calvarado2004/bakery-go/data/models.go:329.2,329.31 1 0
github.com/calvarado2004/bakery-go/data/models.go:329.31,333.17 3 0
github.com/calvarado2004/bakery-go/data/models.go:333.17,336.4 2 0
github.com/calvarado2004/bakery-go/data/models.go:338.3,339.17 2 0
github.com/calvarado2004/bakery-go/data/models.go:339.17,342.4 2 0
github.com/calvarado2004/bakery-go/data/models.go:345.2,345.35 1 0
github.com/calvarado2004/bakery-go/data/models.go:345.35,348.3 2 0
github.com/calvarado2004/bakery-go/data/models.go:350.2,350.19 1 0
github.com/calvarado2004/bakery-go/data/models.go:354.97,368.16 9 4
github.com/calvarado2004/bakery-go/data/models.go:368.16,372.3 3 0
github.com/calvarado2004/bakery-go/data/models.go:375.2,379.21 3 4
github.com/calvarado2004/bakery-go/data/models.go:379.21,382.3 1 2
github.com/calvarado2004/bakery-go/data/models.go:384.2,384.23 1 2
github.com/calvarado2004/bakery-go/data/models.go:384.23,388.3 3 0
github.com/calvarado2004/bakery-go/data/models.go:391.2,393.16 3 2
github.com/calvarado2004/bakery-go/data/models.go:393.16,395.54 2 0
github.com/calvarado2004/bakery-go/data/models.go:395.54,398.4 1 0
github.com/calvarado2004/bakery-go/data/models.go:399.3,401.25 3 0
github.com/calvarado2004/bakery-go/data/models.go:404.2,404.24 1 2
github.com/calvarado2004/bakery-go/data/models.go:407.84,414.16 5 2
github.com/calvarado2004/bakery-go/data/models.go:414.16,417.3 2 0
github.com/calvarado2004/bakery-go/data/models.go:419.2,419.12 1 2
github.com/calvarado2004/bakery-go/data/models.go:439.67,444.16 4 0
github.com/calvarado2004/bakery-go/data/models.go:444.16,446.3 1 0
github.com/calvarado2004/bakery-go/data/models.go:447.2,453.41 4 0
github.com/calvarado2004/bakery-go/data/models.go:453.41,453.79 1 0
github.com/calvarado2004/bakery-go/data/models.go:455.2,459.31 4 0
github.com/calvarado2004/bakery-go/data/models.go:459.31,468.17 4 0
github.com/calvarado2004/bakery-go/data/models.go:468.17,470.4 1 0
github.com/calvarado2004/bakery-go/data/models.go:472.3,472.22 1 0
github.com/calvarado2004/bakery-go/data/models.go:472.22,474.56 1 0
github.com/calvarado2004/bakery-go/data/models.go:474.56,480.19 2 0
github.com/calvarado2004/bakery-go/data/models.go:480.19,482.6 1 0
github.com/calvarado2004/bakery-go/data/models.go:483.5,484.43 1 0
github.com/calvarado2004/bakery-go/data/models.go:485.10,492.19 3 0
github.com/calvarado2004/bakery-go/data/models.go:492.19,494.6 1 0
github.com/calvarado2004/bakery-go/data/models.go:495.5,495.75 1 0
github.com/calvarado2004/bakery-go/data/models.go:497.4,497.12 1 0
github.com/calvarado2004/bakery-go/data/models.go:501.3,502.30 2 0
github.com/calvarado2004/bakery-go/data/models.go:502.30,504.4 1 0
github.com/calvarado2004/bakery-go/data/models.go:507.3,511.17 2 0
github.com/calvarado2004/bakery-go/data/models.go:511.17,513.4 1 0
github.com/calvarado2004/bakery-go/data/models.go:516.3,517.34 2 0
github.com/calvarado2004/bakery-go/data/models.go:517.34,519.4 1 0
github.com/calvarado2004/bakery-go/data/models.go:520.3,525.17 2 0
github.com/calvarado2004/bakery-go/data/models.go:525.17,527.4 1 0
github.com/calvarado2004/bakery-go/data/models.go:529.3,530.97 2 0
github.com/calvarado2004/bakery-go/data/models.go:534.2,535.40 2 0
github.com/calvarado2004/bakery-go/data/models.go:535.40,537.3 1 0
github.com/calvarado2004/bakery-go/data/models.go:537.8,537.67 1 0
github.com/calvarado2004/bakery-go/data/models.go:537.67,539.3 1 0
github.com/calvarado2004/bakery-go/data/models.go:539.8,539.31 1 0
github.com/calvarado2004/bakery-go/data/models.go:539.31,541.3 1 0
github.com/calvarado2004/bakery-go/data/models.go:541.8,543.3 1 0
github.com/calvarado2004/bakery-go/data/models.go:545.2,549.16 2 0
github.com/calvarado2004/bakery-go/data/models.go:549.16,551.3 1 0
github.com/calvarado2004/bakery-go/data/models.go:553.2,553.20 1 0
github.com/calvarado2004/bakery-go/data/models.go:560.91,565.16 4 0
github.com/calvarado2004/bakery-go/data/models.go:565.16,567.3 1 0
github.com/calvarado2004/bakery-go/data/models.go:568.2,576.16 4 0
github.com/calvarado2004/bakery-go/data/models.go:576.16,578.3 1 0
github.com/calvarado2004/bakery-go/data/models.go:581.2,582.28 2 0
github.com/calvarado2004/bakery-go/data/models.go:582.28,584.3 1 0
github.com/calvarado2004/bakery-go/data/models.go:586.2,586.20 1 0
github.com/calvarado2004/bakery-go/data/models.go:586.20,588.3 1 0
github.com/calvarado2004/bakery-go/data/models.go:591.2,595.16 2 0
github.com/calvarado2004/bakery-go/data/models.go:595.16,597.3 1 0
github.com/calvarado2004/bakery-go/data/models.go:599.2,599.35 1 0
github.com/calvarado2004/bakery-go/data/models.go:599.35,601.3 1 0
github.com/calvarado2004/bakery-go/data/models.go:603.2,604.23 2 0
github.com/calvarado2004/bakery-go/data/models.go:607.97,609.16 2 3
github.com/calvarado2004/bakery-go/data/models.go:609.16,610.10 1 1
github.com/calvarado2004/bakery-go/data/models.go:611.60,613.21 1 1
github.com/calvarado2004/bakery-go/data/models.go:614.11,616.21 2 0
github.com/calvarado2004/bakery-go/data/models.go:620.2,620.18 1 2
github.com/calvarado2004/bakery-go/data/models.go:624.67,632.16 5 10
github.com/calvarado2004/bakery-go/data/models.go:632.16,635.3 2 0
github.com/calvarado2004/bakery-go/data/models.go:637.2,637.29 1 10
github.com/calvarado2004/bakery-go/data/models.go:637.29,639.17 2 10
github.com/calvarado2004/bakery-go/data/models.go:639.17,642.4 2 0
github.com/calvarado2004/bakery-go/data/models.go:645.2,647.18 2 10
github.com/calvarado2004/bakery-go/data/models.go:647.18,662.17 4 72
github.com/calvarado2004/bakery-go/data/models.go:662.17,665.4 2 0
github.com/calvarado2004/bakery-go/data/models.go:666.3,666.18 1 72
github.com/calvarado2004/bakery-go/data/models.go:666.18,668.4 1 72
github.com/calvarado2004/bakery-go/data/models.go:668.9,670.4 1 0
github.com/calvarado2004/bakery-go/data/models.go:672.3,672.33 1 72
github.com/calvarado2004/bakery-go/data/models.go:675.2,675.20 1 10
github.com/calvarado2004/bakery-go/data/models.go:678.81,698.16 6 5
github.com/calvarado2004/bakery-go/data/models.go:698.16,701.3 2 1
github.com/calvarado2004/bakery-go/data/models.go:702.2,702.17 1 4
github.com/calvarado2004/bakery-go/data/models.go:702.17,704.3 1 4
github.com/calvarado2004/bakery-go/data/models.go:704.8,706.3 1 0
github.com/calvarado2004/bakery-go/data/models.go:708.2,708.19 1 4
github.com/calvarado2004/bakery-go/data/models.go:711.89,724.16 5 0
github.com/calvarado2004/bakery-go/data/models.go:724.16,727.3 2 0
github.com/calvarado2004/bakery-go/data/models.go:729.2,732.16 3 0
github.com/calvarado2004/bakery-go/data/models.go:732.16,735.3 2 0
github.com/calvarado2004/bakery-go/data/models.go:737.2,737.29 1 0
github.com/calvarado2004/bakery-go/data/models.go:737.29,739.17 2 0
github.com/calvarado2004/bakery-go/data/models.go:739.17,741.4 1 0
github.com/calvarado2004/bakery-go/data/models.go:744.2,746.18 2 0
github.com/calvarado2004/bakery-go/data/models.go:746.18,749.17 3 0
github.com/calvarado2004/bakery-go/data/models.go:749.17,752.4 2 0
github.com/calvarado2004/bakery-go/data/models.go:754.3,755.17 2 0
github.com/calvarado2004/bakery-go/data/models.go:755.17,758.4 2 0
github.com/calvarado2004/bakery-go/data/models.go:760.3,761.33 2 0
github.com/calvarado2004/bakery-go/data/models.go:764.2,766.19 2 0
github.com/calvarado2004/bakery-go/data/models.go:769.87,783.16 5 0
github.com/calvarado2004/bakery-go/data/models.go:783.16,786.3 2 0
github.com/calvarado2004/bakery-go/data/models.go:788.2,791.16 3 0
github.com/calvarado2004/bakery-go/data/models.go:791.16,794.3 2 0
github.com/calvarado2004/bakery-go/data/models.go:796.2,796.29 1 0
github.com/calvarado2004/bakery-go/data/models.go:796.29,798.17 2 0
github.com/calvarado2004/bakery-go/data/models.go:798.17,800.4 1 0
github.com/calvarado2004/bakery-go/data/models.go:803.2,805.18 2 0
github.com/calvarado2004/bakery-go/data/models.go:805.18,809.17 4 0
github.com/calvarado2004/bakery-go/data/models.go:809.17,812.4 2 0
github.com/calvarado2004/bakery-go/data/models.go:814.3,818.5 1 0
github.com/calvarado2004/bakery-go/data/models.go:821.2,823.19 2 0
github.com/calvarado2004/bakery-go/data/models.go:826.94,840.16 5 0
github.com/calvarado2004/bakery-go/data/models.go:840.16,841.36 1 0
github.com/calvarado2004/bakery-go/data/models.go:841.36,843.4 1 0
github.com/calvarado2004/bakery-go/data/models.go:844.3,845.20 2 0
github.com/calvarado2004/bakery-go/data/models.go:847.2,852.16 4 0
github.com/calvarado2004/bakery-go/data/models.go:852.16,855.3 2 0
github.com/calvarado2004/bakery-go/data/models.go:857.2,857.29 1 0
github.com/calvarado2004/bakery-go/data/models.go:857.29,859.17 2 0
github.com/calvarado2004/bakery-go/data/models.go:859.17,861.4 1 0
github.com/calvarado2004/bakery-go/data/models.go:864.2,866.18 2 0
github.com/calvarado2004/bakery-go/data/models.go:866.18,870.17 4 0
github.com/calvarado2004/bakery-go/data/models.go:870.17,873.4 2 0
github.com/calvarado2004/bakery-go/data/models.go:875.3,879.5 1 0
github.com/calvarado2004/bakery-go/data/models.go:882.2,884.19 2 0
github.com/calvarado2004/bakery-go/data/models.go:889.79,897.16 5 1
github.com/calvarado2004/bakery-go/data/models.go:897.16,900.3 2 0
github.com/calvarado2004/bakery-go/data/models.go:902.2,902.29 1 1
github.com/calvarado2004/bakery-go/data/models.go:902.29,904.17 2 1
github.com/calvarado2004/bakery-go/data/models.go:904.17,906.4 1 0
github.com/calvarado2004/bakery-go/data/models.go:909.2,909.18 1 1
github.com/calvarado2004/bakery-go/data/models.go:909.18,912.17 3 0
github.com/calvarado2004/bakery-go/data/models.go:912.17,915.4 2 0
github.com/calvarado2004/bakery-go/data/models.go:916.3,921.17 4 0
github.com/calvarado2004/bakery-go/data/models.go:921.17,924.4 2 0
github.com/calvarado2004/bakery-go/data/models.go:926.3,928.25 2 0
github.com/calvarado2004/bakery-go/data/models.go:928.25,932.18 4 0
github.com/calvarado2004/bakery-go/data/models.go:932.18,936.5 3 0
github.com/calvarado2004/bakery-go/data/models.go:938.4,942.6 1 0
github.com/calvarado2004/bakery-go/data/models.go:944.3,947.33 3 0
github.com/calvarado2004/bakery-go/data/models.go:950.2,950.20 1 1
github.com/calvarado2004/bakery-go/data/models.go:957.79,963.16 5 2
github.com/calvarado2004/bakery-go/data/models.go:963.16,966.3 2 0
github.com/calvarado2004/bakery-go/data/models.go:968.2,968.12 1 2
github.com/calvarado2004/bakery-go/data/models.go:974.86,982.16 5 3
github.com/calvarado2004/bakery-go/data/models.go:982.16,985.3 2 0
github.com/calvarado2004/bakery-go/data/models.go:986.2,986.29 1 3
github.com/calvarado2004/bakery-go/data/models.go:986.29,988.17 2 3
github.com/calvarado2004/bakery-go/data/models.go:988.17,990.4 1 0
github.com/calvarado2004/bakery-go/data/models.go:993.2,994.18 2 3
github.com/calvarado2004/bakery-go/data/models.go:994.18,996.85 2 2
github.com/calvarado2004/bakery-go/data/models.go:996.85,999.4 2 0
github.com/calvarado2004/bakery-go/data/models.go:1000.3,1000.35 1 2
github.com/calvarado2004/bakery-go/data/models.go:1002.2,1002.35 1 3
github.com/calvarado2004/bakery-go/data/models.go:1002.35,1005.3 2 0
github.com/calvarado2004/bakery-go/data/models.go:1007.2,1007.22 1 3
github.com/calvarado2004/bakery-go/data/models.go:1019.75,1038.16 6 0
github.com/calvarado2004/bakery-go/data/models.go:1038.16,1039.27 1 0
github.com/calvarado2004/bakery-go/data/models.go:1039.27,1041.4 1 0
github.com/calvarado2004/bakery-go/data/models.go:1042.3,1043.18 2 0
github.com/calvarado2004/bakery-go/data/models.go:1046.2,1046.18 1 0
github.com/calvarado2004/bakery-go/data/models.go:1050.64,1058.16 5 1
github.com/calvarado2004/bakery-go/data/models.go:1058.16,1060.3 1 0
github.com/calvarado2004/bakery-go/data/models.go:1062.2,1062.12 1 1
github.com/calvarado2004/bakery-go/data/models.go:1066.68,1073.16 5 7
github.com/calvarado2004/bakery-go/data/models.go:1073.16,1076.3 2 0
github.com/calvarado2004/bakery-go/data/models.go:1077.2,1077.29 1 7
github.com/calvarado2004/bakery-go/data/models.go:1077.29,1079.17 2 7
github.com/calvarado2004/bakery-go/data/models.go:1079.17,1081.4 1 0
github.com/calvarado2004/bakery-go/data/models.go:1084.2,1085.18 2 7
github.com/calvarado2004/bakery-go/data/models.go:1085.18,1088.17 3 0
github.com/calvarado2004/bakery-go/data/models.go:1088.17,1091.4 2 0
github.com/calvarado2004/bakery-go/data/models.go:1092.3,1092.42 1 0
github.com/calvarado2004/bakery-go/data/models.go:1095.2,1095.23 1 7
github.com/calvarado2004/bakery-go/data/models.go:1099.72,1106.16 5 4
github.com/calvarado2004/bakery-go/data/models.go:1106.16,1109.3 2 0
github.com/calvarado2004/bakery-go/data/models.go:1110.2,1110.29 1 4
github.com/calvarado2004/bakery-go/data/models.go:1110.29,1112.17 2 4
github.com/calvarado2004/bakery-go/data/models.go:1112.17,1114.4 1 0
github.com/calvarado2004/bakery-go/data/models.go:1117.2,1118.18 2 4
github.com/calvarado2004/bakery-go/data/models.go:1118.18,1121.17 3 2
github.com/calvarado2004/bakery-go/data/models.go:1121.17,1124.4 2 0
github.com/calvarado2004/bakery-go/data/models.go:1125.3,1125.33 1 2
github.com/calvarado2004/bakery-go/data/models.go:1128.2,1128.20 1 4
github.com/calvarado2004/bakery-go/data/models.go:1132.75,1140.16 5 1
github.com/calvarado2004/bakery-go/data/models.go:1140.16,1142.3 1 0
github.com/calvarado2004/bakery-go/data/models.go:1145.2,1146.16 2 1
github.com/calvarado2004/bakery-go/data/models.go:1146.16,1148.3 1 0
github.com/calvarado2004/bakery-go/data/models.go:1151.2,1152.16 2 1
github.com/calvarado2004/bakery-go/data/models.go:1152.16,1154.3 1 0
github.com/calvarado2004/bakery-go/data/models.go:1157.2,1158.16 2 1
github.com/calvarado2004/bakery-go/data/models.go:1158.16,1160.3 1 0
github.com/calvarado2004/bakery-go/data/models.go:1163.2,1164.16 2 1
github.com/calvarado2004/bakery-go/data/models.go:1164.16,1166.3 1 0
github.com/calvarado2004/bakery-go/data/models.go:1169.2,1170.16 2 1
github.com/calvarado2004/bakery-go/data/models.go:1170.16,1172.3 1 0
github.com/calvarado2004/bakery-go/data/models.go:1174.2,1174.19 1 1
github.com/calvarado2004/bakery-go/data/models.go:1178.61,1185.16 5 1
github.com/calvarado2004/bakery-go/data/models.go:1185.16,1188.3 2 0
github.com/calvarado2004/bakery-go/data/models.go:1190.2,1190.12 1 1
github.com/calvarado2004/bakery-go/data/models.go:1194.61,1201.16 5 1
github.com/calvarado2004/bakery-go/data/models.go:1201.16,1204.3 2 0
github.com/calvarado2004/bakery-go/data/models.go:1206.2,1206.12 1 1
github.com/calvarado2004/bakery-go/data/models.go:1210.79,1217.16 5 1
github.com/calvarado2004/bakery-go/data/models.go:1217.16,1220.3 2 0
github.com/calvarado2004/bakery-go/data/models.go:1221.2,1221.29 1 1
github.com/calvarado2004/bakery-go/data/models.go:1221.29,1223.17 2 1
github.com/calvarado2004/bakery-go/data/models.go:1223.17,1225.4 1 0
github.com/calvarado2004/bakery-go/data/models.go:1228.2,1229.18 2 1
github.com/calvarado2004/bakery-go/data/models.go:1229.18,1243.17 3 0
github.com/calvarado2004/bakery-go/data/models.go:1243.17,1246.4 2 0
github.com/calvarado2004/bakery-go/data/models.go:1247.3,1247.33 1 0
github.com/calvarado2004/bakery-go/data/models.go:1250.2,1250.20 1 1
github.com/calvarado2004/bakery-go/data/models.go:1254.84,1261.16 5 0
github.com/calvarado2004/bakery-go/data/models.go:1261.16,1264.3 2 0
github.com/calvarado2004/bakery-go/data/models.go:1265.2,1265.29 1 0
github.com/calvarado2004/bakery-go/data/models.go:1265.29,1267.17 2 0
github.com/calvarado2004/bakery-go/data/models.go:1267.17,1269.4 1 0
github.com/calvarado2004/bakery-go/data/models.go:1272.2,1273.18 2 0
github.com/calvarado2004/bakery-go/data/models.go:1273.18,1276.17 3 0
github.com/calvarado2004/bakery-go/data/models.go:1276.17,1279.4 2 0
github.com/calvarado2004/bakery-go/data/models.go:1282.3,1284.17 3 0
github.com/calvarado2004/bakery-go/data/models.go:1284.17,1286.12 2 0
github.com/calvarado2004/bakery-go/data/models.go:1289.3,1289.25 1 0
github.com/calvarado2004/bakery-go/data/models.go:1289.25,1293.18 4 0
github.com/calvarado2004/bakery-go/data/models.go:1293.18,1295.13 2 0
github.com/calvarado2004/bakery-go/data/models.go:1298.4,1302.6 1 0
github.com/calvarado2004/bakery-go/data/models.go:1304.3,1306.33 2 0
github.com/calvarado2004/bakery-go/data/models.go:1309.2,1309.20 1 0
github.com/calvarado2004/bakery-go/data/models.go:1313.79,1320.16 5 0
github.com/calvarado2004/bakery-go/data/models.go:1320.16,1323.3 2 0
github.com/calvarado2004/bakery-go/data/models.go:1324.2,1324.29 1 0
github.com/calvarado2004/bakery-go/data/models.go:1324.29,1326.17 2 0
github.com/calvarado2004/bakery-go/data/models.go:1326.17,1328.4 1 0
github.com/calvarado2004/bakery-go/data/models.go:1331.2,1332.18 2 0
github.com/calvarado2004/bakery-go/data/models.go:1332.18,1335.17 3 0
github.com/calvarado2004/bakery-go/data/models.go:1335.17,1338.4 2 0
github.com/calvarado2004/bakery-go/data/models.go:1341.3,1343.17 3 0
github.com/calvarado2004/bakery-go/data/models.go:1343.17,1345.12 2 0
github.com/calvarado2004/bakery-go/data/models.go:1348.3,1348.25 1 0
github.com/calvarado2004/bakery-go/data/models.go:1348.25,1351.18 3 0
github.com/calvarado2004/bakery-go/data/models.go:1351.18,1353.13 2 0
github.com/calvarado2004/bakery-go/data/models.go:1356.4,1357.18 2 0
github.com/calvarado2004/bakery-go/data/models.go:1357.18,1358.13 1 0
github.com/calvarado2004/bakery-go/data/models.go:1360.4,1361.46 2 0
github.com/calvarado2004/bakery-go/data/models.go:1363.3,1365.33 2 0
github.com/calvarado2004/bakery-go/data/models.go:1368.2,1368.20 1 0
github.com/calvarado2004/bakery-go/data/models.go:1372.80,1386.16 6 1
github.com/calvarado2004/bakery-go/data/models.go:1386.16,1389.3 2 0
github.com/calvarado2004/bakery-go/data/models.go:1391.2,1391.22 1 1
github.com/calvarado2004/bakery-go/data/models.go:1395.81,1409.16 6 1
github.com/calvarado2004/bakery-go/data/models.go:1409.16,1412.3 2 0
github.com/calvarado2004/bakery-go/data/models.go:1414.2,1414.19 1 1
github.com/calvarado2004/bakery-go/data/models.go:1418.70,1425.16 5 1
github.com/calvarado2004/bakery-go/data/models.go:1425.16,1428.3 2 0
github.com/calvarado2004/bakery-go/data/models.go:1429.2,1429.29 1 1
github.com/calvarado2004/bakery-go/data/models.go:1429.29,1431.17 2 1
github.com/calvarado2004/bakery-go/data/models.go:1431.17,1433.4 1 0
github.com/calvarado2004/bakery-go/data/models.go:1436.2,1437.18 2 1
github.com/calvarado2004/bakery-go/data/models.go:1437.18,1440.17 3 0
github.com/calvarado2004/bakery-go/data/models.go:1440.17,1443.4 2 0
github.com/calvarado2004/bakery-go/data/models.go:1446.3,1448.17 3 0
github.com/calvarado2004/bakery-go/data/models.go:1448.17,1450.12 2 0
github.com/calvarado2004/bakery-go/data/models.go:1453.3,1453.25 1 0
github.com/calvarado2004/bakery-go/data/models.go:1453.25,1456.18 3 0
github.com/calvarado2004/bakery-go/data/models.go:1456.18,1458.13 2 0
github.com/calvarado2004/bakery-go/data/models.go:1461.4,1462.18 2 0
github.com/calvarado2004/bakery-go/data/models.go:1462.18,1463.13 1 0
github.com/calvarado2004/bakery-go/data/models.go:1465.4,1466.46 2 0
github.com/calvarado2004/bakery-go/data/models.go:1468.3,1470.33 2 0
github.com/calvarado2004/bakery-go/data/models.go:1473.2,1473.20 1 1
github.com/calvarado2004/bakery-go/data/models.go:1477.89,1493.16 6 1
github.com/calvarado2004/bakery-go/data/models.go:1493.16,1496.3 2 0
github.com/calvarado2004/bakery-go/data/models.go:1498.2,1498.18 1 1
github.com/calvarado2004/bakery-go/data/models.go:1502.74,1518.16 6 1
github.com/calvarado2004/bakery-go/data/models.go:1518.16,1521.3 2 0
github.com/calvarado2004/bakery-go/data/models.go:1523.2,1523.18 1 1
github.com/calvarado2004/bakery-go/data/models.go:1527.75,1532.16 4 2
github.com/calvarado2004/bakery-go/data/models.go:1532.16,1534.3 1 0
github.com/calvarado2004/bakery-go/data/models.go:1536.2,1548.16 4 2
github.com/calvarado2004/bakery-go/data/models.go:1548.16,1551.3 2 0
github.com/calvarado2004/bakery-go/data/models.go:1553.2,1553.19 1 2
github.com/calvarado2004/bakery-go/data/models.go:1557.81,1572.16 6 3
github.com/calvarado2004/bakery-go/data/models.go:1572.16,1575.3 2 0
github.com/calvarado2004/bakery-go/data/models.go:1577.2,1577.22 1 3
github.com/calvarado2004/bakery-go/data/models.go:1581.74,1586.16 4 0
github.com/calvarado2004/bakery-go/data/models.go:1586.16,1589.3 2 0
github.com/calvarado2004/bakery-go/data/models.go:1590.2,1607.16 5 0
github.com/calvarado2004/bakery-go/data/models.go:1607.16,1610.3 2 0
github.com/calvarado2004/bakery-go/data/models.go:1612.2,1612.37 1 0
github.com/calvarado2004/bakery-go/data/models.go:1612.37,1615.17 3 0
github.com/calvarado2004/bakery-go/data/models.go:1615.17,1618.4 2 0
github.com/calvarado2004/bakery-go/data/models.go:1621.2,1621.35 1 0
github.com/calvarado2004/bakery-go/data/models.go:1621.35,1624.3 2 0
github.com/calvarado2004/bakery-go/data/models.go:1626.2,1626.19 1 0
github.com/calvarado2004/bakery-go/data/models.go:1630.70,1651.16 7 0
github.com/calvarado2004/bakery-go/data/models.go:1651.16,1654.3 2 0
github.com/calvarado2004/bakery-go/data/models.go:1656.2,1656.18 1 0
github.com/calvarado2004/bakery-go/data/models.go:1656.18,1658.3 1 0
github.com/calvarado2004/bakery-go/data/models.go:1661.2,1663.16 3 0
github.com/calvarado2004/bakery-go/data/models.go:1663.16,1666.3 2 0
github.com/calvarado2004/bakery-go/data/models.go:1667.2,1669.18 2 0
github.com/calvarado2004/bakery-go/data/models.go:1669.18,1672.17 3 0
github.com/calvarado2004/bakery-go/data/models.go:1672.17,1674.12 2 0
github.com/calvarado2004/bakery-go/data/models.go:1676.3,1676.46 1 0
github.com/calvarado2004/bakery-go/data/models.go:1679.2,1679.21 1 0
github.com/calvarado2004/bakery-go/data/models.go:1683.89,1690.16 5 0
github.com/calvarado2004/bakery-go/data/models.go:1690.16,1693.3 2 0
github.com/calvarado2004/bakery-go/data/models.go:1694.2,1697.18 3 0
github.com/calvarado2004/bakery-go/data/models.go:1697.18,1713.17 4 0
github.com/calvarado2004/bakery-go/data/models.go:1713.17,1715.12 2 0
github.com/calvarado2004/bakery-go/data/models.go:1717.3,1717.19 1 0
github.com/calvarado2004/bakery-go/data/models.go:1717.19,1719.4 1 0
github.com/calvarado2004/bakery-go/data/models.go:1720.3,1720.39 1 0
github.com/calvarado2004/bakery-go/data/models.go:1723.2,1723.22 1 0
github.com/calvarado2004/bakery-go/data/models.go:1727.66,1734.16 5 1
github.com/calvarado2004/bakery-go/data/models.go:1734.16,1737.3 2 0
github.com/calvarado2004/bakery-go/data/models.go:1738.2,1741.18 3 1
github.com/calvarado2004/bakery-go/data/models.go:1741.18,1757.17 4 0
github.com/calvarado2004/bakery-go/data/models.go:1757.17,1759.12 2 0
github.com/calvarado2004/bakery-go/data/models.go:1761.3,1761.19 1 0
github.com/calvarado2004/bakery-go/data/models.go:1761.19,1763.4 1 0
github.com/calvarado2004/bakery-go/data/models.go:1764.3,1764.39 1 0
github.com/calvarado2004/bakery-go/data/models.go:1767.2,1767.22 1 1
github.com/calvarado2004/bakery-go/data/models.go:1771.80,1792.16 7 0
github.com/calvarado2004/bakery-go/data/models.go:1792.16,1795.3 2 0
github.com/calvarado2004/bakery-go/data/models.go:1797.2,1797.18 1 0
github.com/calvarado2004/bakery-go/data/models.go:1797.18,1799.3 1 0
github.com/calvarado2004/bakery-go/data/models.go:1801.2,1801.21 1 0
github.com/calvarado2004/bakery-go/data/models.go:1812.95,1813.17 1 0
github.com/calvarado2004/bakery-go/data/models.go:1813.17,1815.3 1 0
github.com/calvarado2004/bakery-go/data/models.go:1818.2,1819.16 2 0
github.com/calvarado2004/bakery-go/data/models.go:1819.16,1821.3 1 0
github.com/calvarado2004/bakery-go/data/models.go:1821.8,1822.70 1 0
github.com/calvarado2004/bakery-go/data/models.go:1822.70,1825.4 2 0
github.com/calvarado2004/bakery-go/data/models.go:1825.9,1827.4 1 0
github.com/calvarado2004/bakery-go/data/models.go:1830.2,1833.20 3 0
github.com/calvarado2004/bakery-go/data/models.go:1833.20,1834.13 1 0
github.com/calvarado2004/bakery-go/data/models.go:1834.13,1835.8 1 0
github.com/calvarado2004/bakery-go/data/models.go:1835.8,1837.19 2 0
github.com/calvarado2004/bakery-go/data/models.go:1837.19,1840.6 2 0
github.com/calvarado2004/bakery-go/data/models.go:1841.5,1841.26 1 0
github.com/calvarado2004/bakery-go/data/models.go:1841.26,1844.6 2 0
github.com/calvarado2004/bakery-go/data/models.go:1850.2,1853.6 3 0
github.com/calvarado2004/bakery-go/data/models.go:1853.6,1854.10 1 0
github.com/calvarado2004/bakery-go/data/models.go:1855.21,1856.20 1 0
github.com/calvarado2004/bakery-go/data/models.go:1857.21,1859.14 2 0
github.com/calvarado2004/bakery-go/data/models.go:1860.31,1863.23 2 0
github.com/calvarado2004/bakery-go/data/models.go:1864.19,1866.79 2 0
github.com/calvarado2004/bakery-go/data/models.go:1866.79,1869.5 2 0
github.com/calvarado2004/bakery-go/data/models.go:1876.90,1885.16 6 0
github.com/calvarado2004/bakery-go/data/models.go:1885.16,1888.3 2 0
github.com/calvarado2004/bakery-go/data/models.go:1890.2,1891.19 2 0
github.com/calvarado2004/bakery-go/data/models.go:1896.92,1907.16 5 0
github.com/calvarado2004/bakery-go/data/models.go:1907.16,1910.3 2 0
github.com/calvarado2004/bakery-go/data/models.go:1911.2,1911.29 1 0
github.com/calvarado2004/bakery-go/data/models.go:1911.29,1913.17 2 0
github.com/calvarado2004/bakery-go/data/models.go:1913.17,1915.4 1 0
github.com/calvarado2004/bakery-go/data/models.go:1918.2,1919.18 2 0
github.com/calvarado2004/bakery-go/data/models.go:1919.18,1922.17 3 0
github.com/calvarado2004/bakery-go/data/models.go:1922.17,1925.4 2 0
github.com/calvarado2004/bakery-go/data/models.go:1926.3,1926.29 1 0
github.com/calvarado2004/bakery-go/data/models.go:1929.2,1929.20 1 0
github.com/calvarado2004/bakery-go/data/models.go:1933.88,1939.16 5 0
github.com/calvarado2004/bakery-go/data/models.go:1939.16,1942.3 2 0
github.com/calvarado2004/bakery-go/data/models.go:1944.2,1944.12 1 0
github.com/calvarado2004/bakery-go/data/test_models.go:9.68,13.2 1 19
github.com/calvarado2004/bakery-go/data/test_models.go:15.94,17.2 1 1
github.com/calvarado2004/bakery-go/data/test_models.go:19.82,22.2 1 1
github.com/calvarado2004/bakery-go/data/test_models.go:24.81,26.2 1 1
github.com/calvarado2004/bakery-go/data/test_models.go:28.72,30.2 1 1
github.com/calvarado2004/bakery-go/data/test_models.go:32.94,34.2 1 1
github.com/calvarado2004/bakery-go/data/test_models.go:36.82,38.2 1 1
github.com/calvarado2004/bakery-go/data/test_models.go:40.96,42.2 1 1
github.com/calvarado2004/bakery-go/data/test_models.go:44.101,47.2 1 1
github.com/calvarado2004/bakery-go/data/test_models.go:49.101,64.2 5 1
github.com/calvarado2004/bakery-go/data/test_models.go:66.88,81.2 5 1
github.com/calvarado2004/bakery-go/data/test_models.go:83.71,94.2 3 1
github.com/calvarado2004/bakery-go/data/test_models.go:96.85,108.2 3 1
github.com/calvarado2004/bakery-go/data/test_models.go:110.93,120.2 3 1
github.com/calvarado2004/bakery-go/data/test_models.go:122.91,149.2 6 1
github.com/calvarado2004/bakery-go/data/test_models.go:151.98,179.2 6 1
github.com/calvarado2004/bakery-go/data/test_models.go:181.83,212.2 7 1
github.com/calvarado2004/bakery-go/data/test_models.go:214.68,216.2 1 1
github.com/calvarado2004/bakery-go/data/test_models.go:218.79,220.2 1 0
github.com/calvarado2004/bakery-go/data/test_models.go:222.90,224.2 1 0
github.com/calvarado2004/bakery-go/data/test_models.go:226.79,237.2 3 0
github.com/calvarado2004/bakery-go/data/test_models.go:240.71,242.2 1 0
github.com/calvarado2004/bakery-go/data/test_models.go:245.86,247.2 1 0
github.com/calvarado2004/bakery-go/data/test_models.go:249.90,251.2 1 0
github.com/calvarado2004/bakery-go/data/test_models.go:253.55,255.2 1 0
github.com/calvarado2004/bakery-go/broker/helpers.go:13.72,14.39 1 7
github.com/calvarado2004/bakery-go/broker/helpers.go:14.39,16.35 2 8
github.com/calvarado2004/bakery-go/broker/helpers.go:16.35,17.34 1 9
github.com/calvarado2004/bakery-go/broker/helpers.go:17.34,19.42 2 6
github.com/calvarado2004/bakery-go/broker/helpers.go:19.42,21.6 1 2
github.com/calvarado2004/bakery-go/broker/helpers.go:22.5,22.10 1 4
github.com/calvarado2004/bakery-go/broker/helpers.go:25.3,25.13 1 6
github.com/calvarado2004/bakery-go/broker/helpers.go:25.13,27.4 1 2
github.com/calvarado2004/bakery-go/broker/helpers.go:29.2,29.13 1 3
github.com/calvarado2004/bakery-go/broker/main.go:29.64,31.2 1 0
github.com/calvarado2004/bakery-go/broker/main.go:43.59,50.2 1 2
github.com/calvarado2004/bakery-go/broker/main.go:60.86,69.85 3 0
github.com/calvarado2004/bakery-go/broker/main.go:69.85,71.17 2 0
github.com/calvarado2004/bakery-go/broker/main.go:71.17,73.4 1 0
github.com/calvarado2004/bakery-go/broker/main.go:74.3,75.13 2 0
github.com/calvarado2004/bakery-go/broker/main.go:77.2,77.20 1 0
github.com/calvarado2004/bakery-go/broker/main.go:80.110,89.85 3 0
github.com/calvarado2004/bakery-go/broker/main.go:89.85,91.17 2 0
github.com/calvarado2004/bakery-go/broker/main.go:91.17,93.4 1 0
github.com/calvarado2004/bakery-go/broker/main.go:94.3,95.13 2 0
github.com/calvarado2004/bakery-go/broker/main.go:97.2,97.20 1 0
github.com/calvarado2004/bakery-go/broker/main.go:100.100,109.85 3 0
github.com/calvarado2004/bakery-go/broker/main.go:109.85,111.17 2 0
github.com/calvarado2004/bakery-go/broker/main.go:111.17,113.4 1 0
github.com/calvarado2004/bakery-go/broker/main.go:114.3,115.13 2 0
github.com/calvarado2004/bakery-go/broker/main.go:117.2,117.20 1 0
github.com/calvarado2004/bakery-go/broker/main.go:121.73,127.2 1 0
github.com/calvarado2004/bakery-go/broker/main.go:153.129,154.19 1 2
github.com/calvarado2004/bakery-go/broker/main.go:154.19,156.3 1 2
github.com/calvarado2004/bakery-go/broker/main.go:157.2,166.3 2 2
github.com/calvarado2004/bakery-go/broker/main.go:171.72,173.42 1 0
github.com/calvarado2004/bakery-go/broker/main.go:173.42,175.3 1 0
github.com/calvarado2004/bakery-go/broker/main.go:178.2,183.79 3 0
github.com/calvarado2004/bakery-go/broker/main.go:187.32,188.26 1 0
github.com/calvarado2004/bakery-go/broker/main.go:188.26,190.3 1 0
github.com/calvarado2004/bakery-go/broker/main.go:191.2,191.17 1 0
github.com/calvarado2004/bakery-go/broker/main.go:195.63,199.6 3 0
github.com/calvarado2004/bakery-go/broker/main.go:199.6,200.10 1 0
github.com/calvarado2004/bakery-go/broker/main.go:201.21,202.10 1 0
github.com/calvarado2004/bakery-go/broker/main.go:203.19,204.10 1 0
github.com/calvarado2004/bakery-go/broker/main.go:205.19,206.58 1 0
github.com/calvarado2004/bakery-go/broker/main.go:206.58,207.61 1 0
github.com/calvarado2004/bakery-go/broker/main.go:207.61,211.6 1 0
github.com/calvarado2004/bakery-go/broker/main.go:218.47,220.16 2 0
github.com/calvarado2004/bakery-go/broker/main.go:220.16,222.3 1 0
github.com/calvarado2004/bakery-go/broker/main.go:223.2,226.16 3 0
github.com/calvarado2004/bakery-go/broker/main.go:226.16,228.3 1 0
github.com/calvarado2004/bakery-go/broker/main.go:229.2,234.16 2 0
github.com/calvarado2004/bakery-go/broker/main.go:234.16,236.3 1 0
github.com/calvarado2004/bakery-go/broker/main.go:239.2,241.16 1 0
github.com/calvarado2004/bakery-go/broker/main.go:241.16,243.3 1 0
github.com/calvarado2004/bakery-go/broker/main.go:245.2,246.12 2 0
github.com/calvarado2004/bakery-go/broker/main.go:250.66,253.16 2 0
github.com/calvarado2004/bakery-go/broker/main.go:253.16,256.3 2 0
github.com/calvarado2004/bakery-go/broker/main.go:258.2,259.16 2 0
github.com/calvarado2004/bakery-go/broker/main.go:259.16,263.3 3 0
github.com/calvarado2004/bakery-go/broker/main.go:266.2,269.28 2 0
github.com/calvarado2004/bakery-go/broker/main.go:273.105,277.6 3 0
github.com/calvarado2004/bakery-go/broker/main.go:277.6,278.10 1 0
github.com/calvarado2004/bakery-go/broker/main.go:279.21,281.10 2 0
github.com/calvarado2004/bakery-go/broker/main.go:282.19,284.10 2 0
github.com/calvarado2004/bakery-go/broker/main.go:285.19,287.22 2 0
github.com/calvarado2004/bakery-go/broker/main.go:287.22,290.5 2 0
github.com/calvarado2004/bakery-go/broker/main.go:291.11,292.40 1 0
github.com/calvarado2004/bakery-go/broker/main.go:292.40,296.5 3 0
github.com/calvarado2004/bakery-go/broker/main.go:297.4,297.37 1 0
github.com/calvarado2004/bakery-go/broker/main.go:303.66,304.6 1 0
github.com/calvarado2004/bakery-go/broker/main.go:304.6,305.10 1 0
github.com/calvarado2004/bakery-go/broker/main.go:306.21,307.10 1 0
github.com/calvarado2004/bakery-go/broker/main.go:308.19,309.10 1 0
github.com/calvarado2004/bakery-go/broker/main.go:310.11,310.11 0 0
github.com/calvarado2004/bakery-go/broker/main.go:313.3,313.45 1 0
github.com/calvarado2004/bakery-go/broker/main.go:313.45,315.11 2 0
github.com/calvarado2004/bakery-go/broker/main.go:316.22,317.11 1 0
github.com/calvarado2004/bakery-go/broker/main.go:318.20,319.11 1 0
github.com/calvarado2004/bakery-go/broker/main.go:320.40,321.13 1 0
github.com/calvarado2004/bakery-go/broker/main.go:325.3,326.10 2 0
github.com/calvarado2004/bakery-go/broker/main.go:327.21,328.10 1 0
github.com/calvarado2004/bakery-go/broker/main.go:329.19,330.10 1 0
github.com/calvarado2004/bakery-go/broker/main.go:331.39,331.39 0 0
github.com/calvarado2004/bakery-go/broker/main.go:339.49,341.16 2 0
github.com/calvarado2004/bakery-go/broker/main.go:341.16,344.3 2 0
github.com/calvarado2004/bakery-go/broker/main.go:345.2,348.16 3 0
github.com/calvarado2004/bakery-go/broker/main.go:348.16,351.3 2 0
github.com/calvarado2004/bakery-go/broker/main.go:352.2,355.49 2 0
github.com/calvarado2004/bakery-go/broker/main.go:355.49,357.3 1 0
github.com/calvarado2004/bakery-go/broker/main.go:359.2,368.16 2 0
github.com/calvarado2004/bakery-go/broker/main.go:368.16,370.3 1 0
github.com/calvarado2004/bakery-go/broker/main.go:372.2,374.41 2 0
github.com/calvarado2004/bakery-go/broker/main.go:374.41,376.3 1 0
github.com/calvarado2004/bakery-go/broker/main.go:378.2,378.12 1 0
github.com/calvarado2004/bakery-go/broker/main.go:385.88,387.62 2 3
github.com/calvarado2004/bakery-go/broker/main.go:387.62,391.3 3 1
github.com/calvarado2004/bakery-go/broker/main.go:393.2,399.16 4 2
github.com/calvarado2004/bakery-go/broker/main.go:399.16,403.3 3 0
github.com/calvarado2004/bakery-go/broker/main.go:405.2,405.22 1 2
github.com/calvarado2004/bakery-go/broker/main.go:405.22,410.3 3 1
github.com/calvarado2004/bakery-go/broker/main.go:412.2,412.26 1 1
github.com/calvarado2004/bakery-go/broker/main.go:412.26,414.3 1 1
github.com/calvarado2004/bakery-go/broker/main.go:417.2,420.94 3 1
github.com/calvarado2004/bakery-go/broker/main.go:424.63,426.2 1 0
github.com/calvarado2004/bakery-go/broker/main.go:431.60,433.37 2 2
github.com/calvarado2004/bakery-go/broker/main.go:433.37,440.3 1 1
github.com/calvarado2004/bakery-go/broker/main.go:442.2,452.3 1 2
github.com/calvarado2004/bakery-go/broker/main.go:456.13,467.16 6 0
github.com/calvarado2004/bakery-go/broker/main.go:467.16,469.3 1 0
github.com/calvarado2004/bakery-go/broker/main.go:470.2,481.9 7 0
github.com/calvarado2004/bakery-go/broker/matching.go:29.44,33.2 3 2
github.com/calvarado2004/bakery-go/broker/matching.go:35.47,38.24 3 2
github.com/calvarado2004/bakery-go/broker/matching.go:38.24,40.3 1 1
github.com/calvarado2004/bakery-go/broker/matching.go:41.2,43.12 3 1
github.com/calvarado2004/bakery-go/broker/matching.go:46.33,50.2 3 5
github.com/calvarado2004/bakery-go/broker/matching.go:54.43,55.20 1 0
github.com/calvarado2004/bakery-go/broker/matching.go:55.20,57.3 1 0
github.com/calvarado2004/bakery-go/broker/matching.go:58.2,58.38 1 0
github.com/calvarado2004/bakery-go/broker/matching.go:58.38,59.33 1 0
github.com/calvarado2004/bakery-go/broker/matching.go:59.33,61.4 1 0
github.com/calvarado2004/bakery-go/broker/matching.go:63.2,63.19 1 0
github.com/calvarado2004/bakery-go/broker/matching.go:75.106,76.22 1 1
github.com/calvarado2004/bakery-go/broker/matching.go:76.22,78.3 1 0
github.com/calvarado2004/bakery-go/broker/matching.go:81.2,81.41 1 1
github.com/calvarado2004/bakery-go/broker/matching.go:81.41,84.19 3 0
github.com/calvarado2004/bakery-go/broker/matching.go:84.19,86.4 1 0
github.com/calvarado2004/bakery-go/broker/matching.go:87.3,87.61 1 0
github.com/calvarado2004/bakery-go/broker/matching.go:90.2,95.26 3 1
github.com/calvarado2004/bakery-go/broker/matching.go:95.26,98.20 3 1
github.com/calvarado2004/bakery-go/broker/matching.go:98.20,100.4 1 1
github.com/calvarado2004/bakery-go/broker/matching.go:105.2,105.27 1 1
github.com/calvarado2004/bakery-go/broker/matching.go:105.27,111.17 3 1
github.com/calvarado2004/bakery-go/broker/matching.go:111.17,113.4 1 0
github.com/calvarado2004/bakery-go/broker/matching.go:113.9,115.4 1 1
github.com/calvarado2004/bakery-go/broker/matching.go:122.120,133.37 8 1
github.com/calvarado2004/bakery-go/broker/matching.go:133.37,134.26 1 1
github.com/calvarado2004/bakery-go/broker/matching.go:134.26,140.12 2 0
github.com/calvarado2004/bakery-go/broker/matching.go:144.3,149.40 2 1
github.com/calvarado2004/bakery-go/broker/matching.go:149.40,152.56 3 0
github.com/calvarado2004/bakery-go/broker/matching.go:152.56,154.5 1 0
github.com/calvarado2004/bakery-go/broker/matching.go:154.10,156.5 1 0
github.com/calvarado2004/bakery-go/broker/matching.go:157.4,162.12 2 0
github.com/calvarado2004/bakery-go/broker/matching.go:165.3,173.48 4 1
github.com/calvarado2004/bakery-go/broker/matching.go:177.2,178.37 2 1
github.com/calvarado2004/bakery-go/broker/matching.go:178.37,180.3 1 1
github.com/calvarado2004/bakery-go/broker/matching.go:183.2,184.40 2 1
github.com/calvarado2004/bakery-go/broker/matching.go:184.40,186.3 1 0
github.com/calvarado2004/bakery-go/broker/matching.go:186.8,186.91 1 1
github.com/calvarado2004/bakery-go/broker/matching.go:186.91,188.3 1 1
github.com/calvarado2004/bakery-go/broker/matching.go:188.8,188.39 1 0
github.com/calvarado2004/bakery-go/broker/matching.go:188.39,190.3 1 0
github.com/calvarado2004/bakery-go/broker/matching.go:190.8,192.3 1 0
github.com/calvarado2004/bakery-go/broker/matching.go:194.2,210.16 5 1
github.com/calvarado2004/bakery-go/broker/matching.go:210.16,212.3 1 0
github.com/calvarado2004/bakery-go/broker/matching.go:212.8,217.18 1 1
github.com/calvarado2004/bakery-go/broker/matching.go:217.18,219.4 1 0
github.com/calvarado2004/bakery-go/broker/matching.go:222.2,224.15 2 1
github.com/calvarado2004/bakery-go/broker/matching.go:228.85,230.29 2 1
github.com/calvarado2004/bakery-go/broker/matching.go:230.29,237.3 1 1
github.com/calvarado2004/bakery-go/broker/matching.go:238.2,238.15 1 1
github.com/calvarado2004/bakery-go/frontend/cmd/web/admin_handlers.go:37.89,45.2 2 0
github.com/calvarado2004/bakery-go/frontend/cmd/web/admin_handlers.go:47.68,53.16 3 1
github.com/calvarado2004/bakery-go/frontend/cmd/web/admin_handlers.go:53.16,57.3 3 1
github.com/calvarado2004/bakery-go/frontend/cmd/web/admin_handlers.go:58.2,61.16 3 0
github.com/calvarado2004/bakery-go/frontend/cmd/web/admin_handlers.go:61.16,64.3 2 0
github.com/calvarado2004/bakery-go/frontend/cmd/web/admin_handlers.go:66.2,67.16 2 0
github.com/calvarado2004/bakery-go/frontend/cmd/web/admin_handlers.go:67.16,69.3 1 0
github.com/calvarado2004/bakery-go/frontend/cmd/web/admin_handlers.go:71.2,72.16 2 0
github.com/calvarado2004/bakery-go/frontend/cmd/web/admin_handlers.go:72.16,74.3 1 0
github.com/calvarado2004/bakery-go/frontend/cmd/web/admin_handlers.go:76.2,78.19 3 0
github.com/calvarado2004/bakery-go/frontend/cmd/web/admin_handlers.go:78.19,80.3 1 0
github.com/calvarado2004/bakery-go/frontend/cmd/web/admin_handlers.go:81.2,81.48 1 0
github.com/calvarado2004/bakery-go/frontend/cmd/web/admin_handlers.go:81.48,83.3 1 0
github.com/calvarado2004/bakery-go/frontend/cmd/web/admin_handlers.go:83.8,83.26 1 0
github.com/calvarado2004/bakery-go/frontend/cmd/web/admin_handlers.go:83.26,85.3 1 0
github.com/calvarado2004/bakery-go/frontend/cmd/web/admin_handlers.go:88.2,89.9 2 0
github.com/calvarado2004/bakery-go/frontend/cmd/web/admin_handlers.go:89.9,92.3 2 0
github.com/calvarado2004/bakery-go/frontend/cmd/web/admin_handlers.go:93.2,94.16 2 0
github.com/calvarado2004/bakery-go/frontend/cmd/web/admin_handlers.go:94.16,96.3 1 0
github.com/calvarado2004/bakery-go/frontend/cmd/web/admin_handlers.go:99.68,103.16 3 1
github.com/calvarado2004/bakery-go/frontend/cmd/web/admin_handlers.go:103.16,107.3 3 1
github.com/calvarado2004/bakery-go/frontend/cmd/web/admin_handlers.go:108.2,111.16 3 0
github.com/calvarado2004/bakery-go/frontend/cmd/web/admin_handlers.go:111.16,115.3 3 0
github.com/calvarado2004/bakery-go/frontend/cmd/web/admin_handlers.go:117.2,123.9 6 0
github.com/calvarado2004/bakery-go/frontend/cmd/web/admin_handlers.go:123.9,126.3 2 0
github.com/calvarado2004/bakery-go/frontend/cmd/web/admin_handlers.go:127.2,128.16 2 0
github.com/calvarado2004/bakery-go/frontend/cmd/web/admin_handlers.go:128.16,130.3 1 0
github.com/calvarado2004/bakery-go/frontend/cmd/web/admin_handlers.go:133.67,138.9 4 0
github.com/calvarado2004/bakery-go/frontend/cmd/web/admin_handlers.go:138.9,141.3 2 0
github.com/calvarado2004/bakery-go/frontend/cmd/web/admin_handlers.go:142.2,143.16 2 0
github.com/calvarado2004/bakery-go/frontend/cmd/web/admin_handlers.go:143.16,145.3 1 0
github.com/calvarado2004/bakery-go/frontend/cmd/web/admin_handlers.go:148.70,150.16 2 0
github.com/calvarado2004/bakery-go/frontend/cmd/web/admin_handlers.go:150.16,153.3 2 0
github.com/calvarado2004/bakery-go/frontend/cmd/web/admin_handlers.go:155.2,160.16 5 0
github.com/calvarado2004/bakery-go/frontend/cmd/web/admin_handlers.go:160.16,164.3 3 0
github.com/calvarado2004/bakery-go/frontend/cmd/web/admin_handlers.go:165.2,175.16 3 0
github.com/calvarado2004/bakery-go/frontend/cmd/web/admin_handlers.go:175.16,179.3 3 0
github.com/calvarado2004/bakery-go/frontend/cmd/web/admin_handlers.go:181.2,181.93 1 0
github.com/calvarado2004/bakery-go/frontend/cmd/web/admin_handlers.go:184.68,190.16 5 0
github.com/calvarado2004/bakery-go/frontend/cmd/web/admin_handlers.go:190.16,194.3 3 0
github.com/calvarado2004/bakery-go/frontend/cmd/web/admin_handlers.go:195.2,198.16 3 0
github.com/calvarado2004/bakery-go/frontend/cmd/web/admin_handlers.go:198.16,202.3 3 0
github.com/calvarado2004/bakery-go/frontend/cmd/web/admin_handlers.go:204.2,209.9 5 0
github.com/calvarado2004/bakery-go/frontend/cmd/web/admin_handlers.go:209.9,212.3 2 0
github.com/calvarado2004/bakery-go/frontend/cmd/web/admin_handlers.go:213.2,214.16 2 0
github.com/calvarado2004/bakery-go/frontend/cmd/web/admin_handlers.go:214.16,216.3 1 0
github.com/calvarado2004/bakery-go/frontend/cmd/web/admin_handlers.go:219.70,224.16 4 0
github.com/calvarado2004/bakery-go/frontend/cmd/web/admin_handlers.go:224.16,227.3 2 0
github.com/calvarado2004/bakery-go/frontend/cmd/web/admin_handlers.go:229.2,234.16 5 0
github.com/calvarado2004/bakery-go/frontend/cmd/web/admin_handlers.go:234.16,238.3 3 0
github.com/calvarado2004/bakery-go/frontend/cmd/web/admin_handlers.go:239.2,250.16 3 0
github.com/calvarado2004/bakery-go/frontend/cmd/web/admin_handlers.go:250.16,254.3 3 0
github.com/calvarado2004/bakery-go/frontend/cmd/web/admin_handlers.go:256.2,256.93 1 0
github.com/calvarado2004/bakery-go/frontend/cmd/web/admin_handlers.go:259.70,265.16 5 0
github.com/calvarado2004/bakery-go/frontend/cmd/web/admin_handlers.go:265.16,269.3 3 0
github.com/calvarado2004/bakery-go/frontend/cmd/web/admin_handlers.go:270.2,273.16 3 0
github.com/calvarado2004/bakery-go/frontend/cmd/web/admin_handlers.go:273.16,277.3 3 0
github.com/calvarado2004/bakery-go/frontend/cmd/web/admin_handlers.go:279.2,279.93 1 0
github.com/calvarado2004/bakery-go/frontend/cmd/web/admin_handlers.go:282.65,285.16 3 0
github.com/calvarado2004/bakery-go/frontend/cmd/web/admin_handlers.go:285.16,289.3 3 0
github.com/calvarado2004/bakery-go/frontend/cmd/web/admin_handlers.go:290.2,293.16 3 0
github.com/calvarado2004/bakery-go/frontend/cmd/web/admin_handlers.go:293.16,297.3 3 0
github.com/calvarado2004/bakery-go/frontend/cmd/web/admin_handlers.go:300.2,300.37 1 0
github.com/calvarado2004/bakery-go/frontend/cmd/web/admin_handlers.go:300.37,302.3 1 0
github.com/calvarado2004/bakery-go/frontend/cmd/web/admin_handlers.go:304.2,310.9 6 0
github.com/calvarado2004/bakery-go/frontend/cmd/web/admin_handlers.go:310.9,313.3 2 0
github.com/calvarado2004/bakery-go/frontend/cmd/web/admin_handlers.go:314.2,315.16 2 0
github.com/calvarado2004/bakery-go/frontend/cmd/web/admin_handlers.go:315.16,317.3 1 0
github.com/calvarado2004/bakery-go/frontend/cmd/web/admin_handlers.go:320.70,325.16 4 0
github.com/calvarado2004/bakery-go/frontend/cmd/web/admin_handlers.go:325.16,328.3 2 0
github.com/calvarado2004/bakery-go/frontend/cmd/web/admin_handlers.go:330.2,335.16 5 0
github.com/calvarado2004/bakery-go/frontend/cmd/web/admin_handlers.go:335.16,339.3 3 0
github.com/calvarado2004/bakery-go/frontend/cmd/web/admin_handlers.go:340.2,346.16 3 0
github.com/calvarado2004/bakery-go/frontend/cmd/web/admin_handlers.go:346.16,350.3 3 0
github.com/calvarado2004/bakery-go/frontend/cmd/web/admin_handlers.go:352.2,353.88 2 0
github.com/calvarado2004/bakery-go/frontend/cmd/web/admin_handlers.go:356.68,359.16 3 0
github.com/calvarado2004/bakery-go/frontend/cmd/web/admin_handlers.go:359.16,363.3 3 0
github.com/calvarado2004/bakery-go/frontend/cmd/web/admin_handlers.go:364.2,367.16 3 0
github.com/calvarado2004/bakery-go/frontend/cmd/web/admin_handlers.go:367.16,371.3 3 0
github.com/calvarado2004/bakery-go/frontend/cmd/web/admin_handlers.go:373.2,377.9 4 0
github.com/calvarado2004/bakery-go/frontend/cmd/web/admin_handlers.go:377.9,380.3 2 0
github.com/calvarado2004/bakery-go/frontend/cmd/web/admin_handlers.go:381.2,382.16 2 0
github.com/calvarado2004/bakery-go/frontend/cmd/web/admin_handlers.go:382.16,384.3 1 0
github.com/calvarado2004/bakery-go/frontend/cmd/web/admin_handlers.go:387.73,393.16 5 0
github.com/calvarado2004/bakery-go/frontend/cmd/web/admin_handlers.go:393.16,397.3 3 0
github.com/calvarado2004/bakery-go/frontend/cmd/web/admin_handlers.go:398.2,401.16 3 0
github.com/calvarado2004/bakery-go/frontend/cmd/web/admin_handlers.go:401.16,405.3 3 0
github.com/calvarado2004/bakery-go/frontend/cmd/web/admin_handlers.go:407.2,412.9 5 0
github.com/calvarado2004/bakery-go/frontend/cmd/web/admin_handlers.go:412.9,415.3 2 0
github.com/calvarado2004/bakery-go/frontend/cmd/web/admin_handlers.go:416.2,417.16 2 0
github.com/calvarado2004/bakery-go/frontend/cmd/web/admin_handlers.go:417.16,419.3 1 0
github.com/calvarado2004/bakery-go/frontend/cmd/web/admin_handlers.go:422.65,425.16 3 0
github.com/calvarado2004/bakery-go/frontend/cmd/web/admin_handlers.go:425.16,429.3 3 0
github.com/calvarado2004/bakery-go/frontend/cmd/web/admin_handlers.go:430.2,433.16 3 0
github.com/calvarado2004/bakery-go/frontend/cmd/web/admin_handlers.go:433.16,437.3 3 0
github.com/calvarado2004/bakery-go/frontend/cmd/web/admin_handlers.go:439.2,443.9 4 0
github.com/calvarado2004/bakery-go/frontend/cmd/web/admin_handlers.go:443.9,446.3 2 0
github.com/calvarado2004/bakery-go/frontend/cmd/web/admin_handlers.go:447.2,448.16 2 0
github.com/calvarado2004/bakery-go/frontend/cmd/web/admin_handlers.go:448.16,450.3 1 0
github.com/calvarado2004/bakery-go/frontend/cmd/web/admin_handlers.go:453.70,459.16 5 0
github.com/calvarado2004/bakery-go/frontend/cmd/web/admin_handlers.go:459.16,463.3 3 0
github.com/calvarado2004/bakery-go/frontend/cmd/web/admin_handlers.go:464.2,467.16 3 0
github.com/calvarado2004/bakery-go/frontend/cmd/web/admin_handlers.go:467.16,471.3 3 0
github.com/calvarado2004/bakery-go/frontend/cmd/web/admin_handlers.go:473.2,478.9 5 0
github.com/calvarado2004/bakery-go/frontend/cmd/web/admin_handlers.go:478.9,481.3 2 0
github.com/calvarado2004/bakery-go/frontend/cmd/web/admin_handlers.go:482.2,483.16 2 0
github.com/calvarado2004/bakery-go/frontend/cmd/web/admin_handlers.go:483.16,485.3 1 0
github.com/calvarado2004/bakery-go/frontend/cmd/web/admin_handlers.go:488.65,491.16 3 1
github.com/calvarado2004/bakery-go/frontend/cmd/web/admin_handlers.go:491.16,495.3 3 1
github.com/calvarado2004/bakery-go/frontend/cmd/web/admin_handlers.go:496.2,499.16 3 0
github.com/calvarado2004/bakery-go/frontend/cmd/web/admin_handlers.go:499.16,503.3 3 0
github.com/calvarado2004/bakery-go/frontend/cmd/web/admin_handlers.go:505.2,511.9 6 0
github.com/calvarado2004/bakery-go/frontend/cmd/web/admin_handlers.go:511.9,514.3 2 0
github.com/calvarado2004/bakery-go/frontend/cmd/web/admin_handlers.go:515.2,516.16 2 0
github.com/calvarado2004/bakery-go/frontend/cmd/web/admin_handlers.go:516.16,518.3 1 0
github.com/calvarado2004/bakery-go/frontend/cmd/web/admin_handlers.go:521.74,529.9 6 0
github.com/calvarado2004/bakery-go/frontend/cmd/web/admin_handlers.go:529.9,532.3 2 0
github.com/calvarado2004/bakery-go/frontend/cmd/web/admin_handlers.go:534.2,534.6 1 0
github.com/calvarado2004/bakery-go/frontend/cmd/web/admin_handlers.go:534.6,535.10 1 0
github.com/calvarado2004/bakery-go/frontend/cmd/web/admin_handlers.go:536.29,537.10 1 0
github.com/calvarado2004/bakery-go/frontend/cmd/web/admin_handlers.go:538.11,540.18 2 0
github.com/calvarado2004/bakery-go/frontend/cmd/web/admin_handlers.go:540.18,543.5 2 0
github.com/calvarado2004/bakery-go/frontend/cmd/web/admin_handlers.go:544.4,546.18 3 0
github.com/calvarado2004/bakery-go/frontend/cmd/web/admin_handlers.go:546.18,548.13 2 0
github.com/calvarado2004/bakery-go/frontend/cmd/web/admin_handlers.go:551.4,552.18 2 0
github.com/calvarado2004/bakery-go/frontend/cmd/web/admin_handlers.go:552.18,554.13 2 0
github.com/calvarado2004/bakery-go/frontend/cmd/web/admin_handlers.go:557.4,560.32 3 0
github.com/calvarado2004/bakery-go/frontend/cmd/web/admin_handlers.go:565.71,573.9 6 0
github.com/calvarado2004/bakery-go/frontend/cmd/web/admin_handlers.go:573.9,576.3 2 0
github.com/calvarado2004/bakery-go/frontend/cmd/web/admin_handlers.go:578.2,578.6 1 0
github.com/calvarado2004/bakery-go/frontend/cmd/web/admin_handlers.go:578.6,579.10 1 0
github.com/calvarado2004/bakery-go/frontend/cmd/web/admin_handlers.go:580.29,581.10 1 0
github.com/calvarado2004/bakery-go/frontend/cmd/web/admin_handlers.go:582.11,584.18 2 0
github.com/calvarado2004/bakery-go/frontend/cmd/web/admin_handlers.go:584.18,587.5 2 0
github.com/calvarado2004/bakery-go/frontend/cmd/web/admin_handlers.go:588.4,590.18 3 0
github.com/calvarado2004/bakery-go/frontend/cmd/web/admin_handlers.go:590.18,592.13 2 0
github.com/calvarado2004/bakery-go/frontend/cmd/web/admin_handlers.go:595.4,596.18 2 0
github.com/calvarado2004/bakery-go/frontend/cmd/web/admin_handlers.go:596.18,598.13 2 0
github.com/calvarado2004/bakery-go/frontend/cmd/web/admin_handlers.go:601.4,604.32 3 0
github.com/calvarado2004/bakery-go/frontend/cmd/web/admin_handlers.go:609.73,614.16 4 0
github.com/calvarado2004/bakery-go/frontend/cmd/web/admin_handlers.go:614.16,617.3 2 0
github.com/calvarado2004/bakery-go/frontend/cmd/web/admin_handlers.go:619.2,623.16 4 0
github.com/calvarado2004/bakery-go/frontend/cmd/web/admin_handlers.go:623.16,627.3 3 0
github.com/calvarado2004/bakery-go/frontend/cmd/web/admin_handlers.go:628.2,632.16 3 0
github.com/calvarado2004/bakery-go/frontend/cmd/web/admin_handlers.go:632.16,636.3 3 0
github.com/calvarado2004/bakery-go/frontend/cmd/web/admin_handlers.go:639.2,648.16 2 0
github.com/calvarado2004/bakery-go/frontend/cmd/web/admin_handlers.go:648.16,652.3 3 0
github.com/calvarado2004/bakery-go/frontend/cmd/web/admin_handlers.go:654.2,654.97 1 0
github.com/calvarado2004/bakery-go/frontend/cmd/web/auth_handlers.go:22.28,23.21 1 4
github.com/calvarado2004/bakery-go/frontend/cmd/web/auth_handlers.go:23.21,25.19 2 1
github.com/calvarado2004/bakery-go/frontend/cmd/web/auth_handlers.go:25.19,27.4 1 0
github.com/calvarado2004/bakery-go/frontend/cmd/web/auth_handlers.go:28.3,28.30 1 1
github.com/calvarado2004/bakery-go/frontend/cmd/web/auth_handlers.go:30.2,30.19 1 4
github.com/calvarado2004/bakery-go/frontend/cmd/web/auth_handlers.go:51.65,53.16 2 12
github.com/calvarado2004/bakery-go/frontend/cmd/web/auth_handlers.go:53.16,55.3 1 5
github.com/calvarado2004/bakery-go/frontend/cmd/web/auth_handlers.go:56.2,56.24 1 7
github.com/calvarado2004/bakery-go/frontend/cmd/web/auth_handlers.go:56.24,58.3 1 4
github.com/calvarado2004/bakery-go/frontend/cmd/web/auth_handlers.go:59.2,60.58 2 3
github.com/calvarado2004/bakery-go/frontend/cmd/web/auth_handlers.go:65.119,67.16 2 6
github.com/calvarado2004/bakery-go/frontend/cmd/web/auth_handlers.go:67.16,69.3 1 5
github.com/calvarado2004/bakery-go/frontend/cmd/web/auth_handlers.go:70.2,71.25 2 1
github.com/calvarado2004/bakery-go/frontend/cmd/web/auth_handlers.go:76.68,78.38 2 1
github.com/calvarado2004/bakery-go/frontend/cmd/web/auth_handlers.go:78.38,79.43 1 0
github.com/calvarado2004/bakery-go/frontend/cmd/web/auth_handlers.go:79.43,82.4 2 0
github.com/calvarado2004/bakery-go/frontend/cmd/web/auth_handlers.go:85.2,92.9 3 1
github.com/calvarado2004/bakery-go/frontend/cmd/web/auth_handlers.go:92.9,95.3 2 0
github.com/calvarado2004/bakery-go/frontend/cmd/web/auth_handlers.go:96.2,97.16 2 1
github.com/calvarado2004/bakery-go/frontend/cmd/web/auth_handlers.go:97.16,99.3 1 0
github.com/calvarado2004/bakery-go/frontend/cmd/web/auth_handlers.go:102.64,104.16 2 0
github.com/calvarado2004/bakery-go/frontend/cmd/web/auth_handlers.go:104.16,107.3 2 0
github.com/calvarado2004/bakery-go/frontend/cmd/web/auth_handlers.go:109.2,120.16 7 0
github.com/calvarado2004/bakery-go/frontend/cmd/web/auth_handlers.go:120.16,124.3 3 0
github.com/calvarado2004/bakery-go/frontend/cmd/web/auth_handlers.go:126.2,126.23 1 0
github.com/calvarado2004/bakery-go/frontend/cmd/web/auth_handlers.go:126.23,129.3 2 0
github.com/calvarado2004/bakery-go/frontend/cmd/web/auth_handlers.go:131.2,140.52 2 0
github.com/calvarado2004/bakery-go/frontend/cmd/web/auth_handlers.go:143.65,152.2 2 0
github.com/calvarado2004/bakery-go/frontend/cmd/web/auth_handlers.go:156.71,158.38 2 1
github.com/calvarado2004/bakery-go/frontend/cmd/web/auth_handlers.go:158.38,159.46 1 0
github.com/calvarado2004/bakery-go/frontend/cmd/web/auth_handlers.go:159.46,162.4 2 0
github.com/calvarado2004/bakery-go/frontend/cmd/web/auth_handlers.go:165.2,172.9 3 1
github.com/calvarado2004/bakery-go/frontend/cmd/web/auth_handlers.go:172.9,175.3 2 0
github.com/calvarado2004/bakery-go/frontend/cmd/web/auth_handlers.go:176.2,177.16 2 1
github.com/calvarado2004/bakery-go/frontend/cmd/web/auth_handlers.go:177.16,179.3 1 0
github.com/calvarado2004/bakery-go/frontend/cmd/web/auth_handlers.go:182.67,184.16 2 1
github.com/calvarado2004/bakery-go/frontend/cmd/web/auth_handlers.go:184.16,187.3 2 0
github.com/calvarado2004/bakery-go/frontend/cmd/web/auth_handlers.go:189.2,200.16 7 1
github.com/calvarado2004/bakery-go/frontend/cmd/web/auth_handlers.go:200.16,204.3 3 1
github.com/calvarado2004/bakery-go/frontend/cmd/web/auth_handlers.go:206.2,206.23 1 0
github.com/calvarado2004/bakery-go/frontend/cmd/web/auth_handlers.go:206.23,209.3 2 0
github.com/calvarado2004/bakery-go/frontend/cmd/web/auth_handlers.go:211.2,220.53 2 0
github.com/calvarado2004/bakery-go/frontend/cmd/web/auth_handlers.go:223.68,232.2 2 0
github.com/calvarado2004/bakery-go/frontend/cmd/web/auth_handlers.go:236.63,237.54 1 1
github.com/calvarado2004/bakery-go/frontend/cmd/web/auth_handlers.go:237.54,239.39 2 2
github.com/calvarado2004/bakery-go/frontend/cmd/web/auth_handlers.go:239.39,243.4 3 0
github.com/calvarado2004/bakery-go/frontend/cmd/web/auth_handlers.go:245.3,245.44 1 2
github.com/calvarado2004/bakery-go/frontend/cmd/web/auth_handlers.go:245.44,249.4 3 1
github.com/calvarado2004/bakery-go/frontend/cmd/web/auth_handlers.go:251.3,251.23 1 1
github.com/calvarado2004/bakery-go/frontend/cmd/web/auth_handlers.go:255.66,256.54 1 1
github.com/calvarado2004/bakery-go/frontend/cmd/web/auth_handlers.go:256.54,258.39 2 1
github.com/calvarado2004/bakery-go/frontend/cmd/web/auth_handlers.go:258.39,262.4 3 0
github.com/calvarado2004/bakery-go/frontend/cmd/web/auth_handlers.go:264.3,264.47 1 1
github.com/calvarado2004/bakery-go/frontend/cmd/web/auth_handlers.go:264.47,268.4 3 0
github.com/calvarado2004/bakery-go/frontend/cmd/web/auth_handlers.go:270.3,270.23 1 1
github.com/calvarado2004/bakery-go/frontend/cmd/web/auth_handlers.go:274.66,277.101 2 3
github.com/calvarado2004/bakery-go/frontend/cmd/web/auth_handlers.go:277.101,279.3 1 2
github.com/calvarado2004/bakery-go/frontend/cmd/web/auth_handlers.go:281.2,281.32 1 3
github.com/calvarado2004/bakery-go/frontend/cmd/web/auth_handlers.go:281.32,283.3 1 1
github.com/calvarado2004/bakery-go/frontend/cmd/web/auth_handlers.go:285.2,285.59 1 2
github.com/calvarado2004/bakery-go/frontend/cmd/web/auth_handlers.go:285.59,287.3 1 0
github.com/calvarado2004/bakery-go/frontend/cmd/web/auth_handlers.go:289.2,289.13 1 2
github.com/calvarado2004/bakery-go/frontend/cmd/web/auth_handlers.go:292.50,294.16 2 6
github.com/calvarado2004/bakery-go/frontend/cmd/web/auth_handlers.go:294.16,296.3 1 3
github.com/calvarado2004/bakery-go/frontend/cmd/web/auth_handlers.go:298.2,299.102 2 3
github.com/calvarado2004/bakery-go/frontend/cmd/web/auth_handlers.go:299.102,301.3 1 0
github.com/calvarado2004/bakery-go/frontend/cmd/web/auth_handlers.go:303.2,303.32 1 3
github.com/calvarado2004/bakery-go/frontend/cmd/web/auth_handlers.go:303.32,305.3 1 3
github.com/calvarado2004/bakery-go/frontend/cmd/web/auth_handlers.go:307.2,307.22 1 0
github.com/calvarado2004/bakery-go/frontend/cmd/web/auth_handlers.go:310.67,312.16 2 0
github.com/calvarado2004/bakery-go/frontend/cmd/web/auth_handlers.go:312.16,314.3 1 0
github.com/calvarado2004/bakery-go/frontend/cmd/web/auth_handlers.go:316.2,317.102 2 0
github.com/calvarado2004/bakery-go/frontend/cmd/web/auth_handlers.go:317.102,319.3 1 0
github.com/calvarado2004/bakery-go/frontend/cmd/web/auth_handlers.go:321.2,321.32 1 0
github.com/calvarado2004/bakery-go/frontend/cmd/web/auth_handlers.go:321.32,323.3 1 0
github.com/calvarado2004/bakery-go/frontend/cmd/web/auth_handlers.go:325.2,325.52 1 0
github.com/calvarado2004/bakery-go/frontend/cmd/web/auth_handlers.go:332.59,337.35 4 5
github.com/calvarado2004/bakery-go/frontend/cmd/web/auth_handlers.go:337.35,339.3 1 3
github.com/calvarado2004/bakery-go/frontend/cmd/web/auth_handlers.go:341.2,342.15 2 2
github.com/calvarado2004/bakery-go/frontend/cmd/web/auth_handlers.go:342.15,344.3 1 2
github.com/calvarado2004/bakery-go/frontend/cmd/web/auth_handlers.go:345.2,345.20 1 2
github.com/calvarado2004/bakery-go/frontend/cmd/web/auth_handlers.go:345.20,346.16 1 0
github.com/calvarado2004/bakery-go/frontend/cmd/web/auth_handlers.go:346.16,348.4 1 0
github.com/calvarado2004/bakery-go/frontend/cmd/web/auth_handlers.go:348.9,350.4 1 0
github.com/calvarado2004/bakery-go/frontend/cmd/web/auth_handlers.go:352.2,352.53 1 2
github.com/calvarado2004/bakery-go/frontend/cmd/web/auth_handlers.go:357.122,361.2 3 1
github.com/calvarado2004/bakery-go/frontend/cmd/web/auth_handlers.go:386.77,388.21 2 1
github.com/calvarado2004/bakery-go/frontend/cmd/web/auth_handlers.go:388.21,391.3 2 1
github.com/calvarado2004/bakery-go/frontend/cmd/web/auth_handlers.go:393.2,399.16 6 0
github.com/calvarado2004/bakery-go/frontend/cmd/web/auth_handlers.go:399.16,401.3 1 0
github.com/calvarado2004/bakery-go/frontend/cmd/web/auth_handlers.go:403.2,404.16 2 0
github.com/calvarado2004/bakery-go/frontend/cmd/web/auth_handlers.go:404.16,406.3 1 0
github.com/calvarado2004/bakery-go/frontend/cmd/web/auth_handlers.go:408.2,413.23 2 0
github.com/calvarado2004/bakery-go/frontend/cmd/web/auth_handlers.go:413.23,417.33 4 0
github.com/calvarado2004/bakery-go/frontend/cmd/web/auth_handlers.go:417.33,420.4 2 0
github.com/calvarado2004/bakery-go/frontend/cmd/web/auth_handlers.go:421.3,422.43 2 0
github.com/calvarado2004/bakery-go/frontend/cmd/web/auth_handlers.go:422.43,424.4 1 0
github.com/calvarado2004/bakery-go/frontend/cmd/web/auth_handlers.go:425.3,426.33 2 0
github.com/calvarado2004/bakery-go/frontend/cmd/web/auth_handlers.go:426.33,428.4 1 0
github.com/calvarado2004/bakery-go/frontend/cmd/web/auth_handlers.go:428.9,430.4 1 0
github.com/calvarado2004/bakery-go/frontend/cmd/web/auth_handlers.go:433.2,433.25 1 0
github.com/calvarado2004/bakery-go/frontend/cmd/web/auth_handlers.go:433.25,436.37 3 0
github.com/calvarado2004/bakery-go/frontend/cmd/web/auth_handlers.go:436.37,438.4 1 0
github.com/calvarado2004/bakery-go/frontend/cmd/web/auth_handlers.go:438.9,440.4 1 0
github.com/calvarado2004/bakery-go/frontend/cmd/web/auth_handlers.go:443.2,444.9 2 0
github.com/calvarado2004/bakery-go/frontend/cmd/web/auth_handlers.go:444.9,447.3 2 0
github.com/calvarado2004/bakery-go/frontend/cmd/web/auth_handlers.go:448.2,449.16 2 0
github.com/calvarado2004/bakery-go/frontend/cmd/web/auth_handlers.go:449.16,451.3 1 0
github.com/calvarado2004/bakery-go/frontend/cmd/web/auth_handlers.go:454.68,456.21 2 0
github.com/calvarado2004/bakery-go/frontend/cmd/web/auth_handlers.go:456.21,459.3 2 0
github.com/calvarado2004/bakery-go/frontend/cmd/web/auth_handlers.go:461.2,467.16 6 0
github.com/calvarado2004/bakery-go/frontend/cmd/web/auth_handlers.go:467.16,471.3 3 0
github.com/calvarado2004/bakery-go/frontend/cmd/web/auth_handlers.go:473.2,479.32 2 0
github.com/calvarado2004/bakery-go/frontend/cmd/web/auth_handlers.go:479.32,481.3 1 0
github.com/calvarado2004/bakery-go/frontend/cmd/web/auth_handlers.go:483.2,484.9 2 0
github.com/calvarado2004/bakery-go/frontend/cmd/web/auth_handlers.go:484.9,487.3 2 0
github.com/calvarado2004/bakery-go/frontend/cmd/web/auth_handlers.go:488.2,489.16 2 0
github.com/calvarado2004/bakery-go/frontend/cmd/web/auth_handlers.go:489.16,491.3 1 0
github.com/calvarado2004/bakery-go/frontend/cmd/web/auth_handlers.go:494.73,496.21 2 0
github.com/calvarado2004/bakery-go/frontend/cmd/web/auth_handlers.go:496.21,499.3 2 0
github.com/calvarado2004/bakery-go/frontend/cmd/web/auth_handlers.go:501.2,503.16 3 0
github.com/calvarado2004/bakery-go/frontend/cmd/web/auth_handlers.go:503.16,506.3 2 0
github.com/calvarado2004/bakery-go/frontend/cmd/web/auth_handlers.go:508.2,514.16 6 0
github.com/calvarado2004/bakery-go/frontend/cmd/web/auth_handlers.go:514.16,518.3 3 0
github.com/calvarado2004/bakery-go/frontend/cmd/web/auth_handlers.go:520.2,520.53 1 0
github.com/calvarado2004/bakery-go/frontend/cmd/web/auth_handlers.go:520.53,523.3 2 0
github.com/calvarado2004/bakery-go/frontend/cmd/web/auth_handlers.go:525.2,527.53 3 0
github.com/calvarado2004/bakery-go/frontend/cmd/web/auth_handlers.go:527.53,529.3 1 0
github.com/calvarado2004/bakery-go/frontend/cmd/web/auth_handlers.go:531.2,541.9 3 0
github.com/calvarado2004/bakery-go/frontend/cmd/web/auth_handlers.go:541.9,544.3 2 0
github.com/calvarado2004/bakery-go/frontend/cmd/web/auth_handlers.go:545.2,546.16 2 0
github.com/calvarado2004/bakery-go/frontend/cmd/web/auth_handlers.go:546.16,548.3 1 0
github.com/calvarado2004/bakery-go/frontend/cmd/web/auth_handlers.go:551.70,553.21 2 0
github.com/calvarado2004/bakery-go/frontend/cmd/web/auth_handlers.go:553.21,556.3 2 0
github.com/calvarado2004/bakery-go/frontend/cmd/web/auth_handlers.go:558.2,564.16 6 0
github.com/calvarado2004/bakery-go/frontend/cmd/web/auth_handlers.go:564.16,568.3 3 0
github.com/calvarado2004/bakery-go/frontend/cmd/web/auth_handlers.go:570.2,572.53 3 0
github.com/calvarado2004/bakery-go/frontend/cmd/web/auth_handlers.go:572.53,574.3 1 0
github.com/calvarado2004/bakery-go/frontend/cmd/web/auth_handlers.go:576.2,584.9 3 0
github.com/calvarado2004/bakery-go/frontend/cmd/web/auth_handlers.go:584.9,587.3 2 0
github.com/calvarado2004/bakery-go/frontend/cmd/web/auth_handlers.go:588.2,589.16 2 0
github.com/calvarado2004/bakery-go/frontend/cmd/web/auth_handlers.go:589.16,591.3 1 0
github.com/calvarado2004/bakery-go/frontend/cmd/web/auth_handlers.go:594.75,596.21 2 0
github.com/calvarado2004/bakery-go/frontend/cmd/web/auth_handlers.go:596.21,599.3 2 0
github.com/calvarado2004/bakery-go/frontend/cmd/web/auth_handlers.go:601.2,603.16 3 0
github.com/calvarado2004/bakery-go/frontend/cmd/web/auth_handlers.go:603.16,606.3 2 0
github.com/calvarado2004/bakery-go/frontend/cmd/web/auth_handlers.go:608.2,614.16 6 0
github.com/calvarado2004/bakery-go/frontend/cmd/web/auth_handlers.go:614.16,618.3 3 0
github.com/calvarado2004/bakery-go/frontend/cmd/web/auth_handlers.go:620.2,620.45 1 0
github.com/calvarado2004/bakery-go/frontend/cmd/web/auth_handlers.go:620.45,623.3 2 0
github.com/calvarado2004/bakery-go/frontend/cmd/web/auth_handlers.go:625.2,630.53 6 0
github.com/calvarado2004/bakery-go/frontend/cmd/web/auth_handlers.go:630.53,632.3 1 0
github.com/calvarado2004/bakery-go/frontend/cmd/web/auth_handlers.go:634.2,642.9 3 0
github.com/calvarado2004/bakery-go/frontend/cmd/web/auth_handlers.go:642.9,645.3 2 0
github.com/calvarado2004/bakery-go/frontend/cmd/web/auth_handlers.go:646.2,647.16 2 0
github.com/calvarado2004/bakery-go/frontend/cmd/web/auth_handlers.go:647.16,649.3 1 0
github.com/calvarado2004/bakery-go/frontend/cmd/web/main.go:39.50,41.2 1 4
github.com/calvarado2004/bakery-go/frontend/cmd/web/main.go:44.47,46.2 1 4
github.com/calvarado2004/bakery-go/frontend/cmd/web/main.go:82.33,83.58 1 1
github.com/calvarado2004/bakery-go/frontend/cmd/web/main.go:83.58,85.3 1 0
github.com/calvarado2004/bakery-go/frontend/cmd/web/main.go:86.2,86.26 1 1
github.com/calvarado2004/bakery-go/frontend/cmd/web/main.go:91.50,93.49 1 26
github.com/calvarado2004/bakery-go/frontend/cmd/web/main.go:93.49,95.3 1 0
github.com/calvarado2004/bakery-go/frontend/cmd/web/main.go:98.2,99.50 2 26
github.com/calvarado2004/bakery-go/frontend/cmd/web/main.go:99.50,101.3 1 26
github.com/calvarado2004/bakery-go/frontend/cmd/web/main.go:102.2,102.48 1 26
github.com/calvarado2004/bakery-go/frontend/cmd/web/main.go:102.48,104.3 1 26
github.com/calvarado2004/bakery-go/frontend/cmd/web/main.go:106.2,107.49 2 0
github.com/calvarado2004/bakery-go/frontend/cmd/web/main.go:110.13,125.19 7 0
github.com/calvarado2004/bakery-go/frontend/cmd/web/main.go:125.19,127.3 1 0
github.com/calvarado2004/bakery-go/frontend/cmd/web/main.go:128.2,191.49 45 0
github.com/calvarado2004/bakery-go/frontend/cmd/web/main.go:194.58,201.53 3 1
github.com/calvarado2004/bakery-go/frontend/cmd/web/main.go:201.53,203.3 1 0
github.com/calvarado2004/bakery-go/frontend/cmd/web/main.go:205.2,206.16 2 1
github.com/calvarado2004/bakery-go/frontend/cmd/web/main.go:206.16,210.3 3 0
github.com/calvarado2004/bakery-go/frontend/cmd/web/main.go:212.2,215.52 3 0
github.com/calvarado2004/bakery-go/frontend/cmd/web/main.go:215.52,217.3 1 0
github.com/calvarado2004/bakery-go/frontend/cmd/web/main.go:219.2,220.35 2 0
github.com/calvarado2004/bakery-go/frontend/cmd/web/main.go:220.35,224.3 1 0
github.com/calvarado2004/bakery-go/frontend/cmd/web/main.go:227.2,228.9 2 0
github.com/calvarado2004/bakery-go/frontend/cmd/web/main.go:228.9,231.3 2 0
github.com/calvarado2004/bakery-go/frontend/cmd/web/main.go:232.2,233.16 2 0
github.com/calvarado2004/bakery-go/frontend/cmd/web/main.go:233.16,235.3 1 0
github.com/calvarado2004/bakery-go/frontend/cmd/web/main.go:240.62,241.54 1 40
github.com/calvarado2004/bakery-go/frontend/cmd/web/main.go:241.54,243.10 2 40
github.com/calvarado2004/bakery-go/frontend/cmd/web/main.go:243.10,246.4 2 2
github.com/calvarado2004/bakery-go/frontend/cmd/web/main.go:247.3,248.17 2 38
github.com/calvarado2004/bakery-go/frontend/cmd/web/main.go:248.17,250.4 1 0
github.com/calvarado2004/bakery-go/frontend/cmd/web/main.go:256.66,262.16 3 1
github.com/calvarado2004/bakery-go/frontend/cmd/web/main.go:262.16,266.3 3 1
github.com/calvarado2004/bakery-go/frontend/cmd/web/main.go:267.2,270.16 3 0
github.com/calvarado2004/bakery-go/frontend/cmd/web/main.go:270.16,274.3 3 0
github.com/calvarado2004/bakery-go/frontend/cmd/web/main.go:276.2,283.9 3 0
github.com/calvarado2004/bakery-go/frontend/cmd/web/main.go:283.9,286.3 2 0
github.com/calvarado2004/bakery-go/frontend/cmd/web/main.go:288.2,289.16 2 0
[...]
github.com/calvarado2004/bakery-go/server/gRPCBakery.go:673.16,676.3 2 0
github.com/calvarado2004/bakery-go/server/gRPCBakery.go:677.2,677.40 1 0
github.com/calvarado2004/bakery-go/server/gRPCBakery.go:677.40,679.17 2 0
github.com/calvarado2004/bakery-go/server/gRPCBakery.go:679.17,681.4 1 0
github.com/calvarado2004/bakery-go/server/gRPCBakery.go:684.2,685.16 2 0
github.com/calvarado2004/bakery-go/server/gRPCBakery.go:685.16,688.3 2 0
github.com/calvarado2004/bakery-go/server/gRPCBakery.go:689.2,689.35 1 0
github.com/calvarado2004/bakery-go/server/gRPCBakery.go:689.35,691.17 2 0
github.com/calvarado2004/bakery-go/server/gRPCBakery.go:691.17,693.4 1 0
github.com/calvarado2004/bakery-go/server/gRPCBakery.go:696.2,699.38 3 0
github.com/calvarado2004/bakery-go/server/gRPCBakery.go:699.38,703.17 3 0
github.com/calvarado2004/bakery-go/server/gRPCBakery.go:703.17,705.4 1 0
github.com/calvarado2004/bakery-go/server/gRPCBakery.go:707.3,717.17 2 0
github.com/calvarado2004/bakery-go/server/gRPCBakery.go:717.17,719.4 1 0
github.com/calvarado2004/bakery-go/server/gRPCBakery.go:721.3,721.59 1 0
github.com/calvarado2004/bakery-go/server/gRPCBakery.go:725.2,725.54 1 0
github.com/calvarado2004/bakery-go/server/gRPCBakery.go:728.127,731.16 2 0
github.com/calvarado2004/bakery-go/server/gRPCBakery.go:731.16,734.3 2 0
github.com/calvarado2004/bakery-go/server/gRPCBakery.go:735.2,735.40 1 0
github.com/calvarado2004/bakery-go/server/gRPCBakery.go:735.40,737.17 2 0
github.com/calvarado2004/bakery-go/server/gRPCBakery.go:737.17,739.4 1 0
github.com/calvarado2004/bakery-go/server/gRPCBakery.go:742.2,743.16 2 0
github.com/calvarado2004/bakery-go/server/gRPCBakery.go:743.16,746.3 2 0
github.com/calvarado2004/bakery-go/server/gRPCBakery.go:747.2,747.35 1 0
github.com/calvarado2004/bakery-go/server/gRPCBakery.go:747.35,749.17 2 0
github.com/calvarado2004/bakery-go/server/gRPCBakery.go:749.17,751.4 1 0
github.com/calvarado2004/bakery-go/server/gRPCBakery.go:754.2,763.16 2 0
github.com/calvarado2004/bakery-go/server/gRPCBakery.go:763.16,765.3 1 0
github.com/calvarado2004/bakery-go/server/gRPCBakery.go:767.2,767.31 1 0
github.com/calvarado2004/bakery-go/server/gRPCBakery.go:767.31,770.17 3 0
github.com/calvarado2004/bakery-go/server/gRPCBakery.go:770.17,772.4 1 0
github.com/calvarado2004/bakery-go/server/gRPCBakery.go:774.3,775.52 2 0
github.com/calvarado2004/bakery-go/server/gRPCBakery.go:775.52,777.4 1 0
github.com/calvarado2004/bakery-go/server/gRPCBakery.go:779.3,780.17 2 0
github.com/calvarado2004/bakery-go/server/gRPCBakery.go:780.17,783.4 2 0
github.com/calvarado2004/bakery-go/server/gRPCBakery.go:786.2,786.12 1 0
github.com/calvarado2004/bakery-go/server/gRPCInterceptor.go:20.56,21.52 1 6
github.com/calvarado2004/bakery-go/server/gRPCInterceptor.go:21.52,23.53 2 4
github.com/calvarado2004/bakery-go/server/gRPCInterceptor.go:23.53,25.4 1 3
github.com/calvarado2004/bakery-go/server/gRPCInterceptor.go:27.2,27.10 1 3
github.com/calvarado2004/bakery-go/server/gRPCInterceptor.go:38.142,40.8 2 0
github.com/calvarado2004/bakery-go/server/gRPCInterceptor.go:40.8,41.65 1 0
github.com/calvarado2004/bakery-go/server/gRPCInterceptor.go:41.65,45.28 3 0
github.com/calvarado2004/bakery-go/server/gRPCInterceptor.go:45.28,47.5 1 0
github.com/calvarado2004/bakery-go/server/gRPCInterceptor.go:48.4,48.33 1 0
github.com/calvarado2004/bakery-go/server/gRPCInterceptor.go:48.33,49.27 1 0
github.com/calvarado2004/bakery-go/server/gRPCInterceptor.go:49.27,51.11 2 0
github.com/calvarado2004/bakery-go/server/gRPCInterceptor.go:54.4,54.13 1 0
github.com/calvarado2004/bakery-go/server/gRPCInterceptor.go:54.13,56.5 1 0
github.com/calvarado2004/bakery-go/server/gRPCInterceptor.go:60.2,60.26 1 0
github.com/calvarado2004/bakery-go/server/gRPCInvoice.go:21.117,24.16 2 4
github.com/calvarado2004/bakery-go/server/gRPCInvoice.go:24.16,27.3 2 1
github.com/calvarado2004/bakery-go/server/gRPCInvoice.go:30.2,31.42 2 3
github.com/calvarado2004/bakery-go/server/gRPCInvoice.go:31.42,33.3 1 1
github.com/calvarado2004/bakery-go/server/gRPCInvoice.go:36.2,38.37 3 2
github.com/calvarado2004/bakery-go/server/gRPCInvoice.go:38.37,48.3 3 4
github.com/calvarado2004/bakery-go/server/gRPCInvoice.go:50.2,70.16 7 2
github.com/calvarado2004/bakery-go/server/gRPCInvoice.go:70.16,73.3 2 1
github.com/calvarado2004/bakery-go/server/gRPCInvoice.go:75.2,78.38 3 1
github.com/calvarado2004/bakery-go/server/gRPCInvoice.go:81.110,83.16 2 2
github.com/calvarado2004/bakery-go/server/gRPCInvoice.go:83.16,86.3 2 1
github.com/calvarado2004/bakery-go/server/gRPCInvoice.go:88.2,88.38 1 1
github.com/calvarado2004/bakery-go/server/gRPCInvoice.go:91.130,93.16 2 2
github.com/calvarado2004/bakery-go/server/gRPCInvoice.go:93.16,96.3 2 0
github.com/calvarado2004/bakery-go/server/gRPCInvoice.go:98.2,99.31 2 2
github.com/calvarado2004/bakery-go/server/gRPCInvoice.go:99.31,101.3 1 1
github.com/calvarado2004/bakery-go/server/gRPCInvoice.go:103.2,103.51 1 2
github.com/calvarado2004/bakery-go/server/gRPCInvoice.go:106.107,108.16 2 2
github.com/calvarado2004/bakery-go/server/gRPCInvoice.go:108.16,111.3 2 0
github.com/calvarado2004/bakery-go/server/gRPCInvoice.go:113.2,114.31 2 2
github.com/calvarado2004/bakery-go/server/gRPCInvoice.go:114.31,116.3 1 2
github.com/calvarado2004/bakery-go/server/gRPCInvoice.go:118.2,118.51 1 2
github.com/calvarado2004/bakery-go/server/gRPCInvoice.go:121.56,123.37 2 7
github.com/calvarado2004/bakery-go/server/gRPCInvoice.go:123.37,133.3 1 2
github.com/calvarado2004/bakery-go/server/gRPCInvoice.go:135.2,136.27 2 7
github.com/calvarado2004/bakery-go/server/gRPCInvoice.go:136.27,138.3 1 0
github.com/calvarado2004/bakery-go/server/gRPCInvoice.go:140.2,153.3 1 7
github.com/calvarado2004/bakery-go/server/gRPCInvoice.go:162.134,164.16 2 2
github.com/calvarado2004/bakery-go/server/gRPCInvoice.go:164.16,167.3 2 1
github.com/calvarado2004/bakery-go/server/gRPCInvoice.go:169.2,170.16 2 1
github.com/calvarado2004/bakery-go/server/gRPCInvoice.go:170.16,173.3 2 0
github.com/calvarado2004/bakery-go/server/gRPCInvoice.go:175.2,176.27 2 1
github.com/calvarado2004/bakery-go/server/gRPCInvoice.go:176.27,184.3 2 1
github.com/calvarado2004/bakery-go/server/gRPCInvoice.go:186.2,195.8 1 1
github.com/calvarado2004/bakery-go/server/gRPCInvoice.go:198.125,200.16 2 1
github.com/calvarado2004/bakery-go/server/gRPCInvoice.go:200.16,203.3 2 0
github.com/calvarado2004/bakery-go/server/gRPCInvoice.go:205.2,206.31 2 1
github.com/calvarado2004/bakery-go/server/gRPCInvoice.go:206.31,208.3 1 1
github.com/calvarado2004/bakery-go/server/gRPCInvoice.go:210.2,210.51 1 1
github.com/calvarado2004/bakery-go/server/gRPCInvoice.go:213.139,215.16 2 2
github.com/calvarado2004/bakery-go/server/gRPCInvoice.go:215.16,218.3 2 1
github.com/calvarado2004/bakery-go/server/gRPCInvoice.go:220.2,223.37 3 1
github.com/calvarado2004/bakery-go/server/gRPCInvoice.go:223.37,234.3 1 2
github.com/calvarado2004/bakery-go/server/gRPCInvoice.go:236.2,245.8 1 1
github.com/calvarado2004/bakery-go/server/main.go:71.42,73.16 2 3
github.com/calvarado2004/bakery-go/server/main.go:73.16,76.3 2 0
github.com/calvarado2004/bakery-go/server/main.go:78.2,78.33 1 3
github.com/calvarado2004/bakery-go/server/main.go:78.33,81.3 2 1
github.com/calvarado2004/bakery-go/server/main.go:83.2,83.16 1 2
github.com/calvarado2004/bakery-go/server/main.go:87.28,90.6 2 1
github.com/calvarado2004/bakery-go/server/main.go:90.6,92.17 2 1
github.com/calvarado2004/bakery-go/server/main.go:92.17,95.4 2 0
github.com/calvarado2004/bakery-go/server/main.go:95.9,98.4 2 1
github.com/calvarado2004/bakery-go/server/main.go:100.3,100.18 1 0
github.com/calvarado2004/bakery-go/server/main.go:100.18,103.4 2 0
github.com/calvarado2004/bakery-go/server/main.go:105.3,107.11 3 0
github.com/calvarado2004/bakery-go/server/main.go:112.44,116.2 3 3
github.com/calvarado2004/bakery-go/server/main.go:120.98,121.19 1 6
github.com/calvarado2004/bakery-go/server/main.go:121.19,123.3 1 3
github.com/calvarado2004/bakery-go/server/main.go:124.2,128.3 1 6
github.com/calvarado2004/bakery-go/server/main.go:131.13,139.16 3 0
github.com/calvarado2004/bakery-go/server/main.go:139.16,141.3 1 0
github.com/calvarado2004/bakery-go/server/main.go:143.2,146.19 3 0
github.com/calvarado2004/bakery-go/server/main.go:146.19,148.3 1 0
github.com/calvarado2004/bakery-go/server/main.go:151.2,230.45 28 0
github.com/calvarado2004/bakery-go/server/main.go:235.86,238.12 1 0
github.com/calvarado2004/bakery-go/server/main.go:238.12,240.7 2 0
github.com/calvarado2004/bakery-go/server/main.go:240.7,242.18 2 0
github.com/calvarado2004/bakery-go/server/main.go:242.18,244.5 1 0
github.com/calvarado2004/bakery-go/server/main.go:245.4,245.32 1 0
github.com/calvarado2004/bakery-go/server/main.go:253.2,259.12 3 0
github.com/calvarado2004/bakery-go/server/main.go:259.12,262.46 1 0
github.com/calvarado2004/bakery-go/server/main.go:262.46,264.4 1 0
github.com/calvarado2004/bakery-go/server/main.go:268.2,268.9 1 0
github.com/calvarado2004/bakery-go/server/middleware.go:27.50,28.64 1 9
github.com/calvarado2004/bakery-go/server/middleware.go:28.64,30.3 1 2
github.com/calvarado2004/bakery-go/server/middleware.go:31.2,31.52 1 7
github.com/calvarado2004/bakery-go/server/middleware.go:31.52,33.3 1 3
github.com/calvarado2004/bakery-go/server/middleware.go:34.2,34.21 1 4
github.com/calvarado2004/bakery-go/server/middleware.go:107.47,108.42 1 52
github.com/calvarado2004/bakery-go/server/middleware.go:108.42,110.3 1 50
github.com/calvarado2004/bakery-go/server/middleware.go:112.2,112.21 1 2
github.com/calvarado2004/bakery-go/server/middleware.go:116.81,118.24 2 4
github.com/calvarado2004/bakery-go/server/middleware.go:118.24,120.3 1 1
github.com/calvarado2004/bakery-go/server/middleware.go:122.2,123.9 2 3
github.com/calvarado2004/bakery-go/server/middleware.go:123.9,125.3 1 1
github.com/calvarado2004/bakery-go/server/middleware.go:127.2,128.22 2 2
github.com/calvarado2004/bakery-go/server/middleware.go:128.22,130.3 1 1
github.com/calvarado2004/bakery-go/server/middleware.go:132.2,133.58 2 1
github.com/calvarado2004/bakery-go/server/middleware.go:133.58,135.3 1 1
github.com/calvarado2004/bakery-go/server/middleware.go:137.2,138.97 2 1
github.com/calvarado2004/bakery-go/server/middleware.go:138.97,139.54 1 0
github.com/calvarado2004/bakery-go/server/middleware.go:139.54,141.4 1 0
github.com/calvarado2004/bakery-go/server/middleware.go:142.3,142.29 1 0
github.com/calvarado2004/bakery-go/server/middleware.go:144.2,144.32 1 1
github.com/calvarado2004/bakery-go/server/middleware.go:144.32,146.3 1 1
github.com/calvarado2004/bakery-go/server/middleware.go:148.2,148.75 1 0
github.com/calvarado2004/bakery-go/server/middleware.go:148.75,151.3 1 0
github.com/calvarado2004/bakery-go/server/middleware.go:153.2,153.53 1 0
github.com/calvarado2004/bakery-go/server/middleware.go:157.56,158.47 1 1
github.com/calvarado2004/bakery-go/server/middleware.go:158.47,160.3 1 0
github.com/calvarado2004/bakery-go/server/middleware.go:161.2,161.12 1 1
github.com/calvarado2004/bakery-go/server/middleware.go:170.54,185.2 1 1
github.com/calvarado2004/bakery-go/server/middleware.go:189.48,191.122 1 1
github.com/calvarado2004/bakery-go/server/middleware.go:191.122,195.36 3 0
github.com/calvarado2004/bakery-go/server/middleware.go:195.36,198.5 2 0
github.com/calvarado2004/bakery-go/server/middleware.go:201.4,202.18 2 0
github.com/calvarado2004/bakery-go/server/middleware.go:202.18,204.5 1 0
github.com/calvarado2004/bakery-go/server/middleware.go:207.4,210.28 2 0
github.com/calvarado2004/bakery-go/server/middleware.go:217.60,219.9 2 13
github.com/calvarado2004/bakery-go/server/middleware.go:219.9,221.3 1 0
github.com/calvarado2004/bakery-go/server/middleware.go:222.2,223.35 2 13
github.com/calvarado2004/bakery-go/server/middleware.go:223.35,225.3 1 3
github.com/calvarado2004/bakery-go/server/middleware.go:227.2,229.11 3 10
github.com/calvarado2004/bakery-go/server/middleware.go:229.11,230.32 1 10
github.com/calvarado2004/bakery-go/server/middleware.go:230.32,231.26 1 26
github.com/calvarado2004/bakery-go/server/middleware.go:231.26,233.10 2 5
github.com/calvarado2004/bakery-go/server/middleware.go:237.2,237.11 1 10
github.com/calvarado2004/bakery-go/server/middleware.go:237.11,239.3 1 5
github.com/calvarado2004/bakery-go/server/middleware.go:240.2,240.12 1 5
github.com/calvarado2004/bakery-go/server/middleware.go:261.57,265.2 3 1
github.com/calvarado2004/bakery-go/server/middleware.go:268.62,272.2 3 1
github.com/calvarado2004/bakery-go/server/middleware.go:275.60,279.2 3 1
github.com/calvarado2004/bakery-go/server/middleware.go:282.64,290.2 3 2
github.com/calvarado2004/bakery-go/server/middleware.go:294.44,298.6 3 1
github.com/calvarado2004/bakery-go/server/middleware.go:298.6,299.10 1 2
github.com/calvarado2004/bakery-go/server/middleware.go:300.21,301.10 1 1
github.com/calvarado2004/bakery-go/server/middleware.go:302.19,303.46 1 1
github.com/calvarado2004/bakery-go/server/middleware.go:303.46,304.61 1 3
github.com/calvarado2004/bakery-go/server/middleware.go:304.61,308.6 1 0
github.com/calvarado2004/bakery-go/server/rabbitBakery.go:17.38,20.16 2 0
github.com/calvarado2004/bakery-go/server/rabbitBakery.go:20.16,23.3 2 0
github.com/calvarado2004/bakery-go/server/rabbitBakery.go:24.2,24.40 1 0
github.com/calvarado2004/bakery-go/server/rabbitBakery.go:24.40,26.17 2 0
github.com/calvarado2004/bakery-go/server/rabbitBakery.go:26.17,28.4 1 0
github.com/calvarado2004/bakery-go/server/rabbitBakery.go:31.2,32.16 2 0
github.com/calvarado2004/bakery-go/server/rabbitBakery.go:32.16,35.3 2 0
github.com/calvarado2004/bakery-go/server/rabbitBakery.go:36.2,36.35 1 0
github.com/calvarado2004/bakery-go/server/rabbitBakery.go:36.35,38.17 2 0
github.com/calvarado2004/bakery-go/server/rabbitBakery.go:38.17,40.4 1 0
github.com/calvarado2004/bakery-go/server/rabbitBakery.go:45.2,53.16 2 0
github.com/calvarado2004/bakery-go/server/rabbitBakery.go:53.16,55.3 1 0
github.com/calvarado2004/bakery-go/server/rabbitBakery.go:57.2,57.50 1 0
github.com/calvarado2004/bakery-go/server/rabbitBakery.go:62.50,64.16 2 1
github.com/calvarado2004/bakery-go/server/rabbitBakery.go:64.16,66.3 1 0
github.com/calvarado2004/bakery-go/server/rabbitBakery.go:68.2,68.22 1 1
github.com/calvarado2004/bakery-go/server/rabbitBakery.go:68.22,71.3 2 1
github.com/calvarado2004/bakery-go/server/rabbitBakery.go:75.2,75.31 1 0
github.com/calvarado2004/bakery-go/server/rabbitBakery.go:75.31,76.27 1 0
github.com/calvarado2004/bakery-go/server/rabbitBakery.go:76.27,85.18 3 0
github.com/calvarado2004/bakery-go/server/rabbitBakery.go:85.18,87.13 2 0
github.com/calvarado2004/bakery-go/server/rabbitBakery.go:91.4,102.18 3 0
github.com/calvarado2004/bakery-go/server/rabbitBakery.go:102.18,104.13 2 0
github.com/calvarado2004/bakery-go/server/rabbitBakery.go:107.4,108.18 2 0
github.com/calvarado2004/bakery-go/server/rabbitBakery.go:108.18,110.13 2 0
github.com/calvarado2004/bakery-go/server/rabbitBakery.go:112.4,113.18 2 0
github.com/calvarado2004/bakery-go/server/rabbitBakery.go:113.18,116.13 3 0
github.com/calvarado2004/bakery-go/server/rabbitBakery.go:119.4,128.18 2 0
github.com/calvarado2004/bakery-go/server/rabbitBakery.go:128.18,130.5 1 0
github.com/calvarado2004/bakery-go/server/rabbitBakery.go:130.10,132.5 1 0
github.com/calvarado2004/bakery-go/server/rabbitBakery.go:133.4,134.16 2 0
github.com/calvarado2004/bakery-go/server/rabbitBakery.go:135.9,137.4 1 0
github.com/calvarado2004/bakery-go/server/rabbitBakery.go:140.2,140.12 1 0
github.com/calvarado2004/bakery-go/server/rabbitBakery.go:145.50,212.31 2 4
github.com/calvarado2004/bakery-go/server/rabbitBakery.go:212.31,214.17 2 22
github.com/calvarado2004/bakery-go/server/rabbitBakery.go:214.17,216.4 1 1
github.com/calvarado2004/bakery-go/server/rabbitBakery.go:217.3,217.45 1 21
github.com/calvarado2004/bakery-go/server/rabbitBakery.go:220.2,229.16 3 3
github.com/calvarado2004/bakery-go/server/rabbitBakery.go:229.16,232.3 1 0
github.com/calvarado2004/bakery-go/server/rabbitBakery.go:234.2,234.55 1 3
github.com/calvarado2004/bakery-go/server/rabbitBakery.go:248.52,251.6 2 0
github.com/calvarado2004/bakery-go/server/rabbitBakery.go:251.6,253.17 2 0
github.com/calvarado2004/bakery-go/server/rabbitBakery.go:253.17,256.12 3 0
github.com/calvarado2004/bakery-go/server/rabbitBakery.go:259.3,260.17 2 0
github.com/calvarado2004/bakery-go/server/rabbitBakery.go:260.17,264.12 4 0
github.com/calvarado2004/bakery-go/server/rabbitBakery.go:268.3,268.50 1 0
github.com/calvarado2004/bakery-go/server/rabbitBakery.go:268.50,273.12 5 0
github.com/calvarado2004/bakery-go/server/rabbitBakery.go:276.3,285.17 2 0
github.com/calvarado2004/bakery-go/server/rabbitBakery.go:285.17,290.12 5 0
github.com/calvarado2004/bakery-go/server/rabbitBakery.go:293.3,293.27 1 0
github.com/calvarado2004/bakery-go/server/rabbitBakery.go:293.27,295.55 2 0
github.com/calvarado2004/bakery-go/server/rabbitBakery.go:295.55,298.13 3 0
github.com/calvarado2004/bakery-go/server/rabbitBakery.go:301.4,304.88 2 0
github.com/calvarado2004/bakery-go/server/rabbitBakery.go:304.88,307.13 3 0
github.com/calvarado2004/bakery-go/server/rabbitBakery.go:310.4,311.82 2 0
github.com/calvarado2004/bakery-go/server/rabbitBakery.go:315.3,318.29 4 0
github.com/calvarado2004/bakery-go/server/rabbitmq_dialer.go:19.64,21.2 1 0
github.com/calvarado2004/bakery-go/server/settlement_dispatcher.go:53.91,59.2 1 2
github.com/calvarado2004/bakery-go/server/settlement_dispatcher.go:63.41,65.2 1 0
github.com/calvarado2004/bakery-go/server/settlement_dispatcher.go:67.40,68.6 1 0
github.com/calvarado2004/bakery-go/server/settlement_dispatcher.go:68.6,69.38 1 0
github.com/calvarado2004/bakery-go/server/settlement_dispatcher.go:69.38,72.4 2 0
github.com/calvarado2004/bakery-go/server/settlement_dispatcher.go:76.49,78.16 2 0
github.com/calvarado2004/bakery-go/server/settlement_dispatcher.go:78.16,80.3 1 0
github.com/calvarado2004/bakery-go/server/settlement_dispatcher.go:81.2,84.16 3 0
github.com/calvarado2004/bakery-go/server/settlement_dispatcher.go:84.16,86.3 1 0
github.com/calvarado2004/bakery-go/server/settlement_dispatcher.go:87.2,98.16 3 0
github.com/calvarado2004/bakery-go/server/settlement_dispatcher.go:98.16,100.3 1 0
github.com/calvarado2004/bakery-go/server/settlement_dispatcher.go:102.2,104.37 2 0
github.com/calvarado2004/bakery-go/server/settlement_dispatcher.go:104.37,114.91 3 0
github.com/calvarado2004/bakery-go/server/settlement_dispatcher.go:114.91,117.4 1 0
github.com/calvarado2004/bakery-go/server/settlement_dispatcher.go:117.9,119.64 1 0
github.com/calvarado2004/bakery-go/server/settlement_dispatcher.go:119.64,122.13 3 0
github.com/calvarado2004/bakery-go/server/settlement_dispatcher.go:126.3,128.45 2 0
github.com/calvarado2004/bakery-go/server/settlement_dispatcher.go:128.45,130.4 1 0
github.com/calvarado2004/bakery-go/server/settlement_dispatcher.go:130.9,135.4 1 0
github.com/calvarado2004/bakery-go/server/settlement_dispatcher.go:138.2,138.12 1 0
github.com/calvarado2004/bakery-go/server/settlement_dispatcher.go:144.81,146.34 2 3
github.com/calvarado2004/bakery-go/server/settlement_dispatcher.go:146.34,151.22 4 21
github.com/calvarado2004/bakery-go/server/settlement_dispatcher.go:151.22,152.11 1 1
github.com/calvarado2004/bakery-go/server/settlement_dispatcher.go:153.23,154.16 1 1
github.com/calvarado2004/bakery-go/server/settlement_dispatcher.go:155.12,155.12 0 0
github.com/calvarado2004/bakery-go/server/settlement_dispatcher.go:160.3,160.36 1 20
github.com/calvarado2004/bakery-go/server/settlement_dispatcher.go:162.2,162.14 1 2
github.com/calvarado2004/bakery-go/server/settlement_dispatcher.go:167.77,172.37 3 14
github.com/calvarado2004/bakery-go/server/settlement_dispatcher.go:172.37,175.3 2 10
github.com/calvarado2004/bakery-go/server/settlement_dispatcher.go:177.2,179.11 3 15
github.com/calvarado2004/bakery-go/server/settlement_dispatcher.go:183.57,187.35 3 4
github.com/calvarado2004/bakery-go/server/settlement_dispatcher.go:187.35,191.3 3 3
