mode: set
github.com/calvarado2004/bakery-go/server/gRPCAdmin.go:20.111,22.16 2 1
github.com/calvarado2004/bakery-go/server/gRPCAdmin.go:22.16,25.3 2 1
github.com/calvarado2004/bakery-go/server/gRPCAdmin.go:27.2,34.8 1 1
github.com/calvarado2004/bakery-go/server/gRPCAdmin.go:37.107,39.16 2 1
github.com/calvarado2004/bakery-go/server/gRPCAdmin.go:39.16,42.3 2 1
github.com/calvarado2004/bakery-go/server/gRPCAdmin.go:44.2,45.30 2 1
github.com/calvarado2004/bakery-go/server/gRPCAdmin.go:45.30,53.3 1 1
github.com/calvarado2004/bakery-go/server/gRPCAdmin.go:55.2,55.54 1 1
github.com/calvarado2004/bakery-go/server/gRPCAdmin.go:58.111,60.16 2 1
github.com/calvarado2004/bakery-go/server/gRPCAdmin.go:60.16,63.3 2 1
github.com/calvarado2004/bakery-go/server/gRPCAdmin.go:65.2,66.27 2 1
github.com/calvarado2004/bakery-go/server/gRPCAdmin.go:66.27,74.3 1 1
github.com/calvarado2004/bakery-go/server/gRPCAdmin.go:76.2,76.55 1 1
github.com/calvarado2004/bakery-go/server/gRPCAdmin.go:79.100,81.16 2 1
github.com/calvarado2004/bakery-go/server/gRPCAdmin.go:81.16,84.3 2 1
github.com/calvarado2004/bakery-go/server/gRPCAdmin.go:86.2,87.27 2 1
github.com/calvarado2004/bakery-go/server/gRPCAdmin.go:87.27,100.3 1 1
github.com/calvarado2004/bakery-go/server/gRPCAdmin.go:102.2,102.45 1 1
github.com/calvarado2004/bakery-go/server/gRPCAdmin.go:105.106,107.16 2 1
github.com/calvarado2004/bakery-go/server/gRPCAdmin.go:107.16,110.3 2 1
github.com/calvarado2004/bakery-go/server/gRPCAdmin.go:112.2,123.8 1 1
github.com/calvarado2004/bakery-go/server/gRPCAdmin.go:126.109,140.16 3 1
github.com/calvarado2004/bakery-go/server/gRPCAdmin.go:140.16,143.3 2 1
github.com/calvarado2004/bakery-go/server/gRPCAdmin.go:145.2,156.8 1 1
github.com/calvarado2004/bakery-go/server/gRPCAdmin.go:159.109,171.16 3 1
github.com/calvarado2004/bakery-go/server/gRPCAdmin.go:171.16,174.3 2 1
github.com/calvarado2004/bakery-go/server/gRPCAdmin.go:177.2,178.16 2 1
github.com/calvarado2004/bakery-go/server/gRPCAdmin.go:178.16,181.3 2 1
github.com/calvarado2004/bakery-go/server/gRPCAdmin.go:183.2,194.8 1 1
github.com/calvarado2004/bakery-go/server/gRPCAdmin.go:197.109,199.16 2 1
github.com/calvarado2004/bakery-go/server/gRPCAdmin.go:199.16,202.3 2 1
github.com/calvarado2004/bakery-go/server/gRPCAdmin.go:204.2,204.25 1 1
github.com/calvarado2004/bakery-go/server/gRPCAdmin.go:207.106,209.16 2 1
github.com/calvarado2004/bakery-go/server/gRPCAdmin.go:209.16,212.3 2 1
github.com/calvarado2004/bakery-go/server/gRPCAdmin.go:214.2,215.27 2 1
github.com/calvarado2004/bakery-go/server/gRPCAdmin.go:215.27,228.3 1 1
github.com/calvarado2004/bakery-go/server/gRPCAdmin.go:230.2,230.45 1 1
github.com/calvarado2004/bakery-go/server/gRPCAdmin.go:233.124,236.16 3 1
github.com/calvarado2004/bakery-go/server/gRPCAdmin.go:236.16,239.3 2 1
github.com/calvarado2004/bakery-go/server/gRPCAdmin.go:240.2,243.16 3 1
github.com/calvarado2004/bakery-go/server/gRPCAdmin.go:243.16,246.3 2 1
github.com/calvarado2004/bakery-go/server/gRPCAdmin.go:247.2,250.16 3 1
github.com/calvarado2004/bakery-go/server/gRPCAdmin.go:250.16,252.3 1 0
github.com/calvarado2004/bakery-go/server/gRPCAdmin.go:255.2,255.30 1 1
github.com/calvarado2004/bakery-go/server/gRPCAdmin.go:255.30,257.17 2 1
github.com/calvarado2004/bakery-go/server/gRPCAdmin.go:257.17,260.4 1 0
github.com/calvarado2004/bakery-go/server/gRPCAdmin.go:260.9,262.4 1 1
github.com/calvarado2004/bakery-go/server/gRPCAdmin.go:265.2,273.20 3 1
github.com/calvarado2004/bakery-go/server/gRPCAdmin.go:277.99,280.42 2 1
github.com/calvarado2004/bakery-go/server/gRPCAdmin.go:280.42,283.3 2 1
github.com/calvarado2004/bakery-go/server/gRPCAdmin.go:286.2,295.37 6 1
github.com/calvarado2004/bakery-go/server/gRPCAdmin.go:295.37,304.3 2 1
github.com/calvarado2004/bakery-go/server/gRPCAdmin.go:307.2,322.16 4 1
github.com/calvarado2004/bakery-go/server/gRPCAdmin.go:322.16,324.3 1 0
github.com/calvarado2004/bakery-go/server/gRPCAdmin.go:326.2,327.12 2 1
github.com/calvarado2004/bakery-go/server/gRPCAdmin.go:330.131,332.16 2 1
github.com/calvarado2004/bakery-go/server/gRPCAdmin.go:332.16,335.3 2 1
github.com/calvarado2004/bakery-go/server/gRPCAdmin.go:337.2,338.16 2 1
github.com/calvarado2004/bakery-go/server/gRPCAdmin.go:338.16,341.3 2 1
github.com/calvarado2004/bakery-go/server/gRPCAdmin.go:343.2,344.27 2 1
github.com/calvarado2004/bakery-go/server/gRPCAdmin.go:344.27,353.3 2 1
github.com/calvarado2004/bakery-go/server/gRPCAdmin.go:355.2,364.8 1 1
github.com/calvarado2004/bakery-go/server/gRPCAdmin.go:367.127,369.16 2 1
github.com/calvarado2004/bakery-go/server/gRPCAdmin.go:369.16,372.3 2 1
github.com/calvarado2004/bakery-go/server/gRPCAdmin.go:374.2,375.16 2 1
github.com/calvarado2004/bakery-go/server/gRPCAdmin.go:375.16,378.3 2 1
github.com/calvarado2004/bakery-go/server/gRPCAdmin.go:380.2,381.27 2 1
github.com/calvarado2004/bakery-go/server/gRPCAdmin.go:381.27,383.30 2 1
github.com/calvarado2004/bakery-go/server/gRPCAdmin.go:383.30,393.4 1 0
github.com/calvarado2004/bakery-go/server/gRPCAdmin.go:394.3,401.5 1 1
github.com/calvarado2004/bakery-go/server/gRPCAdmin.go:404.2,413.8 1 1
github.com/calvarado2004/bakery-go/server/gRPCAdmin.go:416.104,418.16 2 1
github.com/calvarado2004/bakery-go/server/gRPCAdmin.go:418.16,421.3 2 1
github.com/calvarado2004/bakery-go/server/gRPCAdmin.go:423.2,425.27 3 1
github.com/calvarado2004/bakery-go/server/gRPCAdmin.go:425.27,436.30 4 1
github.com/calvarado2004/bakery-go/server/gRPCAdmin.go:436.30,447.4 1 1
github.com/calvarado2004/bakery-go/server/gRPCAdmin.go:450.2,453.8 1 1
github.com/calvarado2004/bakery-go/server/gRPCAdmin.go:456.109,458.16 2 1
github.com/calvarado2004/bakery-go/server/gRPCAdmin.go:458.16,461.3 2 1
github.com/calvarado2004/bakery-go/server/gRPCAdmin.go:463.2,464.27 2 1
github.com/calvarado2004/bakery-go/server/gRPCAdmin.go:464.27,466.30 2 1
github.com/calvarado2004/bakery-go/server/gRPCAdmin.go:466.30,476.4 1 1
github.com/calvarado2004/bakery-go/server/gRPCAdmin.go:477.3,484.5 1 1
github.com/calvarado2004/bakery-go/server/gRPCAdmin.go:487.2,487.53 1 1
github.com/calvarado2004/bakery-go/server/gRPCAuth.go:23.28,25.18 2 1
github.com/calvarado2004/bakery-go/server/gRPCAuth.go:25.18,27.3 1 0
github.com/calvarado2004/bakery-go/server/gRPCAuth.go:28.2,28.15 1 1
github.com/calvarado2004/bakery-go/server/gRPCAuth.go:52.62,54.9 2 1
github.com/calvarado2004/bakery-go/server/gRPCAuth.go:54.9,56.3 1 1
github.com/calvarado2004/bakery-go/server/gRPCAuth.go:58.2,59.22 2 0
github.com/calvarado2004/bakery-go/server/gRPCAuth.go:59.22,61.3 1 0
github.com/calvarado2004/bakery-go/server/gRPCAuth.go:64.2,67.101 3 0
github.com/calvarado2004/bakery-go/server/gRPCAuth.go:67.101,68.58 1 0
github.com/calvarado2004/bakery-go/server/gRPCAuth.go:68.58,70.4 1 0
github.com/calvarado2004/bakery-go/server/gRPCAuth.go:71.3,71.24 1 0
github.com/calvarado2004/bakery-go/server/gRPCAuth.go:73.2,73.32 1 0
github.com/calvarado2004/bakery-go/server/gRPCAuth.go:73.32,75.3 1 0
github.com/calvarado2004/bakery-go/server/gRPCAuth.go:77.2,77.32 1 0
github.com/calvarado2004/bakery-go/server/gRPCAuth.go:77.32,79.3 1 0
github.com/calvarado2004/bakery-go/server/gRPCAuth.go:81.2,81.20 1 0
github.com/calvarado2004/bakery-go/server/gRPCAuth.go:84.109,86.16 2 1
github.com/calvarado2004/bakery-go/server/gRPCAuth.go:86.16,92.3 2 1
github.com/calvarado2004/bakery-go/server/gRPCAuth.go:95.2,96.16 2 1
github.com/calvarado2004/bakery-go/server/gRPCAuth.go:96.16,102.3 2 1
github.com/calvarado2004/bakery-go/server/gRPCAuth.go:105.2,120.16 5 1
github.com/calvarado2004/bakery-go/server/gRPCAuth.go:120.16,123.3 2 0
github.com/calvarado2004/bakery-go/server/gRPCAuth.go:125.2,136.8 1 1
github.com/calvarado2004/bakery-go/server/gRPCAuth.go:139.128,141.16 2 1
github.com/calvarado2004/bakery-go/server/gRPCAuth.go:141.16,147.3 2 1
github.com/calvarado2004/bakery-go/server/gRPCAuth.go:150.2,151.16 2 1
github.com/calvarado2004/bakery-go/server/gRPCAuth.go:151.16,157.3 2 1
github.com/calvarado2004/bakery-go/server/gRPCAuth.go:160.2,174.16 5 1
github.com/calvarado2004/bakery-go/server/gRPCAuth.go:174.16,177.3 2 0
github.com/calvarado2004/bakery-go/server/gRPCAuth.go:179.2,190.8 1 1
github.com/calvarado2004/bakery-go/server/gRPCAuth.go:193.128,196.98 2 1
github.com/calvarado2004/bakery-go/server/gRPCAuth.go:196.98,197.58 1 1
github.com/calvarado2004/bakery-go/server/gRPCAuth.go:197.58,199.4 1 0
github.com/calvarado2004/bakery-go/server/gRPCAuth.go:200.3,200.24 1 1
github.com/calvarado2004/bakery-go/server/gRPCAuth.go:203.2,203.32 1 1
github.com/calvarado2004/bakery-go/server/gRPCAuth.go:203.32,207.3 1 1
github.com/calvarado2004/bakery-go/server/gRPCAuth.go:209.2,213.8 1 1
github.com/calvarado2004/bakery-go/server/gRPCAuth.go:216.120,219.16 2 1
github.com/calvarado2004/bakery-go/server/gRPCAuth.go:219.16,222.3 2 1
github.com/calvarado2004/bakery-go/server/gRPCAuth.go:223.2,234.16 4 0
github.com/calvarado2004/bakery-go/server/gRPCAuth.go:234.16,237.3 2 0
github.com/calvarado2004/bakery-go/server/gRPCAuth.go:239.2,245.8 1 0
github.com/calvarado2004/bakery-go/server/gRPCBakery.go:17.104,20.16 2 0
github.com/calvarado2004/bakery-go/server/gRPCBakery.go:20.16,23.3 2 0
github.com/calvarado2004/bakery-go/server/gRPCBakery.go:24.2,24.40 1 0
github.com/calvarado2004/bakery-go/server/gRPCBakery.go:24.40,26.17 2 0
github.com/calvarado2004/bakery-go/server/gRPCBakery.go:26.17,28.4 1 0
github.com/calvarado2004/bakery-go/server/gRPCBakery.go:31.2,32.16 2 0
github.com/calvarado2004/bakery-go/server/gRPCBakery.go:32.16,35.3 2 0
github.com/calvarado2004/bakery-go/server/gRPCBakery.go:36.2,36.35 1 0
github.com/calvarado2004/bakery-go/server/gRPCBakery.go:36.35,38.17 2 0
github.com/calvarado2004/bakery-go/server/gRPCBakery.go:38.17,40.4 1 0
github.com/calvarado2004/bakery-go/server/gRPCBakery.go:43.2,47.37 3 0
github.com/calvarado2004/bakery-go/server/gRPCBakery.go:47.37,51.17 3 0
github.com/calvarado2004/bakery-go/server/gRPCBakery.go:51.17,53.4 1 0
github.com/calvarado2004/bakery-go/server/gRPCBakery.go:55.3,65.17 2 0
github.com/calvarado2004/bakery-go/server/gRPCBakery.go:65.17,67.4 1 0
github.com/calvarado2004/bakery-go/server/gRPCBakery.go:69.3,69.53 1 0
github.com/calvarado2004/bakery-go/server/gRPCBakery.go:73.2,73.51 1 0
github.com/calvarado2004/bakery-go/server/gRPCBakery.go:77.112,80.16 2 0
github.com/calvarado2004/bakery-go/server/gRPCBakery.go:80.16,83.3 2 0
github.com/calvarado2004/bakery-go/server/gRPCBakery.go:84.2,84.40 1 0
github.com/calvarado2004/bakery-go/server/gRPCBakery.go:84.40,86.17 2 0
github.com/calvarado2004/bakery-go/server/gRPCBakery.go:86.17,88.4 1 0
github.com/calvarado2004/bakery-go/server/gRPCBakery.go:91.2,92.16 2 0
github.com/calvarado2004/bakery-go/server/gRPCBakery.go:92.16,95.3 2 0
github.com/calvarado2004/bakery-go/server/gRPCBakery.go:96.2,96.35 1 0
github.com/calvarado2004/bakery-go/server/gRPCBakery.go:96.35,98.17 2 0
github.com/calvarado2004/bakery-go/server/gRPCBakery.go:98.17,100.4 1 0
github.com/calvarado2004/bakery-go/server/gRPCBakery.go:103.2,107.37 3 0
github.com/calvarado2004/bakery-go/server/gRPCBakery.go:107.37,111.17 3 0
github.com/calvarado2004/bakery-go/server/gRPCBakery.go:111.17,113.4 1 0
github.com/calvarado2004/bakery-go/server/gRPCBakery.go:115.3,127.17 3 0
github.com/calvarado2004/bakery-go/server/gRPCBakery.go:127.17,129.4 1 0
github.com/calvarado2004/bakery-go/server/gRPCBakery.go:131.3,131.53 1 0
github.com/calvarado2004/bakery-go/server/gRPCBakery.go:135.2,135.51 1 0
github.com/calvarado2004/bakery-go/server/gRPCBakery.go:139.112,142.16 2 0
github.com/calvarado2004/bakery-go/server/gRPCBakery.go:142.16,145.3 2 0
github.com/calvarado2004/bakery-go/server/gRPCBakery.go:146.2,146.40 1 0
github.com/calvarado2004/bakery-go/server/gRPCBakery.go:146.40,148.17 2 0
github.com/calvarado2004/bakery-go/server/gRPCBakery.go:148.17,150.4 1 0
github.com/calvarado2004/bakery-go/server/gRPCBakery.go:153.2,154.16 2 0
github.com/calvarado2004/bakery-go/server/gRPCBakery.go:154.16,157.3 2 0
github.com/calvarado2004/bakery-go/server/gRPCBakery.go:158.2,158.35 1 0
github.com/calvarado2004/bakery-go/server/gRPCBakery.go:158.35,160.17 2 0
github.com/calvarado2004/bakery-go/server/gRPCBakery.go:160.17,162.4 1 0
github.com/calvarado2004/bakery-go/server/gRPCBakery.go:165.2,174.16 2 0
github.com/calvarado2004/bakery-go/server/gRPCBakery.go:174.16,177.3 1 0
github.com/calvarado2004/bakery-go/server/gRPCBakery.go:179.2,181.22 2 0
github.com/calvarado2004/bakery-go/server/gRPCBakery.go:181.22,184.17 3 0
github.com/calvarado2004/bakery-go/server/gRPCBakery.go:184.17,186.18 2 0
github.com/calvarado2004/bakery-go/server/gRPCBakery.go:186.18,189.5 2 0
github.com/calvarado2004/bakery-go/server/gRPCBakery.go:190.4,190.83 1 0
github.com/calvarado2004/bakery-go/server/gRPCBakery.go:193.3,197.52 3 0
github.com/calvarado2004/bakery-go/server/gRPCBakery.go:197.52,199.18 2 0
github.com/calvarado2004/bakery-go/server/gRPCBakery.go:199.18,201.5 1 0
github.com/calvarado2004/bakery-go/server/gRPCBakery.go:202.4,202.14 1 0
github.com/calvarado2004/bakery-go/server/gRPCBakery.go:205.3,206.17 2 0
github.com/calvarado2004/bakery-go/server/gRPCBakery.go:206.17,208.4 1 0
github.com/calvarado2004/bakery-go/server/gRPCBakery.go:212.2,212.12 1 0
github.com/calvarado2004/bakery-go/server/gRPCBakery.go:216.120,219.16 2 1
github.com/calvarado2004/bakery-go/server/gRPCBakery.go:219.16,222.3 2 1
github.com/calvarado2004/bakery-go/server/gRPCBakery.go:224.2,224.22 1 1
github.com/calvarado2004/bakery-go/server/gRPCBakery.go:224.22,226.3 1 1
github.com/calvarado2004/bakery-go/server/gRPCBakery.go:228.2,232.31 3 1
github.com/calvarado2004/bakery-go/server/gRPCBakery.go:232.31,246.3 12 1
github.com/calvarado2004/bakery-go/server/gRPCBakery.go:248.2,250.29 2 1
github.com/calvarado2004/bakery-go/server/gRPCBakery.go:253.142,255.6 1 0
github.com/calvarado2004/bakery-go/server/gRPCBakery.go:255.6,257.17 2 0
github.com/calvarado2004/bakery-go/server/gRPCBakery.go:257.17,259.4 1 0
github.com/calvarado2004/bakery-go/server/gRPCBakery.go:261.3,261.23 1 0
github.com/calvarado2004/bakery-go/server/gRPCBakery.go:261.23,263.4 1 0
github.com/calvarado2004/bakery-go/server/gRPCBakery.go:265.3,265.32 1 0
github.com/calvarado2004/bakery-go/server/gRPCBakery.go:265.32,285.55 13 0
github.com/calvarado2004/bakery-go/server/gRPCBakery.go:285.55,287.5 1 0
github.com/calvarado2004/bakery-go/server/gRPCBakery.go:291.3,291.31 1 0
github.com/calvarado2004/bakery-go/server/gRPCBakery.go:296.104,299.16 2 0
github.com/calvarado2004/bakery-go/server/gRPCBakery.go:299.16,302.3 2 0
github.com/calvarado2004/bakery-go/server/gRPCBakery.go:303.2,303.40 1 0
github.com/calvarado2004/bakery-go/server/gRPCBakery.go:303.40,305.17 2 0
github.com/calvarado2004/bakery-go/server/gRPCBakery.go:305.17,307.4 1 0
github.com/calvarado2004/bakery-go/server/gRPCBakery.go:310.2,311.16 2 0
github.com/calvarado2004/bakery-go/server/gRPCBakery.go:311.16,314.3 2 0
github.com/calvarado2004/bakery-go/server/gRPCBakery.go:316.2,318.27 2 0
github.com/calvarado2004/bakery-go/server/gRPCBakery.go:318.27,320.3 1 0
github.com/calvarado2004/bakery-go/server/gRPCBakery.go:320.8,322.3 1 0
github.com/calvarado2004/bakery-go/server/gRPCBakery.go:324.2,336.36 5 0
github.com/calvarado2004/bakery-go/server/gRPCBakery.go:336.36,349.3 12 0
github.com/calvarado2004/bakery-go/server/gRPCBakery.go:351.2,352.16 2 0
github.com/calvarado2004/bakery-go/server/gRPCBakery.go:352.16,354.3 1 0
github.com/calvarado2004/bakery-go/server/gRPCBakery.go:356.2,356.9 1 0
github.com/calvarado2004/bakery-go/server/gRPCBakery.go:357.20,359.73 1 0
github.com/calvarado2004/bakery-go/server/gRPCBakery.go:360.10,371.17 2 0
github.com/calvarado2004/bakery-go/server/gRPCBakery.go:371.17,373.4 1 0
github.com/calvarado2004/bakery-go/server/gRPCBakery.go:374.3,374.36 1 0
github.com/calvarado2004/bakery-go/server/gRPCBakery.go:374.36,376.18 2 0
github.com/calvarado2004/bakery-go/server/gRPCBakery.go:376.18,378.5 1 0
github.com/calvarado2004/bakery-go/server/gRPCBakery.go:381.3,392.47 6 0
github.com/calvarado2004/bakery-go/server/gRPCBakery.go:392.47,403.4 1 0
github.com/calvarado2004/bakery-go/server/gRPCBakery.go:405.3,409.9 1 0
github.com/calvarado2004/bakery-go/server/gRPCBakery.go:414.109,429.63 6 0
github.com/calvarado2004/bakery-go/server/gRPCBakery.go:429.63,431.3 1 0
github.com/calvarado2004/bakery-go/server/gRPCBakery.go:434.2,434.12 1 0
github.com/calvarado2004/bakery-go/server/gRPCBakery.go:434.12,436.17 2 0
github.com/calvarado2004/bakery-go/server/gRPCBakery.go:436.17,438.4 1 0
github.com/calvarado2004/bakery-go/server/gRPCBakery.go:441.2,441.30 1 0
github.com/calvarado2004/bakery-go/server/gRPCBakery.go:441.30,447.17 4 0
github.com/calvarado2004/bakery-go/server/gRPCBakery.go:447.17,451.12 4 0
github.com/calvarado2004/bakery-go/server/gRPCBakery.go:453.3,456.17 3 0
github.com/calvarado2004/bakery-go/server/gRPCBakery.go:456.17,459.12 3 0
github.com/calvarado2004/bakery-go/server/gRPCBakery.go:463.3,468.42 2 0
github.com/calvarado2004/bakery-go/server/gRPCBakery.go:468.42,470.4 1 0
github.com/calvarado2004/bakery-go/server/gRPCBakery.go:472.3,472.8 1 0
github.com/calvarado2004/bakery-go/server/gRPCBakery.go:476.2,476.30 1 0
github.com/calvarado2004/bakery-go/server/gRPCBakery.go:476.30,478.3 1 0
github.com/calvarado2004/bakery-go/server/gRPCBakery.go:480.2,480.12 1 0
github.com/calvarado2004/bakery-go/server/gRPCBakery.go:483.116,487.16 2 1
github.com/calvarado2004/bakery-go/server/gRPCBakery.go:487.16,489.3 1 1
github.com/calvarado2004/bakery-go/server/gRPCBakery.go:492.2,493.16 2 1
github.com/calvarado2004/bakery-go/server/gRPCBakery.go:493.16,495.3 1 0
github.com/calvarado2004/bakery-go/server/gRPCBakery.go:498.2,499.46 2 1
github.com/calvarado2004/bakery-go/server/gRPCBakery.go:499.46,510.3 1 0
github.com/calvarado2004/bakery-go/server/gRPCBakery.go:513.2,514.31 2 1
github.com/calvarado2004/bakery-go/server/gRPCBakery.go:514.31,525.3 1 0
github.com/calvarado2004/bakery-go/server/gRPCBakery.go:528.2,547.30 5 1
github.com/calvarado2004/bakery-go/server/gRPCBakery.go:551.126,556.27 3 1
github.com/calvarado2004/bakery-go/server/gRPCBakery.go:556.27,559.17 2 1
github.com/calvarado2004/bakery-go/server/gRPCBakery.go:559.17,561.4 1 1
github.com/calvarado2004/bakery-go/server/gRPCBakery.go:562.3,562.60 1 1
github.com/calvarado2004/bakery-go/server/gRPCBakery.go:564.8,567.17 2 1
github.com/calvarado2004/bakery-go/server/gRPCBakery.go:567.17,569.4 1 0
github.com/calvarado2004/bakery-go/server/gRPCBakery.go:572.2,572.55 1 1
github.com/calvarado2004/bakery-go/server/gRPCBakery.go:572.55,576.17 2 1
github.com/calvarado2004/bakery-go/server/gRPCBakery.go:576.17,578.4 1 0
github.com/calvarado2004/bakery-go/server/gRPCBakery.go:581.3,582.50 2 1
github.com/calvarado2004/bakery-go/server/gRPCBakery.go:582.50,593.4 1 0
github.com/calvarado2004/bakery-go/server/gRPCBakery.go:596.3,597.32 2 1
github.com/calvarado2004/bakery-go/server/gRPCBakery.go:597.32,608.4 1 0
github.com/calvarado2004/bakery-go/server/gRPCBakery.go:611.3,631.55 5 1
github.com/calvarado2004/bakery-go/server/gRPCBakery.go:631.55,633.4 1 1
github.com/calvarado2004/bakery-go/server/gRPCBakery.go:637.2,637.12 1 1
github.com/calvarado2004/bakery-go/server/gRPCBakery.go:640.112,643.16 2 0
github.com/calvarado2004/bakery-go/server/gRPCBakery.go:643.16,646.3 2 0
github.com/calvarado2004/bakery-go/server/gRPCBakery.go:647.2,647.40 1 0
github.com/calvarado2004/bakery-go/server/gRPCBakery.go:647.40,649.17 2 0
github.com/calvarado2004/bakery-go/server/gRPCBakery.go:649.17,651.4 1 0
github.com/calvarado2004/bakery-go/server/gRPCBakery.go:654.2,655.16 2 0
github.com/calvarado2004/bakery-go/server/gRPCBakery.go:655.16,658.3 2 0
github.com/calvarado2004/bakery-go/server/gRPCBakery.go:659.2,659.35 1 0
github.com/calvarado2004/bakery-go/server/gRPCBakery.go:659.35,661.17 2 0
github.com/calvarado2004/bakery-go/server/gRPCBakery.go:661.17,663.4 1 0
github.com/calvarado2004/bakery-go/server/gRPCBakery.go:666.2,669.38 3 0
github.com/calvarado2004/bakery-go/server/gRPCBakery.go:669.38,673.17 3 0
github.com/calvarado2004/bakery-go/server/gRPCBakery.go:673.17,675.4 1 0
github.com/calvarado2004/bakery-go/server/gRPCBakery.go:677.3,687.17 2 0
github.com/calvarado2004/bakery-go/server/gRPCBakery.go:687.17,689.4 1 0
github.com/calvarado2004/bakery-go/server/gRPCBakery.go:691.3,691.59 1 0
github.com/calvarado2004/bakery-go/server/gRPCBakery.go:695.2,695.54 1 0
github.com/calvarado2004/bakery-go/server/gRPCBakery.go:698.127,701.16 2 0
github.com/calvarado2004/bakery-go/server/gRPCBakery.go:701.16,704.3 2 0
github.com/calvarado2004/bakery-go/server/gRPCBakery.go:705.2,705.40 1 0
github.com/calvarado2004/bakery-go/server/gRPCBakery.go:705.40,707.17 2 0
github.com/calvarado2004/bakery-go/server/gRPCBakery.go:707.17,709.4 1 0
github.com/calvarado2004/bakery-go/server/gRPCBakery.go:712.2,713.16 2 0
github.com/calvarado2004/bakery-go/server/gRPCBakery.go:713.16,716.3 2 0
github.com/calvarado2004/bakery-go/server/gRPCBakery.go:717.2,717.35 1 0
github.com/calvarado2004/bakery-go/server/gRPCBakery.go:717.35,719.17 2 0
github.com/calvarado2004/bakery-go/server/gRPCBakery.go:719.17,721.4 1 0
github.com/calvarado2004/bakery-go/server/gRPCBakery.go:724.2,733.16 2 0
github.com/calvarado2004/bakery-go/server/gRPCBakery.go:733.16,735.3 1 0
github.com/calvarado2004/bakery-go/server/gRPCBakery.go:737.2,737.31 1 0
github.com/calvarado2004/bakery-go/server/gRPCBakery.go:737.31,740.17 3 0
github.com/calvarado2004/bakery-go/server/gRPCBakery.go:740.17,742.4 1 0
github.com/calvarado2004/bakery-go/server/gRPCBakery.go:744.3,745.52 2 0
github.com/calvarado2004/bakery-go/server/gRPCBakery.go:745.52,747.4 1 0
github.com/calvarado2004/bakery-go/server/gRPCBakery.go:749.3,750.17 2 0
github.com/calvarado2004/bakery-go/server/gRPCBakery.go:750.17,753.4 2 0
github.com/calvarado2004/bakery-go/server/gRPCBakery.go:756.2,756.12 1 0
github.com/calvarado2004/bakery-go/server/gRPCInvoice.go:20.117,23.16 2 1
github.com/calvarado2004/bakery-go/server/gRPCInvoice.go:23.16,26.3 2 1
github.com/calvarado2004/bakery-go/server/gRPCInvoice.go:29.2,30.42 2 1
github.com/calvarado2004/bakery-go/server/gRPCInvoice.go:30.42,32.3 1 1
github.com/calvarado2004/bakery-go/server/gRPCInvoice.go:35.2,37.37 3 1
github.com/calvarado2004/bakery-go/server/gRPCInvoice.go:37.37,47.3 3 1
github.com/calvarado2004/bakery-go/server/gRPCInvoice.go:49.2,68.16 6 1
github.com/calvarado2004/bakery-go/server/gRPCInvoice.go:68.16,71.3 2 1
github.com/calvarado2004/bakery-go/server/gRPCInvoice.go:73.2,76.38 3 1
github.com/calvarado2004/bakery-go/server/gRPCInvoice.go:79.110,81.16 2 1
github.com/calvarado2004/bakery-go/server/gRPCInvoice.go:81.16,84.3 2 1
github.com/calvarado2004/bakery-go/server/gRPCInvoice.go:86.2,86.38 1 1
github.com/calvarado2004/bakery-go/server/gRPCInvoice.go:89.130,91.16 2 1
github.com/calvarado2004/bakery-go/server/gRPCInvoice.go:91.16,94.3 2 0
github.com/calvarado2004/bakery-go/server/gRPCInvoice.go:96.2,97.31 2 1
github.com/calvarado2004/bakery-go/server/gRPCInvoice.go:97.31,99.3 1 1
github.com/calvarado2004/bakery-go/server/gRPCInvoice.go:101.2,101.51 1 1
github.com/calvarado2004/bakery-go/server/gRPCInvoice.go:104.107,106.16 2 1
github.com/calvarado2004/bakery-go/server/gRPCInvoice.go:106.16,109.3 2 0
github.com/calvarado2004/bakery-go/server/gRPCInvoice.go:111.2,112.31 2 1
github.com/calvarado2004/bakery-go/server/gRPCInvoice.go:112.31,114.3 1 1
github.com/calvarado2004/bakery-go/server/gRPCInvoice.go:116.2,116.51 1 1
github.com/calvarado2004/bakery-go/server/gRPCInvoice.go:119.56,121.37 2 1
github.com/calvarado2004/bakery-go/server/gRPCInvoice.go:121.37,131.3 1 1
github.com/calvarado2004/bakery-go/server/gRPCInvoice.go:133.2,134.27 2 1
github.com/calvarado2004/bakery-go/server/gRPCInvoice.go:134.27,136.3 1 0
github.com/calvarado2004/bakery-go/server/gRPCInvoice.go:138.2,151.3 1 1
github.com/calvarado2004/bakery-go/server/gRPCInvoice.go:160.134,162.16 2 1
github.com/calvarado2004/bakery-go/server/gRPCInvoice.go:162.16,165.3 2 1
github.com/calvarado2004/bakery-go/server/gRPCInvoice.go:167.2,168.16 2 1
github.com/calvarado2004/bakery-go/server/gRPCInvoice.go:168.16,171.3 2 0
github.com/calvarado2004/bakery-go/server/gRPCInvoice.go:173.2,174.27 2 1
github.com/calvarado2004/bakery-go/server/gRPCInvoice.go:174.27,182.3 2 1
github.com/calvarado2004/bakery-go/server/gRPCInvoice.go:184.2,193.8 1 1
github.com/calvarado2004/bakery-go/server/gRPCInvoice.go:196.125,198.16 2 1
github.com/calvarado2004/bakery-go/server/gRPCInvoice.go:198.16,201.3 2 0
github.com/calvarado2004/bakery-go/server/gRPCInvoice.go:203.2,204.31 2 1
github.com/calvarado2004/bakery-go/server/gRPCInvoice.go:204.31,206.3 1 1
github.com/calvarado2004/bakery-go/server/gRPCInvoice.go:208.2,208.51 1 1
github.com/calvarado2004/bakery-go/server/gRPCInvoice.go:211.139,213.16 2 1
github.com/calvarado2004/bakery-go/server/gRPCInvoice.go:213.16,216.3 2 1
github.com/calvarado2004/bakery-go/server/gRPCInvoice.go:218.2,221.37 3 1
github.com/calvarado2004/bakery-go/server/gRPCInvoice.go:221.37,232.3 1 1
github.com/calvarado2004/bakery-go/server/gRPCInvoice.go:234.2,243.8 1 1
github.com/calvarado2004/bakery-go/server/main.go:72.42,74.16 2 0
github.com/calvarado2004/bakery-go/server/main.go:74.16,77.3 2 0
github.com/calvarado2004/bakery-go/server/main.go:79.2,79.33 1 0
github.com/calvarado2004/bakery-go/server/main.go:79.33,82.3 2 0
github.com/calvarado2004/bakery-go/server/main.go:84.2,84.16 1 0
github.com/calvarado2004/bakery-go/server/main.go:88.28,91.6 2 0
github.com/calvarado2004/bakery-go/server/main.go:91.6,93.17 2 0
github.com/calvarado2004/bakery-go/server/main.go:93.17,96.4 2 0
github.com/calvarado2004/bakery-go/server/main.go:96.9,99.4 2 0
github.com/calvarado2004/bakery-go/server/main.go:101.3,101.18 1 0
github.com/calvarado2004/bakery-go/server/main.go:101.18,104.4 2 0
github.com/calvarado2004/bakery-go/server/main.go:106.3,108.11 3 0
github.com/calvarado2004/bakery-go/server/main.go:113.44,117.2 2 0
github.com/calvarado2004/bakery-go/server/main.go:120.75,126.2 1 1
github.com/calvarado2004/bakery-go/server/main.go:128.13,136.16 3 0
github.com/calvarado2004/bakery-go/server/main.go:136.16,138.3 1 0
github.com/calvarado2004/bakery-go/server/main.go:140.2,143.19 3 0
github.com/calvarado2004/bakery-go/server/main.go:143.19,145.3 1 0
github.com/calvarado2004/bakery-go/server/main.go:148.2,208.45 24 0
github.com/calvarado2004/bakery-go/server/main.go:213.86,216.12 1 0
github.com/calvarado2004/bakery-go/server/main.go:216.12,218.7 2 0
github.com/calvarado2004/bakery-go/server/main.go:218.7,220.18 2 0
github.com/calvarado2004/bakery-go/server/main.go:220.18,222.5 1 0
github.com/calvarado2004/bakery-go/server/main.go:223.4,223.32 1 0
github.com/calvarado2004/bakery-go/server/main.go:228.2,228.12 1 0
github.com/calvarado2004/bakery-go/server/main.go:228.12,231.46 1 0
github.com/calvarado2004/bakery-go/server/main.go:231.46,233.4 1 0
github.com/calvarado2004/bakery-go/server/main.go:237.2,237.9 1 0
github.com/calvarado2004/bakery-go/server/rabbitBakery.go:20.38,23.16 2 0
github.com/calvarado2004/bakery-go/server/rabbitBakery.go:23.16,26.3 2 0
github.com/calvarado2004/bakery-go/server/rabbitBakery.go:27.2,27.40 1 0
github.com/calvarado2004/bakery-go/server/rabbitBakery.go:27.40,29.17 2 0
github.com/calvarado2004/bakery-go/server/rabbitBakery.go:29.17,31.4 1 0
github.com/calvarado2004/bakery-go/server/rabbitBakery.go:34.2,35.16 2 0
github.com/calvarado2004/bakery-go/server/rabbitBakery.go:35.16,38.3 2 0
github.com/calvarado2004/bakery-go/server/rabbitBakery.go:39.2,39.35 1 0
github.com/calvarado2004/bakery-go/server/rabbitBakery.go:39.35,41.17 2 0
github.com/calvarado2004/bakery-go/server/rabbitBakery.go:41.17,43.4 1 0
github.com/calvarado2004/bakery-go/server/rabbitBakery.go:47.2,55.16 2 0
github.com/calvarado2004/bakery-go/server/rabbitBakery.go:55.16,57.3 1 0
github.com/calvarado2004/bakery-go/server/rabbitBakery.go:60.2,68.16 2 0
github.com/calvarado2004/bakery-go/server/rabbitBakery.go:68.16,70.3 1 0
github.com/calvarado2004/bakery-go/server/rabbitBakery.go:73.2,81.16 2 0
github.com/calvarado2004/bakery-go/server/rabbitBakery.go:81.16,83.3 1 0
github.com/calvarado2004/bakery-go/server/rabbitBakery.go:88.50,91.16 2 0
github.com/calvarado2004/bakery-go/server/rabbitBakery.go:91.16,94.3 2 0
github.com/calvarado2004/bakery-go/server/rabbitBakery.go:95.2,95.40 1 0
github.com/calvarado2004/bakery-go/server/rabbitBakery.go:95.40,97.17 2 0
github.com/calvarado2004/bakery-go/server/rabbitBakery.go:97.17,99.4 1 0
github.com/calvarado2004/bakery-go/server/rabbitBakery.go:102.2,103.16 2 0
github.com/calvarado2004/bakery-go/server/rabbitBakery.go:103.16,106.3 2 0
github.com/calvarado2004/bakery-go/server/rabbitBakery.go:107.2,107.35 1 0
github.com/calvarado2004/bakery-go/server/rabbitBakery.go:107.35,109.17 2 0
github.com/calvarado2004/bakery-go/server/rabbitBakery.go:109.17,111.4 1 0
github.com/calvarado2004/bakery-go/server/rabbitBakery.go:114.2,115.16 2 0
github.com/calvarado2004/bakery-go/server/rabbitBakery.go:115.16,117.3 1 0
github.com/calvarado2004/bakery-go/server/rabbitBakery.go:119.2,119.22 1 0
github.com/calvarado2004/bakery-go/server/rabbitBakery.go:119.22,121.3 1 0
github.com/calvarado2004/bakery-go/server/rabbitBakery.go:123.2,134.31 3 0
github.com/calvarado2004/bakery-go/server/rabbitBakery.go:134.31,135.26 1 0
github.com/calvarado2004/bakery-go/server/rabbitBakery.go:135.26,137.4 1 0
github.com/calvarado2004/bakery-go/server/rabbitBakery.go:137.9,141.18 4 0
github.com/calvarado2004/bakery-go/server/rabbitBakery.go:141.18,143.5 1 0
github.com/calvarado2004/bakery-go/server/rabbitBakery.go:145.4,155.18 2 0
github.com/calvarado2004/bakery-go/server/rabbitBakery.go:155.18,157.5 1 0
github.com/calvarado2004/bakery-go/server/rabbitBakery.go:159.4,161.18 3 0
github.com/calvarado2004/bakery-go/server/rabbitBakery.go:161.18,163.5 1 0
github.com/calvarado2004/bakery-go/server/rabbitBakery.go:165.4,165.55 1 0
github.com/calvarado2004/bakery-go/server/rabbitBakery.go:170.2,170.12 1 0
github.com/calvarado2004/bakery-go/server/rabbitBakery.go:175.50,242.31 2 1
github.com/calvarado2004/bakery-go/server/rabbitBakery.go:242.31,244.17 2 1
github.com/calvarado2004/bakery-go/server/rabbitBakery.go:244.17,246.4 1 1
github.com/calvarado2004/bakery-go/server/rabbitBakery.go:247.3,247.45 1 1
github.com/calvarado2004/bakery-go/server/rabbitBakery.go:250.2,259.16 3 1
github.com/calvarado2004/bakery-go/server/rabbitBakery.go:259.16,262.3 1 0
github.com/calvarado2004/bakery-go/server/rabbitBakery.go:264.2,264.55 1 1
github.com/calvarado2004/bakery-go/server/rabbitBakery.go:269.114,275.6 4 1
github.com/calvarado2004/bakery-go/server/rabbitBakery.go:275.6,278.10 2 1
github.com/calvarado2004/bakery-go/server/rabbitBakery.go:279.21,282.29 1 1
github.com/calvarado2004/bakery-go/server/rabbitBakery.go:282.29,285.5 2 1
github.com/calvarado2004/bakery-go/server/rabbitBakery.go:286.4,289.12 4 1
github.com/calvarado2004/bakery-go/server/rabbitBakery.go:290.11,293.18 2 0
github.com/calvarado2004/bakery-go/server/rabbitBakery.go:293.18,294.24 1 0
github.com/calvarado2004/bakery-go/server/rabbitBakery.go:294.24,298.6 2 0
github.com/calvarado2004/bakery-go/server/rabbitBakery.go:299.5,304.17 4 0
github.com/calvarado2004/bakery-go/server/rabbitBakery.go:305.10,308.5 1 0
github.com/calvarado2004/bakery-go/server/rabbitBakery.go:310.3,310.11 1 0
github.com/calvarado2004/bakery-go/server/rabbitBakery.go:315.113,318.16 2 0
github.com/calvarado2004/bakery-go/server/rabbitBakery.go:318.16,321.3 2 0
github.com/calvarado2004/bakery-go/server/rabbitBakery.go:322.2,322.40 1 0
github.com/calvarado2004/bakery-go/server/rabbitBakery.go:322.40,324.17 2 0
github.com/calvarado2004/bakery-go/server/rabbitBakery.go:324.17,326.4 1 0
github.com/calvarado2004/bakery-go/server/rabbitBakery.go:329.2,330.16 2 0
github.com/calvarado2004/bakery-go/server/rabbitBakery.go:330.16,333.3 2 0
github.com/calvarado2004/bakery-go/server/rabbitBakery.go:334.2,334.35 1 0
github.com/calvarado2004/bakery-go/server/rabbitBakery.go:334.35,336.17 2 0
github.com/calvarado2004/bakery-go/server/rabbitBakery.go:336.17,338.4 1 0
github.com/calvarado2004/bakery-go/server/rabbitBakery.go:341.2,353.16 3 0
github.com/calvarado2004/bakery-go/server/rabbitBakery.go:353.16,356.3 2 0
github.com/calvarado2004/bakery-go/server/rabbitBakery.go:358.2,358.6 1 0
github.com/calvarado2004/bakery-go/server/rabbitBakery.go:358.6,359.10 1 0
github.com/calvarado2004/bakery-go/server/rabbitBakery.go:360.28,369.18 6 0
github.com/calvarado2004/bakery-go/server/rabbitBakery.go:369.18,372.5 2 0
github.com/calvarado2004/bakery-go/server/rabbitBakery.go:374.4,378.42 4 0
github.com/calvarado2004/bakery-go/server/rabbitBakery.go:378.42,389.5 1 0
github.com/calvarado2004/bakery-go/server/rabbitBakery.go:391.4,396.18 4 0
github.com/calvarado2004/bakery-go/server/rabbitBakery.go:396.18,399.5 2 0
github.com/calvarado2004/bakery-go/server/rabbitBakery.go:401.4,407.11 2 0
github.com/calvarado2004/bakery-go/server/rabbitBakery.go:408.33,408.33 0 0
github.com/calvarado2004/bakery-go/server/rabbitBakery.go:409.23,410.22 1 0
github.com/calvarado2004/bakery-go/server/rabbitBakery.go:413.21,416.20 2 0
