mode: atomic
github.com/calvarado2004/bakery-go/proto/bread.pb.go:40.25,45.2 4 0
github.com/calvarado2004/bakery-go/proto/bread.pb.go:47.33,49.2 1 0
github.com/calvarado2004/bakery-go/proto/bread.pb.go:51.31,51.32 0 0
github.com/calvarado2004/bakery-go/proto/bread.pb.go:53.53,55.14 2 0
github.com/calvarado2004/bakery-go/proto/bread.pb.go:55.14,57.34 2 0
github.com/calvarado2004/bakery-go/proto/bread.pb.go:57.34,59.4 1 0
github.com/calvarado2004/bakery-go/proto/bread.pb.go:60.3,60.12 1 0
github.com/calvarado2004/bakery-go/proto/bread.pb.go:62.2,62.24 1 0
github.com/calvarado2004/bakery-go/proto/bread.pb.go:66.44,68.2 1 0
github.com/calvarado2004/bakery-go/proto/bread.pb.go:70.31,71.14 1 0
github.com/calvarado2004/bakery-go/proto/bread.pb.go:71.14,73.3 1 0
github.com/calvarado2004/bakery-go/proto/bread.pb.go:74.2,74.10 1 0
github.com/calvarado2004/bakery-go/proto/bread.pb.go:77.34,78.14 1 0
github.com/calvarado2004/bakery-go/proto/bread.pb.go:78.14,80.3 1 0
github.com/calvarado2004/bakery-go/proto/bread.pb.go:81.2,81.11 1 0
github.com/calvarado2004/bakery-go/proto/bread.pb.go:84.36,85.14 1 0
github.com/calvarado2004/bakery-go/proto/bread.pb.go:85.14,87.3 1 0
github.com/calvarado2004/bakery-go/proto/bread.pb.go:88.2,88.10 1 0
github.com/calvarado2004/bakery-go/proto/bread.pb.go:91.37,92.14 1 0
github.com/calvarado2004/bakery-go/proto/bread.pb.go:92.14,94.3 1 0
github.com/calvarado2004/bakery-go/proto/bread.pb.go:95.2,95.10 1 0
github.com/calvarado2004/bakery-go/proto/bread.pb.go:98.41,99.14 1 0
github.com/calvarado2004/bakery-go/proto/bread.pb.go:99.14,101.3 1 0
github.com/calvarado2004/bakery-go/proto/bread.pb.go:102.2,102.11 1 0
github.com/calvarado2004/bakery-go/proto/bread.pb.go:105.34,106.14 1 0
github.com/calvarado2004/bakery-go/proto/bread.pb.go:106.14,108.3 1 0
github.com/calvarado2004/bakery-go/proto/bread.pb.go:109.2,109.11 1 0
github.com/calvarado2004/bakery-go/proto/bread.pb.go:112.36,113.14 1 0
github.com/calvarado2004/bakery-go/proto/bread.pb.go:113.14,115.3 1 0
github.com/calvarado2004/bakery-go/proto/bread.pb.go:116.2,116.11 1 0
github.com/calvarado2004/bakery-go/proto/bread.pb.go:119.39,120.14 1 0
github.com/calvarado2004/bakery-go/proto/bread.pb.go:120.14,122.3 1 0
github.com/calvarado2004/bakery-go/proto/bread.pb.go:123.2,123.11 1 0
github.com/calvarado2004/bakery-go/proto/bread.pb.go:126.39,127.14 1 0
github.com/calvarado2004/bakery-go/proto/bread.pb.go:127.14,129.3 1 0
github.com/calvarado2004/bakery-go/proto/bread.pb.go:130.2,130.11 1 0
github.com/calvarado2004/bakery-go/proto/bread.pb.go:133.35,134.14 1 0
github.com/calvarado2004/bakery-go/proto/bread.pb.go:134.14,136.3 1 0
github.com/calvarado2004/bakery-go/proto/bread.pb.go:137.2,137.11 1 0
github.com/calvarado2004/bakery-go/proto/bread.pb.go:151.28,156.2 4 0
github.com/calvarado2004/bakery-go/proto/bread.pb.go:158.36,160.2 1 0
github.com/calvarado2004/bakery-go/proto/bread.pb.go:162.34,162.35 0 0
github.com/calvarado2004/bakery-go/proto/bread.pb.go:164.56,166.14 2 0
github.com/calvarado2004/bakery-go/proto/bread.pb.go:166.14,168.34 2 0
github.com/calvarado2004/bakery-go/proto/bread.pb.go:168.34,170.4 1 0
github.com/calvarado2004/bakery-go/proto/bread.pb.go:171.3,171.12 1 0
github.com/calvarado2004/bakery-go/proto/bread.pb.go:173.2,173.24 1 0
github.com/calvarado2004/bakery-go/proto/bread.pb.go:177.47,179.2 1 0
github.com/calvarado2004/bakery-go/proto/bread.pb.go:181.34,182.14 1 0
github.com/calvarado2004/bakery-go/proto/bread.pb.go:182.14,184.3 1 0
github.com/calvarado2004/bakery-go/proto/bread.pb.go:185.2,185.10 1 0
github.com/calvarado2004/bakery-go/proto/bread.pb.go:188.42,189.14 1 0
github.com/calvarado2004/bakery-go/proto/bread.pb.go:189.14,191.3 1 0
github.com/calvarado2004/bakery-go/proto/bread.pb.go:192.2,192.10 1 0
github.com/calvarado2004/bakery-go/proto/bread.pb.go:195.45,196.14 1 0
github.com/calvarado2004/bakery-go/proto/bread.pb.go:196.14,198.3 1 0
github.com/calvarado2004/bakery-go/proto/bread.pb.go:199.2,199.11 1 0
github.com/calvarado2004/bakery-go/proto/bread.pb.go:202.43,203.14 1 0
github.com/calvarado2004/bakery-go/proto/bread.pb.go:203.14,205.3 1 0
github.com/calvarado2004/bakery-go/proto/bread.pb.go:206.2,206.10 1 0
github.com/calvarado2004/bakery-go/proto/bread.pb.go:209.39,210.14 1 0
github.com/calvarado2004/bakery-go/proto/bread.pb.go:210.14,212.3 1 0
github.com/calvarado2004/bakery-go/proto/bread.pb.go:213.2,213.11 1 0
github.com/calvarado2004/bakery-go/proto/bread.pb.go:230.35,235.2 4 0
github.com/calvarado2004/bakery-go/proto/bread.pb.go:237.43,239.2 1 0
github.com/calvarado2004/bakery-go/proto/bread.pb.go:241.41,241.42 0 0
github.com/calvarado2004/bakery-go/proto/bread.pb.go:243.63,245.14 2 0
github.com/calvarado2004/bakery-go/proto/bread.pb.go:245.14,247.34 2 0
github.com/calvarado2004/bakery-go/proto/bread.pb.go:247.34,249.4 1 0
github.com/calvarado2004/bakery-go/proto/bread.pb.go:250.3,250.12 1 0
github.com/calvarado2004/bakery-go/proto/bread.pb.go:252.2,252.24 1 0
github.com/calvarado2004/bakery-go/proto/bread.pb.go:256.54,258.2 1 0
github.com/calvarado2004/bakery-go/proto/bread.pb.go:260.49,261.14 1 0
github.com/calvarado2004/bakery-go/proto/bread.pb.go:261.14,263.3 1 0
github.com/calvarado2004/bakery-go/proto/bread.pb.go:264.2,264.10 1 0
github.com/calvarado2004/bakery-go/proto/bread.pb.go:267.52,268.14 1 0
github.com/calvarado2004/bakery-go/proto/bread.pb.go:268.14,270.3 1 0
github.com/calvarado2004/bakery-go/proto/bread.pb.go:271.2,271.11 1 0
github.com/calvarado2004/bakery-go/proto/bread.pb.go:274.46,275.14 1 0
github.com/calvarado2004/bakery-go/proto/bread.pb.go:275.14,277.3 1 0
github.com/calvarado2004/bakery-go/proto/bread.pb.go:278.2,278.10 1 0
github.com/calvarado2004/bakery-go/proto/bread.pb.go:281.47,282.14 1 0
github.com/calvarado2004/bakery-go/proto/bread.pb.go:282.14,284.3 1 0
github.com/calvarado2004/bakery-go/proto/bread.pb.go:285.2,285.10 1 0
github.com/calvarado2004/bakery-go/proto/bread.pb.go:288.46,289.14 1 0
github.com/calvarado2004/bakery-go/proto/bread.pb.go:289.14,291.3 1 0
github.com/calvarado2004/bakery-go/proto/bread.pb.go:292.2,292.10 1 0
github.com/calvarado2004/bakery-go/proto/bread.pb.go:295.46,296.14 1 0
github.com/calvarado2004/bakery-go/proto/bread.pb.go:296.14,298.3 1 0
github.com/calvarado2004/bakery-go/proto/bread.pb.go:299.2,299.11 1 0
github.com/calvarado2004/bakery-go/proto/bread.pb.go:302.49,303.14 1 0
github.com/calvarado2004/bakery-go/proto/bread.pb.go:303.14,305.3 1 0
github.com/calvarado2004/bakery-go/proto/bread.pb.go:306.2,306.11 1 0
github.com/calvarado2004/bakery-go/proto/bread.pb.go:309.49,310.14 1 0
github.com/calvarado2004/bakery-go/proto/bread.pb.go:310.14,312.3 1 0
github.com/calvarado2004/bakery-go/proto/bread.pb.go:313.2,313.11 1 0
github.com/calvarado2004/bakery-go/proto/bread.pb.go:324.32,329.2 4 0
github.com/calvarado2004/bakery-go/proto/bread.pb.go:331.40,333.2 1 0
github.com/calvarado2004/bakery-go/proto/bread.pb.go:335.38,335.39 0 0
github.com/calvarado2004/bakery-go/proto/bread.pb.go:337.60,339.14 2 0
github.com/calvarado2004/bakery-go/proto/bread.pb.go:339.14,341.34 2 0
github.com/calvarado2004/bakery-go/proto/bread.pb.go:341.34,343.4 1 0
github.com/calvarado2004/bakery-go/proto/bread.pb.go:344.3,344.12 1 0
github.com/calvarado2004/bakery-go/proto/bread.pb.go:346.2,346.24 1 0
github.com/calvarado2004/bakery-go/proto/bread.pb.go:350.51,352.2 1 0
github.com/calvarado2004/bakery-go/proto/bread.pb.go:354.51,355.14 1 0
github.com/calvarado2004/bakery-go/proto/bread.pb.go:355.14,357.3 1 0
github.com/calvarado2004/bakery-go/proto/bread.pb.go:358.2,358.12 1 0
github.com/calvarado2004/bakery-go/proto/bread.pb.go:361.64,362.14 1 0
github.com/calvarado2004/bakery-go/proto/bread.pb.go:362.14,364.3 1 0
github.com/calvarado2004/bakery-go/proto/bread.pb.go:365.2,365.12 1 0
github.com/calvarado2004/bakery-go/proto/bread.pb.go:376.35,381.2 4 0
github.com/calvarado2004/bakery-go/proto/bread.pb.go:383.43,385.2 1 0
github.com/calvarado2004/bakery-go/proto/bread.pb.go:387.41,387.42 0 0
github.com/calvarado2004/bakery-go/proto/bread.pb.go:389.63,391.14 2 0
github.com/calvarado2004/bakery-go/proto/bread.pb.go:391.14,393.34 2 0
github.com/calvarado2004/bakery-go/proto/bread.pb.go:393.34,395.4 1 0
github.com/calvarado2004/bakery-go/proto/bread.pb.go:396.3,396.12 1 0
github.com/calvarado2004/bakery-go/proto/bread.pb.go:398.2,398.24 1 0
github.com/calvarado2004/bakery-go/proto/bread.pb.go:402.54,404.2 1 0
github.com/calvarado2004/bakery-go/proto/bread.pb.go:406.56,407.14 1 0
github.com/calvarado2004/bakery-go/proto/bread.pb.go:407.14,409.3 1 0
github.com/calvarado2004/bakery-go/proto/bread.pb.go:410.2,410.12 1 0
github.com/calvarado2004/bakery-go/proto/bread.pb.go:413.52,414.14 1 0
github.com/calvarado2004/bakery-go/proto/bread.pb.go:414.14,416.3 1 0
github.com/calvarado2004/bakery-go/proto/bread.pb.go:417.2,417.11 1 0
github.com/calvarado2004/bakery-go/proto/bread.pb.go:429.36,434.2 4 0
github.com/calvarado2004/bakery-go/proto/bread.pb.go:436.44,438.2 1 0
github.com/calvarado2004/bakery-go/proto/bread.pb.go:440.42,440.43 0 0
github.com/calvarado2004/bakery-go/proto/bread.pb.go:442.64,444.14 2 0
github.com/calvarado2004/bakery-go/proto/bread.pb.go:444.14,446.34 2 0
github.com/calvarado2004/bakery-go/proto/bread.pb.go:446.34,448.4 1 0
github.com/calvarado2004/bakery-go/proto/bread.pb.go:449.3,449.12 1 0
github.com/calvarado2004/bakery-go/proto/bread.pb.go:451.2,451.24 1 0
github.com/calvarado2004/bakery-go/proto/bread.pb.go:455.55,457.2 1 0
github.com/calvarado2004/bakery-go/proto/bread.pb.go:459.48,460.14 1 0
github.com/calvarado2004/bakery-go/proto/bread.pb.go:460.14,462.3 1 0
github.com/calvarado2004/bakery-go/proto/bread.pb.go:463.2,463.11 1 0
github.com/calvarado2004/bakery-go/proto/bread.pb.go:466.57,467.14 1 0
github.com/calvarado2004/bakery-go/proto/bread.pb.go:467.14,469.3 1 0
github.com/calvarado2004/bakery-go/proto/bread.pb.go:470.2,470.12 1 0
github.com/calvarado2004/bakery-go/proto/bread.pb.go:473.46,474.14 1 0
github.com/calvarado2004/bakery-go/proto/bread.pb.go:474.14,476.3 1 0
github.com/calvarado2004/bakery-go/proto/bread.pb.go:477.2,477.11 1 0
github.com/calvarado2004/bakery-go/proto/bread.pb.go:488.29,493.2 4 0
github.com/calvarado2004/bakery-go/proto/bread.pb.go:495.37,497.2 1 0
github.com/calvarado2004/bakery-go/proto/bread.pb.go:499.35,499.36 0 0
github.com/calvarado2004/bakery-go/proto/bread.pb.go:501.57,503.14 2 0
github.com/calvarado2004/bakery-go/proto/bread.pb.go:503.14,505.34 2 0
github.com/calvarado2004/bakery-go/proto/bread.pb.go:505.34,507.4 1 0
github.com/calvarado2004/bakery-go/proto/bread.pb.go:508.3,508.12 1 0
github.com/calvarado2004/bakery-go/proto/bread.pb.go:510.2,510.24 1 0
github.com/calvarado2004/bakery-go/proto/bread.pb.go:514.48,516.2 1 0
github.com/calvarado2004/bakery-go/proto/bread.pb.go:518.35,519.14 1 0
github.com/calvarado2004/bakery-go/proto/bread.pb.go:519.14,521.3 1 0
github.com/calvarado2004/bakery-go/proto/bread.pb.go:522.2,522.10 1 0
github.com/calvarado2004/bakery-go/proto/bread.pb.go:525.45,526.14 1 0
github.com/calvarado2004/bakery-go/proto/bread.pb.go:526.14,528.3 1 0
github.com/calvarado2004/bakery-go/proto/bread.pb.go:529.2,529.10 1 0
github.com/calvarado2004/bakery-go/proto/bread.pb.go:545.36,550.2 4 0
github.com/calvarado2004/bakery-go/proto/bread.pb.go:552.44,554.2 1 0
github.com/calvarado2004/bakery-go/proto/bread.pb.go:556.42,556.43 0 0
github.com/calvarado2004/bakery-go/proto/bread.pb.go:558.64,560.14 2 0
github.com/calvarado2004/bakery-go/proto/bread.pb.go:560.14,562.34 2 0
github.com/calvarado2004/bakery-go/proto/bread.pb.go:562.34,564.4 1 0
github.com/calvarado2004/bakery-go/proto/bread.pb.go:565.3,565.12 1 0
github.com/calvarado2004/bakery-go/proto/bread.pb.go:567.2,567.24 1 0
github.com/calvarado2004/bakery-go/proto/bread.pb.go:571.55,573.2 1 0
github.com/calvarado2004/bakery-go/proto/bread.pb.go:575.51,576.14 1 0
github.com/calvarado2004/bakery-go/proto/bread.pb.go:576.14,578.3 1 0
github.com/calvarado2004/bakery-go/proto/bread.pb.go:579.2,579.10 1 0
github.com/calvarado2004/bakery-go/proto/bread.pb.go:582.47,583.14 1 0
github.com/calvarado2004/bakery-go/proto/bread.pb.go:583.14,585.3 1 0
github.com/calvarado2004/bakery-go/proto/bread.pb.go:586.2,586.10 1 0
github.com/calvarado2004/bakery-go/proto/bread.pb.go:589.48,590.14 1 0
github.com/calvarado2004/bakery-go/proto/bread.pb.go:590.14,592.3 1 0
github.com/calvarado2004/bakery-go/proto/bread.pb.go:593.2,593.10 1 0
github.com/calvarado2004/bakery-go/proto/bread.pb.go:596.47,597.14 1 0
github.com/calvarado2004/bakery-go/proto/bread.pb.go:597.14,599.3 1 0
github.com/calvarado2004/bakery-go/proto/bread.pb.go:600.2,600.10 1 0
github.com/calvarado2004/bakery-go/proto/bread.pb.go:603.47,604.14 1 0
github.com/calvarado2004/bakery-go/proto/bread.pb.go:604.14,606.3 1 0
github.com/calvarado2004/bakery-go/proto/bread.pb.go:607.2,607.11 1 0
github.com/calvarado2004/bakery-go/proto/bread.pb.go:610.50,611.14 1 0
github.com/calvarado2004/bakery-go/proto/bread.pb.go:611.14,613.3 1 0
github.com/calvarado2004/bakery-go/proto/bread.pb.go:614.2,614.11 1 0
github.com/calvarado2004/bakery-go/proto/bread.pb.go:617.50,618.14 1 0
github.com/calvarado2004/bakery-go/proto/bread.pb.go:618.14,620.3 1 0
github.com/calvarado2004/bakery-go/proto/bread.pb.go:621.2,621.11 1 0
github.com/calvarado2004/bakery-go/proto/bread.pb.go:631.29,636.2 4 0
github.com/calvarado2004/bakery-go/proto/bread.pb.go:638.37,640.2 1 0
github.com/calvarado2004/bakery-go/proto/bread.pb.go:642.35,642.36 0 0
github.com/calvarado2004/bakery-go/proto/bread.pb.go:644.57,646.14 2 0
github.com/calvarado2004/bakery-go/proto/bread.pb.go:646.14,648.34 2 0
github.com/calvarado2004/bakery-go/proto/bread.pb.go:648.34,650.4 1 0
github.com/calvarado2004/bakery-go/proto/bread.pb.go:651.3,651.12 1 0
github.com/calvarado2004/bakery-go/proto/bread.pb.go:653.2,653.24 1 0
github.com/calvarado2004/bakery-go/proto/bread.pb.go:657.48,659.2 1 0
github.com/calvarado2004/bakery-go/proto/bread.pb.go:661.42,662.14 1 0
github.com/calvarado2004/bakery-go/proto/bread.pb.go:662.14,664.3 1 0
github.com/calvarado2004/bakery-go/proto/bread.pb.go:665.2,665.12 1 0
github.com/calvarado2004/bakery-go/proto/bread.pb.go:677.32,682.2 4 0
github.com/calvarado2004/bakery-go/proto/bread.pb.go:684.40,686.2 1 0
github.com/calvarado2004/bakery-go/proto/bread.pb.go:688.38,688.39 0 0
github.com/calvarado2004/bakery-go/proto/bread.pb.go:690.60,692.14 2 0
github.com/calvarado2004/bakery-go/proto/bread.pb.go:692.14,694.34 2 0
github.com/calvarado2004/bakery-go/proto/bread.pb.go:694.34,696.4 1 0
github.com/calvarado2004/bakery-go/proto/bread.pb.go:697.3,697.12 1 0
github.com/calvarado2004/bakery-go/proto/bread.pb.go:699.2,699.24 1 0
github.com/calvarado2004/bakery-go/proto/bread.pb.go:703.51,705.2 1 0
github.com/calvarado2004/bakery-go/proto/bread.pb.go:707.47,708.14 1 0
github.com/calvarado2004/bakery-go/proto/bread.pb.go:708.14,710.3 1 0
github.com/calvarado2004/bakery-go/proto/bread.pb.go:711.2,711.12 1 0
github.com/calvarado2004/bakery-go/proto/bread.pb.go:714.49,715.14 1 0
github.com/calvarado2004/bakery-go/proto/bread.pb.go:715.14,717.3 1 0
github.com/calvarado2004/bakery-go/proto/bread.pb.go:718.2,718.11 1 0
github.com/calvarado2004/bakery-go/proto/bread.pb.go:721.50,722.14 1 0
github.com/calvarado2004/bakery-go/proto/bread.pb.go:722.14,724.3 1 0
github.com/calvarado2004/bakery-go/proto/bread.pb.go:725.2,725.11 1 0
github.com/calvarado2004/bakery-go/proto/bread.pb.go:741.33,746.2 4 0
github.com/calvarado2004/bakery-go/proto/bread.pb.go:748.41,750.2 1 0
github.com/calvarado2004/bakery-go/proto/bread.pb.go:752.39,752.40 0 0
github.com/calvarado2004/bakery-go/proto/bread.pb.go:754.61,756.14 2 0
github.com/calvarado2004/bakery-go/proto/bread.pb.go:756.14,758.34 2 0
github.com/calvarado2004/bakery-go/proto/bread.pb.go:758.34,760.4 1 0
github.com/calvarado2004/bakery-go/proto/bread.pb.go:761.3,761.12 1 0
github.com/calvarado2004/bakery-go/proto/bread.pb.go:763.2,763.24 1 0
github.com/calvarado2004/bakery-go/proto/bread.pb.go:767.52,769.2 1 0
github.com/calvarado2004/bakery-go/proto/bread.pb.go:771.45,772.14 1 0
github.com/calvarado2004/bakery-go/proto/bread.pb.go:772.14,774.3 1 0
github.com/calvarado2004/bakery-go/proto/bread.pb.go:775.2,775.11 1 0
github.com/calvarado2004/bakery-go/proto/bread.pb.go:778.48,779.14 1 0
github.com/calvarado2004/bakery-go/proto/bread.pb.go:779.14,781.3 1 0
github.com/calvarado2004/bakery-go/proto/bread.pb.go:782.2,782.12 1 0
github.com/calvarado2004/bakery-go/proto/bread.pb.go:785.43,786.14 1 0
github.com/calvarado2004/bakery-go/proto/bread.pb.go:786.14,788.3 1 0
github.com/calvarado2004/bakery-go/proto/bread.pb.go:789.2,789.11 1 0
github.com/calvarado2004/bakery-go/proto/bread.pb.go:792.47,793.14 1 0
github.com/calvarado2004/bakery-go/proto/bread.pb.go:793.14,795.3 1 0
github.com/calvarado2004/bakery-go/proto/bread.pb.go:796.2,796.10 1 0
github.com/calvarado2004/bakery-go/proto/bread.pb.go:799.48,800.14 1 0
github.com/calvarado2004/bakery-go/proto/bread.pb.go:800.14,802.3 1 0
github.com/calvarado2004/bakery-go/proto/bread.pb.go:803.2,803.10 1 0
github.com/calvarado2004/bakery-go/proto/bread.pb.go:806.50,807.14 1 0
github.com/calvarado2004/bakery-go/proto/bread.pb.go:807.14,809.3 1 0
github.com/calvarado2004/bakery-go/proto/bread.pb.go:810.2,810.11 1 0
github.com/calvarado2004/bakery-go/proto/bread.pb.go:813.51,814.14 1 0
github.com/calvarado2004/bakery-go/proto/bread.pb.go:814.14,816.3 1 0
github.com/calvarado2004/bakery-go/proto/bread.pb.go:817.2,817.11 1 0
github.com/calvarado2004/bakery-go/proto/bread.pb.go:827.25,832.2 4 0
github.com/calvarado2004/bakery-go/proto/bread.pb.go:834.33,836.2 1 0
github.com/calvarado2004/bakery-go/proto/bread.pb.go:838.31,838.32 0 0
github.com/calvarado2004/bakery-go/proto/bread.pb.go:840.53,842.14 2 0
github.com/calvarado2004/bakery-go/proto/bread.pb.go:842.14,844.34 2 0
github.com/calvarado2004/bakery-go/proto/bread.pb.go:844.34,846.4 1 0
github.com/calvarado2004/bakery-go/proto/bread.pb.go:847.3,847.12 1 0
github.com/calvarado2004/bakery-go/proto/bread.pb.go:849.2,849.24 1 0
github.com/calvarado2004/bakery-go/proto/bread.pb.go:853.44,855.2 1 0
github.com/calvarado2004/bakery-go/proto/bread.pb.go:869.34,874.2 4 0
github.com/calvarado2004/bakery-go/proto/bread.pb.go:876.42,878.2 1 0
github.com/calvarado2004/bakery-go/proto/bread.pb.go:880.40,880.41 0 0
github.com/calvarado2004/bakery-go/proto/bread.pb.go:882.62,884.14 2 0
github.com/calvarado2004/bakery-go/proto/bread.pb.go:884.14,886.34 2 0
github.com/calvarado2004/bakery-go/proto/bread.pb.go:886.34,888.4 1 0
github.com/calvarado2004/bakery-go/proto/bread.pb.go:889.3,889.12 1 0
github.com/calvarado2004/bakery-go/proto/bread.pb.go:891.2,891.24 1 0
github.com/calvarado2004/bakery-go/proto/bread.pb.go:895.53,897.2 1 0
github.com/calvarado2004/bakery-go/proto/bread.pb.go:899.49,900.14 1 0
github.com/calvarado2004/bakery-go/proto/bread.pb.go:900.14,902.3 1 0
github.com/calvarado2004/bakery-go/proto/bread.pb.go:903.2,903.10 1 0
github.com/calvarado2004/bakery-go/proto/bread.pb.go:906.52,907.14 1 0
github.com/calvarado2004/bakery-go/proto/bread.pb.go:907.14,909.3 1 0
github.com/calvarado2004/bakery-go/proto/bread.pb.go:910.2,910.10 1 0
github.com/calvarado2004/bakery-go/proto/bread.pb.go:913.51,914.14 1 0
github.com/calvarado2004/bakery-go/proto/bread.pb.go:914.14,916.3 1 0
github.com/calvarado2004/bakery-go/proto/bread.pb.go:917.2,917.10 1 0
github.com/calvarado2004/bakery-go/proto/bread.pb.go:920.52,921.14 1 0
github.com/calvarado2004/bakery-go/proto/bread.pb.go:921.14,923.3 1 0
github.com/calvarado2004/bakery-go/proto/bread.pb.go:924.2,924.10 1 0
github.com/calvarado2004/bakery-go/proto/bread.pb.go:927.54,928.14 1 0
github.com/calvarado2004/bakery-go/proto/bread.pb.go:928.14,930.3 1 0
github.com/calvarado2004/bakery-go/proto/bread.pb.go:931.2,931.10 1 0
github.com/calvarado2004/bakery-go/proto/bread.pb.go:934.51,935.14 1 0
github.com/calvarado2004/bakery-go/proto/bread.pb.go:935.14,937.3 1 0
github.com/calvarado2004/bakery-go/proto/bread.pb.go:938.2,938.10 1 0
github.com/calvarado2004/bakery-go/proto/bread.pb.go:952.28,957.2 4 0
github.com/calvarado2004/bakery-go/proto/bread.pb.go:959.36,961.2 1 0
github.com/calvarado2004/bakery-go/proto/bread.pb.go:963.34,963.35 0 0
github.com/calvarado2004/bakery-go/proto/bread.pb.go:965.56,967.14 2 0
github.com/calvarado2004/bakery-go/proto/bread.pb.go:967.14,969.34 2 0
github.com/calvarado2004/bakery-go/proto/bread.pb.go:969.34,971.4 1 0
github.com/calvarado2004/bakery-go/proto/bread.pb.go:972.3,972.12 1 0
github.com/calvarado2004/bakery-go/proto/bread.pb.go:974.2,974.24 1 0
github.com/calvarado2004/bakery-go/proto/bread.pb.go:978.47,980.2 1 0
github.com/calvarado2004/bakery-go/proto/bread.pb.go:982.34,983.14 1 0
github.com/calvarado2004/bakery-go/proto/bread.pb.go:983.14,985.3 1 0
github.com/calvarado2004/bakery-go/proto/bread.pb.go:986.2,986.10 1 0
github.com/calvarado2004/bakery-go/proto/bread.pb.go:989.37,990.14 1 0
github.com/calvarado2004/bakery-go/proto/bread.pb.go:990.14,992.3 1 0
github.com/calvarado2004/bakery-go/proto/bread.pb.go:993.2,993.11 1 0
github.com/calvarado2004/bakery-go/proto/bread.pb.go:996.38,997.14 1 0
github.com/calvarado2004/bakery-go/proto/bread.pb.go:997.14,999.3 1 0
github.com/calvarado2004/bakery-go/proto/bread.pb.go:1000.2,1000.11 1 0
github.com/calvarado2004/bakery-go/proto/bread.pb.go:1003.42,1004.14 1 0
github.com/calvarado2004/bakery-go/proto/bread.pb.go:1004.14,1006.3 1 0
github.com/calvarado2004/bakery-go/proto/bread.pb.go:1007.2,1007.11 1 0
github.com/calvarado2004/bakery-go/proto/bread.pb.go:1010.42,1011.14 1 0
github.com/calvarado2004/bakery-go/proto/bread.pb.go:1011.14,1013.3 1 0
github.com/calvarado2004/bakery-go/proto/bread.pb.go:1014.2,1014.11 1 0
github.com/calvarado2004/bakery-go/proto/bread.pb.go:1024.32,1029.2 4 0
github.com/calvarado2004/bakery-go/proto/bread.pb.go:1031.40,1033.2 1 0
github.com/calvarado2004/bakery-go/proto/bread.pb.go:1035.38,1035.39 0 0
github.com/calvarado2004/bakery-go/proto/bread.pb.go:1037.60,1039.14 2 0
github.com/calvarado2004/bakery-go/proto/bread.pb.go:1039.14,1041.34 2 0
github.com/calvarado2004/bakery-go/proto/bread.pb.go:1041.34,1043.4 1 0
github.com/calvarado2004/bakery-go/proto/bread.pb.go:1044.3,1044.12 1 0
github.com/calvarado2004/bakery-go/proto/bread.pb.go:1046.2,1046.24 1 0
github.com/calvarado2004/bakery-go/proto/bread.pb.go:1050.51,1052.2 1 0
github.com/calvarado2004/bakery-go/proto/bread.pb.go:1054.51,1055.14 1 0
github.com/calvarado2004/bakery-go/proto/bread.pb.go:1055.14,1057.3 1 0
github.com/calvarado2004/bakery-go/proto/bread.pb.go:1058.2,1058.12 1 0
github.com/calvarado2004/bakery-go/proto/bread.pb.go:1072.35,1077.2 4 0
github.com/calvarado2004/bakery-go/proto/bread.pb.go:1079.43,1081.2 1 0
github.com/calvarado2004/bakery-go/proto/bread.pb.go:1083.41,1083.42 0 0
github.com/calvarado2004/bakery-go/proto/bread.pb.go:1085.63,1087.14 2 0
github.com/calvarado2004/bakery-go/proto/bread.pb.go:1087.14,1089.34 2 0
github.com/calvarado2004/bakery-go/proto/bread.pb.go:1089.34,1091.4 1 0
github.com/calvarado2004/bakery-go/proto/bread.pb.go:1092.3,1092.12 1 0
github.com/calvarado2004/bakery-go/proto/bread.pb.go:1094.2,1094.24 1 0
github.com/calvarado2004/bakery-go/proto/bread.pb.go:1098.54,1100.2 1 0
github.com/calvarado2004/bakery-go/proto/bread.pb.go:1102.41,1103.14 1 0
github.com/calvarado2004/bakery-go/proto/bread.pb.go:1103.14,1105.3 1 0
github.com/calvarado2004/bakery-go/proto/bread.pb.go:1106.2,1106.10 1 0
github.com/calvarado2004/bakery-go/proto/bread.pb.go:1109.44,1110.14 1 0
github.com/calvarado2004/bakery-go/proto/bread.pb.go:1110.14,1112.3 1 0
github.com/calvarado2004/bakery-go/proto/bread.pb.go:1113.2,1113.11 1 0
github.com/calvarado2004/bakery-go/proto/bread.pb.go:1116.45,1117.14 1 0
github.com/calvarado2004/bakery-go/proto/bread.pb.go:1117.14,1119.3 1 0
github.com/calvarado2004/bakery-go/proto/bread.pb.go:1120.2,1120.11 1 0
github.com/calvarado2004/bakery-go/proto/bread.pb.go:1123.49,1124.14 1 0
github.com/calvarado2004/bakery-go/proto/bread.pb.go:1124.14,1126.3 1 0
github.com/calvarado2004/bakery-go/proto/bread.pb.go:1127.2,1127.11 1 0
github.com/calvarado2004/bakery-go/proto/bread.pb.go:1130.49,1131.14 1 0
github.com/calvarado2004/bakery-go/proto/bread.pb.go:1131.14,1133.3 1 0
github.com/calvarado2004/bakery-go/proto/bread.pb.go:1134.2,1134.11 1 0
github.com/calvarado2004/bakery-go/proto/bread.pb.go:1144.34,1149.2 4 0
github.com/calvarado2004/bakery-go/proto/bread.pb.go:1151.42,1153.2 1 0
github.com/calvarado2004/bakery-go/proto/bread.pb.go:1155.40,1155.41 0 0
github.com/calvarado2004/bakery-go/proto/bread.pb.go:1157.62,1159.14 2 0
github.com/calvarado2004/bakery-go/proto/bread.pb.go:1159.14,1161.34 2 0
github.com/calvarado2004/bakery-go/proto/bread.pb.go:1161.34,1163.4 1 0
github.com/calvarado2004/bakery-go/proto/bread.pb.go:1164.3,1164.12 1 0
github.com/calvarado2004/bakery-go/proto/bread.pb.go:1166.2,1166.24 1 0
github.com/calvarado2004/bakery-go/proto/bread.pb.go:1170.53,1172.2 1 0
github.com/calvarado2004/bakery-go/proto/bread.pb.go:1174.62,1175.14 1 0
github.com/calvarado2004/bakery-go/proto/bread.pb.go:1175.14,1177.3 1 0
github.com/calvarado2004/bakery-go/proto/bread.pb.go:1178.2,1178.12 1 0
github.com/calvarado2004/bakery-go/proto/bread.pb.go:1193.38,1198.2 4 0
github.com/calvarado2004/bakery-go/proto/bread.pb.go:1200.46,1202.2 1 0
github.com/calvarado2004/bakery-go/proto/bread.pb.go:1204.44,1204.45 0 0
github.com/calvarado2004/bakery-go/proto/bread.pb.go:1206.66,1208.14 2 0
github.com/calvarado2004/bakery-go/proto/bread.pb.go:1208.14,1210.34 2 0
github.com/calvarado2004/bakery-go/proto/bread.pb.go:1210.34,1212.4 1 0
github.com/calvarado2004/bakery-go/proto/bread.pb.go:1213.3,1213.12 1 0
github.com/calvarado2004/bakery-go/proto/bread.pb.go:1215.2,1215.24 1 0
github.com/calvarado2004/bakery-go/proto/bread.pb.go:1219.57,1221.2 1 0
github.com/calvarado2004/bakery-go/proto/bread.pb.go:1223.47,1224.14 1 0
github.com/calvarado2004/bakery-go/proto/bread.pb.go:1224.14,1226.3 1 0
github.com/calvarado2004/bakery-go/proto/bread.pb.go:1227.2,1227.11 1 0
github.com/calvarado2004/bakery-go/proto/bread.pb.go:1230.49,1231.14 1 0
github.com/calvarado2004/bakery-go/proto/bread.pb.go:1231.14,1233.3 1 0
github.com/calvarado2004/bakery-go/proto/bread.pb.go:1234.2,1234.10 1 0
github.com/calvarado2004/bakery-go/proto/bread.pb.go:1237.50,1238.14 1 0
github.com/calvarado2004/bakery-go/proto/bread.pb.go:1238.14,1240.3 1 0
github.com/calvarado2004/bakery-go/proto/bread.pb.go:1241.2,1241.10 1 0
github.com/calvarado2004/bakery-go/proto/bread.pb.go:1244.54,1245.14 1 0
github.com/calvarado2004/bakery-go/proto/bread.pb.go:1245.14,1247.3 1 0
github.com/calvarado2004/bakery-go/proto/bread.pb.go:1248.2,1248.11 1 0
github.com/calvarado2004/bakery-go/proto/bread.pb.go:1251.47,1252.14 1 0
github.com/calvarado2004/bakery-go/proto/bread.pb.go:1252.14,1254.3 1 0
github.com/calvarado2004/bakery-go/proto/bread.pb.go:1255.2,1255.11 1 0
github.com/calvarado2004/bakery-go/proto/bread.pb.go:1258.48,1259.14 1 0
github.com/calvarado2004/bakery-go/proto/bread.pb.go:1259.14,1261.3 1 0
github.com/calvarado2004/bakery-go/proto/bread.pb.go:1262.2,1262.11 1 0
github.com/calvarado2004/bakery-go/proto/bread.pb.go:1278.38,1283.2 4 0
github.com/calvarado2004/bakery-go/proto/bread.pb.go:1285.46,1287.2 1 0
github.com/calvarado2004/bakery-go/proto/bread.pb.go:1289.44,1289.45 0 0
github.com/calvarado2004/bakery-go/proto/bread.pb.go:1291.66,1293.14 2 0
github.com/calvarado2004/bakery-go/proto/bread.pb.go:1293.14,1295.34 2 0
github.com/calvarado2004/bakery-go/proto/bread.pb.go:1295.34,1297.4 1 0
github.com/calvarado2004/bakery-go/proto/bread.pb.go:1298.3,1298.12 1 0
github.com/calvarado2004/bakery-go/proto/bread.pb.go:1300.2,1300.24 1 0
github.com/calvarado2004/bakery-go/proto/bread.pb.go:1304.57,1306.2 1 0
github.com/calvarado2004/bakery-go/proto/bread.pb.go:1308.44,1309.14 1 0
github.com/calvarado2004/bakery-go/proto/bread.pb.go:1309.14,1311.3 1 0
github.com/calvarado2004/bakery-go/proto/bread.pb.go:1312.2,1312.10 1 0
github.com/calvarado2004/bakery-go/proto/bread.pb.go:1315.47,1316.14 1 0
github.com/calvarado2004/bakery-go/proto/bread.pb.go:1316.14,1318.3 1 0
github.com/calvarado2004/bakery-go/proto/bread.pb.go:1319.2,1319.11 1 0
github.com/calvarado2004/bakery-go/proto/bread.pb.go:1322.49,1323.14 1 0
github.com/calvarado2004/bakery-go/proto/bread.pb.go:1323.14,1325.3 1 0
github.com/calvarado2004/bakery-go/proto/bread.pb.go:1326.2,1326.10 1 0
github.com/calvarado2004/bakery-go/proto/bread.pb.go:1329.50,1330.14 1 0
github.com/calvarado2004/bakery-go/proto/bread.pb.go:1330.14,1332.3 1 0
github.com/calvarado2004/bakery-go/proto/bread.pb.go:1333.2,1333.10 1 0
github.com/calvarado2004/bakery-go/proto/bread.pb.go:1336.54,1337.14 1 0
github.com/calvarado2004/bakery-go/proto/bread.pb.go:1337.14,1339.3 1 0
github.com/calvarado2004/bakery-go/proto/bread.pb.go:1340.2,1340.11 1 0
github.com/calvarado2004/bakery-go/proto/bread.pb.go:1343.47,1344.14 1 0
github.com/calvarado2004/bakery-go/proto/bread.pb.go:1344.14,1346.3 1 0
github.com/calvarado2004/bakery-go/proto/bread.pb.go:1347.2,1347.11 1 0
github.com/calvarado2004/bakery-go/proto/bread.pb.go:1350.48,1351.14 1 0
github.com/calvarado2004/bakery-go/proto/bread.pb.go:1351.14,1353.3 1 0
github.com/calvarado2004/bakery-go/proto/bread.pb.go:1354.2,1354.11 1 0
github.com/calvarado2004/bakery-go/proto/bread.pb.go:1364.38,1369.2 4 0
github.com/calvarado2004/bakery-go/proto/bread.pb.go:1371.46,1373.2 1 0
github.com/calvarado2004/bakery-go/proto/bread.pb.go:1375.44,1375.45 0 0
github.com/calvarado2004/bakery-go/proto/bread.pb.go:1377.66,1379.14 2 0
github.com/calvarado2004/bakery-go/proto/bread.pb.go:1379.14,1381.34 2 0
github.com/calvarado2004/bakery-go/proto/bread.pb.go:1381.34,1383.4 1 0
github.com/calvarado2004/bakery-go/proto/bread.pb.go:1384.3,1384.12 1 0
github.com/calvarado2004/bakery-go/proto/bread.pb.go:1386.2,1386.24 1 0
github.com/calvarado2004/bakery-go/proto/bread.pb.go:1390.57,1392.2 1 0
github.com/calvarado2004/bakery-go/proto/bread.pb.go:1394.44,1395.14 1 0
github.com/calvarado2004/bakery-go/proto/bread.pb.go:1395.14,1397.3 1 0
github.com/calvarado2004/bakery-go/proto/bread.pb.go:1398.2,1398.10 1 0
github.com/calvarado2004/bakery-go/proto/bread.pb.go:1409.44,1414.2 4 0
github.com/calvarado2004/bakery-go/proto/bread.pb.go:1416.52,1418.2 1 0
github.com/calvarado2004/bakery-go/proto/bread.pb.go:1420.50,1420.51 0 0
github.com/calvarado2004/bakery-go/proto/bread.pb.go:1422.72,1424.14 2 0
github.com/calvarado2004/bakery-go/proto/bread.pb.go:1424.14,1426.34 2 0
github.com/calvarado2004/bakery-go/proto/bread.pb.go:1426.34,1428.4 1 0
github.com/calvarado2004/bakery-go/proto/bread.pb.go:1429.3,1429.12 1 0
github.com/calvarado2004/bakery-go/proto/bread.pb.go:1431.2,1431.24 1 0
github.com/calvarado2004/bakery-go/proto/bread.pb.go:1435.63,1437.2 1 0
github.com/calvarado2004/bakery-go/proto/bread.pb.go:1439.61,1440.14 1 0
github.com/calvarado2004/bakery-go/proto/bread.pb.go:1440.14,1442.3 1 0
github.com/calvarado2004/bakery-go/proto/bread.pb.go:1443.2,1443.11 1 0
github.com/calvarado2004/bakery-go/proto/bread.pb.go:1446.55,1447.14 1 0
github.com/calvarado2004/bakery-go/proto/bread.pb.go:1447.14,1449.3 1 0
github.com/calvarado2004/bakery-go/proto/bread.pb.go:1450.2,1450.11 1 0
github.com/calvarado2004/bakery-go/proto/bread.pb.go:1460.34,1465.2 4 0
github.com/calvarado2004/bakery-go/proto/bread.pb.go:1467.42,1469.2 1 0
github.com/calvarado2004/bakery-go/proto/bread.pb.go:1471.40,1471.41 0 0
github.com/calvarado2004/bakery-go/proto/bread.pb.go:1473.62,1475.14 2 0
github.com/calvarado2004/bakery-go/proto/bread.pb.go:1475.14,1477.34 2 0
github.com/calvarado2004/bakery-go/proto/bread.pb.go:1477.34,1479.4 1 0
github.com/calvarado2004/bakery-go/proto/bread.pb.go:1480.3,1480.12 1 0
github.com/calvarado2004/bakery-go/proto/bread.pb.go:1482.2,1482.24 1 0
github.com/calvarado2004/bakery-go/proto/bread.pb.go:1486.53,1488.2 1 0
github.com/calvarado2004/bakery-go/proto/bread.pb.go:1490.40,1491.14 1 0
github.com/calvarado2004/bakery-go/proto/bread.pb.go:1491.14,1493.3 1 0
github.com/calvarado2004/bakery-go/proto/bread.pb.go:1494.2,1494.10 1 0
github.com/calvarado2004/bakery-go/proto/bread.pb.go:1504.37,1509.2 4 0
github.com/calvarado2004/bakery-go/proto/bread.pb.go:1511.45,1513.2 1 0
github.com/calvarado2004/bakery-go/proto/bread.pb.go:1515.43,1515.44 0 0
github.com/calvarado2004/bakery-go/proto/bread.pb.go:1517.65,1519.14 2 0
github.com/calvarado2004/bakery-go/proto/bread.pb.go:1519.14,1521.34 2 0
github.com/calvarado2004/bakery-go/proto/bread.pb.go:1521.34,1523.4 1 0
github.com/calvarado2004/bakery-go/proto/bread.pb.go:1524.3,1524.12 1 0
github.com/calvarado2004/bakery-go/proto/bread.pb.go:1526.2,1526.24 1 0
github.com/calvarado2004/bakery-go/proto/bread.pb.go:1530.56,1532.2 1 0
github.com/calvarado2004/bakery-go/proto/bread.pb.go:1534.43,1535.14 1 0
github.com/calvarado2004/bakery-go/proto/bread.pb.go:1535.14,1537.3 1 0
github.com/calvarado2004/bakery-go/proto/bread.pb.go:1538.2,1538.10 1 0
github.com/calvarado2004/bakery-go/proto/bread.pb.go:1548.39,1553.2 4 0
github.com/calvarado2004/bakery-go/proto/bread.pb.go:1555.47,1557.2 1 0
github.com/calvarado2004/bakery-go/proto/bread.pb.go:1559.45,1559.46 0 0
github.com/calvarado2004/bakery-go/proto/bread.pb.go:1561.67,1563.14 2 0
github.com/calvarado2004/bakery-go/proto/bread.pb.go:1563.14,1565.34 2 0
github.com/calvarado2004/bakery-go/proto/bread.pb.go:1565.34,1567.4 1 0
github.com/calvarado2004/bakery-go/proto/bread.pb.go:1568.3,1568.12 1 0
github.com/calvarado2004/bakery-go/proto/bread.pb.go:1570.2,1570.24 1 0
github.com/calvarado2004/bakery-go/proto/bread.pb.go:1574.58,1576.2 1 0
github.com/calvarado2004/bakery-go/proto/bread.pb.go:1578.45,1579.14 1 0
github.com/calvarado2004/bakery-go/proto/bread.pb.go:1579.14,1581.3 1 0
github.com/calvarado2004/bakery-go/proto/bread.pb.go:1582.2,1582.10 1 0
github.com/calvarado2004/bakery-go/proto/bread.pb.go:1593.42,1598.2 4 0
github.com/calvarado2004/bakery-go/proto/bread.pb.go:1600.50,1602.2 1 0
github.com/calvarado2004/bakery-go/proto/bread.pb.go:1604.48,1604.49 0 0
github.com/calvarado2004/bakery-go/proto/bread.pb.go:1606.70,1608.14 2 0
github.com/calvarado2004/bakery-go/proto/bread.pb.go:1608.14,1610.34 2 0
github.com/calvarado2004/bakery-go/proto/bread.pb.go:1610.34,1612.4 1 0
github.com/calvarado2004/bakery-go/proto/bread.pb.go:1613.3,1613.12 1 0
github.com/calvarado2004/bakery-go/proto/bread.pb.go:1615.2,1615.24 1 0
github.com/calvarado2004/bakery-go/proto/bread.pb.go:1619.61,1621.2 1 0
github.com/calvarado2004/bakery-go/proto/bread.pb.go:1623.58,1624.14 1 0
github.com/calvarado2004/bakery-go/proto/bread.pb.go:1624.14,1626.3 1 0
github.com/calvarado2004/bakery-go/proto/bread.pb.go:1627.2,1627.12 1 0
github.com/calvarado2004/bakery-go/proto/bread.pb.go:1630.58,1631.14 1 0
github.com/calvarado2004/bakery-go/proto/bread.pb.go:1631.14,1633.3 1 0
github.com/calvarado2004/bakery-go/proto/bread.pb.go:1634.2,1634.12 1 0
github.com/calvarado2004/bakery-go/proto/bread.pb.go:1645.39,1650.2 4 0
github.com/calvarado2004/bakery-go/proto/bread.pb.go:1652.47,1654.2 1 0
github.com/calvarado2004/bakery-go/proto/bread.pb.go:1656.45,1656.46 0 0
github.com/calvarado2004/bakery-go/proto/bread.pb.go:1658.67,1660.14 2 0
github.com/calvarado2004/bakery-go/proto/bread.pb.go:1660.14,1662.34 2 0
github.com/calvarado2004/bakery-go/proto/bread.pb.go:1662.34,1664.4 1 0
github.com/calvarado2004/bakery-go/proto/bread.pb.go:1665.3,1665.12 1 0
github.com/calvarado2004/bakery-go/proto/bread.pb.go:1667.2,1667.24 1 0
github.com/calvarado2004/bakery-go/proto/bread.pb.go:1671.58,1673.2 1 0
github.com/calvarado2004/bakery-go/proto/bread.pb.go:1675.59,1676.14 1 0
github.com/calvarado2004/bakery-go/proto/bread.pb.go:1676.14,1678.3 1 0
github.com/calvarado2004/bakery-go/proto/bread.pb.go:1679.2,1679.12 1 0
github.com/calvarado2004/bakery-go/proto/bread.pb.go:1682.61,1683.14 1 0
github.com/calvarado2004/bakery-go/proto/bread.pb.go:1683.14,1685.3 1 0
github.com/calvarado2004/bakery-go/proto/bread.pb.go:1686.2,1686.12 1 0
github.com/calvarado2004/bakery-go/proto/bread.pb.go:1701.34,1706.2 4 0
github.com/calvarado2004/bakery-go/proto/bread.pb.go:1708.42,1710.2 1 0
github.com/calvarado2004/bakery-go/proto/bread.pb.go:1712.40,1712.41 0 0
github.com/calvarado2004/bakery-go/proto/bread.pb.go:1714.62,1716.14 2 0
github.com/calvarado2004/bakery-go/proto/bread.pb.go:1716.14,1718.34 2 0
github.com/calvarado2004/bakery-go/proto/bread.pb.go:1718.34,1720.4 1 0
github.com/calvarado2004/bakery-go/proto/bread.pb.go:1721.3,1721.12 1 0
github.com/calvarado2004/bakery-go/proto/bread.pb.go:1723.2,1723.24 1 0
github.com/calvarado2004/bakery-go/proto/bread.pb.go:1727.53,1729.2 1 0
github.com/calvarado2004/bakery-go/proto/bread.pb.go:1731.40,1732.14 1 0
github.com/calvarado2004/bakery-go/proto/bread.pb.go:1732.14,1734.3 1 0
github.com/calvarado2004/bakery-go/proto/bread.pb.go:1735.2,1735.10 1 0
github.com/calvarado2004/bakery-go/proto/bread.pb.go:1738.50,1739.14 1 0
github.com/calvarado2004/bakery-go/proto/bread.pb.go:1739.14,1741.3 1 0
github.com/calvarado2004/bakery-go/proto/bread.pb.go:1742.2,1742.10 1 0
github.com/calvarado2004/bakery-go/proto/bread.pb.go:1745.52,1746.14 1 0
github.com/calvarado2004/bakery-go/proto/bread.pb.go:1746.14,1748.3 1 0
github.com/calvarado2004/bakery-go/proto/bread.pb.go:1749.2,1749.11 1 0
github.com/calvarado2004/bakery-go/proto/bread.pb.go:1752.48,1753.14 1 0
github.com/calvarado2004/bakery-go/proto/bread.pb.go:1753.14,1755.3 1 0
github.com/calvarado2004/bakery-go/proto/bread.pb.go:1756.2,1756.11 1 0
github.com/calvarado2004/bakery-go/proto/bread.pb.go:1759.48,1760.14 1 0
github.com/calvarado2004/bakery-go/proto/bread.pb.go:1760.14,1762.3 1 0
github.com/calvarado2004/bakery-go/proto/bread.pb.go:1763.2,1763.11 1 0
github.com/calvarado2004/bakery-go/proto/bread.pb.go:1766.47,1767.14 1 0
github.com/calvarado2004/bakery-go/proto/bread.pb.go:1767.14,1769.3 1 0
github.com/calvarado2004/bakery-go/proto/bread.pb.go:1770.2,1770.12 1 0
github.com/calvarado2004/bakery-go/proto/bread.pb.go:1780.33,1785.2 4 0
github.com/calvarado2004/bakery-go/proto/bread.pb.go:1787.41,1789.2 1 0
github.com/calvarado2004/bakery-go/proto/bread.pb.go:1791.39,1791.40 0 0
github.com/calvarado2004/bakery-go/proto/bread.pb.go:1793.61,1795.14 2 0
github.com/calvarado2004/bakery-go/proto/bread.pb.go:1795.14,1797.34 2 0
github.com/calvarado2004/bakery-go/proto/bread.pb.go:1797.34,1799.4 1 0
github.com/calvarado2004/bakery-go/proto/bread.pb.go:1800.3,1800.12 1 0
github.com/calvarado2004/bakery-go/proto/bread.pb.go:1802.2,1802.24 1 0
github.com/calvarado2004/bakery-go/proto/bread.pb.go:1806.52,1808.2 1 0
github.com/calvarado2004/bakery-go/proto/bread.pb.go:1810.59,1811.14 1 0
github.com/calvarado2004/bakery-go/proto/bread.pb.go:1811.14,1813.3 1 0
github.com/calvarado2004/bakery-go/proto/bread.pb.go:1814.2,1814.12 1 0
github.com/calvarado2004/bakery-go/proto/bread.pb.go:1829.29,1834.2 4 0
github.com/calvarado2004/bakery-go/proto/bread.pb.go:1836.37,1838.2 1 0
github.com/calvarado2004/bakery-go/proto/bread.pb.go:1840.35,1840.36 0 0
github.com/calvarado2004/bakery-go/proto/bread.pb.go:1842.57,1844.14 2 0
github.com/calvarado2004/bakery-go/proto/bread.pb.go:1844.14,1846.34 2 0
github.com/calvarado2004/bakery-go/proto/bread.pb.go:1846.34,1848.4 1 0
github.com/calvarado2004/bakery-go/proto/bread.pb.go:1849.3,1849.12 1 0
github.com/calvarado2004/bakery-go/proto/bread.pb.go:1851.2,1851.24 1 0
github.com/calvarado2004/bakery-go/proto/bread.pb.go:1855.48,1857.2 1 0
github.com/calvarado2004/bakery-go/proto/bread.pb.go:1859.35,1860.14 1 0
github.com/calvarado2004/bakery-go/proto/bread.pb.go:1860.14,1862.3 1 0
github.com/calvarado2004/bakery-go/proto/bread.pb.go:1863.2,1863.10 1 0
github.com/calvarado2004/bakery-go/proto/bread.pb.go:1866.42,1867.14 1 0
github.com/calvarado2004/bakery-go/proto/bread.pb.go:1867.14,1869.3 1 0
github.com/calvarado2004/bakery-go/proto/bread.pb.go:1870.2,1870.11 1 0
github.com/calvarado2004/bakery-go/proto/bread.pb.go:1873.39,1874.14 1 0
github.com/calvarado2004/bakery-go/proto/bread.pb.go:1874.14,1876.3 1 0
github.com/calvarado2004/bakery-go/proto/bread.pb.go:1877.2,1877.11 1 0
github.com/calvarado2004/bakery-go/proto/bread.pb.go:1880.38,1881.14 1 0
github.com/calvarado2004/bakery-go/proto/bread.pb.go:1881.14,1883.3 1 0
github.com/calvarado2004/bakery-go/proto/bread.pb.go:1884.2,1884.11 1 0
github.com/calvarado2004/bakery-go/proto/bread.pb.go:1887.43,1888.14 1 0
github.com/calvarado2004/bakery-go/proto/bread.pb.go:1888.14,1890.3 1 0
github.com/calvarado2004/bakery-go/proto/bread.pb.go:1891.2,1891.11 1 0
github.com/calvarado2004/bakery-go/proto/bread.pb.go:1902.32,1907.2 4 0
github.com/calvarado2004/bakery-go/proto/bread.pb.go:1909.40,1911.2 1 0
github.com/calvarado2004/bakery-go/proto/bread.pb.go:1913.38,1913.39 0 0
github.com/calvarado2004/bakery-go/proto/bread.pb.go:1915.60,1917.14 2 0
github.com/calvarado2004/bakery-go/proto/bread.pb.go:1917.14,1919.34 2 0
github.com/calvarado2004/bakery-go/proto/bread.pb.go:1919.34,1921.4 1 0
github.com/calvarado2004/bakery-go/proto/bread.pb.go:1922.3,1922.12 1 0
github.com/calvarado2004/bakery-go/proto/bread.pb.go:1924.2,1924.24 1 0
github.com/calvarado2004/bakery-go/proto/bread.pb.go:1928.51,1930.2 1 0
github.com/calvarado2004/bakery-go/proto/bread.pb.go:1932.45,1933.14 1 0
github.com/calvarado2004/bakery-go/proto/bread.pb.go:1933.14,1935.3 1 0
github.com/calvarado2004/bakery-go/proto/bread.pb.go:1936.2,1936.11 1 0
github.com/calvarado2004/bakery-go/proto/bread.pb.go:1939.45,1940.14 1 0
github.com/calvarado2004/bakery-go/proto/bread.pb.go:1940.14,1942.3 1 0
github.com/calvarado2004/bakery-go/proto/bread.pb.go:1943.2,1943.11 1 0
github.com/calvarado2004/bakery-go/proto/bread.pb.go:1956.33,1961.2 4 0
github.com/calvarado2004/bakery-go/proto/bread.pb.go:1963.41,1965.2 1 0
github.com/calvarado2004/bakery-go/proto/bread.pb.go:1967.39,1967.40 0 0
github.com/calvarado2004/bakery-go/proto/bread.pb.go:1969.61,1971.14 2 0
github.com/calvarado2004/bakery-go/proto/bread.pb.go:1971.14,1973.34 2 0
github.com/calvarado2004/bakery-go/proto/bread.pb.go:1973.34,1975.4 1 0
github.com/calvarado2004/bakery-go/proto/bread.pb.go:1976.3,1976.12 1 0
github.com/calvarado2004/bakery-go/proto/bread.pb.go:1978.2,1978.24 1 0
github.com/calvarado2004/bakery-go/proto/bread.pb.go:1982.52,1984.2 1 0
github.com/calvarado2004/bakery-go/proto/bread.pb.go:1986.43,1987.14 1 0
github.com/calvarado2004/bakery-go/proto/bread.pb.go:1987.14,1989.3 1 0
github.com/calvarado2004/bakery-go/proto/bread.pb.go:1990.2,1990.14 1 0
github.com/calvarado2004/bakery-go/proto/bread.pb.go:1993.43,1994.14 1 0
github.com/calvarado2004/bakery-go/proto/bread.pb.go:1994.14,1996.3 1 0
github.com/calvarado2004/bakery-go/proto/bread.pb.go:1997.2,1997.11 1 0
github.com/calvarado2004/bakery-go/proto/bread.pb.go:2000.45,2001.14 1 0
github.com/calvarado2004/bakery-go/proto/bread.pb.go:2001.14,2003.3 1 0
github.com/calvarado2004/bakery-go/proto/bread.pb.go:2004.2,2004.11 1 0
github.com/calvarado2004/bakery-go/proto/bread.pb.go:2007.46,2008.14 1 0
github.com/calvarado2004/bakery-go/proto/bread.pb.go:2008.14,2010.3 1 0
github.com/calvarado2004/bakery-go/proto/bread.pb.go:2011.2,2011.12 1 0
github.com/calvarado2004/bakery-go/proto/bread.pb.go:2022.40,2027.2 4 0
github.com/calvarado2004/bakery-go/proto/bread.pb.go:2029.48,2031.2 1 0
github.com/calvarado2004/bakery-go/proto/bread.pb.go:2033.46,2033.47 0 0
github.com/calvarado2004/bakery-go/proto/bread.pb.go:2035.68,2037.14 2 0
github.com/calvarado2004/bakery-go/proto/bread.pb.go:2037.14,2039.34 2 0
github.com/calvarado2004/bakery-go/proto/bread.pb.go:2039.34,2041.4 1 0
github.com/calvarado2004/bakery-go/proto/bread.pb.go:2042.3,2042.12 1 0
github.com/calvarado2004/bakery-go/proto/bread.pb.go:2044.2,2044.24 1 0
github.com/calvarado2004/bakery-go/proto/bread.pb.go:2048.59,2050.2 1 0
github.com/calvarado2004/bakery-go/proto/bread.pb.go:2052.50,2053.14 1 0
github.com/calvarado2004/bakery-go/proto/bread.pb.go:2053.14,2055.3 1 0
github.com/calvarado2004/bakery-go/proto/bread.pb.go:2056.2,2056.11 1 0
github.com/calvarado2004/bakery-go/proto/bread.pb.go:2059.53,2060.14 1 0
github.com/calvarado2004/bakery-go/proto/bread.pb.go:2060.14,2062.3 1 0
github.com/calvarado2004/bakery-go/proto/bread.pb.go:2063.2,2063.11 1 0
github.com/calvarado2004/bakery-go/proto/bread.pb.go:2076.41,2081.2 4 0
github.com/calvarado2004/bakery-go/proto/bread.pb.go:2083.49,2085.2 1 0
github.com/calvarado2004/bakery-go/proto/bread.pb.go:2087.47,2087.48 0 0
github.com/calvarado2004/bakery-go/proto/bread.pb.go:2089.69,2091.14 2 0
github.com/calvarado2004/bakery-go/proto/bread.pb.go:2091.14,2093.34 2 0
github.com/calvarado2004/bakery-go/proto/bread.pb.go:2093.34,2095.4 1 0
github.com/calvarado2004/bakery-go/proto/bread.pb.go:2096.3,2096.12 1 0
github.com/calvarado2004/bakery-go/proto/bread.pb.go:2098.2,2098.24 1 0
github.com/calvarado2004/bakery-go/proto/bread.pb.go:2102.60,2104.2 1 0
github.com/calvarado2004/bakery-go/proto/bread.pb.go:2106.51,2107.14 1 0
github.com/calvarado2004/bakery-go/proto/bread.pb.go:2107.14,2109.3 1 0
github.com/calvarado2004/bakery-go/proto/bread.pb.go:2110.2,2110.14 1 0
github.com/calvarado2004/bakery-go/proto/bread.pb.go:2113.51,2114.14 1 0
github.com/calvarado2004/bakery-go/proto/bread.pb.go:2114.14,2116.3 1 0
github.com/calvarado2004/bakery-go/proto/bread.pb.go:2117.2,2117.11 1 0
github.com/calvarado2004/bakery-go/proto/bread.pb.go:2120.53,2121.14 1 0
github.com/calvarado2004/bakery-go/proto/bread.pb.go:2121.14,2123.3 1 0
github.com/calvarado2004/bakery-go/proto/bread.pb.go:2124.2,2124.11 1 0
github.com/calvarado2004/bakery-go/proto/bread.pb.go:2127.57,2128.14 1 0
github.com/calvarado2004/bakery-go/proto/bread.pb.go:2128.14,2130.3 1 0
github.com/calvarado2004/bakery-go/proto/bread.pb.go:2131.2,2131.12 1 0
github.com/calvarado2004/bakery-go/proto/bread.pb.go:2141.40,2146.2 4 0
github.com/calvarado2004/bakery-go/proto/bread.pb.go:2148.48,2150.2 1 0
github.com/calvarado2004/bakery-go/proto/bread.pb.go:2152.46,2152.47 0 0
github.com/calvarado2004/bakery-go/proto/bread.pb.go:2154.68,2156.14 2 0
github.com/calvarado2004/bakery-go/proto/bread.pb.go:2156.14,2158.34 2 0
github.com/calvarado2004/bakery-go/proto/bread.pb.go:2158.34,2160.4 1 0
github.com/calvarado2004/bakery-go/proto/bread.pb.go:2161.3,2161.12 1 0
github.com/calvarado2004/bakery-go/proto/bread.pb.go:2163.2,2163.24 1 0
github.com/calvarado2004/bakery-go/proto/bread.pb.go:2167.59,2169.2 1 0
github.com/calvarado2004/bakery-go/proto/bread.pb.go:2171.50,2172.14 1 0
github.com/calvarado2004/bakery-go/proto/bread.pb.go:2172.14,2174.3 1 0
github.com/calvarado2004/bakery-go/proto/bread.pb.go:2175.2,2175.11 1 0
github.com/calvarado2004/bakery-go/proto/bread.pb.go:2187.41,2192.2 4 0
github.com/calvarado2004/bakery-go/proto/bread.pb.go:2194.49,2196.2 1 0
github.com/calvarado2004/bakery-go/proto/bread.pb.go:2198.47,2198.48 0 0
github.com/calvarado2004/bakery-go/proto/bread.pb.go:2200.69,2202.14 2 0
github.com/calvarado2004/bakery-go/proto/bread.pb.go:2202.14,2204.34 2 0
github.com/calvarado2004/bakery-go/proto/bread.pb.go:2204.34,2206.4 1 0
github.com/calvarado2004/bakery-go/proto/bread.pb.go:2207.3,2207.12 1 0
github.com/calvarado2004/bakery-go/proto/bread.pb.go:2209.2,2209.24 1 0
github.com/calvarado2004/bakery-go/proto/bread.pb.go:2213.60,2215.2 1 0
github.com/calvarado2004/bakery-go/proto/bread.pb.go:2217.49,2218.14 1 0
github.com/calvarado2004/bakery-go/proto/bread.pb.go:2218.14,2220.3 1 0
github.com/calvarado2004/bakery-go/proto/bread.pb.go:2221.2,2221.14 1 0
github.com/calvarado2004/bakery-go/proto/bread.pb.go:2224.52,2225.14 1 0
github.com/calvarado2004/bakery-go/proto/bread.pb.go:2225.14,2227.3 1 0
github.com/calvarado2004/bakery-go/proto/bread.pb.go:2228.2,2228.11 1 0
github.com/calvarado2004/bakery-go/proto/bread.pb.go:2231.54,2232.14 1 0
github.com/calvarado2004/bakery-go/proto/bread.pb.go:2232.14,2234.3 1 0
github.com/calvarado2004/bakery-go/proto/bread.pb.go:2235.2,2235.11 1 0
github.com/calvarado2004/bakery-go/proto/bread.pb.go:2257.27,2262.2 4 0
github.com/calvarado2004/bakery-go/proto/bread.pb.go:2264.35,2266.2 1 0
github.com/calvarado2004/bakery-go/proto/bread.pb.go:2268.33,2268.34 0 0
github.com/calvarado2004/bakery-go/proto/bread.pb.go:2270.55,2272.14 2 0
github.com/calvarado2004/bakery-go/proto/bread.pb.go:2272.14,2274.34 2 0
github.com/calvarado2004/bakery-go/proto/bread.pb.go:2274.34,2276.4 1 0
github.com/calvarado2004/bakery-go/proto/bread.pb.go:2277.3,2277.12 1 0
github.com/calvarado2004/bakery-go/proto/bread.pb.go:2279.2,2279.24 1 0
github.com/calvarado2004/bakery-go/proto/bread.pb.go:2283.46,2285.2 1 0
github.com/calvarado2004/bakery-go/proto/bread.pb.go:2287.33,2288.14 1 0
github.com/calvarado2004/bakery-go/proto/bread.pb.go:2288.14,2290.3 1 0
github.com/calvarado2004/bakery-go/proto/bread.pb.go:2291.2,2291.10 1 0
github.com/calvarado2004/bakery-go/proto/bread.pb.go:2294.41,2295.14 1 0
github.com/calvarado2004/bakery-go/proto/bread.pb.go:2295.14,2297.3 1 0
github.com/calvarado2004/bakery-go/proto/bread.pb.go:2298.2,2298.10 1 0
github.com/calvarado2004/bakery-go/proto/bread.pb.go:2301.41,2302.14 1 0
github.com/calvarado2004/bakery-go/proto/bread.pb.go:2302.14,2304.3 1 0
github.com/calvarado2004/bakery-go/proto/bread.pb.go:2305.2,2305.10 1 0
github.com/calvarado2004/bakery-go/proto/bread.pb.go:2308.45,2309.14 1 0
github.com/calvarado2004/bakery-go/proto/bread.pb.go:2309.14,2311.3 1 0
github.com/calvarado2004/bakery-go/proto/bread.pb.go:2312.2,2312.11 1 0
github.com/calvarado2004/bakery-go/proto/bread.pb.go:2315.41,2316.14 1 0
github.com/calvarado2004/bakery-go/proto/bread.pb.go:2316.14,2318.3 1 0
github.com/calvarado2004/bakery-go/proto/bread.pb.go:2319.2,2319.10 1 0
github.com/calvarado2004/bakery-go/proto/bread.pb.go:2322.36,2323.14 1 0
github.com/calvarado2004/bakery-go/proto/bread.pb.go:2323.14,2325.3 1 0
github.com/calvarado2004/bakery-go/proto/bread.pb.go:2326.2,2326.10 1 0
github.com/calvarado2004/bakery-go/proto/bread.pb.go:2329.38,2330.14 1 0
github.com/calvarado2004/bakery-go/proto/bread.pb.go:2330.14,2332.3 1 0
github.com/calvarado2004/bakery-go/proto/bread.pb.go:2333.2,2333.10 1 0
github.com/calvarado2004/bakery-go/proto/bread.pb.go:2336.38,2337.14 1 0
github.com/calvarado2004/bakery-go/proto/bread.pb.go:2337.14,2339.3 1 0
github.com/calvarado2004/bakery-go/proto/bread.pb.go:2340.2,2340.11 1 0
github.com/calvarado2004/bakery-go/proto/bread.pb.go:2343.41,2344.14 1 0
github.com/calvarado2004/bakery-go/proto/bread.pb.go:2344.14,2346.3 1 0
github.com/calvarado2004/bakery-go/proto/bread.pb.go:2347.2,2347.11 1 0
github.com/calvarado2004/bakery-go/proto/bread.pb.go:2350.39,2351.14 1 0
github.com/calvarado2004/bakery-go/proto/bread.pb.go:2351.14,2353.3 1 0
github.com/calvarado2004/bakery-go/proto/bread.pb.go:2354.2,2354.11 1 0
github.com/calvarado2004/bakery-go/proto/bread.pb.go:2357.38,2358.14 1 0
github.com/calvarado2004/bakery-go/proto/bread.pb.go:2358.14,2360.3 1 0
github.com/calvarado2004/bakery-go/proto/bread.pb.go:2361.2,2361.11 1 0
github.com/calvarado2004/bakery-go/proto/bread.pb.go:2364.45,2365.14 1 0
github.com/calvarado2004/bakery-go/proto/bread.pb.go:2365.14,2367.3 1 0
github.com/calvarado2004/bakery-go/proto/bread.pb.go:2368.2,2368.12 1 0
github.com/calvarado2004/bakery-go/proto/bread.pb.go:2384.31,2389.2 4 0
github.com/calvarado2004/bakery-go/proto/bread.pb.go:2391.39,2393.2 1 0
github.com/calvarado2004/bakery-go/proto/bread.pb.go:2395.37,2395.38 0 0
github.com/calvarado2004/bakery-go/proto/bread.pb.go:2397.59,2399.14 2 0
github.com/calvarado2004/bakery-go/proto/bread.pb.go:2399.14,2401.34 2 0
github.com/calvarado2004/bakery-go/proto/bread.pb.go:2401.34,2403.4 1 0
github.com/calvarado2004/bakery-go/proto/bread.pb.go:2404.3,2404.12 1 0
github.com/calvarado2004/bakery-go/proto/bread.pb.go:2406.2,2406.24 1 0
github.com/calvarado2004/bakery-go/proto/bread.pb.go:2410.50,2412.2 1 0
github.com/calvarado2004/bakery-go/proto/bread.pb.go:2414.37,2415.14 1 0
github.com/calvarado2004/bakery-go/proto/bread.pb.go:2415.14,2417.3 1 0
github.com/calvarado2004/bakery-go/proto/bread.pb.go:2418.2,2418.10 1 0
github.com/calvarado2004/bakery-go/proto/bread.pb.go:2421.44,2422.14 1 0
github.com/calvarado2004/bakery-go/proto/bread.pb.go:2422.14,2424.3 1 0
github.com/calvarado2004/bakery-go/proto/bread.pb.go:2425.2,2425.10 1 0
github.com/calvarado2004/bakery-go/proto/bread.pb.go:2428.42,2429.14 1 0
github.com/calvarado2004/bakery-go/proto/bread.pb.go:2429.14,2431.3 1 0
github.com/calvarado2004/bakery-go/proto/bread.pb.go:2432.2,2432.10 1 0
github.com/calvarado2004/bakery-go/proto/bread.pb.go:2435.45,2436.14 1 0
github.com/calvarado2004/bakery-go/proto/bread.pb.go:2436.14,2438.3 1 0
github.com/calvarado2004/bakery-go/proto/bread.pb.go:2439.2,2439.11 1 0
github.com/calvarado2004/bakery-go/proto/bread.pb.go:2442.43,2443.14 1 0
github.com/calvarado2004/bakery-go/proto/bread.pb.go:2443.14,2445.3 1 0
github.com/calvarado2004/bakery-go/proto/bread.pb.go:2446.2,2446.10 1 0
github.com/calvarado2004/bakery-go/proto/bread.pb.go:2449.46,2450.14 1 0
github.com/calvarado2004/bakery-go/proto/bread.pb.go:2450.14,2452.3 1 0
github.com/calvarado2004/bakery-go/proto/bread.pb.go:2453.2,2453.10 1 0
github.com/calvarado2004/bakery-go/proto/bread.pb.go:2456.42,2457.14 1 0
github.com/calvarado2004/bakery-go/proto/bread.pb.go:2457.14,2459.3 1 0
github.com/calvarado2004/bakery-go/proto/bread.pb.go:2460.2,2460.10 1 0
github.com/calvarado2004/bakery-go/proto/bread.pb.go:2470.31,2475.2 4 0
github.com/calvarado2004/bakery-go/proto/bread.pb.go:2477.39,2479.2 1 0
github.com/calvarado2004/bakery-go/proto/bread.pb.go:2481.37,2481.38 0 0
github.com/calvarado2004/bakery-go/proto/bread.pb.go:2483.59,2485.14 2 0
github.com/calvarado2004/bakery-go/proto/bread.pb.go:2485.14,2487.34 2 0
github.com/calvarado2004/bakery-go/proto/bread.pb.go:2487.34,2489.4 1 0
github.com/calvarado2004/bakery-go/proto/bread.pb.go:2490.3,2490.12 1 0
github.com/calvarado2004/bakery-go/proto/bread.pb.go:2492.2,2492.24 1 0
github.com/calvarado2004/bakery-go/proto/bread.pb.go:2496.50,2498.2 1 0
github.com/calvarado2004/bakery-go/proto/bread.pb.go:2500.48,2501.14 1 0
github.com/calvarado2004/bakery-go/proto/bread.pb.go:2501.14,2503.3 1 0
github.com/calvarado2004/bakery-go/proto/bread.pb.go:2504.2,2504.12 1 0
github.com/calvarado2004/bakery-go/proto/bread.pb.go:2514.40,2519.2 4 0
github.com/calvarado2004/bakery-go/proto/bread.pb.go:2521.48,2523.2 1 0
github.com/calvarado2004/bakery-go/proto/bread.pb.go:2525.46,2525.47 0 0
github.com/calvarado2004/bakery-go/proto/bread.pb.go:2527.68,2529.14 2 0
github.com/calvarado2004/bakery-go/proto/bread.pb.go:2529.14,2531.34 2 0
github.com/calvarado2004/bakery-go/proto/bread.pb.go:2531.34,2533.4 1 0
github.com/calvarado2004/bakery-go/proto/bread.pb.go:2534.3,2534.12 1 0
github.com/calvarado2004/bakery-go/proto/bread.pb.go:2536.2,2536.24 1 0
github.com/calvarado2004/bakery-go/proto/bread.pb.go:2540.59,2542.2 1 0
github.com/calvarado2004/bakery-go/proto/bread.pb.go:2544.54,2545.14 1 0
github.com/calvarado2004/bakery-go/proto/bread.pb.go:2545.14,2547.3 1 0
github.com/calvarado2004/bakery-go/proto/bread.pb.go:2548.2,2548.10 1 0
github.com/calvarado2004/bakery-go/proto/bread.pb.go:2558.36,2563.2 4 0
github.com/calvarado2004/bakery-go/proto/bread.pb.go:2565.44,2567.2 1 0
github.com/calvarado2004/bakery-go/proto/bread.pb.go:2569.42,2569.43 0 0
github.com/calvarado2004/bakery-go/proto/bread.pb.go:2571.64,2573.14 2 0
github.com/calvarado2004/bakery-go/proto/bread.pb.go:2573.14,2575.34 2 0
github.com/calvarado2004/bakery-go/proto/bread.pb.go:2575.34,2577.4 1 0
github.com/calvarado2004/bakery-go/proto/bread.pb.go:2578.3,2578.12 1 0
github.com/calvarado2004/bakery-go/proto/bread.pb.go:2580.2,2580.24 1 0
github.com/calvarado2004/bakery-go/proto/bread.pb.go:2584.55,2586.2 1 0
github.com/calvarado2004/bakery-go/proto/bread.pb.go:2588.42,2589.14 1 0
github.com/calvarado2004/bakery-go/proto/bread.pb.go:2589.14,2591.3 1 0
github.com/calvarado2004/bakery-go/proto/bread.pb.go:2592.2,2592.10 1 0
github.com/calvarado2004/bakery-go/proto/bread.pb.go:2602.43,2607.2 4 0
github.com/calvarado2004/bakery-go/proto/bread.pb.go:2609.51,2611.2 1 0
github.com/calvarado2004/bakery-go/proto/bread.pb.go:2613.49,2613.50 0 0
github.com/calvarado2004/bakery-go/proto/bread.pb.go:2615.71,2617.14 2 0
github.com/calvarado2004/bakery-go/proto/bread.pb.go:2617.14,2619.34 2 0
github.com/calvarado2004/bakery-go/proto/bread.pb.go:2619.34,2621.4 1 0
github.com/calvarado2004/bakery-go/proto/bread.pb.go:2622.3,2622.12 1 0
github.com/calvarado2004/bakery-go/proto/bread.pb.go:2624.2,2624.24 1 0
github.com/calvarado2004/bakery-go/proto/bread.pb.go:2628.62,2630.2 1 0
github.com/calvarado2004/bakery-go/proto/bread.pb.go:2632.57,2633.14 1 0
github.com/calvarado2004/bakery-go/proto/bread.pb.go:2633.14,2635.3 1 0
github.com/calvarado2004/bakery-go/proto/bread.pb.go:2636.2,2636.10 1 0
github.com/calvarado2004/bakery-go/proto/bread.pb.go:2649.42,2654.2 4 0
github.com/calvarado2004/bakery-go/proto/bread.pb.go:2656.50,2658.2 1 0
github.com/calvarado2004/bakery-go/proto/bread.pb.go:2660.48,2660.49 0 0
github.com/calvarado2004/bakery-go/proto/bread.pb.go:2662.70,2664.14 2 0
github.com/calvarado2004/bakery-go/proto/bread.pb.go:2664.14,2666.34 2 0
github.com/calvarado2004/bakery-go/proto/bread.pb.go:2666.34,2668.4 1 0
github.com/calvarado2004/bakery-go/proto/bread.pb.go:2669.3,2669.12 1 0
github.com/calvarado2004/bakery-go/proto/bread.pb.go:2671.2,2671.24 1 0
github.com/calvarado2004/bakery-go/proto/bread.pb.go:2675.61,2677.2 1 0
github.com/calvarado2004/bakery-go/proto/bread.pb.go:2679.55,2680.14 1 0
github.com/calvarado2004/bakery-go/proto/bread.pb.go:2680.14,2682.3 1 0
github.com/calvarado2004/bakery-go/proto/bread.pb.go:2683.2,2683.11 1 0
github.com/calvarado2004/bakery-go/proto/bread.pb.go:2686.52,2687.14 1 0
github.com/calvarado2004/bakery-go/proto/bread.pb.go:2687.14,2689.3 1 0
github.com/calvarado2004/bakery-go/proto/bread.pb.go:2690.2,2690.11 1 0
github.com/calvarado2004/bakery-go/proto/bread.pb.go:2693.55,2694.14 1 0
github.com/calvarado2004/bakery-go/proto/bread.pb.go:2694.14,2696.3 1 0
github.com/calvarado2004/bakery-go/proto/bread.pb.go:2697.2,2697.11 1 0
github.com/calvarado2004/bakery-go/proto/bread.pb.go:2700.51,2701.14 1 0
github.com/calvarado2004/bakery-go/proto/bread.pb.go:2701.14,2703.3 1 0
github.com/calvarado2004/bakery-go/proto/bread.pb.go:2704.2,2704.11 1 0
github.com/calvarado2004/bakery-go/proto/bread.pb.go:2714.37,2719.2 4 0
github.com/calvarado2004/bakery-go/proto/bread.pb.go:2721.45,2723.2 1 0
github.com/calvarado2004/bakery-go/proto/bread.pb.go:2725.43,2725.44 0 0
github.com/calvarado2004/bakery-go/proto/bread.pb.go:2727.65,2729.14 2 0
github.com/calvarado2004/bakery-go/proto/bread.pb.go:2729.14,2731.34 2 0
github.com/calvarado2004/bakery-go/proto/bread.pb.go:2731.34,2733.4 1 0
github.com/calvarado2004/bakery-go/proto/bread.pb.go:2734.3,2734.12 1 0
github.com/calvarado2004/bakery-go/proto/bread.pb.go:2736.2,2736.24 1 0
github.com/calvarado2004/bakery-go/proto/bread.pb.go:2740.56,2742.2 1 0
github.com/calvarado2004/bakery-go/proto/bread.pb.go:2744.43,2745.14 1 0
github.com/calvarado2004/bakery-go/proto/bread.pb.go:2745.14,2747.3 1 0
github.com/calvarado2004/bakery-go/proto/bread.pb.go:2748.2,2748.10 1 0
github.com/calvarado2004/bakery-go/proto/bread.pb.go:2760.43,2765.2 4 0
github.com/calvarado2004/bakery-go/proto/bread.pb.go:2767.51,2769.2 1 0
github.com/calvarado2004/bakery-go/proto/bread.pb.go:2771.49,2771.50 0 0
github.com/calvarado2004/bakery-go/proto/bread.pb.go:2773.71,2775.14 2 0
github.com/calvarado2004/bakery-go/proto/bread.pb.go:2775.14,2777.34 2 0
github.com/calvarado2004/bakery-go/proto/bread.pb.go:2777.34,2779.4 1 0
github.com/calvarado2004/bakery-go/proto/bread.pb.go:2780.3,2780.12 1 0
github.com/calvarado2004/bakery-go/proto/bread.pb.go:2782.2,2782.24 1 0
github.com/calvarado2004/bakery-go/proto/bread.pb.go:2786.62,2788.2 1 0
github.com/calvarado2004/bakery-go/proto/bread.pb.go:2790.56,2791.14 1 0
github.com/calvarado2004/bakery-go/proto/bread.pb.go:2791.14,2793.3 1 0
github.com/calvarado2004/bakery-go/proto/bread.pb.go:2794.2,2794.12 1 0
github.com/calvarado2004/bakery-go/proto/bread.pb.go:2797.67,2798.14 1 0
github.com/calvarado2004/bakery-go/proto/bread.pb.go:2798.14,2800.3 1 0
github.com/calvarado2004/bakery-go/proto/bread.pb.go:2801.2,2801.12 1 0
github.com/calvarado2004/bakery-go/proto/bread.pb.go:2804.58,2805.14 1 0
github.com/calvarado2004/bakery-go/proto/bread.pb.go:2805.14,2807.3 1 0
github.com/calvarado2004/bakery-go/proto/bread.pb.go:2808.2,2808.10 1 0
github.com/calvarado2004/bakery-go/proto/bread.pb.go:3087.50,3088.47 1 0
github.com/calvarado2004/bakery-go/proto/bread.pb.go:3088.47,3090.3 1 0
github.com/calvarado2004/bakery-go/proto/bread.pb.go:3091.2,3091.43 1 0
github.com/calvarado2004/bakery-go/proto/bread.pb.go:3246.13,3246.46 1 0
github.com/calvarado2004/bakery-go/proto/bread.pb.go:3247.36,3248.35 1 0
github.com/calvarado2004/bakery-go/proto/bread.pb.go:3248.35,3250.3 1 0
github.com/calvarado2004/bakery-go/proto/bread.pb.go:3251.2,3267.38 5 0
github.com/calvarado2004/bakery-go/proto/bread_grpc.pb.go:40.70,42.2 1 0
github.com/calvarado2004/bakery-go/proto/bread_grpc.pb.go:44.125,48.16 4 0
github.com/calvarado2004/bakery-go/proto/bread_grpc.pb.go:48.16,50.3 1 0
github.com/calvarado2004/bakery-go/proto/bread_grpc.pb.go:51.2,51.17 1 0
github.com/calvarado2004/bakery-go/proto/bread_grpc.pb.go:54.133,58.16 4 0
github.com/calvarado2004/bakery-go/proto/bread_grpc.pb.go:58.16,60.3 1 0
github.com/calvarado2004/bakery-go/proto/bread_grpc.pb.go:61.2,61.17 1 0
github.com/calvarado2004/bakery-go/proto/bread_grpc.pb.go:64.158,67.16 3 0
github.com/calvarado2004/bakery-go/proto/bread_grpc.pb.go:67.16,69.3 1 0
github.com/calvarado2004/bakery-go/proto/bread_grpc.pb.go:70.2,71.51 2 0
github.com/calvarado2004/bakery-go/proto/bread_grpc.pb.go:71.51,73.3 1 0
github.com/calvarado2004/bakery-go/proto/bread_grpc.pb.go:74.2,74.51 1 0
github.com/calvarado2004/bakery-go/proto/bread_grpc.pb.go:74.51,76.3 1 0
github.com/calvarado2004/bakery-go/proto/bread_grpc.pb.go:77.2,77.15 1 0
github.com/calvarado2004/bakery-go/proto/bread_grpc.pb.go:100.103,102.2 1 0
github.com/calvarado2004/bakery-go/proto/bread_grpc.pb.go:103.111,105.2 1 0
github.com/calvarado2004/bakery-go/proto/bread_grpc.pb.go:106.117,108.2 1 0
github.com/calvarado2004/bakery-go/proto/bread_grpc.pb.go:109.78,109.79 0 0
github.com/calvarado2004/bakery-go/proto/bread_grpc.pb.go:110.78,110.79 0 0
github.com/calvarado2004/bakery-go/proto/bread_grpc.pb.go:119.76,124.59 1 0
github.com/calvarado2004/bakery-go/proto/bread_grpc.pb.go:124.59,126.3 1 0
github.com/calvarado2004/bakery-go/proto/bread_grpc.pb.go:127.2,127.48 1 0
github.com/calvarado2004/bakery-go/proto/bread_grpc.pb.go:130.164,132.32 2 0
github.com/calvarado2004/bakery-go/proto/bread_grpc.pb.go:132.32,134.3 1 0
github.com/calvarado2004/bakery-go/proto/bread_grpc.pb.go:135.2,135.24 1 0
github.com/calvarado2004/bakery-go/proto/bread_grpc.pb.go:135.24,137.3 1 0
github.com/calvarado2004/bakery-go/proto/bread_grpc.pb.go:138.2,142.77 2 0
github.com/calvarado2004/bakery-go/proto/bread_grpc.pb.go:142.77,144.3 1 0
github.com/calvarado2004/bakery-go/proto/bread_grpc.pb.go:145.2,145.44 1 0
github.com/calvarado2004/bakery-go/proto/bread_grpc.pb.go:148.172,150.32 2 0
github.com/calvarado2004/bakery-go/proto/bread_grpc.pb.go:150.32,152.3 1 0
github.com/calvarado2004/bakery-go/proto/bread_grpc.pb.go:153.2,153.24 1 0
github.com/calvarado2004/bakery-go/proto/bread_grpc.pb.go:153.24,155.3 1 0
github.com/calvarado2004/bakery-go/proto/bread_grpc.pb.go:156.2,160.77 2 0
github.com/calvarado2004/bakery-go/proto/bread_grpc.pb.go:160.77,162.3 1 0
github.com/calvarado2004/bakery-go/proto/bread_grpc.pb.go:163.2,163.44 1 0
github.com/calvarado2004/bakery-go/proto/bread_grpc.pb.go:166.90,168.42 2 0
github.com/calvarado2004/bakery-go/proto/bread_grpc.pb.go:168.42,170.3 1 0
github.com/calvarado2004/bakery-go/proto/bread_grpc.pb.go:171.2,171.127 1 0
github.com/calvarado2004/bakery-go/proto/bread_grpc.pb.go:220.80,222.2 1 0
github.com/calvarado2004/bakery-go/proto/bread_grpc.pb.go:224.140,228.16 4 0
github.com/calvarado2004/bakery-go/proto/bread_grpc.pb.go:228.16,230.3 1 0
github.com/calvarado2004/bakery-go/proto/bread_grpc.pb.go:231.2,231.17 1 0
github.com/calvarado2004/bakery-go/proto/bread_grpc.pb.go:234.173,237.16 3 0
github.com/calvarado2004/bakery-go/proto/bread_grpc.pb.go:237.16,239.3 1 0
github.com/calvarado2004/bakery-go/proto/bread_grpc.pb.go:240.2,241.51 2 0
github.com/calvarado2004/bakery-go/proto/bread_grpc.pb.go:241.51,243.3 1 0
github.com/calvarado2004/bakery-go/proto/bread_grpc.pb.go:244.2,244.51 1 0
github.com/calvarado2004/bakery-go/proto/bread_grpc.pb.go:244.51,246.3 1 0
github.com/calvarado2004/bakery-go/proto/bread_grpc.pb.go:247.2,247.15 1 0
github.com/calvarado2004/bakery-go/proto/bread_grpc.pb.go:269.118,271.2 1 0
github.com/calvarado2004/bakery-go/proto/bread_grpc.pb.go:272.132,274.2 1 0
github.com/calvarado2004/bakery-go/proto/bread_grpc.pb.go:275.88,275.89 0 0
github.com/calvarado2004/bakery-go/proto/bread_grpc.pb.go:276.88,276.89 0 0
github.com/calvarado2004/bakery-go/proto/bread_grpc.pb.go:285.86,290.59 1 0
github.com/calvarado2004/bakery-go/proto/bread_grpc.pb.go:290.59,292.3 1 0
github.com/calvarado2004/bakery-go/proto/bread_grpc.pb.go:293.2,293.53 1 0
github.com/calvarado2004/bakery-go/proto/bread_grpc.pb.go:296.179,298.32 2 0
github.com/calvarado2004/bakery-go/proto/bread_grpc.pb.go:298.32,300.3 1 0
github.com/calvarado2004/bakery-go/proto/bread_grpc.pb.go:301.2,301.24 1 0
github.com/calvarado2004/bakery-go/proto/bread_grpc.pb.go:301.24,303.3 1 0
github.com/calvarado2004/bakery-go/proto/bread_grpc.pb.go:304.2,308.77 2 0
github.com/calvarado2004/bakery-go/proto/bread_grpc.pb.go:308.77,310.3 1 0
github.com/calvarado2004/bakery-go/proto/bread_grpc.pb.go:311.2,311.44 1 0
github.com/calvarado2004/bakery-go/proto/bread_grpc.pb.go:314.105,316.42 2 0
github.com/calvarado2004/bakery-go/proto/bread_grpc.pb.go:316.42,318.3 1 0
github.com/calvarado2004/bakery-go/proto/bread_grpc.pb.go:319.2,319.142 1 0
github.com/calvarado2004/bakery-go/proto/bread_grpc.pb.go:364.68,366.2 1 0
github.com/calvarado2004/bakery-go/proto/bread_grpc.pb.go:368.123,372.16 4 0
github.com/calvarado2004/bakery-go/proto/bread_grpc.pb.go:372.16,374.3 1 0
github.com/calvarado2004/bakery-go/proto/bread_grpc.pb.go:375.2,375.17 1 0
github.com/calvarado2004/bakery-go/proto/bread_grpc.pb.go:378.156,381.16 3 0
github.com/calvarado2004/bakery-go/proto/bread_grpc.pb.go:381.16,383.3 1 0
github.com/calvarado2004/bakery-go/proto/bread_grpc.pb.go:384.2,385.51 2 0
github.com/calvarado2004/bakery-go/proto/bread_grpc.pb.go:385.51,387.3 1 0
github.com/calvarado2004/bakery-go/proto/bread_grpc.pb.go:388.2,388.51 1 0
github.com/calvarado2004/bakery-go/proto/bread_grpc.pb.go:388.51,390.3 1 0
github.com/calvarado2004/bakery-go/proto/bread_grpc.pb.go:391.2,391.15 1 0
github.com/calvarado2004/bakery-go/proto/bread_grpc.pb.go:413.101,415.2 1 0
github.com/calvarado2004/bakery-go/proto/bread_grpc.pb.go:416.115,418.2 1 0
github.com/calvarado2004/bakery-go/proto/bread_grpc.pb.go:419.76,419.77 0 0
github.com/calvarado2004/bakery-go/proto/bread_grpc.pb.go:420.76,420.77 0 0
github.com/calvarado2004/bakery-go/proto/bread_grpc.pb.go:429.74,434.59 1 0
github.com/calvarado2004/bakery-go/proto/bread_grpc.pb.go:434.59,436.3 1 0
github.com/calvarado2004/bakery-go/proto/bread_grpc.pb.go:437.2,437.47 1 0
github.com/calvarado2004/bakery-go/proto/bread_grpc.pb.go:440.162,442.32 2 0
github.com/calvarado2004/bakery-go/proto/bread_grpc.pb.go:442.32,444.3 1 0
github.com/calvarado2004/bakery-go/proto/bread_grpc.pb.go:445.2,445.24 1 0
github.com/calvarado2004/bakery-go/proto/bread_grpc.pb.go:445.24,447.3 1 0
github.com/calvarado2004/bakery-go/proto/bread_grpc.pb.go:448.2,452.77 2 0
github.com/calvarado2004/bakery-go/proto/bread_grpc.pb.go:452.77,454.3 1 0
github.com/calvarado2004/bakery-go/proto/bread_grpc.pb.go:455.2,455.44 1 0
github.com/calvarado2004/bakery-go/proto/bread_grpc.pb.go:458.88,460.42 2 0
github.com/calvarado2004/bakery-go/proto/bread_grpc.pb.go:460.42,462.3 1 0
github.com/calvarado2004/bakery-go/proto/bread_grpc.pb.go:463.2,463.125 1 0
github.com/calvarado2004/bakery-go/proto/bread_grpc.pb.go:508.82,510.2 1 0
github.com/calvarado2004/bakery-go/proto/bread_grpc.pb.go:512.136,516.16 4 0
github.com/calvarado2004/bakery-go/proto/bread_grpc.pb.go:516.16,518.3 1 0
github.com/calvarado2004/bakery-go/proto/bread_grpc.pb.go:519.2,519.17 1 0
github.com/calvarado2004/bakery-go/proto/bread_grpc.pb.go:522.169,525.16 3 0
github.com/calvarado2004/bakery-go/proto/bread_grpc.pb.go:525.16,527.3 1 0
github.com/calvarado2004/bakery-go/proto/bread_grpc.pb.go:528.2,529.51 2 0
github.com/calvarado2004/bakery-go/proto/bread_grpc.pb.go:529.51,531.3 1 0
github.com/calvarado2004/bakery-go/proto/bread_grpc.pb.go:532.2,532.51 1 0
github.com/calvarado2004/bakery-go/proto/bread_grpc.pb.go:532.51,534.3 1 0
github.com/calvarado2004/bakery-go/proto/bread_grpc.pb.go:535.2,535.15 1 0
github.com/calvarado2004/bakery-go/proto/bread_grpc.pb.go:557.114,559.2 1 0
github.com/calvarado2004/bakery-go/proto/bread_grpc.pb.go:560.128,562.2 1 0
github.com/calvarado2004/bakery-go/proto/bread_grpc.pb.go:563.90,563.91 0 0
github.com/calvarado2004/bakery-go/proto/bread_grpc.pb.go:564.90,564.91 0 0
github.com/calvarado2004/bakery-go/proto/bread_grpc.pb.go:573.88,578.59 1 0
github.com/calvarado2004/bakery-go/proto/bread_grpc.pb.go:578.59,580.3 1 0
github.com/calvarado2004/bakery-go/proto/bread_grpc.pb.go:581.2,581.54 1 0
github.com/calvarado2004/bakery-go/proto/bread_grpc.pb.go:584.169,586.32 2 0
github.com/calvarado2004/bakery-go/proto/bread_grpc.pb.go:586.32,588.3 1 0
github.com/calvarado2004/bakery-go/proto/bread_grpc.pb.go:589.2,589.24 1 0
github.com/calvarado2004/bakery-go/proto/bread_grpc.pb.go:589.24,591.3 1 0
github.com/calvarado2004/bakery-go/proto/bread_grpc.pb.go:592.2,596.77 2 0
github.com/calvarado2004/bakery-go/proto/bread_grpc.pb.go:596.77,598.3 1 0
github.com/calvarado2004/bakery-go/proto/bread_grpc.pb.go:599.2,599.44 1 0
github.com/calvarado2004/bakery-go/proto/bread_grpc.pb.go:602.95,604.42 2 0
github.com/calvarado2004/bakery-go/proto/bread_grpc.pb.go:604.42,606.3 1 0
github.com/calvarado2004/bakery-go/proto/bread_grpc.pb.go:607.2,607.138 1 0
github.com/calvarado2004/bakery-go/proto/bread_grpc.pb.go:652.80,654.2 1 0
github.com/calvarado2004/bakery-go/proto/bread_grpc.pb.go:656.132,660.16 4 0
github.com/calvarado2004/bakery-go/proto/bread_grpc.pb.go:660.16,662.3 1 0
github.com/calvarado2004/bakery-go/proto/bread_grpc.pb.go:663.2,663.17 1 0
github.com/calvarado2004/bakery-go/proto/bread_grpc.pb.go:666.165,669.16 3 0
github.com/calvarado2004/bakery-go/proto/bread_grpc.pb.go:669.16,671.3 1 0
github.com/calvarado2004/bakery-go/proto/bread_grpc.pb.go:672.2,673.51 2 0
github.com/calvarado2004/bakery-go/proto/bread_grpc.pb.go:673.51,675.3 1 0
github.com/calvarado2004/bakery-go/proto/bread_grpc.pb.go:676.2,676.51 1 0
github.com/calvarado2004/bakery-go/proto/bread_grpc.pb.go:676.51,678.3 1 0
github.com/calvarado2004/bakery-go/proto/bread_grpc.pb.go:679.2,679.15 1 0
github.com/calvarado2004/bakery-go/proto/bread_grpc.pb.go:701.110,703.2 1 0
github.com/calvarado2004/bakery-go/proto/bread_grpc.pb.go:704.124,706.2 1 0
github.com/calvarado2004/bakery-go/proto/bread_grpc.pb.go:707.88,707.89 0 0
github.com/calvarado2004/bakery-go/proto/bread_grpc.pb.go:708.88,708.89 0 0
github.com/calvarado2004/bakery-go/proto/bread_grpc.pb.go:717.86,722.59 1 0
github.com/calvarado2004/bakery-go/proto/bread_grpc.pb.go:722.59,724.3 1 0
github.com/calvarado2004/bakery-go/proto/bread_grpc.pb.go:725.2,725.53 1 0
github.com/calvarado2004/bakery-go/proto/bread_grpc.pb.go:728.171,730.32 2 0
github.com/calvarado2004/bakery-go/proto/bread_grpc.pb.go:730.32,732.3 1 0
github.com/calvarado2004/bakery-go/proto/bread_grpc.pb.go:733.2,733.24 1 0
github.com/calvarado2004/bakery-go/proto/bread_grpc.pb.go:733.24,735.3 1 0
github.com/calvarado2004/bakery-go/proto/bread_grpc.pb.go:736.2,740.77 2 0
github.com/calvarado2004/bakery-go/proto/bread_grpc.pb.go:740.77,742.3 1 0
github.com/calvarado2004/bakery-go/proto/bread_grpc.pb.go:743.2,743.44 1 0
github.com/calvarado2004/bakery-go/proto/bread_grpc.pb.go:746.97,748.42 2 0
github.com/calvarado2004/bakery-go/proto/bread_grpc.pb.go:748.42,750.3 1 0
github.com/calvarado2004/bakery-go/proto/bread_grpc.pb.go:751.2,751.134 1 0
github.com/calvarado2004/bakery-go/proto/bread_grpc.pb.go:796.84,798.2 1 0
github.com/calvarado2004/bakery-go/proto/bread_grpc.pb.go:800.132,804.16 4 0
github.com/calvarado2004/bakery-go/proto/bread_grpc.pb.go:804.16,806.3 1 0
github.com/calvarado2004/bakery-go/proto/bread_grpc.pb.go:807.2,807.17 1 0
github.com/calvarado2004/bakery-go/proto/bread_grpc.pb.go:810.165,813.16 3 0
github.com/calvarado2004/bakery-go/proto/bread_grpc.pb.go:813.16,815.3 1 0
github.com/calvarado2004/bakery-go/proto/bread_grpc.pb.go:816.2,817.51 2 0
github.com/calvarado2004/bakery-go/proto/bread_grpc.pb.go:817.51,819.3 1 0
github.com/calvarado2004/bakery-go/proto/bread_grpc.pb.go:820.2,820.51 1 0
github.com/calvarado2004/bakery-go/proto/bread_grpc.pb.go:820.51,822.3 1 0
github.com/calvarado2004/bakery-go/proto/bread_grpc.pb.go:823.2,823.15 1 0
github.com/calvarado2004/bakery-go/proto/bread_grpc.pb.go:845.110,847.2 1 0
github.com/calvarado2004/bakery-go/proto/bread_grpc.pb.go:848.124,850.2 1 0
github.com/calvarado2004/bakery-go/proto/bread_grpc.pb.go:851.92,851.93 0 0
github.com/calvarado2004/bakery-go/proto/bread_grpc.pb.go:852.92,852.93 0 0
github.com/calvarado2004/bakery-go/proto/bread_grpc.pb.go:861.90,866.59 1 0
github.com/calvarado2004/bakery-go/proto/bread_grpc.pb.go:866.59,868.3 1 0
github.com/calvarado2004/bakery-go/proto/bread_grpc.pb.go:869.2,869.55 1 0
github.com/calvarado2004/bakery-go/proto/bread_grpc.pb.go:872.171,874.32 2 0
github.com/calvarado2004/bakery-go/proto/bread_grpc.pb.go:874.32,876.3 1 0
github.com/calvarado2004/bakery-go/proto/bread_grpc.pb.go:877.2,877.24 1 0
github.com/calvarado2004/bakery-go/proto/bread_grpc.pb.go:877.24,879.3 1 0
github.com/calvarado2004/bakery-go/proto/bread_grpc.pb.go:880.2,884.77 2 0
github.com/calvarado2004/bakery-go/proto/bread_grpc.pb.go:884.77,886.3 1 0
github.com/calvarado2004/bakery-go/proto/bread_grpc.pb.go:887.2,887.44 1 0
github.com/calvarado2004/bakery-go/proto/bread_grpc.pb.go:890.97,892.42 2 0
github.com/calvarado2004/bakery-go/proto/bread_grpc.pb.go:892.42,894.3 1 0
github.com/calvarado2004/bakery-go/proto/bread_grpc.pb.go:895.2,895.134 1 0
github.com/calvarado2004/bakery-go/proto/bread_grpc.pb.go:966.76,968.2 1 0
github.com/calvarado2004/bakery-go/proto/bread_grpc.pb.go:970.130,974.16 4 0
github.com/calvarado2004/bakery-go/proto/bread_grpc.pb.go:974.16,976.3 1 0
github.com/calvarado2004/bakery-go/proto/bread_grpc.pb.go:977.2,977.17 1 0
github.com/calvarado2004/bakery-go/proto/bread_grpc.pb.go:980.126,984.16 4 0
github.com/calvarado2004/bakery-go/proto/bread_grpc.pb.go:984.16,986.3 1 0
github.com/calvarado2004/bakery-go/proto/bread_grpc.pb.go:987.2,987.17 1 0
github.com/calvarado2004/bakery-go/proto/bread_grpc.pb.go:990.130,994.16 4 0
github.com/calvarado2004/bakery-go/proto/bread_grpc.pb.go:994.16,996.3 1 0
github.com/calvarado2004/bakery-go/proto/bread_grpc.pb.go:997.2,997.17 1 0
github.com/calvarado2004/bakery-go/proto/bread_grpc.pb.go:1000.119,1004.16 4 0
github.com/calvarado2004/bakery-go/proto/bread_grpc.pb.go:1004.16,1006.3 1 0
github.com/calvarado2004/bakery-go/proto/bread_grpc.pb.go:1007.2,1007.17 1 0
github.com/calvarado2004/bakery-go/proto/bread_grpc.pb.go:1010.125,1014.16 4 0
github.com/calvarado2004/bakery-go/proto/bread_grpc.pb.go:1014.16,1016.3 1 0
github.com/calvarado2004/bakery-go/proto/bread_grpc.pb.go:1017.2,1017.17 1 0
github.com/calvarado2004/bakery-go/proto/bread_grpc.pb.go:1020.128,1024.16 4 0
github.com/calvarado2004/bakery-go/proto/bread_grpc.pb.go:1024.16,1026.3 1 0
github.com/calvarado2004/bakery-go/proto/bread_grpc.pb.go:1027.2,1027.17 1 0
github.com/calvarado2004/bakery-go/proto/bread_grpc.pb.go:1030.128,1034.16 4 0
github.com/calvarado2004/bakery-go/proto/bread_grpc.pb.go:1034.16,1036.3 1 0
github.com/calvarado2004/bakery-go/proto/bread_grpc.pb.go:1037.2,1037.17 1 0
github.com/calvarado2004/bakery-go/proto/bread_grpc.pb.go:1040.128,1044.16 4 0
github.com/calvarado2004/bakery-go/proto/bread_grpc.pb.go:1044.16,1046.3 1 0
github.com/calvarado2004/bakery-go/proto/bread_grpc.pb.go:1047.2,1047.17 1 0
github.com/calvarado2004/bakery-go/proto/bread_grpc.pb.go:1050.125,1054.16 4 0
github.com/calvarado2004/bakery-go/proto/bread_grpc.pb.go:1054.16,1056.3 1 0
github.com/calvarado2004/bakery-go/proto/bread_grpc.pb.go:1057.2,1057.17 1 0
github.com/calvarado2004/bakery-go/proto/bread_grpc.pb.go:1060.143,1064.16 4 0
github.com/calvarado2004/bakery-go/proto/bread_grpc.pb.go:1064.16,1066.3 1 0
github.com/calvarado2004/bakery-go/proto/bread_grpc.pb.go:1067.2,1067.17 1 0
github.com/calvarado2004/bakery-go/proto/bread_grpc.pb.go:1070.150,1074.16 4 0
github.com/calvarado2004/bakery-go/proto/bread_grpc.pb.go:1074.16,1076.3 1 0
github.com/calvarado2004/bakery-go/proto/bread_grpc.pb.go:1077.2,1077.17 1 0
github.com/calvarado2004/bakery-go/proto/bread_grpc.pb.go:1080.146,1084.16 4 0
github.com/calvarado2004/bakery-go/proto/bread_grpc.pb.go:1084.16,1086.3 1 0
github.com/calvarado2004/bakery-go/proto/bread_grpc.pb.go:1087.2,1087.17 1 0
github.com/calvarado2004/bakery-go/proto/bread_grpc.pb.go:1090.123,1094.16 4 0
github.com/calvarado2004/bakery-go/proto/bread_grpc.pb.go:1094.16,1096.3 1 0
github.com/calvarado2004/bakery-go/proto/bread_grpc.pb.go:1097.2,1097.17 1 0
github.com/calvarado2004/bakery-go/proto/bread_grpc.pb.go:1100.128,1104.16 4 0
github.com/calvarado2004/bakery-go/proto/bread_grpc.pb.go:1104.16,1106.3 1 0
github.com/calvarado2004/bakery-go/proto/bread_grpc.pb.go:1107.2,1107.17 1 0
github.com/calvarado2004/bakery-go/proto/bread_grpc.pb.go:1140.108,1142.2 1 0
github.com/calvarado2004/bakery-go/proto/bread_grpc.pb.go:1143.104,1145.2 1 0
github.com/calvarado2004/bakery-go/proto/bread_grpc.pb.go:1146.108,1148.2 1 0
github.com/calvarado2004/bakery-go/proto/bread_grpc.pb.go:1149.97,1151.2 1 0
github.com/calvarado2004/bakery-go/proto/bread_grpc.pb.go:1152.103,1154.2 1 0
github.com/calvarado2004/bakery-go/proto/bread_grpc.pb.go:1155.106,1157.2 1 0
github.com/calvarado2004/bakery-go/proto/bread_grpc.pb.go:1158.106,1160.2 1 0
github.com/calvarado2004/bakery-go/proto/bread_grpc.pb.go:1161.106,1163.2 1 0
github.com/calvarado2004/bakery-go/proto/bread_grpc.pb.go:1164.103,1166.2 1 0
github.com/calvarado2004/bakery-go/proto/bread_grpc.pb.go:1167.121,1169.2 1 0
github.com/calvarado2004/bakery-go/proto/bread_grpc.pb.go:1170.128,1172.2 1 0
github.com/calvarado2004/bakery-go/proto/bread_grpc.pb.go:1173.124,1175.2 1 0
github.com/calvarado2004/bakery-go/proto/bread_grpc.pb.go:1176.101,1178.2 1 0
github.com/calvarado2004/bakery-go/proto/bread_grpc.pb.go:1179.106,1181.2 1 0
github.com/calvarado2004/bakery-go/proto/bread_grpc.pb.go:1182.84,1182.85 0 0
github.com/calvarado2004/bakery-go/proto/bread_grpc.pb.go:1183.84,1183.85 0 0
github.com/calvarado2004/bakery-go/proto/bread_grpc.pb.go:1192.82,1197.59 1 0
github.com/calvarado2004/bakery-go/proto/bread_grpc.pb.go:1197.59,1199.3 1 0
github.com/calvarado2004/bakery-go/proto/bread_grpc.pb.go:1200.2,1200.51 1 0
github.com/calvarado2004/bakery-go/proto/bread_grpc.pb.go:1203.175,1205.32 2 0
github.com/calvarado2004/bakery-go/proto/bread_grpc.pb.go:1205.32,1207.3 1 0
github.com/calvarado2004/bakery-go/proto/bread_grpc.pb.go:1208.2,1208.24 1 0
github.com/calvarado2004/bakery-go/proto/bread_grpc.pb.go:1208.24,1210.3 1 0
github.com/calvarado2004/bakery-go/proto/bread_grpc.pb.go:1211.2,1215.77 2 0
github.com/calvarado2004/bakery-go/proto/bread_grpc.pb.go:1215.77,1217.3 1 0
github.com/calvarado2004/bakery-go/proto/bread_grpc.pb.go:1218.2,1218.44 1 0
github.com/calvarado2004/bakery-go/proto/bread_grpc.pb.go:1221.173,1223.32 2 0
[...]
github.com/calvarado2004/bakery-go/data/models.go:520.17,523.4 2 0
github.com/calvarado2004/bakery-go/data/models.go:525.3,526.17 2 0
github.com/calvarado2004/bakery-go/data/models.go:526.17,529.4 2 0
github.com/calvarado2004/bakery-go/data/models.go:531.3,532.33 2 0
github.com/calvarado2004/bakery-go/data/models.go:535.2,537.19 2 0
github.com/calvarado2004/bakery-go/data/models.go:540.87,554.16 5 0
github.com/calvarado2004/bakery-go/data/models.go:554.16,557.3 2 0
github.com/calvarado2004/bakery-go/data/models.go:559.2,562.16 3 0
github.com/calvarado2004/bakery-go/data/models.go:562.16,565.3 2 0
github.com/calvarado2004/bakery-go/data/models.go:567.2,567.29 1 0
github.com/calvarado2004/bakery-go/data/models.go:567.29,569.17 2 0
github.com/calvarado2004/bakery-go/data/models.go:569.17,571.4 1 0
github.com/calvarado2004/bakery-go/data/models.go:574.2,576.18 2 0
github.com/calvarado2004/bakery-go/data/models.go:576.18,579.17 3 0
github.com/calvarado2004/bakery-go/data/models.go:579.17,582.4 2 0
github.com/calvarado2004/bakery-go/data/models.go:584.3,585.17 2 0
github.com/calvarado2004/bakery-go/data/models.go:585.17,588.4 2 0
github.com/calvarado2004/bakery-go/data/models.go:590.3,591.33 2 0
github.com/calvarado2004/bakery-go/data/models.go:594.2,596.19 2 0
github.com/calvarado2004/bakery-go/data/models.go:599.94,613.16 5 0
github.com/calvarado2004/bakery-go/data/models.go:613.16,614.36 1 0
github.com/calvarado2004/bakery-go/data/models.go:614.36,616.4 1 0
github.com/calvarado2004/bakery-go/data/models.go:617.3,618.20 2 0
github.com/calvarado2004/bakery-go/data/models.go:620.2,625.16 4 0
github.com/calvarado2004/bakery-go/data/models.go:625.16,628.3 2 0
github.com/calvarado2004/bakery-go/data/models.go:630.2,630.29 1 0
github.com/calvarado2004/bakery-go/data/models.go:630.29,632.17 2 0
github.com/calvarado2004/bakery-go/data/models.go:632.17,634.4 1 0
github.com/calvarado2004/bakery-go/data/models.go:637.2,639.18 2 0
github.com/calvarado2004/bakery-go/data/models.go:639.18,642.17 3 0
github.com/calvarado2004/bakery-go/data/models.go:642.17,645.4 2 0
github.com/calvarado2004/bakery-go/data/models.go:647.3,648.17 2 0
github.com/calvarado2004/bakery-go/data/models.go:648.17,651.4 2 0
github.com/calvarado2004/bakery-go/data/models.go:653.3,654.33 2 0
github.com/calvarado2004/bakery-go/data/models.go:657.2,659.19 2 0
github.com/calvarado2004/bakery-go/data/models.go:664.79,672.16 5 1
github.com/calvarado2004/bakery-go/data/models.go:672.16,675.3 2 0
github.com/calvarado2004/bakery-go/data/models.go:677.2,677.29 1 1
github.com/calvarado2004/bakery-go/data/models.go:677.29,679.17 2 1
github.com/calvarado2004/bakery-go/data/models.go:679.17,681.4 1 0
github.com/calvarado2004/bakery-go/data/models.go:684.2,684.18 1 1
github.com/calvarado2004/bakery-go/data/models.go:684.18,687.17 3 0
github.com/calvarado2004/bakery-go/data/models.go:687.17,690.4 2 0
github.com/calvarado2004/bakery-go/data/models.go:691.3,696.17 4 0
github.com/calvarado2004/bakery-go/data/models.go:696.17,699.4 2 0
github.com/calvarado2004/bakery-go/data/models.go:701.3,703.25 2 0
github.com/calvarado2004/bakery-go/data/models.go:703.25,706.18 3 0
github.com/calvarado2004/bakery-go/data/models.go:706.18,710.5 3 0
github.com/calvarado2004/bakery-go/data/models.go:712.4,713.18 2 0
github.com/calvarado2004/bakery-go/data/models.go:713.18,717.5 3 0
github.com/calvarado2004/bakery-go/data/models.go:719.4,720.34 2 0
github.com/calvarado2004/bakery-go/data/models.go:722.3,725.33 3 0
github.com/calvarado2004/bakery-go/data/models.go:728.2,728.20 1 1
github.com/calvarado2004/bakery-go/data/models.go:732.79,739.16 5 2
github.com/calvarado2004/bakery-go/data/models.go:739.16,742.3 2 0
github.com/calvarado2004/bakery-go/data/models.go:744.2,744.12 1 2
github.com/calvarado2004/bakery-go/data/models.go:748.86,756.16 5 3
github.com/calvarado2004/bakery-go/data/models.go:756.16,759.3 2 0
github.com/calvarado2004/bakery-go/data/models.go:760.2,760.29 1 3
github.com/calvarado2004/bakery-go/data/models.go:760.29,762.17 2 3
github.com/calvarado2004/bakery-go/data/models.go:762.17,764.4 1 0
github.com/calvarado2004/bakery-go/data/models.go:767.2,768.18 2 3
github.com/calvarado2004/bakery-go/data/models.go:768.18,770.85 2 2
github.com/calvarado2004/bakery-go/data/models.go:770.85,773.4 2 0
github.com/calvarado2004/bakery-go/data/models.go:774.3,774.35 1 2
github.com/calvarado2004/bakery-go/data/models.go:776.2,776.35 1 3
github.com/calvarado2004/bakery-go/data/models.go:776.35,779.3 2 0
github.com/calvarado2004/bakery-go/data/models.go:781.2,781.22 1 3
github.com/calvarado2004/bakery-go/data/models.go:785.64,793.16 5 1
github.com/calvarado2004/bakery-go/data/models.go:793.16,795.3 1 0
github.com/calvarado2004/bakery-go/data/models.go:797.2,797.12 1 1
github.com/calvarado2004/bakery-go/data/models.go:801.68,808.16 5 4
github.com/calvarado2004/bakery-go/data/models.go:808.16,811.3 2 0
github.com/calvarado2004/bakery-go/data/models.go:812.2,812.29 1 4
github.com/calvarado2004/bakery-go/data/models.go:812.29,814.17 2 4
github.com/calvarado2004/bakery-go/data/models.go:814.17,816.4 1 0
github.com/calvarado2004/bakery-go/data/models.go:819.2,820.18 2 4
github.com/calvarado2004/bakery-go/data/models.go:820.18,823.17 3 0
github.com/calvarado2004/bakery-go/data/models.go:823.17,826.4 2 0
github.com/calvarado2004/bakery-go/data/models.go:827.3,827.42 1 0
github.com/calvarado2004/bakery-go/data/models.go:830.2,830.23 1 4
github.com/calvarado2004/bakery-go/data/models.go:834.72,841.16 5 2
github.com/calvarado2004/bakery-go/data/models.go:841.16,844.3 2 0
github.com/calvarado2004/bakery-go/data/models.go:845.2,845.29 1 2
github.com/calvarado2004/bakery-go/data/models.go:845.29,847.17 2 2
github.com/calvarado2004/bakery-go/data/models.go:847.17,849.4 1 0
github.com/calvarado2004/bakery-go/data/models.go:852.2,853.18 2 2
github.com/calvarado2004/bakery-go/data/models.go:853.18,856.17 3 3
github.com/calvarado2004/bakery-go/data/models.go:856.17,859.4 2 0
github.com/calvarado2004/bakery-go/data/models.go:860.3,860.33 1 3
github.com/calvarado2004/bakery-go/data/models.go:863.2,863.20 1 2
github.com/calvarado2004/bakery-go/data/models.go:867.75,875.16 5 1
github.com/calvarado2004/bakery-go/data/models.go:875.16,877.3 1 0
github.com/calvarado2004/bakery-go/data/models.go:880.2,881.16 2 1
github.com/calvarado2004/bakery-go/data/models.go:881.16,883.3 1 0
github.com/calvarado2004/bakery-go/data/models.go:886.2,887.16 2 1
github.com/calvarado2004/bakery-go/data/models.go:887.16,889.3 1 0
github.com/calvarado2004/bakery-go/data/models.go:892.2,893.16 2 1
github.com/calvarado2004/bakery-go/data/models.go:893.16,895.3 1 0
github.com/calvarado2004/bakery-go/data/models.go:898.2,899.16 2 1
github.com/calvarado2004/bakery-go/data/models.go:899.16,901.3 1 0
github.com/calvarado2004/bakery-go/data/models.go:904.2,905.16 2 1
github.com/calvarado2004/bakery-go/data/models.go:905.16,907.3 1 0
github.com/calvarado2004/bakery-go/data/models.go:909.2,909.19 1 1
github.com/calvarado2004/bakery-go/data/models.go:913.61,920.16 5 1
github.com/calvarado2004/bakery-go/data/models.go:920.16,923.3 2 0
github.com/calvarado2004/bakery-go/data/models.go:925.2,925.12 1 1
github.com/calvarado2004/bakery-go/data/models.go:929.61,936.16 5 1
github.com/calvarado2004/bakery-go/data/models.go:936.16,939.3 2 0
github.com/calvarado2004/bakery-go/data/models.go:941.2,941.12 1 1
github.com/calvarado2004/bakery-go/data/models.go:945.79,952.16 5 1
github.com/calvarado2004/bakery-go/data/models.go:952.16,955.3 2 0
github.com/calvarado2004/bakery-go/data/models.go:956.2,956.29 1 1
github.com/calvarado2004/bakery-go/data/models.go:956.29,958.17 2 1
github.com/calvarado2004/bakery-go/data/models.go:958.17,960.4 1 0
github.com/calvarado2004/bakery-go/data/models.go:963.2,964.18 2 1
github.com/calvarado2004/bakery-go/data/models.go:964.18,978.17 3 0
github.com/calvarado2004/bakery-go/data/models.go:978.17,981.4 2 0
github.com/calvarado2004/bakery-go/data/models.go:982.3,982.33 1 0
github.com/calvarado2004/bakery-go/data/models.go:985.2,985.20 1 1
github.com/calvarado2004/bakery-go/data/models.go:989.84,996.16 5 0
github.com/calvarado2004/bakery-go/data/models.go:996.16,999.3 2 0
github.com/calvarado2004/bakery-go/data/models.go:1000.2,1000.29 1 0
github.com/calvarado2004/bakery-go/data/models.go:1000.29,1002.17 2 0
github.com/calvarado2004/bakery-go/data/models.go:1002.17,1004.4 1 0
github.com/calvarado2004/bakery-go/data/models.go:1007.2,1008.18 2 0
github.com/calvarado2004/bakery-go/data/models.go:1008.18,1011.17 3 0
github.com/calvarado2004/bakery-go/data/models.go:1011.17,1014.4 2 0
github.com/calvarado2004/bakery-go/data/models.go:1017.3,1019.17 3 0
github.com/calvarado2004/bakery-go/data/models.go:1019.17,1021.12 2 0
github.com/calvarado2004/bakery-go/data/models.go:1024.3,1024.25 1 0
github.com/calvarado2004/bakery-go/data/models.go:1024.25,1027.18 3 0
github.com/calvarado2004/bakery-go/data/models.go:1027.18,1029.13 2 0
github.com/calvarado2004/bakery-go/data/models.go:1032.4,1033.18 2 0
github.com/calvarado2004/bakery-go/data/models.go:1033.18,1034.13 1 0
github.com/calvarado2004/bakery-go/data/models.go:1036.4,1037.46 2 0
github.com/calvarado2004/bakery-go/data/models.go:1039.3,1041.33 2 0
github.com/calvarado2004/bakery-go/data/models.go:1044.2,1044.20 1 0
github.com/calvarado2004/bakery-go/data/models.go:1048.79,1055.16 5 0
github.com/calvarado2004/bakery-go/data/models.go:1055.16,1058.3 2 0
github.com/calvarado2004/bakery-go/data/models.go:1059.2,1059.29 1 0
github.com/calvarado2004/bakery-go/data/models.go:1059.29,1061.17 2 0
github.com/calvarado2004/bakery-go/data/models.go:1061.17,1063.4 1 0
github.com/calvarado2004/bakery-go/data/models.go:1066.2,1067.18 2 0
github.com/calvarado2004/bakery-go/data/models.go:1067.18,1070.17 3 0
github.com/calvarado2004/bakery-go/data/models.go:1070.17,1073.4 2 0
github.com/calvarado2004/bakery-go/data/models.go:1076.3,1078.17 3 0
github.com/calvarado2004/bakery-go/data/models.go:1078.17,1080.12 2 0
github.com/calvarado2004/bakery-go/data/models.go:1083.3,1083.25 1 0
github.com/calvarado2004/bakery-go/data/models.go:1083.25,1086.18 3 0
github.com/calvarado2004/bakery-go/data/models.go:1086.18,1088.13 2 0
github.com/calvarado2004/bakery-go/data/models.go:1091.4,1092.18 2 0
github.com/calvarado2004/bakery-go/data/models.go:1092.18,1093.13 1 0
github.com/calvarado2004/bakery-go/data/models.go:1095.4,1096.46 2 0
github.com/calvarado2004/bakery-go/data/models.go:1098.3,1100.33 2 0
github.com/calvarado2004/bakery-go/data/models.go:1103.2,1103.20 1 0
github.com/calvarado2004/bakery-go/data/models.go:1107.80,1121.16 6 1
github.com/calvarado2004/bakery-go/data/models.go:1121.16,1124.3 2 0
github.com/calvarado2004/bakery-go/data/models.go:1126.2,1126.22 1 1
github.com/calvarado2004/bakery-go/data/models.go:1130.81,1144.16 6 1
github.com/calvarado2004/bakery-go/data/models.go:1144.16,1147.3 2 0
github.com/calvarado2004/bakery-go/data/models.go:1149.2,1149.19 1 1
github.com/calvarado2004/bakery-go/data/models.go:1153.70,1160.16 5 1
github.com/calvarado2004/bakery-go/data/models.go:1160.16,1163.3 2 0
github.com/calvarado2004/bakery-go/data/models.go:1164.2,1164.29 1 1
github.com/calvarado2004/bakery-go/data/models.go:1164.29,1166.17 2 1
github.com/calvarado2004/bakery-go/data/models.go:1166.17,1168.4 1 0
github.com/calvarado2004/bakery-go/data/models.go:1171.2,1172.18 2 1
github.com/calvarado2004/bakery-go/data/models.go:1172.18,1175.17 3 0
github.com/calvarado2004/bakery-go/data/models.go:1175.17,1178.4 2 0
github.com/calvarado2004/bakery-go/data/models.go:1181.3,1183.17 3 0
github.com/calvarado2004/bakery-go/data/models.go:1183.17,1185.12 2 0
github.com/calvarado2004/bakery-go/data/models.go:1188.3,1188.25 1 0
github.com/calvarado2004/bakery-go/data/models.go:1188.25,1191.18 3 0
github.com/calvarado2004/bakery-go/data/models.go:1191.18,1193.13 2 0
github.com/calvarado2004/bakery-go/data/models.go:1196.4,1197.18 2 0
github.com/calvarado2004/bakery-go/data/models.go:1197.18,1198.13 1 0
github.com/calvarado2004/bakery-go/data/models.go:1200.4,1201.46 2 0
github.com/calvarado2004/bakery-go/data/models.go:1203.3,1205.33 2 0
github.com/calvarado2004/bakery-go/data/models.go:1208.2,1208.20 1 1
github.com/calvarado2004/bakery-go/data/models.go:1212.89,1228.16 6 1
github.com/calvarado2004/bakery-go/data/models.go:1228.16,1231.3 2 0
github.com/calvarado2004/bakery-go/data/models.go:1233.2,1233.18 1 1
github.com/calvarado2004/bakery-go/data/models.go:1237.74,1253.16 6 1
github.com/calvarado2004/bakery-go/data/models.go:1253.16,1256.3 2 0
github.com/calvarado2004/bakery-go/data/models.go:1258.2,1258.18 1 1
github.com/calvarado2004/bakery-go/data/models.go:1262.75,1267.16 4 2
github.com/calvarado2004/bakery-go/data/models.go:1267.16,1269.3 1 0
github.com/calvarado2004/bakery-go/data/models.go:1271.2,1283.16 4 2
github.com/calvarado2004/bakery-go/data/models.go:1283.16,1286.3 2 0
github.com/calvarado2004/bakery-go/data/models.go:1288.2,1288.19 1 2
github.com/calvarado2004/bakery-go/data/models.go:1292.81,1307.16 6 3
github.com/calvarado2004/bakery-go/data/models.go:1307.16,1310.3 2 0
github.com/calvarado2004/bakery-go/data/models.go:1312.2,1312.22 1 3
github.com/calvarado2004/bakery-go/data/models.go:1316.74,1336.16 6 0
github.com/calvarado2004/bakery-go/data/models.go:1336.16,1339.3 2 0
github.com/calvarado2004/bakery-go/data/models.go:1342.2,1342.37 1 0
github.com/calvarado2004/bakery-go/data/models.go:1342.37,1345.17 3 0
github.com/calvarado2004/bakery-go/data/models.go:1345.17,1347.4 1 0
github.com/calvarado2004/bakery-go/data/models.go:1350.2,1350.19 1 0
github.com/calvarado2004/bakery-go/data/models.go:1354.70,1375.16 7 0
github.com/calvarado2004/bakery-go/data/models.go:1375.16,1378.3 2 0
github.com/calvarado2004/bakery-go/data/models.go:1380.2,1380.18 1 0
github.com/calvarado2004/bakery-go/data/models.go:1380.18,1382.3 1 0
github.com/calvarado2004/bakery-go/data/models.go:1385.2,1387.16 3 0
github.com/calvarado2004/bakery-go/data/models.go:1387.16,1390.3 2 0
github.com/calvarado2004/bakery-go/data/models.go:1391.2,1393.18 2 0
github.com/calvarado2004/bakery-go/data/models.go:1393.18,1396.17 3 0
github.com/calvarado2004/bakery-go/data/models.go:1396.17,1398.12 2 0
github.com/calvarado2004/bakery-go/data/models.go:1400.3,1400.46 1 0
github.com/calvarado2004/bakery-go/data/models.go:1403.2,1403.21 1 0
github.com/calvarado2004/bakery-go/data/models.go:1407.89,1414.16 5 0
github.com/calvarado2004/bakery-go/data/models.go:1414.16,1417.3 2 0
github.com/calvarado2004/bakery-go/data/models.go:1418.2,1421.18 3 0
github.com/calvarado2004/bakery-go/data/models.go:1421.18,1437.17 4 0
github.com/calvarado2004/bakery-go/data/models.go:1437.17,1439.12 2 0
github.com/calvarado2004/bakery-go/data/models.go:1441.3,1441.19 1 0
github.com/calvarado2004/bakery-go/data/models.go:1441.19,1443.4 1 0
github.com/calvarado2004/bakery-go/data/models.go:1444.3,1444.39 1 0
github.com/calvarado2004/bakery-go/data/models.go:1447.2,1447.22 1 0
github.com/calvarado2004/bakery-go/data/models.go:1451.66,1458.16 5 1
github.com/calvarado2004/bakery-go/data/models.go:1458.16,1461.3 2 0
github.com/calvarado2004/bakery-go/data/models.go:1462.2,1465.18 3 1
github.com/calvarado2004/bakery-go/data/models.go:1465.18,1481.17 4 0
github.com/calvarado2004/bakery-go/data/models.go:1481.17,1483.12 2 0
github.com/calvarado2004/bakery-go/data/models.go:1485.3,1485.19 1 0
github.com/calvarado2004/bakery-go/data/models.go:1485.19,1487.4 1 0
github.com/calvarado2004/bakery-go/data/models.go:1488.3,1488.39 1 0
github.com/calvarado2004/bakery-go/data/models.go:1491.2,1491.22 1 1
github.com/calvarado2004/bakery-go/data/models.go:1495.80,1516.16 7 0
github.com/calvarado2004/bakery-go/data/models.go:1516.16,1519.3 2 0
github.com/calvarado2004/bakery-go/data/models.go:1521.2,1521.18 1 0
github.com/calvarado2004/bakery-go/data/models.go:1521.18,1523.3 1 0
github.com/calvarado2004/bakery-go/data/models.go:1525.2,1525.21 1 0
github.com/calvarado2004/bakery-go/data/test_models.go:9.68,13.2 1 19
github.com/calvarado2004/bakery-go/data/test_models.go:15.94,17.2 1 1
github.com/calvarado2004/bakery-go/data/test_models.go:19.82,22.2 1 1
github.com/calvarado2004/bakery-go/data/test_models.go:24.81,26.2 1 1
github.com/calvarado2004/bakery-go/data/test_models.go:28.72,30.2 1 1
github.com/calvarado2004/bakery-go/data/test_models.go:32.94,34.2 1 1
github.com/calvarado2004/bakery-go/data/test_models.go:36.82,38.2 1 1
github.com/calvarado2004/bakery-go/data/test_models.go:40.96,42.2 1 1
github.com/calvarado2004/bakery-go/data/test_models.go:44.101,47.2 1 1
github.com/calvarado2004/bakery-go/data/test_models.go:49.101,64.2 5 1
github.com/calvarado2004/bakery-go/data/test_models.go:66.88,81.2 5 1
github.com/calvarado2004/bakery-go/data/test_models.go:83.71,94.2 3 1
github.com/calvarado2004/bakery-go/data/test_models.go:96.85,108.2 3 1
github.com/calvarado2004/bakery-go/data/test_models.go:110.93,120.2 3 1
github.com/calvarado2004/bakery-go/data/test_models.go:122.91,149.2 6 1
github.com/calvarado2004/bakery-go/data/test_models.go:151.98,179.2 6 1
github.com/calvarado2004/bakery-go/data/test_models.go:181.83,212.2 7 1
github.com/calvarado2004/bakery-go/data/test_models.go:214.68,216.2 1 1
github.com/calvarado2004/bakery-go/data/test_models.go:218.90,220.2 1 0
github.com/calvarado2004/bakery-go/data/test_models.go:222.79,233.2 3 0
github.com/calvarado2004/bakery-go/makers/helpers.go:12.71,14.52 2 33
github.com/calvarado2004/bakery-go/makers/helpers.go:14.52,16.3 1 1
github.com/calvarado2004/bakery-go/makers/helpers.go:17.2,18.12 2 32
github.com/calvarado2004/bakery-go/makers/main.go:33.42,35.16 2 0
github.com/calvarado2004/bakery-go/makers/main.go:35.16,38.3 2 0
github.com/calvarado2004/bakery-go/makers/main.go:40.2,40.33 1 0
github.com/calvarado2004/bakery-go/makers/main.go:40.33,42.3 1 0
github.com/calvarado2004/bakery-go/makers/main.go:44.2,44.16 1 0
github.com/calvarado2004/bakery-go/makers/main.go:48.28,51.6 2 0
github.com/calvarado2004/bakery-go/makers/main.go:51.6,53.17 2 0
github.com/calvarado2004/bakery-go/makers/main.go:53.17,56.4 2 0
github.com/calvarado2004/bakery-go/makers/main.go:56.9,59.4 2 0
github.com/calvarado2004/bakery-go/makers/main.go:61.3,61.18 1 0
github.com/calvarado2004/bakery-go/makers/main.go:61.18,64.4 2 0
github.com/calvarado2004/bakery-go/makers/main.go:66.3,68.11 3 0
github.com/calvarado2004/bakery-go/makers/main.go:73.44,77.2 2 0
github.com/calvarado2004/bakery-go/makers/main.go:79.13,87.19 3 0
github.com/calvarado2004/bakery-go/makers/main.go:87.19,89.3 1 0
github.com/calvarado2004/bakery-go/makers/main.go:91.2,92.16 2 0
github.com/calvarado2004/bakery-go/makers/main.go:92.16,95.3 2 0
github.com/calvarado2004/bakery-go/makers/main.go:99.13,100.27 1 1
github.com/calvarado2004/bakery-go/makers/main.go:100.27,103.3 2 1
github.com/calvarado2004/bakery-go/makers/main.go:104.2,106.16 3 0
github.com/calvarado2004/bakery-go/makers/main.go:106.16,108.3 1 0
github.com/calvarado2004/bakery-go/makers/main.go:110.2,111.16 2 0
github.com/calvarado2004/bakery-go/makers/main.go:111.16,113.3 1 0
github.com/calvarado2004/bakery-go/makers/main.go:116.47,129.16 3 0
github.com/calvarado2004/bakery-go/makers/main.go:129.16,131.3 1 0
github.com/calvarado2004/bakery-go/makers/main.go:133.2,133.30 1 0
github.com/calvarado2004/bakery-go/makers/main.go:133.30,139.17 4 0
github.com/calvarado2004/bakery-go/makers/main.go:139.17,141.18 2 0
github.com/calvarado2004/bakery-go/makers/main.go:141.18,143.5 1 0
github.com/calvarado2004/bakery-go/makers/main.go:144.4,144.83 1 0
github.com/calvarado2004/bakery-go/makers/main.go:147.3,148.17 2 0
github.com/calvarado2004/bakery-go/makers/main.go:148.17,150.4 1 0
github.com/calvarado2004/bakery-go/makers/main.go:152.3,155.17 3 0
github.com/calvarado2004/bakery-go/makers/main.go:155.17,157.4 1 0
github.com/calvarado2004/bakery-go/makers/main.go:159.3,159.30 1 0
github.com/calvarado2004/bakery-go/makers/main.go:163.2,163.12 1 0
