mode: set
github.com/calvarado2004/bakery-go/buyers/main.go:31.13,39.16 3 0
github.com/calvarado2004/bakery-go/buyers/main.go:39.16,41.3 1 0
github.com/calvarado2004/bakery-go/buyers/main.go:43.2,48.40 2 0
github.com/calvarado2004/bakery-go/buyers/main.go:48.40,51.17 3 0
github.com/calvarado2004/bakery-go/buyers/main.go:51.17,53.4 1 0
github.com/calvarado2004/bakery-go/buyers/main.go:56.2,56.6 1 0
github.com/calvarado2004/bakery-go/buyers/main.go:56.6,78.13 15 0
github.com/calvarado2004/bakery-go/buyers/main.go:78.13,82.4 3 0
github.com/calvarado2004/bakery-go/buyers/main.go:84.3,84.10 1 0
github.com/calvarado2004/bakery-go/buyers/main.go:85.21,91.74 5 0
github.com/calvarado2004/bakery-go/buyers/main.go:92.25,95.12 3 0
github.com/calvarado2004/bakery-go/buyers/main.go:102.176,105.6 1 0
github.com/calvarado2004/bakery-go/buyers/main.go:105.6,106.10 1 0
github.com/calvarado2004/bakery-go/buyers/main.go:107.23,206.44 12 0
github.com/calvarado2004/bakery-go/buyers/main.go:206.44,208.5 1 0
github.com/calvarado2004/bakery-go/buyers/main.go:210.4,211.18 2 0
github.com/calvarado2004/bakery-go/buyers/main.go:211.18,215.5 3 0
github.com/calvarado2004/bakery-go/buyers/main.go:217.4,223.19 3 0
github.com/calvarado2004/bakery-go/buyers/main.go:230.155,237.16 3 1
github.com/calvarado2004/bakery-go/buyers/main.go:237.16,241.3 3 0
github.com/calvarado2004/bakery-go/buyers/main.go:244.2,244.6 1 1
github.com/calvarado2004/bakery-go/buyers/main.go:244.6,246.10 2 1
github.com/calvarado2004/bakery-go/buyers/main.go:247.26,249.8 1 0
github.com/calvarado2004/bakery-go/buyers/main.go:249.8,252.22 3 0
github.com/calvarado2004/bakery-go/buyers/main.go:252.22,257.6 3 0
github.com/calvarado2004/bakery-go/buyers/main.go:258.5,258.19 1 0
github.com/calvarado2004/bakery-go/buyers/main.go:258.19,262.6 3 0
github.com/calvarado2004/bakery-go/buyers/main.go:265.5,265.120 1 0
github.com/calvarado2004/bakery-go/buyers/main.go:268.21,271.10 2 1
